#
# A fatal error has been detected by the Java Runtime Environment:
#
#  EXCEPTION_UNCAUGHT_CXX_EXCEPTION (0xe06d7363) at pc=0x00007ffc7bc34f69, pid=14836, tid=9184
#
# JRE version: OpenJDK Runtime Environment (17.0+35) (build 17+35-2724)
# Java VM: OpenJDK 64-Bit Server VM (17+35-2724, mixed mode, sharing, tiered, compressed oops, compressed class ptrs, g1 gc, windows-amd64)
# Problematic frame:
# C  [KERNELBASE.dll+0x34f69]
#
# No core dump will be written. Minidumps are not enabled by default on client versions of Windows
#
# If you would like to submit a bug report, please visit:
#   https://bugreport.java.com/bugreport/crash.jsp
# The crash happened outside the Java Virtual Machine in native code.
# See problematic frame for where to report the bug.
#

---------------  S U M M A R Y ------------

Command Line: -Djava.library.path=e:\SzamBiztHF\backend\backend\jni-library\build\libs\main -javaagent:E:\IntelliJ IDEA Community Edition 2020.3.2\lib\idea_rt.jar=60418:E:\IntelliJ IDEA Community Edition 2020.3.2\bin -Dfile.encoding=UTF-8 com.backend.backend.BackendApplication

Host: Intel(R) Core(TM) i5-4590 CPU @ 3.30GHz, 4 cores, 15G,  Windows 10 , 64 bit Build 19041 (10.0.19041.1348)
Time: Sat Nov 27 17:55:18 2021 Central Europe Standard Time elapsed time: 21.297588 seconds (0d 0h 0m 21s)

---------------  T H R E A D  ---------------

Current thread (0x0000021e1621ef90):  JavaThread "http-nio-8080-exec-3" daemon [_thread_in_native, id=9184, stack(0x00000028ba400000,0x00000028ba500000)]

Stack: [0x00000028ba400000,0x00000028ba500000],  sp=0x00000028ba4fac50,  free space=1003k
Native frames: (J=compiled Java code, j=interpreted, Vv=VM code, C=native code)
C  [KERNELBASE.dll+0x34f69]
C  [jni-library.dll+0xf8f0]

Java frames: (J=compiled Java code, j=interpreted, Vv=VM code)
j  com.narcano.jni.CaffParser.CallParser(Ljava/lang/String;)[Lcom/narcano/jni/CIFF;+0
j  com.backend.backend.Controller.CaffController.getAllCaff()Lorg/springframework/http/ResponseEntity;+54
j  com.backend.backend.Controller.CaffController$$FastClassBySpringCGLIB$$5be4e08b.invoke(ILjava/lang/Object;[Ljava/lang/Object;)Ljava/lang/Object;+92
j  org.springframework.cglib.proxy.MethodProxy.invoke(Ljava/lang/Object;[Ljava/lang/Object;)Ljava/lang/Object;+19
j  org.springframework.aop.framework.CglibAopProxy$CglibMethodInvocation.invokeJoinpoint()Ljava/lang/Object;+19
j  org.springframework.aop.framework.ReflectiveMethodInvocation.proceed()Ljava/lang/Object;+19
j  org.springframework.aop.framework.CglibAopProxy$CglibMethodInvocation.proceed()Ljava/lang/Object;+1
j  org.springframework.security.access.intercept.aopalliance.MethodSecurityInterceptor.invoke(Lorg/aopalliance/intercept/MethodInvocation;)Ljava/lang/Object;+7
j  org.springframework.aop.framework.ReflectiveMethodInvocation.proceed()Ljava/lang/Object;+120
j  org.springframework.aop.framework.CglibAopProxy$CglibMethodInvocation.proceed()Ljava/lang/Object;+1
j  org.springframework.aop.framework.CglibAopProxy$DynamicAdvisedInterceptor.intercept(Ljava/lang/Object;Ljava/lang/reflect/Method;[Ljava/lang/Object;Lorg/springframework/cglib/proxy/MethodProxy;)Ljava/lang/Object;+133
j  com.backend.backend.Controller.CaffController$$EnhancerBySpringCGLIB$$b60a1735.getAllCaff()Lorg/springframework/http/ResponseEntity;+31
v  ~StubRoutines::call_stub
J 2783  jdk.internal.reflect.NativeMethodAccessorImpl.invoke0(Ljava/lang/reflect/Method;Ljava/lang/Object;[Ljava/lang/Object;)Ljava/lang/Object; java.base@17 (0 bytes) @ 0x0000021e07c21827 [0x0000021e07c217a0+0x0000000000000087]
J 2782 c1 jdk.internal.reflect.NativeMethodAccessorImpl.invoke(Ljava/lang/Object;[Ljava/lang/Object;)Ljava/lang/Object; java.base@17 (137 bytes) @ 0x0000021e00b3986c [0x0000021e00b38e60+0x0000000000000a0c]
J 4681 c2 jdk.internal.reflect.DelegatingMethodAccessorImpl.invoke(Ljava/lang/Object;[Ljava/lang/Object;)Ljava/lang/Object; java.base@17 (10 bytes) @ 0x0000021e07af8ec8 [0x0000021e07af8e80+0x0000000000000048]
J 2206 c1 java.lang.reflect.Method.invoke(Ljava/lang/Object;[Ljava/lang/Object;)Ljava/lang/Object; java.base@17 (65 bytes) @ 0x0000021e009b9c44 [0x0000021e009b9900+0x0000000000000344]
j  org.springframework.web.method.support.InvocableHandlerMethod.doInvoke([Ljava/lang/Object;)Ljava/lang/Object;+28
j  org.springframework.web.method.support.InvocableHandlerMethod.invokeForRequest(Lorg/springframework/web/context/request/NativeWebRequest;Lorg/springframework/web/method/support/ModelAndViewContainer;[Ljava/lang/Object;)Ljava/lang/Object;+54
j  org.springframework.web.servlet.mvc.method.annotation.ServletInvocableHandlerMethod.invokeAndHandle(Lorg/springframework/web/context/request/ServletWebRequest;Lorg/springframework/web/method/support/ModelAndViewContainer;[Ljava/lang/Object;)V+4
j  org.springframework.web.servlet.mvc.method.annotation.RequestMappingHandlerAdapter.invokeHandlerMethod(Ljavax/servlet/http/HttpServletRequest;Ljavax/servlet/http/HttpServletResponse;Lorg/springframework/web/method/HandlerMethod;)Lorg/springframework/web/servlet/ModelAndView;+244
j  org.springframework.web.servlet.mvc.method.annotation.RequestMappingHandlerAdapter.handleInternal(Ljavax/servlet/http/HttpServletRequest;Ljavax/servlet/http/HttpServletResponse;Lorg/springframework/web/method/HandlerMethod;)Lorg/springframework/web/servlet/ModelAndView;+81
j  org.springframework.web.servlet.mvc.method.AbstractHandlerMethodAdapter.handle(Ljavax/servlet/http/HttpServletRequest;Ljavax/servlet/http/HttpServletResponse;Ljava/lang/Object;)Lorg/springframework/web/servlet/ModelAndView;+7
j  org.springframework.web.servlet.DispatcherServlet.doDispatch(Ljavax/servlet/http/HttpServletRequest;Ljavax/servlet/http/HttpServletResponse;)V+259
j  org.springframework.web.servlet.DispatcherServlet.doService(Ljavax/servlet/http/HttpServletRequest;Ljavax/servlet/http/HttpServletResponse;)V+241
j  org.springframework.web.servlet.FrameworkServlet.processRequest(Ljavax/servlet/http/HttpServletRequest;Ljavax/servlet/http/HttpServletResponse;)V+71
j  org.springframework.web.servlet.FrameworkServlet.doGet(Ljavax/servlet/http/HttpServletRequest;Ljavax/servlet/http/HttpServletResponse;)V+3
j  javax.servlet.http.HttpServlet.service(Ljavax/servlet/http/HttpServletRequest;Ljavax/servlet/http/HttpServletResponse;)V+35
j  org.springframework.web.servlet.FrameworkServlet.service(Ljavax/servlet/http/HttpServletRequest;Ljavax/servlet/http/HttpServletResponse;)V+33
j  javax.servlet.http.HttpServlet.service(Ljavax/servlet/ServletRequest;Ljavax/servlet/ServletResponse;)V+36
j  org.apache.catalina.core.ApplicationFilterChain.internalDoFilter(Ljavax/servlet/ServletRequest;Ljavax/servlet/ServletResponse;)V+304
j  org.apache.catalina.core.ApplicationFilterChain.doFilter(Ljavax/servlet/ServletRequest;Ljavax/servlet/ServletResponse;)V+99
j  org.apache.tomcat.websocket.server.WsFilter.doFilter(Ljavax/servlet/ServletRequest;Ljavax/servlet/ServletResponse;Ljavax/servlet/FilterChain;)V+21
j  org.apache.catalina.core.ApplicationFilterChain.internalDoFilter(Ljavax/servlet/ServletRequest;Ljavax/servlet/ServletResponse;)V+135
j  org.apache.catalina.core.ApplicationFilterChain.doFilter(Ljavax/servlet/ServletRequest;Ljavax/servlet/ServletResponse;)V+99
j  org.springframework.web.filter.OncePerRequestFilter.doFilter(Ljavax/servlet/ServletRequest;Ljavax/servlet/ServletResponse;Ljavax/servlet/FilterChain;)V+122
j  org.apache.catalina.core.ApplicationFilterChain.internalDoFilter(Ljavax/servlet/ServletRequest;Ljavax/servlet/ServletResponse;)V+135
j  org.apache.catalina.core.ApplicationFilterChain.doFilter(Ljavax/servlet/ServletRequest;Ljavax/servlet/ServletResponse;)V+99
j  org.springframework.security.web.FilterChainProxy$VirtualFilterChain.doFilter(Ljavax/servlet/ServletRequest;Ljavax/servlet/ServletResponse;)V+52
j  org.springframework.security.web.access.intercept.FilterSecurityInterceptor.invoke(Lorg/springframework/security/web/FilterInvocation;)V+79
j  org.springframework.security.web.access.intercept.FilterSecurityInterceptor.doFilter(Ljavax/servlet/ServletRequest;Ljavax/servlet/ServletResponse;Ljavax/servlet/FilterChain;)V+11
j  org.springframework.security.web.FilterChainProxy$VirtualFilterChain.doFilter(Ljavax/servlet/ServletRequest;Ljavax/servlet/ServletResponse;)V+136
j  org.springframework.security.web.access.ExceptionTranslationFilter.doFilter(Ljavax/servlet/http/HttpServletRequest;Ljavax/servlet/http/HttpServletResponse;Ljavax/servlet/FilterChain;)V+3
j  org.springframework.security.web.access.ExceptionTranslationFilter.doFilter(Ljavax/servlet/ServletRequest;Ljavax/servlet/ServletResponse;Ljavax/servlet/FilterChain;)V+10
j  org.springframework.security.web.FilterChainProxy$VirtualFilterChain.doFilter(Ljavax/servlet/ServletRequest;Ljavax/servlet/ServletResponse;)V+136
j  org.springframework.security.web.session.SessionManagementFilter.doFilter(Ljavax/servlet/http/HttpServletRequest;Ljavax/servlet/http/HttpServletResponse;Ljavax/servlet/FilterChain;)V+210
j  org.springframework.security.web.session.SessionManagementFilter.doFilter(Ljavax/servlet/ServletRequest;Ljavax/servlet/ServletResponse;Ljavax/servlet/FilterChain;)V+10
j  org.springframework.security.web.FilterChainProxy$VirtualFilterChain.doFilter(Ljavax/servlet/ServletRequest;Ljavax/servlet/ServletResponse;)V+136
j  org.springframework.security.web.authentication.AnonymousAuthenticationFilter.doFilter(Ljavax/servlet/ServletRequest;Ljavax/servlet/ServletResponse;Ljavax/servlet/FilterChain;)V+105
j  org.springframework.security.web.FilterChainProxy$VirtualFilterChain.doFilter(Ljavax/servlet/ServletRequest;Ljavax/servlet/ServletResponse;)V+136
j  org.springframework.security.web.servletapi.SecurityContextHolderAwareRequestFilter.doFilter(Ljavax/servlet/ServletRequest;Ljavax/servlet/ServletResponse;Ljavax/servlet/FilterChain;)V+19
j  org.springframework.security.web.FilterChainProxy$VirtualFilterChain.doFilter(Ljavax/servlet/ServletRequest;Ljavax/servlet/ServletResponse;)V+136
j  org.springframework.security.web.savedrequest.RequestCacheAwareFilter.doFilter(Ljavax/servlet/ServletRequest;Ljavax/servlet/ServletResponse;Ljavax/servlet/FilterChain;)V+32
j  org.springframework.security.web.FilterChainProxy$VirtualFilterChain.doFilter(Ljavax/servlet/ServletRequest;Ljavax/servlet/ServletResponse;)V+136
j  com.backend.backend.Security.Auth.AuthTokenFilter.doFilterInternal(Ljavax/servlet/http/HttpServletRequest;Ljavax/servlet/http/HttpServletResponse;Ljavax/servlet/FilterChain;)V+111
j  org.springframework.web.filter.OncePerRequestFilter.doFilter(Ljavax/servlet/ServletRequest;Ljavax/servlet/ServletResponse;Ljavax/servlet/FilterChain;)V+147
j  org.springframework.security.web.FilterChainProxy$VirtualFilterChain.doFilter(Ljavax/servlet/ServletRequest;Ljavax/servlet/ServletResponse;)V+136
j  org.springframework.security.web.authentication.logout.LogoutFilter.doFilter(Ljavax/servlet/http/HttpServletRequest;Ljavax/servlet/http/HttpServletResponse;Ljavax/servlet/FilterChain;)V+77
j  org.springframework.security.web.authentication.logout.LogoutFilter.doFilter(Ljavax/servlet/ServletRequest;Ljavax/servlet/ServletResponse;Ljavax/servlet/FilterChain;)V+10
j  org.springframework.security.web.FilterChainProxy$VirtualFilterChain.doFilter(Ljavax/servlet/ServletRequest;Ljavax/servlet/ServletResponse;)V+136
j  org.springframework.web.filter.CorsFilter.doFilterInternal(Ljavax/servlet/http/HttpServletRequest;Ljavax/servlet/http/HttpServletResponse;Ljavax/servlet/FilterChain;)V+43
j  org.springframework.web.filter.OncePerRequestFilter.doFilter(Ljavax/servlet/ServletRequest;Ljavax/servlet/ServletResponse;Ljavax/servlet/FilterChain;)V+147
j  org.springframework.security.web.FilterChainProxy$VirtualFilterChain.doFilter(Ljavax/servlet/ServletRequest;Ljavax/servlet/ServletResponse;)V+136
j  org.springframework.security.web.header.HeaderWriterFilter.doHeadersAfter(Ljavax/servlet/http/HttpServletRequest;Ljavax/servlet/http/HttpServletResponse;Ljavax/servlet/FilterChain;)V+29
j  org.springframework.security.web.header.HeaderWriterFilter.doFilterInternal(Ljavax/servlet/http/HttpServletRequest;Ljavax/servlet/http/HttpServletResponse;Ljavax/servlet/FilterChain;)V+21
j  org.springframework.web.filter.OncePerRequestFilter.doFilter(Ljavax/servlet/ServletRequest;Ljavax/servlet/ServletResponse;Ljavax/servlet/FilterChain;)V+147
j  org.springframework.security.web.FilterChainProxy$VirtualFilterChain.doFilter(Ljavax/servlet/ServletRequest;Ljavax/servlet/ServletResponse;)V+136
j  org.springframework.security.web.context.SecurityContextPersistenceFilter.doFilter(Ljavax/servlet/http/HttpServletRequest;Ljavax/servlet/http/HttpServletResponse;Ljavax/servlet/FilterChain;)V+181
j  org.springframework.security.web.context.SecurityContextPersistenceFilter.doFilter(Ljavax/servlet/ServletRequest;Ljavax/servlet/ServletResponse;Ljavax/servlet/FilterChain;)V+10
j  org.springframework.security.web.FilterChainProxy$VirtualFilterChain.doFilter(Ljavax/servlet/ServletRequest;Ljavax/servlet/ServletResponse;)V+136
j  org.springframework.security.web.context.request.async.WebAsyncManagerIntegrationFilter.doFilterInternal(Ljavax/servlet/http/HttpServletRequest;Ljavax/servlet/http/HttpServletResponse;Ljavax/servlet/FilterChain;)V+42
j  org.springframework.web.filter.OncePerRequestFilter.doFilter(Ljavax/servlet/ServletRequest;Ljavax/servlet/ServletResponse;Ljavax/servlet/FilterChain;)V+147
j  org.springframework.security.web.FilterChainProxy$VirtualFilterChain.doFilter(Ljavax/servlet/ServletRequest;Ljavax/servlet/ServletResponse;)V+136
j  org.springframework.security.web.FilterChainProxy.doFilterInternal(Ljavax/servlet/ServletRequest;Ljavax/servlet/ServletResponse;Ljavax/servlet/FilterChain;)V+148
j  org.springframework.security.web.FilterChainProxy.doFilter(Ljavax/servlet/ServletRequest;Ljavax/servlet/ServletResponse;Ljavax/servlet/FilterChain;)V+48
j  org.springframework.web.filter.DelegatingFilterProxy.invokeDelegate(Ljavax/servlet/Filter;Ljavax/servlet/ServletRequest;Ljavax/servlet/ServletResponse;Ljavax/servlet/FilterChain;)V+5
j  org.springframework.web.filter.DelegatingFilterProxy.doFilter(Ljavax/servlet/ServletRequest;Ljavax/servlet/ServletResponse;Ljavax/servlet/FilterChain;)V+85
j  org.apache.catalina.core.ApplicationFilterChain.internalDoFilter(Ljavax/servlet/ServletRequest;Ljavax/servlet/ServletResponse;)V+135
j  org.apache.catalina.core.ApplicationFilterChain.doFilter(Ljavax/servlet/ServletRequest;Ljavax/servlet/ServletResponse;)V+99
j  org.springframework.web.filter.RequestContextFilter.doFilterInternal(Ljavax/servlet/http/HttpServletRequest;Ljavax/servlet/http/HttpServletResponse;Ljavax/servlet/FilterChain;)V+21
j  org.springframework.web.filter.OncePerRequestFilter.doFilter(Ljavax/servlet/ServletRequest;Ljavax/servlet/ServletResponse;Ljavax/servlet/FilterChain;)V+147
j  org.apache.catalina.core.ApplicationFilterChain.internalDoFilter(Ljavax/servlet/ServletRequest;Ljavax/servlet/ServletResponse;)V+135
j  org.apache.catalina.core.ApplicationFilterChain.doFilter(Ljavax/servlet/ServletRequest;Ljavax/servlet/ServletResponse;)V+99
j  org.springframework.web.filter.FormContentFilter.doFilterInternal(Ljavax/servlet/http/HttpServletRequest;Ljavax/servlet/http/HttpServletResponse;Ljavax/servlet/FilterChain;)V+38
j  org.springframework.web.filter.OncePerRequestFilter.doFilter(Ljavax/servlet/ServletRequest;Ljavax/servlet/ServletResponse;Ljavax/servlet/FilterChain;)V+147
j  org.apache.catalina.core.ApplicationFilterChain.internalDoFilter(Ljavax/servlet/ServletRequest;Ljavax/servlet/ServletResponse;)V+135
j  org.apache.catalina.core.ApplicationFilterChain.doFilter(Ljavax/servlet/ServletRequest;Ljavax/servlet/ServletResponse;)V+99
j  org.springframework.web.filter.CharacterEncodingFilter.doFilterInternal(Ljavax/servlet/http/HttpServletRequest;Ljavax/servlet/http/HttpServletResponse;Ljavax/servlet/FilterChain;)V+53
j  org.springframework.web.filter.OncePerRequestFilter.doFilter(Ljavax/servlet/ServletRequest;Ljavax/servlet/ServletResponse;Ljavax/servlet/FilterChain;)V+147
j  org.apache.catalina.core.ApplicationFilterChain.internalDoFilter(Ljavax/servlet/ServletRequest;Ljavax/servlet/ServletResponse;)V+135
j  org.apache.catalina.core.ApplicationFilterChain.doFilter(Ljavax/servlet/ServletRequest;Ljavax/servlet/ServletResponse;)V+99
j  org.apache.catalina.core.StandardWrapperValve.invoke(Lorg/apache/catalina/connector/Request;Lorg/apache/catalina/connector/Response;)V+694
j  org.apache.catalina.core.StandardContextValve.invoke(Lorg/apache/catalina/connector/Request;Lorg/apache/catalina/connector/Response;)V+169
j  org.apache.catalina.authenticator.AuthenticatorBase.invoke(Lorg/apache/catalina/connector/Request;Lorg/apache/catalina/connector/Response;)V+260
j  org.apache.catalina.core.StandardHostValve.invoke(Lorg/apache/catalina/connector/Request;Lorg/apache/catalina/connector/Response;)V+128
j  org.apache.catalina.valves.ErrorReportValve.invoke(Lorg/apache/catalina/connector/Request;Lorg/apache/catalina/connector/Response;)V+6
j  org.apache.catalina.core.StandardEngineValve.invoke(Lorg/apache/catalina/connector/Request;Lorg/apache/catalina/connector/Response;)V+59
j  org.apache.catalina.connector.CoyoteAdapter.service(Lorg/apache/coyote/Request;Lorg/apache/coyote/Response;)V+199
j  org.apache.coyote.http11.Http11Processor.service(Lorg/apache/tomcat/util/net/SocketWrapperBase;)Lorg/apache/tomcat/util/net/AbstractEndpoint$Handler$SocketState;+737
j  org.apache.coyote.AbstractProcessorLight.process(Lorg/apache/tomcat/util/net/SocketWrapperBase;Lorg/apache/tomcat/util/net/SocketEvent;)Lorg/apache/tomcat/util/net/AbstractEndpoint$Handler$SocketState;+170
j  org.apache.coyote.AbstractProtocol$ConnectionHandler.process(Lorg/apache/tomcat/util/net/SocketWrapperBase;Lorg/apache/tomcat/util/net/SocketEvent;)Lorg/apache/tomcat/util/net/AbstractEndpoint$Handler$SocketState;+505
j  org.apache.tomcat.util.net.NioEndpoint$SocketProcessor.doRun()V+216
j  org.apache.tomcat.util.net.SocketProcessorBase.run()V+21
j  org.apache.tomcat.util.threads.ThreadPoolExecutor.runWorker(Lorg/apache/tomcat/util/threads/ThreadPoolExecutor$Worker;)V+92
j  org.apache.tomcat.util.threads.ThreadPoolExecutor$Worker.run()V+5
j  org.apache.tomcat.util.threads.TaskThread$WrappingRunnable.run()V+4
j  java.lang.Thread.run()V+11 java.base@17
v  ~StubRoutines::call_stub

siginfo: EXCEPTION_UNCAUGHT_CXX_EXCEPTION (0xe06d7363), ExceptionInformation=0x0000000019930520 0x00000028ba4fafd8 0x00007ffc6c061b70 0x00007ffc6c020000 


Register to memory mapping:

RIP=0x00007ffc7bc34f69 KERNELBASE.dll
RAX=0x00000028ba4fa5d9 is pointing into the stack for thread: 0x0000021e1621ef90
RBX=0x00007ffc6c061b70 jni-library.dll
RCX=0x000000000000006b is an unknown value
RDX=0x00007ffc7e15b3c7 ntdll.dll
RSP=0x00000028ba4fac50 is pointing into the stack for thread: 0x0000021e1621ef90
RBP=0x00000028ba4fb410 is pointing into the stack for thread: 0x0000021e1621ef90
RSI=0x00000028ba4fafd8 is pointing into the stack for thread: 0x0000021e1621ef90
RDI=0x0000000019930520 is an unknown value
R8 =0x0042006d0061007a is an unknown value
R9 =0x00000002007a0069 is an unknown value
R10=0x00610062005c0046 is an unknown value
R11=0x0000021e18ede470 points into unknown readable memory: 0x0000021e700e78c0 | c0 78 0e 70 1e 02 00 00
R12=0x0 is NULL
R13={method} {0x0000021e1fb58628} 'CallParser' '(Ljava/lang/String;)[Lcom/narcano/jni/CIFF;' in 'com/narcano/jni/CaffParser'
R14=0x00000028ba4fb438 is pointing into the stack for thread: 0x0000021e1621ef90
R15=0x0000021e1621ef90 is a thread


Registers:
RAX=0x00000028ba4fa5d9, RBX=0x00007ffc6c061b70, RCX=0x000000000000006b, RDX=0x00007ffc7e15b3c7
RSP=0x00000028ba4fac50, RBP=0x00000028ba4fb410, RSI=0x00000028ba4fafd8, RDI=0x0000000019930520
R8 =0x0042006d0061007a, R9 =0x00000002007a0069, R10=0x00610062005c0046, R11=0x0000021e18ede470
R12=0x0000000000000000, R13=0x0000021e1fb58620, R14=0x00000028ba4fb438, R15=0x0000021e1621ef90
RIP=0x00007ffc7bc34f69, EFLAGS=0x0000000000000202

Top of Stack: (sp=0x00000028ba4fac50)
0x00000028ba4fac50:   0000021e1621ef90 00007ffc6c061b70
0x00000028ba4fac60:   00000028ba4fafd8 0000000000000000
0x00000028ba4fac70:   00000001e06d7363 0000000000000000
0x00000028ba4fac80:   00007ffc7bc34f69 00007ffc00000004
0x00000028ba4fac90:   0000000019930520 00000028ba4fafd8
0x00000028ba4faca0:   00007ffc6c061b70 00007ffc6c020000
0x00000028ba4facb0:   0000021e1fb58620 0000000000000000
0x00000028ba4facc0:   00000028ba4fafd8 00000028ba4fb410
0x00000028ba4facd0:   00000028ba4fad50 00007ffc7e164a5f
0x00000028ba4face0:   0000000019930520 00007ffc00000000
0x00000028ba4facf0:   0000021e1fb58620 0000000000000000
0x00000028ba4fad00:   00007ffc6c066000 00007ffc6c020000
0x00000028ba4fad10:   00009864862fa4f7 00007ffc6c021601
0x00000028ba4fad20:   00007ffc6c061b70 00007ffc6c02f8f0
0x00000028ba4fad30:   00000028ba4fafd8 00007ffc6c0507a8
0x00000028ba4fad40:   00000028ba4fad78 00007ffc6c02b753 

Instructions: (pc=0x00007ffc7bc34f69)
0x00007ffc7bc34e69:   d8 21 00 00 41 0f 44 c0 89 43 24 8b 41 18 89 43
0x00007ffc7bc34e79:   28 65 48 8b 04 25 60 00 00 00 48 8b 48 20 39 79
0x00007ffc7bc34e89:   08 7c 36 41 b9 40 00 00 00 48 89 7c 24 20 4c 8d
0x00007ffc7bc34e99:   44 24 30 48 83 c9 ff 41 8d 51 e5 48 ff 15 6d 9d
0x00007ffc7bc34ea9:   18 00 0f 1f 44 00 00 85 c0 0f 88 7f ef 06 00 81
0x00007ffc7bc34eb9:   7c 24 54 33 00 03 00 72 0f 48 8b 9c 24 80 00 00
0x00007ffc7bc34ec9:   00 48 83 c4 70 5f c3 cc 89 7b 2c eb ec cc cc cc
0x00007ffc7bc34ed9:   cc cc cc cc cc cc cc 65 48 8b 04 25 30 00 00 00
0x00007ffc7bc34ee9:   8b 40 68 c3 cc cc cc cc cc cc cc cc cc cc cc cc
0x00007ffc7bc34ef9:   cc cc cc cc cc cc cc 48 81 ec d8 00 00 00 48 8b
0x00007ffc7bc34f09:   05 62 5f 25 00 48 33 c4 48 89 84 24 c0 00 00 00
0x00007ffc7bc34f19:   48 83 64 24 28 00 48 8d 05 da ff ff ff 83 e2 01
0x00007ffc7bc34f29:   89 4c 24 20 89 54 24 24 48 89 44 24 30 4d 85 c9
0x00007ffc7bc34f39:   74 4c b8 0f 00 00 00 48 8d 4c 24 40 44 3b c0 49
0x00007ffc7bc34f49:   8b d1 44 0f 47 c0 44 89 44 24 38 49 c1 e0 03 e8
0x00007ffc7bc34f59:   1a d5 05 00 48 8d 4c 24 20 48 ff 15 8f 9d 18 00
0x00007ffc7bc34f69:   0f 1f 44 00 00 48 8b 8c 24 c0 00 00 00 48 33 cc
0x00007ffc7bc34f79:   e8 52 97 05 00 48 81 c4 d8 00 00 00 c3 cc 83 64
0x00007ffc7bc34f89:   24 38 00 eb cf cc cc cc cc cc cc cc cc cc cc cc
0x00007ffc7bc34f99:   cc cc cc cc cc cc cc 40 53 48 83 ec 30 48 8b d1
0x00007ffc7bc34fa9:   48 8d 4c 24 20 e8 e5 cc ff ff 85 c0 74 26 48 8b
0x00007ffc7bc34fb9:   4c 24 28 e8 8f 6f ff ff 48 8d 4c 24 20 8b d8 48
0x00007ffc7bc34fc9:   ff 15 81 95 18 00 0f 1f 44 00 00 8b c3 48 83 c4
0x00007ffc7bc34fd9:   30 5b c3 cc 83 c8 ff eb f4 cc cc cc cc cc cc cc
0x00007ffc7bc34fe9:   cc cc cc cc cc cc cc 48 8b c4 48 89 58 10 48 89
0x00007ffc7bc34ff9:   70 18 57 48 83 ec 60 0f 57 c0 0f 11 40 b8 48 8d
0x00007ffc7bc35009:   35 a2 f5 18 00 33 db 48 85 c9 48 0f 45 f1 48 8b
0x00007ffc7bc35019:   d6 48 8d 48 c8 48 ff 15 b3 9b 18 00 0f 1f 44 00
0x00007ffc7bc35029:   00 8b f8 89 44 24 70 85 c0 78 1f 41 b0 01 48 8d
0x00007ffc7bc35039:   54 24 30 48 8d 4c 24 20 48 ff 15 30 95 18 00 0f
0x00007ffc7bc35049:   1f 44 00 00 8b f8 89 44 24 70 85 ff 0f 88 e9 ed
0x00007ffc7bc35059:   06 00 48 83 c8 ff 48 8b c8 48 ff c1 66 39 1c 4e 


Stack slot to memory mapping:
stack at sp + 0 slots: 0x0000021e1621ef90 is a thread
stack at sp + 1 slots: 0x00007ffc6c061b70 jni-library.dll
stack at sp + 2 slots: 0x00000028ba4fafd8 is pointing into the stack for thread: 0x0000021e1621ef90
stack at sp + 3 slots: 0x0 is NULL
stack at sp + 4 slots: 0x00000001e06d7363 is an unknown value
stack at sp + 5 slots: 0x0 is NULL
stack at sp + 6 slots: 0x00007ffc7bc34f69 KERNELBASE.dll
stack at sp + 7 slots: 0x00007ffc00000004 is an unknown value


---------------  P R O C E S S  ---------------

Threads class SMR info:
_java_thread_list=0x0000021e160c3930, length=24, elements={
0x0000021e7f68f180, 0x0000021e7f692000, 0x0000021e7f6a5ce0, 0x0000021e7f6a6890,
0x0000021e7f6a9260, 0x0000021e7f6b5120, 0x0000021e7f6b5e00, 0x0000021e7f6b68a0,
0x0000021e7f6de240, 0x0000021e7f67a570, 0x0000021e15e02120, 0x0000021e15e02a00,
0x0000021e1ad17950, 0x0000021e1ad16ae0, 0x0000021e1ad17480, 0x0000021e1ad157a0,
0x0000021e1ad14460, 0x0000021e1ad15c70, 0x0000021e1ad17e20, 0x0000021e1ad14e00,
0x0000021e1ad152d0, 0x0000021e1ad14930, 0x0000021e1621f930, 0x0000021e1621ef90
}

Java Threads: ( => current thread )
  0x0000021e7f68f180 JavaThread "Reference Handler" daemon [_thread_blocked, id=10208, stack(0x00000028b9000000,0x00000028b9100000)]
  0x0000021e7f692000 JavaThread "Finalizer" daemon [_thread_blocked, id=6580, stack(0x00000028b9100000,0x00000028b9200000)]
  0x0000021e7f6a5ce0 JavaThread "Signal Dispatcher" daemon [_thread_blocked, id=18912, stack(0x00000028b9200000,0x00000028b9300000)]
  0x0000021e7f6a6890 JavaThread "Attach Listener" daemon [_thread_blocked, id=988, stack(0x00000028b9300000,0x00000028b9400000)]
  0x0000021e7f6a9260 JavaThread "Service Thread" daemon [_thread_blocked, id=14728, stack(0x00000028b9400000,0x00000028b9500000)]
  0x0000021e7f6b5120 JavaThread "Monitor Deflation Thread" daemon [_thread_blocked, id=10584, stack(0x00000028b9500000,0x00000028b9600000)]
  0x0000021e7f6b5e00 JavaThread "C2 CompilerThread0" daemon [_thread_blocked, id=7488, stack(0x00000028b9600000,0x00000028b9700000)]
  0x0000021e7f6b68a0 JavaThread "C1 CompilerThread0" daemon [_thread_blocked, id=18944, stack(0x00000028b9700000,0x00000028b9800000)]
  0x0000021e7f6de240 JavaThread "Sweeper thread" daemon [_thread_blocked, id=18972, stack(0x00000028b9800000,0x00000028b9900000)]
  0x0000021e7f67a570 JavaThread "Common-Cleaner" daemon [_thread_blocked, id=15224, stack(0x00000028b9900000,0x00000028b9a00000)]
  0x0000021e15e02120 JavaThread "Monitor Ctrl-Break" daemon [_thread_in_native, id=4760, stack(0x00000028b9b00000,0x00000028b9c00000)]
  0x0000021e15e02a00 JavaThread "Notification Thread" daemon [_thread_blocked, id=17028, stack(0x00000028b9c00000,0x00000028b9d00000)]
  0x0000021e1ad17950 JavaThread "HikariPool-1 housekeeper" daemon [_thread_blocked, id=14748, stack(0x00000028ba500000,0x00000028ba600000)]
  0x0000021e1ad16ae0 JavaThread "Catalina-utility-1" [_thread_blocked, id=18976, stack(0x00000028ba700000,0x00000028ba800000)]
  0x0000021e1ad17480 JavaThread "Catalina-utility-2" [_thread_blocked, id=13060, stack(0x00000028ba800000,0x00000028ba900000)]
  0x0000021e1ad157a0 JavaThread "container-0" [_thread_blocked, id=6692, stack(0x00000028ba900000,0x00000028baa00000)]
  0x0000021e1ad14460 JavaThread "File Watcher" daemon [_thread_blocked, id=8288, stack(0x00000028baa00000,0x00000028bab00000)]
  0x0000021e1ad15c70 JavaThread "Live Reload Server" daemon [_thread_in_native, id=19076, stack(0x00000028bac00000,0x00000028bad00000)]
  0x0000021e1ad17e20 JavaThread "http-nio-8080-Poller" daemon [_thread_in_native, id=6260, stack(0x00000028bab00000,0x00000028bac00000)]
  0x0000021e1ad14e00 JavaThread "http-nio-8080-Acceptor" daemon [_thread_in_native, id=19256, stack(0x00000028bad00000,0x00000028bae00000)]
  0x0000021e1ad152d0 JavaThread "DestroyJavaVM" [_thread_blocked, id=17968, stack(0x00000028b8900000,0x00000028b8a00000)]
  0x0000021e1ad14930 JavaThread "http-nio-8080-exec-1" daemon [_thread_blocked, id=10768, stack(0x00000028b9e00000,0x00000028b9f00000)]
  0x0000021e1621f930 JavaThread "http-nio-8080-exec-2" daemon [_thread_blocked, id=13544, stack(0x00000028ba300000,0x00000028ba400000)]
=>0x0000021e1621ef90 JavaThread "http-nio-8080-exec-3" daemon [_thread_in_native, id=9184, stack(0x00000028ba400000,0x00000028ba500000)]

Other Threads:
  0x0000021e7f6898c0 VMThread "VM Thread" [stack: 0x00000028b8f00000,0x00000028b9000000] [id=3156]
  0x0000021e15b8b9f0 WatcherThread [stack: 0x00000028b9d00000,0x00000028b9e00000] [id=14916]
  0x0000021e702d9650 GCTaskThread "GC Thread#0" [stack: 0x00000028b8a00000,0x00000028b8b00000] [id=15924]
  0x0000021e162df070 GCTaskThread "GC Thread#1" [stack: 0x00000028b9f00000,0x00000028ba000000] [id=11632]
  0x0000021e162df320 GCTaskThread "GC Thread#2" [stack: 0x00000028ba000000,0x00000028ba100000] [id=10360]
  0x0000021e162df5d0 GCTaskThread "GC Thread#3" [stack: 0x00000028ba100000,0x00000028ba200000] [id=19296]
  0x0000021e702ea4a0 ConcurrentGCThread "G1 Main Marker" [stack: 0x00000028b8b00000,0x00000028b8c00000] [id=11892]
  0x0000021e702eaf80 ConcurrentGCThread "G1 Conc#0" [stack: 0x00000028b8c00000,0x00000028b8d00000] [id=18828]
  0x0000021e7034e310 ConcurrentGCThread "G1 Refine#0" [stack: 0x00000028b8d00000,0x00000028b8e00000] [id=6348]
  0x0000021e160af2b0 ConcurrentGCThread "G1 Refine#1" [stack: 0x00000028ba200000,0x00000028ba300000] [id=17624]
  0x0000021e7f5470f0 ConcurrentGCThread "G1 Service" [stack: 0x00000028b8e00000,0x00000028b8f00000] [id=2504]

Threads with active compile tasks:

VM state: not at safepoint (normal execution)

VM Mutex/Monitor currently owned by a thread: None

Heap address: 0x0000000700e00000, size: 4082 MB, Compressed Oops mode: Zero based, Oop shift amount: 3

CDS archive(s) mapped at: [0x0000000800000000-0x0000000800bc0000-0x0000000800bc0000), size 12320768, SharedBaseAddress: 0x0000000800000000, ArchiveRelocationMode: 0.
Compressed class space mapped at: 0x0000000800c00000-0x0000000840c00000, reserved size: 1073741824
Narrow klass base: 0x0000000800000000, Narrow klass shift: 0, Narrow klass range: 0x100000000

GC Precious Log:
 CPUs: 4 total, 4 available
 Memory: 16322M
 Large Page Support: Disabled
 NUMA Support: Disabled
 Compressed Oops: Enabled (Zero based)
 Heap Region Size: 2M
 Heap Min Capacity: 8M
 Heap Initial Capacity: 256M
 Heap Max Capacity: 4082M
 Pre-touch: Disabled
 Parallel Workers: 4
 Concurrent Workers: 1
 Concurrent Refinement Workers: 4
 Periodic GC: Disabled

Heap:
 garbage-first heap   total 145408K, used 34363K [0x0000000700e00000, 0x0000000800000000)
  region size 2048K, 5 young (10240K), 2 survivors (4096K)
 Metaspace       used 69655K, committed 70080K, reserved 1114112K
  class space    used 9242K, committed 9408K, reserved 1048576K

Heap Regions: E=young(eden), S=young(survivor), O=old, HS=humongous(starts), HC=humongous(continues), CS=collection set, F=free, OA=open archive, CA=closed archive, TAMS=top-at-mark-start (previous, next)
|   0|0x0000000700e00000, 0x0000000701000000, 0x0000000701000000|100%| O|  |TAMS 0x0000000701000000, 0x0000000700e00000| Untracked 
|   1|0x0000000701000000, 0x0000000701200000, 0x0000000701200000|100%| O|  |TAMS 0x0000000701200000, 0x0000000701000000| Untracked 
|   2|0x0000000701200000, 0x00000007013f3a00, 0x0000000701400000| 97%| O|  |TAMS 0x00000007013f3a00, 0x0000000701200000| Untracked 
|   3|0x0000000701400000, 0x0000000701600000, 0x0000000701600000|100%| O|  |TAMS 0x0000000701400000, 0x0000000701400000| Untracked 
|   4|0x0000000701600000, 0x00000007017fce00, 0x0000000701800000| 99%| O|  |TAMS 0x00000007017fce00, 0x0000000701600000| Untracked 
|   5|0x0000000701800000, 0x0000000701a00000, 0x0000000701a00000|100%| O|  |TAMS 0x0000000701a00000, 0x0000000701800000| Untracked 
|   6|0x0000000701a00000, 0x0000000701c00000, 0x0000000701c00000|100%| O|  |TAMS 0x0000000701c00000, 0x0000000701a00000| Untracked 
|   7|0x0000000701c00000, 0x0000000701e00000, 0x0000000701e00000|100%| O|  |TAMS 0x0000000701e00000, 0x0000000701c00000| Untracked 
|   8|0x0000000701e00000, 0x0000000702000000, 0x0000000702000000|100%| O|  |TAMS 0x0000000702000000, 0x0000000701e00000| Untracked 
|   9|0x0000000702000000, 0x0000000702200000, 0x0000000702200000|100%| O|  |TAMS 0x0000000702200000, 0x0000000702000000| Untracked 
|  10|0x0000000702200000, 0x0000000702400000, 0x0000000702400000|100%| O|  |TAMS 0x0000000702388a00, 0x0000000702200000| Untracked 
|  11|0x0000000702400000, 0x0000000702600000, 0x0000000702600000|100%| O|  |TAMS 0x0000000702400000, 0x0000000702400000| Untracked 
|  12|0x0000000702600000, 0x0000000702800000, 0x0000000702800000|100%| O|  |TAMS 0x0000000702600000, 0x0000000702600000| Untracked 
|  13|0x0000000702800000, 0x0000000702944800, 0x0000000702a00000| 63%| O|  |TAMS 0x0000000702800000, 0x0000000702800000| Untracked 
|  14|0x0000000702a00000, 0x0000000702a00000, 0x0000000702c00000|  0%| F|  |TAMS 0x0000000702a00000, 0x0000000702a00000| Untracked 
|  15|0x0000000702c00000, 0x0000000702c00000, 0x0000000702e00000|  0%| F|  |TAMS 0x0000000702c00000, 0x0000000702c00000| Untracked 
|  16|0x0000000702e00000, 0x0000000702e00000, 0x0000000703000000|  0%| F|  |TAMS 0x0000000702e00000, 0x0000000702e00000| Untracked 
|  17|0x0000000703000000, 0x0000000703059f80, 0x0000000703200000| 17%| S|CS|TAMS 0x0000000703000000, 0x0000000703000000| Complete 
|  18|0x0000000703200000, 0x0000000703200000, 0x0000000703400000|  0%| F|  |TAMS 0x0000000703200000, 0x0000000703200000| Untracked 
|  19|0x0000000703400000, 0x0000000703600000, 0x0000000703600000|100%| S|CS|TAMS 0x0000000703400000, 0x0000000703400000| Complete 
|  20|0x0000000703600000, 0x0000000703600000, 0x0000000703800000|  0%| F|  |TAMS 0x0000000703600000, 0x0000000703600000| Untracked 
|  21|0x0000000703800000, 0x0000000703800000, 0x0000000703a00000|  0%| F|  |TAMS 0x0000000703800000, 0x0000000703800000| Untracked 
|  22|0x0000000703a00000, 0x0000000703a00000, 0x0000000703c00000|  0%| F|  |TAMS 0x0000000703a00000, 0x0000000703a00000| Untracked 
|  23|0x0000000703c00000, 0x0000000703c00000, 0x0000000703e00000|  0%| F|  |TAMS 0x0000000703c00000, 0x0000000703c00000| Untracked 
|  24|0x0000000703e00000, 0x0000000703e00000, 0x0000000704000000|  0%| F|  |TAMS 0x0000000703e00000, 0x0000000703e00000| Untracked 
|  25|0x0000000704000000, 0x0000000704000000, 0x0000000704200000|  0%| F|  |TAMS 0x0000000704000000, 0x0000000704000000| Untracked 
|  26|0x0000000704200000, 0x0000000704200000, 0x0000000704400000|  0%| F|  |TAMS 0x0000000704200000, 0x0000000704200000| Untracked 
|  27|0x0000000704400000, 0x0000000704400000, 0x0000000704600000|  0%| F|  |TAMS 0x0000000704400000, 0x0000000704400000| Untracked 
|  28|0x0000000704600000, 0x0000000704600000, 0x0000000704800000|  0%| F|  |TAMS 0x0000000704600000, 0x0000000704600000| Untracked 
|  29|0x0000000704800000, 0x0000000704800000, 0x0000000704a00000|  0%| F|  |TAMS 0x0000000704800000, 0x0000000704800000| Untracked 
|  30|0x0000000704a00000, 0x0000000704a00000, 0x0000000704c00000|  0%| F|  |TAMS 0x0000000704a00000, 0x0000000704a00000| Untracked 
|  31|0x0000000704c00000, 0x0000000704c00000, 0x0000000704e00000|  0%| F|  |TAMS 0x0000000704c00000, 0x0000000704c00000| Untracked 
|  32|0x0000000704e00000, 0x0000000704e00000, 0x0000000705000000|  0%| F|  |TAMS 0x0000000704e00000, 0x0000000704e00000| Untracked 
|  33|0x0000000705000000, 0x0000000705000000, 0x0000000705200000|  0%| F|  |TAMS 0x0000000705000000, 0x0000000705000000| Untracked 
|  34|0x0000000705200000, 0x0000000705200000, 0x0000000705400000|  0%| F|  |TAMS 0x0000000705200000, 0x0000000705200000| Untracked 
|  35|0x0000000705400000, 0x0000000705400000, 0x0000000705600000|  0%| F|  |TAMS 0x0000000705400000, 0x0000000705400000| Untracked 
|  36|0x0000000705600000, 0x0000000705600000, 0x0000000705800000|  0%| F|  |TAMS 0x0000000705600000, 0x0000000705600000| Untracked 
|  37|0x0000000705800000, 0x0000000705800000, 0x0000000705a00000|  0%| F|  |TAMS 0x0000000705800000, 0x0000000705800000| Untracked 
|  38|0x0000000705a00000, 0x0000000705a00000, 0x0000000705c00000|  0%| F|  |TAMS 0x0000000705a00000, 0x0000000705a00000| Untracked 
|  39|0x0000000705c00000, 0x0000000705c00000, 0x0000000705e00000|  0%| F|  |TAMS 0x0000000705c00000, 0x0000000705c00000| Untracked 
|  40|0x0000000705e00000, 0x0000000705e00000, 0x0000000706000000|  0%| F|  |TAMS 0x0000000705e00000, 0x0000000705e00000| Untracked 
|  41|0x0000000706000000, 0x0000000706000000, 0x0000000706200000|  0%| F|  |TAMS 0x0000000706000000, 0x0000000706000000| Untracked 
|  42|0x0000000706200000, 0x0000000706200000, 0x0000000706400000|  0%| F|  |TAMS 0x0000000706200000, 0x0000000706200000| Untracked 
|  43|0x0000000706400000, 0x0000000706400000, 0x0000000706600000|  0%| F|  |TAMS 0x0000000706400000, 0x0000000706400000| Untracked 
|  44|0x0000000706600000, 0x0000000706600000, 0x0000000706800000|  0%| F|  |TAMS 0x0000000706600000, 0x0000000706600000| Untracked 
|  45|0x0000000706800000, 0x0000000706800000, 0x0000000706a00000|  0%| F|  |TAMS 0x0000000706800000, 0x0000000706800000| Untracked 
|  46|0x0000000706a00000, 0x0000000706a00000, 0x0000000706c00000|  0%| F|  |TAMS 0x0000000706a00000, 0x0000000706a00000| Untracked 
|  47|0x0000000706c00000, 0x0000000706c00000, 0x0000000706e00000|  0%| F|  |TAMS 0x0000000706c00000, 0x0000000706c00000| Untracked 
|  48|0x0000000706e00000, 0x0000000706e00000, 0x0000000707000000|  0%| F|  |TAMS 0x0000000706e00000, 0x0000000706e00000| Untracked 
|  49|0x0000000707000000, 0x0000000707000000, 0x0000000707200000|  0%| F|  |TAMS 0x0000000707000000, 0x0000000707000000| Untracked 
|  50|0x0000000707200000, 0x0000000707200000, 0x0000000707400000|  0%| F|  |TAMS 0x0000000707200000, 0x0000000707200000| Untracked 
|  51|0x0000000707400000, 0x0000000707400000, 0x0000000707600000|  0%| F|  |TAMS 0x0000000707400000, 0x0000000707400000| Untracked 
|  52|0x0000000707600000, 0x0000000707600000, 0x0000000707800000|  0%| F|  |TAMS 0x0000000707600000, 0x0000000707600000| Untracked 
|  53|0x0000000707800000, 0x0000000707800000, 0x0000000707a00000|  0%| F|  |TAMS 0x0000000707800000, 0x0000000707800000| Untracked 
|  54|0x0000000707a00000, 0x0000000707a00000, 0x0000000707c00000|  0%| F|  |TAMS 0x0000000707a00000, 0x0000000707a00000| Untracked 
|  55|0x0000000707c00000, 0x0000000707c00000, 0x0000000707e00000|  0%| F|  |TAMS 0x0000000707c00000, 0x0000000707c00000| Untracked 
|  56|0x0000000707e00000, 0x0000000707e00000, 0x0000000708000000|  0%| F|  |TAMS 0x0000000707e00000, 0x0000000707e00000| Untracked 
|  57|0x0000000708000000, 0x0000000708000000, 0x0000000708200000|  0%| F|  |TAMS 0x0000000708000000, 0x0000000708000000| Untracked 
|  58|0x0000000708200000, 0x0000000708200000, 0x0000000708400000|  0%| F|  |TAMS 0x0000000708200000, 0x0000000708200000| Untracked 
|  59|0x0000000708400000, 0x0000000708400000, 0x0000000708600000|  0%| F|  |TAMS 0x0000000708400000, 0x0000000708400000| Untracked 
|  60|0x0000000708600000, 0x0000000708600000, 0x0000000708800000|  0%| F|  |TAMS 0x0000000708600000, 0x0000000708600000| Untracked 
|  61|0x0000000708800000, 0x0000000708800000, 0x0000000708a00000|  0%| F|  |TAMS 0x0000000708800000, 0x0000000708800000| Untracked 
|  62|0x0000000708a00000, 0x0000000708a00000, 0x0000000708c00000|  0%| F|  |TAMS 0x0000000708a00000, 0x0000000708a00000| Untracked 
|  63|0x0000000708c00000, 0x0000000708c00000, 0x0000000708e00000|  0%| F|  |TAMS 0x0000000708c00000, 0x0000000708c00000| Untracked 
|  64|0x0000000708e00000, 0x0000000708e00000, 0x0000000709000000|  0%| F|  |TAMS 0x0000000708e00000, 0x0000000708e00000| Untracked 
|  65|0x0000000709000000, 0x0000000709000000, 0x0000000709200000|  0%| F|  |TAMS 0x0000000709000000, 0x0000000709000000| Untracked 
|  66|0x0000000709200000, 0x0000000709200000, 0x0000000709400000|  0%| F|  |TAMS 0x0000000709200000, 0x0000000709200000| Untracked 
|  67|0x0000000709400000, 0x0000000709400000, 0x0000000709600000|  0%| F|  |TAMS 0x0000000709400000, 0x0000000709400000| Untracked 
|  68|0x0000000709600000, 0x000000070970fca8, 0x0000000709800000| 53%| E|  |TAMS 0x0000000709600000, 0x0000000709600000| Complete 
|  69|0x0000000709800000, 0x0000000709a00000, 0x0000000709a00000|100%| E|CS|TAMS 0x0000000709800000, 0x0000000709800000| Complete 
| 127|0x0000000710c00000, 0x0000000710e00000, 0x0000000710e00000|100%| E|CS|TAMS 0x0000000710c00000, 0x0000000710c00000| Complete 

Card table byte_map: [0x0000021e7a070000,0x0000021e7a870000] _byte_map_base: 0x0000021e76869000

Marking Bits (Prev, Next): (CMBitMap*) 0x0000021e702d9ca0, (CMBitMap*) 0x0000021e702d9c60
 Prev Bits: [0x0000021e0f000000, 0x0000021e12fc8000)
 Next Bits: [0x0000021e7b070000, 0x0000021e7f038000)

Polling page: 0x0000021e79220000

Metaspace:

Usage:
  Non-class:     59.00 MB used.
      Class:      9.03 MB used.
       Both:     68.02 MB used.

Virtual space:
  Non-class space:       64.00 MB reserved,      59.25 MB ( 93%) committed,  8 nodes.
      Class space:        1.00 GB reserved,       9.19 MB ( <1%) committed,  1 nodes.
             Both:        1.06 GB reserved,      68.44 MB (  6%) committed. 

Chunk freelists:
   Non-Class:  366.00 KB
       Class:  2.62 MB
        Both:  2.98 MB

MaxMetaspaceSize: unlimited
CompressedClassSpaceSize: 1.00 GB
Initial GC threshold: 21.00 MB
Current GC threshold: 84.50 MB
CDS: on
MetaspaceReclaimPolicy: balanced
 - commit_granule_bytes: 65536.
 - commit_granule_words: 8192.
 - virtual_space_node_default_size: 1048576.
 - enlarge_chunks_in_place: 1.
 - new_chunks_are_fully_committed: 0.
 - uncommit_free_chunks: 1.
 - use_allocation_guard: 0.
 - handle_deallocations: 1.


Internal statistics:

num_allocs_failed_limit: 9.
num_arena_births: 476.
num_arena_deaths: 0.
num_vsnodes_births: 9.
num_vsnodes_deaths: 0.
num_space_committed: 1095.
num_space_uncommitted: 0.
num_chunks_returned_to_freelist: 9.
num_chunks_taken_from_freelist: 2988.
num_chunk_merges: 9.
num_chunk_splits: 2219.
num_chunks_enlarged: 1800.
num_purges: 0.
num_inconsistent_stats: 0.

CodeHeap 'non-profiled nmethods': size=120000Kb used=3669Kb max_used=3669Kb free=116330Kb
 bounds [0x0000021e07ad0000, 0x0000021e07e70000, 0x0000021e0f000000]
CodeHeap 'profiled nmethods': size=120000Kb used=10735Kb max_used=10735Kb free=109264Kb
 bounds [0x0000021e005a0000, 0x0000021e01020000, 0x0000021e07ad0000]
CodeHeap 'non-nmethods': size=5760Kb used=1340Kb max_used=1394Kb free=4419Kb
 bounds [0x0000021e00000000, 0x0000021e00270000, 0x0000021e005a0000]
 total_blobs=6319 nmethods=5648 adapters=582
 compilation: enabled
              stopped_count=0, restarted_count=0
 full_count=0

Compilation events (20 events):
Event: 21.277 Thread 0x0000021e7f6b68a0 nmethod 6345 0x0000021e07e63a10 code [0x0000021e07e63ba0, 0x0000021e07e63c78]
Event: 21.277 Thread 0x0000021e7f6b68a0 6346       3       antlr.collections.impl.BitSet::member (38 bytes)
Event: 21.277 Thread 0x0000021e7f6b68a0 nmethod 6346 0x0000021e01019d90 code [0x0000021e01019f40, 0x0000021e0101a218]
Event: 21.277 Thread 0x0000021e7f6b68a0 6347       3       antlr.collections.impl.BitSet::wordNumber (5 bytes)
Event: 21.277 Thread 0x0000021e7f6b68a0 nmethod 6347 0x0000021e0101a390 code [0x0000021e0101a520, 0x0000021e0101a618]
Event: 21.277 Thread 0x0000021e7f6b68a0 6348       3       antlr.TokenQueue::elementAt (17 bytes)
Event: 21.277 Thread 0x0000021e7f6b68a0 nmethod 6348 0x0000021e0101a690 code [0x0000021e0101a820, 0x0000021e0101a978]
Event: 21.277 Thread 0x0000021e7f6b68a0 6349       1       antlr.CommonAST::setText (6 bytes)
Event: 21.277 Thread 0x0000021e7f6b68a0 nmethod 6349 0x0000021e07e63d10 code [0x0000021e07e63ea0, 0x0000021e07e63fb8]
Event: 21.277 Thread 0x0000021e7f6b68a0 6350       1       antlr.CommonAST::setType (6 bytes)
Event: 21.277 Thread 0x0000021e7f6b68a0 nmethod 6350 0x0000021e07e64010 code [0x0000021e07e641a0, 0x0000021e07e64278]
Event: 21.281 Thread 0x0000021e7f6b5e00 6351       4       jdk.internal.org.objectweb.asm.Type::getArgumentsAndReturnSizes (140 bytes)
Event: 21.283 Thread 0x0000021e7f6b68a0 6352       3       org.jboss.logging.Logger::isDebugEnabled (8 bytes)
Event: 21.283 Thread 0x0000021e7f6b68a0 nmethod 6352 0x0000021e0101aa90 code [0x0000021e0101ac40, 0x0000021e0101af08]
Event: 21.284 Thread 0x0000021e7f6b68a0 6353   !   3       com.zaxxer.hikari.pool.HikariProxyResultSet::getString (18 bytes)
Event: 21.284 Thread 0x0000021e7f6b68a0 nmethod 6353 0x0000021e0101b090 code [0x0000021e0101b240, 0x0000021e0101b4f8]
Event: 21.284 Thread 0x0000021e7f6b68a0 6354   !   3       org.h2.jdbc.JdbcResultSet::getString (23 bytes)
Event: 21.284 Thread 0x0000021e7f6b68a0 nmethod 6354 0x0000021e0101b690 code [0x0000021e0101b880, 0x0000021e0101bd08]
Event: 21.284 Thread 0x0000021e7f6b68a0 6355       1       org.hibernate.engine.jdbc.internal.JdbcCoordinatorImpl::getLogicalConnection (5 bytes)
Event: 21.284 Thread 0x0000021e7f6b68a0 nmethod 6355 0x0000021e07e64310 code [0x0000021e07e644a0, 0x0000021e07e64578]

GC Heap History (20 events):
Event: 4.469 GC heap before
{Heap before GC invocations=9 (full 0):
 garbage-first heap   total 51200K, used 34288K [0x0000000700e00000, 0x0000000800000000)
  region size 2048K, 10 young (20480K), 1 survivors (2048K)
 Metaspace       used 34373K, committed 34688K, reserved 1081344K
  class space    used 4377K, committed 4544K, reserved 1048576K
}
Event: 4.472 GC heap after
{Heap after GC invocations=10 (full 0):
 garbage-first heap   total 157696K, used 17735K [0x0000000700e00000, 0x0000000800000000)
  region size 2048K, 1 young (2048K), 1 survivors (2048K)
 Metaspace       used 34373K, committed 34688K, reserved 1081344K
  class space    used 4377K, committed 4544K, reserved 1048576K
}
Event: 4.781 GC heap before
{Heap before GC invocations=10 (full 0):
 garbage-first heap   total 157696K, used 81223K [0x0000000700e00000, 0x0000000800000000)
  region size 2048K, 34 young (69632K), 1 survivors (2048K)
 Metaspace       used 35699K, committed 35968K, reserved 1081344K
  class space    used 4520K, committed 4672K, reserved 1048576K
}
Event: 4.783 GC heap after
{Heap after GC invocations=11 (full 0):
 garbage-first heap   total 157696K, used 18079K [0x0000000700e00000, 0x0000000800000000)
  region size 2048K, 1 young (2048K), 1 survivors (2048K)
 Metaspace       used 35699K, committed 35968K, reserved 1081344K
  class space    used 4520K, committed 4672K, reserved 1048576K
}
Event: 5.734 GC heap before
{Heap before GC invocations=12 (full 0):
 garbage-first heap   total 69632K, used 56991K [0x0000000700e00000, 0x0000000800000000)
  region size 2048K, 20 young (40960K), 1 survivors (2048K)
 Metaspace       used 43878K, committed 44224K, reserved 1089536K
  class space    used 5702K, committed 5824K, reserved 1048576K
}
Event: 5.740 GC heap after
{Heap after GC invocations=13 (full 0):
 garbage-first heap   total 69632K, used 20651K [0x0000000700e00000, 0x0000000800000000)
  region size 2048K, 3 young (6144K), 3 survivors (6144K)
 Metaspace       used 43878K, committed 44224K, reserved 1089536K
  class space    used 5702K, committed 5824K, reserved 1048576K
}
Event: 5.790 GC heap before
{Heap before GC invocations=13 (full 0):
 garbage-first heap   total 69632K, used 22699K [0x0000000700e00000, 0x0000000800000000)
  region size 2048K, 4 young (8192K), 3 survivors (6144K)
 Metaspace       used 44310K, committed 44736K, reserved 1089536K
  class space    used 5756K, committed 5952K, reserved 1048576K
}
Event: 5.796 GC heap after
{Heap after GC invocations=14 (full 0):
 garbage-first heap   total 69632K, used 20386K [0x0000000700e00000, 0x0000000800000000)
  region size 2048K, 1 young (2048K), 1 survivors (2048K)
 Metaspace       used 44310K, committed 44736K, reserved 1089536K
  class space    used 5756K, committed 5952K, reserved 1048576K
}
Event: 6.624 GC heap before
{Heap before GC invocations=14 (full 0):
 garbage-first heap   total 69632K, used 51106K [0x0000000700e00000, 0x0000000800000000)
  region size 2048K, 16 young (32768K), 1 survivors (2048K)
 Metaspace       used 51412K, committed 51776K, reserved 1097728K
  class space    used 6788K, committed 6976K, reserved 1048576K
}
Event: 6.628 GC heap after
{Heap after GC invocations=15 (full 0):
 garbage-first heap   total 69632K, used 21358K [0x0000000700e00000, 0x0000000800000000)
  region size 2048K, 1 young (2048K), 1 survivors (2048K)
 Metaspace       used 51412K, committed 51776K, reserved 1097728K
  class space    used 6788K, committed 6976K, reserved 1048576K
}
Event: 7.243 GC heap before
{Heap before GC invocations=16 (full 0):
 garbage-first heap   total 69632K, used 52078K [0x0000000700e00000, 0x0000000800000000)
  region size 2048K, 17 young (34816K), 1 survivors (2048K)
 Metaspace       used 55723K, committed 56128K, reserved 1097728K
  class space    used 7424K, committed 7616K, reserved 1048576K
}
Event: 7.247 GC heap after
{Heap after GC invocations=17 (full 0):
 garbage-first heap   total 69632K, used 22921K [0x0000000700e00000, 0x0000000800000000)
  region size 2048K, 2 young (4096K), 2 survivors (4096K)
 Metaspace       used 55723K, committed 56128K, reserved 1097728K
  class space    used 7424K, committed 7616K, reserved 1048576K
}
Event: 7.762 GC heap before
{Heap before GC invocations=17 (full 0):
 garbage-first heap   total 69632K, used 53641K [0x0000000700e00000, 0x0000000800000000)
  region size 2048K, 17 young (34816K), 2 survivors (4096K)
 Metaspace       used 58678K, committed 59072K, reserved 1105920K
  class space    used 7841K, committed 8000K, reserved 1048576K
}
Event: 7.767 GC heap after
{Heap after GC invocations=18 (full 0):
 garbage-first heap   total 69632K, used 24527K [0x0000000700e00000, 0x0000000800000000)
  region size 2048K, 3 young (6144K), 3 survivors (6144K)
 Metaspace       used 58678K, committed 59072K, reserved 1105920K
  class space    used 7841K, committed 8000K, reserved 1048576K
}
Event: 8.145 GC heap before
{Heap before GC invocations=18 (full 0):
 garbage-first heap   total 69632K, used 53199K [0x0000000700e00000, 0x0000000800000000)
  region size 2048K, 17 young (34816K), 3 survivors (6144K)
 Metaspace       used 60801K, committed 61184K, reserved 1105920K
  class space    used 8125K, committed 8320K, reserved 1048576K
}
Event: 8.151 GC heap after
{Heap after GC invocations=19 (full 0):
 garbage-first heap   total 69632K, used 25749K [0x0000000700e00000, 0x0000000800000000)
  region size 2048K, 3 young (6144K), 3 survivors (6144K)
 Metaspace       used 60801K, committed 61184K, reserved 1105920K
  class space    used 8125K, committed 8320K, reserved 1048576K
}
Event: 8.678 GC heap before
{Heap before GC invocations=19 (full 0):
 garbage-first heap   total 69632K, used 52373K [0x0000000700e00000, 0x0000000800000000)
  region size 2048K, 16 young (32768K), 3 survivors (6144K)
 Metaspace       used 62975K, committed 63360K, reserved 1105920K
  class space    used 8417K, committed 8576K, reserved 1048576K
}
Event: 8.684 GC heap after
{Heap after GC invocations=20 (full 0):
 garbage-first heap   total 69632K, used 28381K [0x0000000700e00000, 0x0000000800000000)
  region size 2048K, 2 young (4096K), 2 survivors (4096K)
 Metaspace       used 62975K, committed 63360K, reserved 1105920K
  class space    used 8417K, committed 8576K, reserved 1048576K
}
Event: 18.574 GC heap before
{Heap before GC invocations=20 (full 0):
 garbage-first heap   total 69632K, used 52957K [0x0000000700e00000, 0x0000000800000000)
  region size 2048K, 15 young (30720K), 2 survivors (4096K)
 Metaspace       used 69049K, committed 69440K, reserved 1114112K
  class space    used 9170K, committed 9344K, reserved 1048576K
}
Event: 18.581 GC heap after
{Heap after GC invocations=21 (full 0):
 garbage-first heap   total 145408K, used 30267K [0x0000000700e00000, 0x0000000800000000)
  region size 2048K, 2 young (4096K), 2 survivors (4096K)
 Metaspace       used 69049K, committed 69440K, reserved 1114112K
  class space    used 9170K, committed 9344K, reserved 1048576K
}

Deoptimization events (20 events):
Event: 18.456 Thread 0x0000021e1621f930 DEOPT PACKING pc=0x0000021e07b40604 sp=0x00000028ba3fb750
Event: 18.456 Thread 0x0000021e1621f930 DEOPT UNPACKING pc=0x0000021e000523a3 sp=0x00000028ba3fb6c0 mode 2
Event: 18.484 Thread 0x0000021e1621f930 DEOPT PACKING pc=0x0000021e00fcb5c2 sp=0x00000028ba3fba00
Event: 18.484 Thread 0x0000021e1621f930 DEOPT UNPACKING pc=0x0000021e00052b43 sp=0x00000028ba3fae98 mode 0
Event: 18.484 Thread 0x0000021e1621f930 DEOPT PACKING pc=0x0000021e00fcb5c2 sp=0x00000028ba3fba00
Event: 18.484 Thread 0x0000021e1621f930 DEOPT UNPACKING pc=0x0000021e00052b43 sp=0x00000028ba3fae98 mode 0
Event: 18.484 Thread 0x0000021e1621f930 DEOPT PACKING pc=0x0000021e00fcb5c2 sp=0x00000028ba3fba00
Event: 18.484 Thread 0x0000021e1621f930 DEOPT UNPACKING pc=0x0000021e00052b43 sp=0x00000028ba3fae98 mode 0
Event: 18.484 Thread 0x0000021e1621f930 DEOPT PACKING pc=0x0000021e00fcb5c2 sp=0x00000028ba3fba00
Event: 18.484 Thread 0x0000021e1621f930 DEOPT UNPACKING pc=0x0000021e00052b43 sp=0x00000028ba3fae98 mode 0
Event: 18.539 Thread 0x0000021e1621f930 Uncommon trap: trap_request=0xffffff45 fr.pc=0x0000021e07e350f4 relative=0x0000000000000154
Event: 18.539 Thread 0x0000021e1621f930 Uncommon trap: reason=unstable_if action=reinterpret pc=0x0000021e07e350f4 method=org.apache.tomcat.util.http.fileupload.MultipartStream.findSeparator()I @ 55 c2
Event: 18.539 Thread 0x0000021e1621f930 DEOPT PACKING pc=0x0000021e07e350f4 sp=0x00000028ba3fba80
Event: 18.539 Thread 0x0000021e1621f930 DEOPT UNPACKING pc=0x0000021e000523a3 sp=0x00000028ba3fba10 mode 2
Event: 18.633 Thread 0x0000021e1621f930 DEOPT PACKING pc=0x0000021e00ccbad9 sp=0x00000028ba3fa220
Event: 18.633 Thread 0x0000021e1621f930 DEOPT UNPACKING pc=0x0000021e00052b43 sp=0x00000028ba3f9730 mode 0
Event: 18.698 Thread 0x0000021e1621f930 Uncommon trap: trap_request=0xffffff45 fr.pc=0x0000021e07be94a4 relative=0x0000000000000084
Event: 18.698 Thread 0x0000021e1621f930 Uncommon trap: reason=unstable_if action=reinterpret pc=0x0000021e07be94a4 method=java.util.LinkedHashMap.afterNodeInsertion(Z)V @ 18 c2
Event: 18.698 Thread 0x0000021e1621f930 DEOPT PACKING pc=0x0000021e07be94a4 sp=0x00000028ba3f9900
Event: 18.698 Thread 0x0000021e1621f930 DEOPT UNPACKING pc=0x0000021e000523a3 sp=0x00000028ba3f9880 mode 2

Classes unloaded (0 events):
No events

Classes redefined (0 events):
No events

Internal exceptions (20 events):
Event: 8.364 Thread 0x0000021e163e3440 Exception <a 'java/lang/ClassNotFoundException'{0x000000070449ea30}: org/springframework/security/config/annotation/web/configuration/HttpSecurityConfigurationCustomizer> (0x000000070449ea30) 
thrown [t:\workspace\open\src\hotspot\share\classfile\systemDictionary.cpp, line 256]
Event: 8.378 Thread 0x0000021e163e3440 Exception <a 'java/lang/NoSuchMethodError'{0x000000070452c028}: 'java.lang.Object java.lang.invoke.DirectMethodHandle$Holder.invokeInterface(java.lang.Object, java.lang.Object, java.lang.Object, java.lang.Object)'> (0x000000070452c028) 
thrown [t:\workspace\open\src\hotspot\share\interpreter\linkResolver.cpp, line 766]
Event: 8.432 Thread 0x0000021e163e3440 Exception <a 'java/lang/NoSuchMethodError'{0x0000000704365b20}: 'void java.lang.invoke.DirectMethodHandle$Holder.invokeVirtual(java.lang.Object, java.lang.Object, int)'> (0x0000000704365b20) 
thrown [t:\workspace\open\src\hotspot\share\interpreter\linkResolver.cpp, line 766]
Event: 8.435 Thread 0x0000021e163e3440 Exception <a 'java/lang/NoSuchMethodError'{0x00000007043804d0}: 'void java.lang.invoke.DirectMethodHandle$Holder.invokeVirtual(java.lang.Object, java.lang.Object, long)'> (0x00000007043804d0) 
thrown [t:\workspace\open\src\hotspot\share\interpreter\linkResolver.cpp, line 766]
Event: 8.533 Thread 0x0000021e163e3440 Exception <a 'java/lang/NoSuchMethodError'{0x0000000703fb50c8}: 'int java.lang.invoke.DirectMethodHandle$Holder.invokeStaticInit(java.lang.Object, java.lang.Object, java.lang.Object, java.lang.Object)'> (0x0000000703fb50c8) 
thrown [t:\workspace\open\src\hotspot\share\interpreter\linkResolver.cpp, line 766]
Event: 8.700 Thread 0x0000021e163e3440 Exception <a 'java/lang/NoSuchMethodError'{0x0000000710cb5c50}: 'java.lang.Object java.lang.invoke.DirectMethodHandle$Holder.invokeSpecial(java.lang.Object, java.lang.Object, int, java.lang.Object, int, java.lang.Object)'> (0x0000000710cb5c50) 
thrown [t:\workspace\open\src\hotspot\share\interpreter\linkResolver.cpp, line 766]
Event: 8.701 Thread 0x0000021e163e3440 Exception <a 'java/lang/NoSuchMethodError'{0x0000000710cbdcf8}: 'java.lang.Object java.lang.invoke.DirectMethodHandle$Holder.newInvokeSpecial(java.lang.Object, java.lang.Object, int, java.lang.Object, int)'> (0x0000000710cbdcf8) 
thrown [t:\workspace\open\src\hotspot\share\interpreter\linkResolver.cpp, line 766]
Event: 8.702 Thread 0x0000021e163e3440 Exception <a 'java/lang/NoSuchMethodError'{0x0000000710cc1df8}: 'java.lang.Object java.lang.invoke.DirectMethodHandle$Holder.invokeSpecial(java.lang.Object, java.lang.Object, java.lang.Object, int, java.lang.Object, int)'> (0x0000000710cc1df8) 
thrown [t:\workspace\open\src\hotspot\share\interpreter\linkResolver.cpp, line 766]
Event: 8.703 Thread 0x0000021e163e3440 Exception <a 'java/lang/NoSuchMethodError'{0x0000000710cccb88}: 'void java.lang.invoke.DirectMethodHandle$Holder.invokeVirtual(java.lang.Object, java.lang.Object)'> (0x0000000710cccb88) 
thrown [t:\workspace\open\src\hotspot\share\interpreter\linkResolver.cpp, line 766]
Event: 8.802 Thread 0x0000021e163e3440 Exception <a 'java/lang/ClassNotFoundException'{0x00000007065b4f58}: java/lang/ObjectCustomizer> (0x00000007065b4f58) 
thrown [t:\workspace\open\src\hotspot\share\classfile\systemDictionary.cpp, line 256]
Event: 8.802 Thread 0x0000021e163e3440 Exception <a 'java/lang/ClassNotFoundException'{0x00000007065c09e8}: com/backend/backend/Data/RoleCustomizer> (0x00000007065c09e8) 
thrown [t:\workspace\open\src\hotspot\share\classfile\systemDictionary.cpp, line 256]
Event: 8.970 Thread 0x0000021e163e3440 Exception <a 'java/lang/ClassNotFoundException'{0x0000000704b89c50}: java/lang/ObjectCustomizer> (0x0000000704b89c50) 
thrown [t:\workspace\open\src\hotspot\share\classfile\systemDictionary.cpp, line 256]
Event: 8.970 Thread 0x0000021e163e3440 Exception <a 'java/lang/ClassNotFoundException'{0x0000000704b956e0}: com/backend/backend/Data/UserCustomizer> (0x0000000704b956e0) 
thrown [t:\workspace\open\src\hotspot\share\classfile\systemDictionary.cpp, line 256]
Event: 18.048 Thread 0x0000021e1621f930 Exception <a 'sun/nio/fs/WindowsException'{0x00000007040c7350}> (0x00000007040c7350) 
thrown [t:\workspace\open\src\hotspot\share\prims\jni.cpp, line 516]
Event: 18.357 Thread 0x0000021e1621f930 Exception <a 'java/lang/NoSuchMethodError'{0x0000000703b55f30}: 'java.lang.Object java.lang.invoke.DirectMethodHandle$Holder.invokeStaticInit(java.lang.Object, java.lang.Object, java.lang.Object, java.lang.Object, java.lang.Object, java.lang.Object)'> (0x0000000703b55f30) 
thrown [t:\workspace\open\src\hotspot\share\interpreter\linkResolver.cpp, line 766]
Event: 18.657 Thread 0x0000021e1621f930 Exception <a 'java/lang/NoSuchMethodError'{0x000000070983afc0}: 'java.lang.Object java.lang.invoke.DirectMethodHandle$Holder.invokeStatic(java.lang.Object, int, java.lang.Object)'> (0x000000070983afc0) 
thrown [t:\workspace\open\src\hotspot\share\interpreter\linkResolver.cpp, line 766]
Event: 18.678 Thread 0x0000021e1621f930 Exception <a 'java/lang/ClassNotFoundException'{0x0000000709858510}: java/lang/ObjectCustomizer> (0x0000000709858510) 
thrown [t:\workspace\open\src\hotspot\share\classfile\systemDictionary.cpp, line 256]
Event: 18.679 Thread 0x0000021e1621f930 Exception <a 'java/lang/ClassNotFoundException'{0x00000007098697c0}: com/backend/backend/Data/CaffCustomizer> (0x00000007098697c0) 
thrown [t:\workspace\open\src\hotspot\share\classfile\systemDictionary.cpp, line 256]
Event: 18.690 Thread 0x0000021e1621f930 Exception <a 'java/lang/ClassNotFoundException'{0x00000007098a66f8}: java/lang/ObjectCustomizer> (0x00000007098a66f8) 
thrown [t:\workspace\open\src\hotspot\share\classfile\systemDictionary.cpp, line 256]
Event: 18.693 Thread 0x0000021e1621f930 Exception <a 'java/lang/ClassNotFoundException'{0x00000007098b6ea8}: com/backend/backend/Data/LogCustomizer> (0x00000007098b6ea8) 
thrown [t:\workspace\open\src\hotspot\share\classfile\systemDictionary.cpp, line 256]

VM Operations (20 events):
Event: 9.785 Executing VM operation: Cleanup
Event: 9.785 Executing VM operation: Cleanup done
Event: 17.912 Executing VM operation: HandshakeAllThreads
Event: 17.912 Executing VM operation: HandshakeAllThreads done
Event: 17.912 Executing VM operation: Cleanup
Event: 17.912 Executing VM operation: Cleanup done
Event: 17.939 Executing VM operation: HandshakeAllThreads
Event: 17.939 Executing VM operation: HandshakeAllThreads done
Event: 18.050 Executing VM operation: HandshakeAllThreads
Event: 18.050 Executing VM operation: HandshakeAllThreads done
Event: 18.053 Executing VM operation: HandshakeAllThreads
Event: 18.053 Executing VM operation: HandshakeAllThreads done
Event: 18.565 Executing VM operation: HandshakeAllThreads
Event: 18.565 Executing VM operation: HandshakeAllThreads done
Event: 18.574 Executing VM operation: G1CollectForAllocation
Event: 18.583 Executing VM operation: G1CollectForAllocation done
Event: 18.706 Executing VM operation: HandshakeAllThreads
Event: 18.706 Executing VM operation: HandshakeAllThreads done
Event: 19.707 Executing VM operation: Cleanup
Event: 19.707 Executing VM operation: Cleanup done

Events (20 events):
Event: 18.657 loading class java/time/temporal/TemporalAdjusters done
Event: 18.658 loading class java/time/zone/ZoneOffsetTransitionRule$1
Event: 18.658 loading class java/time/zone/ZoneOffsetTransitionRule$1 done
Event: 18.659 loading class java/time/format/DateTimeFormatterBuilder$ReducedPrinterParser
Event: 18.659 loading class java/time/format/DateTimeFormatterBuilder$ReducedPrinterParser done
Event: 18.677 loading class java/lang/ObjectCustomizer
Event: 18.677 loading class java/lang/ObjectCustomizer done
Event: 18.678 loading class java/lang/ObjectCustomizer
Event: 18.678 loading class java/lang/ObjectCustomizer done
Event: 18.689 loading class java/lang/ObjectCustomizer
Event: 18.689 loading class java/lang/ObjectCustomizer done
Event: 18.690 loading class java/lang/ObjectCustomizer
Event: 18.690 loading class java/lang/ObjectCustomizer done
Event: 18.703 loading class java/time/format/DateTimeFormatterBuilder$ZoneTextPrinterParser
Event: 18.704 loading class java/time/format/DateTimeFormatterBuilder$ZoneTextPrinterParser done
Event: 19.477 Thread 0x0000021e171ac440 Thread exited: 0x0000021e171ac440
Event: 21.268 Thread 0x0000021e1621ef90 Thread added: 0x0000021e1621ef90
Event: 21.287 Loaded shared library E:\SzamBiztHF\backend\backend\jni-library\build\libs\main\jni-library.dll
Event: 21.287 loading class jdk/internal/loader/NativeLibraries$Unloader
Event: 21.287 loading class jdk/internal/loader/NativeLibraries$Unloader done


Dynamic libraries:
0x00007ff644670000 - 0x00007ff64467e000 	C:\Users\Bence\.jdks\openjdk-17\bin\java.exe
0x00007ffc7e130000 - 0x00007ffc7e325000 	C:\WINDOWS\SYSTEM32\ntdll.dll
0x00007ffc62900000 - 0x00007ffc62916000 	C:\Program Files\AVG\Antivirus\aswhook.dll
0x00007ffc7c480000 - 0x00007ffc7c53e000 	C:\WINDOWS\System32\KERNEL32.DLL
0x00007ffc7bc00000 - 0x00007ffc7bec8000 	C:\WINDOWS\System32\KERNELBASE.dll
0x00007ffc7bfe0000 - 0x00007ffc7c0e0000 	C:\WINDOWS\System32\ucrtbase.dll
0x00007ffc77070000 - 0x00007ffc77088000 	C:\Users\Bence\.jdks\openjdk-17\bin\jli.dll
0x00007ffc7de90000 - 0x00007ffc7e031000 	C:\WINDOWS\System32\USER32.dll
0x00007ffc7bae0000 - 0x00007ffc7bb02000 	C:\WINDOWS\System32\win32u.dll
0x00007ffc7db90000 - 0x00007ffc7dbbb000 	C:\WINDOWS\System32\GDI32.dll
0x00007ffc7bed0000 - 0x00007ffc7bfdb000 	C:\WINDOWS\System32\gdi32full.dll
0x00007ffc7c0e0000 - 0x00007ffc7c17d000 	C:\WINDOWS\System32\msvcp_win.dll
0x00007ffc76d70000 - 0x00007ffc76d8a000 	C:\Users\Bence\.jdks\openjdk-17\bin\VCRUNTIME140.dll
0x00007ffc6ab40000 - 0x00007ffc6adda000 	C:\WINDOWS\WinSxS\amd64_microsoft.windows.common-controls_6595b64144ccf1df_6.0.19041.1110_none_60b5254171f9507e\COMCTL32.dll
0x00007ffc7da90000 - 0x00007ffc7db2e000 	C:\WINDOWS\System32\msvcrt.dll
0x00007ffc7c3e0000 - 0x00007ffc7c410000 	C:\WINDOWS\System32\IMM32.DLL
0x00007ffc77590000 - 0x00007ffc7759c000 	C:\Users\Bence\.jdks\openjdk-17\bin\vcruntime140_1.dll
0x00007ffc57e30000 - 0x00007ffc57ebd000 	C:\Users\Bence\.jdks\openjdk-17\bin\msvcp140.dll
0x00007ffc0df20000 - 0x00007ffc0eade000 	C:\Users\Bence\.jdks\openjdk-17\bin\server\jvm.dll
0x00007ffc7e040000 - 0x00007ffc7e0ec000 	C:\WINDOWS\System32\ADVAPI32.dll
0x00007ffc7d0e0000 - 0x00007ffc7d17b000 	C:\WINDOWS\System32\sechost.dll
0x00007ffc7d820000 - 0x00007ffc7d94a000 	C:\WINDOWS\System32\RPCRT4.dll
0x00007ffc7c470000 - 0x00007ffc7c478000 	C:\WINDOWS\System32\PSAPI.DLL
0x00007ffc71f90000 - 0x00007ffc71f99000 	C:\WINDOWS\SYSTEM32\WSOCK32.dll
0x00007ffc7de20000 - 0x00007ffc7de8b000 	C:\WINDOWS\System32\WS2_32.dll
0x00007ffc6f940000 - 0x00007ffc6f967000 	C:\WINDOWS\SYSTEM32\WINMM.dll
0x00007ffc75fa0000 - 0x00007ffc75faa000 	C:\WINDOWS\SYSTEM32\VERSION.dll
0x00007ffc7a0f0000 - 0x00007ffc7a102000 	C:\WINDOWS\SYSTEM32\kernel.appcore.dll
0x00007ffc76da0000 - 0x00007ffc76daa000 	C:\Users\Bence\.jdks\openjdk-17\bin\jimage.dll
0x00007ffc74fd0000 - 0x00007ffc751b4000 	C:\WINDOWS\SYSTEM32\DBGHELP.DLL
0x00007ffc74c50000 - 0x00007ffc74c7c000 	C:\WINDOWS\SYSTEM32\dbgcore.DLL
0x00007ffc7bb70000 - 0x00007ffc7bbf3000 	C:\WINDOWS\System32\bcryptPrimitives.dll
0x00007ffc775a0000 - 0x00007ffc775ae000 	C:\Users\Bence\.jdks\openjdk-17\bin\instrument.dll
0x00007ffc6bdb0000 - 0x00007ffc6bdd5000 	C:\Users\Bence\.jdks\openjdk-17\bin\java.dll
0x00007ffc56120000 - 0x00007ffc561f6000 	C:\Users\Bence\.jdks\openjdk-17\bin\svml.dll
0x00007ffc7c920000 - 0x00007ffc7d05f000 	C:\WINDOWS\System32\SHELL32.dll
0x00007ffc79930000 - 0x00007ffc7a0c0000 	C:\WINDOWS\SYSTEM32\windows.storage.dll
0x00007ffc7c540000 - 0x00007ffc7c895000 	C:\WINDOWS\System32\combase.dll
0x00007ffc7b2a0000 - 0x00007ffc7b2ce000 	C:\WINDOWS\SYSTEM32\Wldp.dll
0x00007ffc7d950000 - 0x00007ffc7d9fd000 	C:\WINDOWS\System32\SHCORE.dll
0x00007ffc7dbc0000 - 0x00007ffc7dc15000 	C:\WINDOWS\System32\shlwapi.dll
0x00007ffc7b790000 - 0x00007ffc7b7af000 	C:\WINDOWS\SYSTEM32\profapi.dll
0x00007ffc6fd80000 - 0x00007ffc6fd98000 	C:\Users\Bence\.jdks\openjdk-17\bin\zip.dll
0x00007ffc716d0000 - 0x00007ffc716e9000 	C:\Users\Bence\.jdks\openjdk-17\bin\net.dll
0x00007ffc73710000 - 0x00007ffc7381c000 	C:\WINDOWS\SYSTEM32\WINHTTP.dll
0x00007ffc7b000000 - 0x00007ffc7b06a000 	C:\WINDOWS\system32\mswsock.dll
0x00007ffc6fdd0000 - 0x00007ffc6fde5000 	C:\Users\Bence\.jdks\openjdk-17\bin\nio.dll
0x00007ffc72140000 - 0x00007ffc7215a000 	E:\IntelliJ IDEA Community Edition 2020.3.2\bin\breakgen64.dll
0x00007ffc721b0000 - 0x00007ffc721c0000 	C:\Users\Bence\.jdks\openjdk-17\bin\verify.dll
0x00007ffc72110000 - 0x00007ffc72119000 	C:\Users\Bence\.jdks\openjdk-17\bin\management.dll
0x00007ffc716a0000 - 0x00007ffc716ab000 	C:\Users\Bence\.jdks\openjdk-17\bin\management_ext.dll
0x00007ffc687a0000 - 0x00007ffc687b7000 	C:\WINDOWS\system32\napinsp.dll
0x00007ffc68780000 - 0x00007ffc6879b000 	C:\WINDOWS\system32\pnrpnsp.dll
0x00007ffc68760000 - 0x00007ffc68775000 	C:\WINDOWS\system32\wshbth.dll
0x00007ffc77450000 - 0x00007ffc7746d000 	C:\WINDOWS\system32\NLAapi.dll
0x00007ffc7aca0000 - 0x00007ffc7acdb000 	C:\WINDOWS\SYSTEM32\IPHLPAPI.DLL
0x00007ffc7acf0000 - 0x00007ffc7adbb000 	C:\WINDOWS\SYSTEM32\DNSAPI.dll
0x00007ffc7d260000 - 0x00007ffc7d268000 	C:\WINDOWS\System32\NSI.dll
0x00007ffc68740000 - 0x00007ffc68752000 	C:\WINDOWS\System32\winrnr.dll
0x00007ffc73630000 - 0x00007ffc7363a000 	C:\Windows\System32\rasadhlp.dll
0x00007ffc73550000 - 0x00007ffc735cf000 	C:\WINDOWS\System32\fwpuclnt.dll
0x00007ffc7bab0000 - 0x00007ffc7bad7000 	C:\WINDOWS\System32\bcrypt.dll
0x00007ffc7b1f0000 - 0x00007ffc7b208000 	C:\WINDOWS\SYSTEM32\CRYPTSP.dll
0x00007ffc7a910000 - 0x00007ffc7a944000 	C:\WINDOWS\system32\rsaenh.dll
0x00007ffc7b750000 - 0x00007ffc7b77e000 	C:\WINDOWS\SYSTEM32\USERENV.dll
0x00007ffc7b210000 - 0x00007ffc7b21c000 	C:\WINDOWS\SYSTEM32\CRYPTBASE.dll
0x00007ffc76300000 - 0x00007ffc76317000 	C:\WINDOWS\SYSTEM32\dhcpcsvc6.DLL
0x00007ffc75d90000 - 0x00007ffc75dad000 	C:\WINDOWS\SYSTEM32\dhcpcsvc.DLL
0x00007ffc709f0000 - 0x00007ffc709fe000 	C:\Users\Bence\.jdks\openjdk-17\bin\sunmscapi.dll
0x00007ffc7b900000 - 0x00007ffc7ba56000 	C:\WINDOWS\System32\CRYPT32.dll
0x00007ffc7b310000 - 0x00007ffc7b337000 	C:\WINDOWS\SYSTEM32\ncrypt.dll
0x00007ffc7b2d0000 - 0x00007ffc7b30b000 	C:\WINDOWS\SYSTEM32\NTASN1.dll
0x00007ffc6fc30000 - 0x00007ffc6fc37000 	C:\WINDOWS\system32\wshunix.dll
0x00007ffc7a540000 - 0x00007ffc7a573000 	C:\WINDOWS\SYSTEM32\ntmarta.dll
0x00007ffc6c020000 - 0x00007ffc6c06b000 	E:\SzamBiztHF\backend\backend\jni-library\build\libs\main\jni-library.dll

dbghelp: loaded successfully - version: 4.0.5 - missing functions: none
symbol engine: initialized successfully - sym options: 0x614 - pdb path: .;C:\Users\Bence\.jdks\openjdk-17\bin;C:\WINDOWS\SYSTEM32;C:\Program Files\AVG\Antivirus;C:\WINDOWS\WinSxS\amd64_microsoft.windows.common-controls_6595b64144ccf1df_6.0.19041.1110_none_60b5254171f9507e;C:\Users\Bence\.jdks\openjdk-17\bin\server;E:\IntelliJ IDEA Community Edition 2020.3.2\bin;E:\SzamBiztHF\backend\backend\jni-library\build\libs\main

VM Arguments:
jvm_args: -Djava.library.path=e:\SzamBiztHF\backend\backend\jni-library\build\libs\main -javaagent:E:\IntelliJ IDEA Community Edition 2020.3.2\lib\idea_rt.jar=60418:E:\IntelliJ IDEA Community Edition 2020.3.2\bin -Dfile.encoding=UTF-8 
java_command: com.backend.backend.BackendApplication
java_class_path (initial): E:\SzamBiztHF\backend\backend\out\production\classes;E:\SzamBiztHF\backend\backend\out\production\resources;C:\Gradle\gradle-7.3\bin\caches\modules-2\files-2.1\io.jsonwebtoken\jjwt-api\0.11.0\ab6957d0515da6e23077c39534d5601ccfa024a1\jjwt-api-0.11.0.jar;C:\Gradle\gradle-7.3\bin\caches\modules-2\files-2.1\org.springframework.boot\spring-boot-starter-data-jpa\2.5.5\5ec66dab8ad9dead3322e21d1bfafe29da89f360\spring-boot-starter-data-jpa-2.5.5.jar;C:\Gradle\gradle-7.3\bin\caches\modules-2\files-2.1\org.springframework.boot\spring-boot-starter-web\2.5.5\c09bf133d22c865d6ce4d67ff48aece7ff1defb1\spring-boot-starter-web-2.5.5.jar;C:\Gradle\gradle-7.3\bin\caches\modules-2\files-2.1\com.fasterxml.jackson.module\jackson-module-kotlin\2.12.5\9f8be96db441bf7c217db22a03efd6902c0da34e\jackson-module-kotlin-2.12.5.jar;C:\Gradle\gradle-7.3\bin\caches\modules-2\files-2.1\org.springframework.boot\spring-boot-starter-security\2.5.5\30cec14d6be2595abeca39985c84b4d941c07cd4\spring-boot-starter-security-2.5.5.jar;C:\Gradle\gradle-7.3\bin\caches\modules-2\files-2.1\org.jetbrains.kotlin\kotlin-stdlib-jdk8\1.5.31\ff5d99aecd328872494e8921b72bf6e3af97af3e\kotlin-stdlib-jdk8-1.5.31.jar;C:\Gradle\gradle-7.3\bin\caches\modules-2\files-2.1\org.jetbrains.kotlin\kotlin-reflect\1.5.31\1523fcd842a47da0820cea772b19c51056fec8a9\kotlin-reflect-1.5.31.jar;C:\Gradle\gradle-7.3\bin\caches\modules-2\files-2.1\org.springframework.boot\spring-boot-starter-validation\2.5.5\5d9a4fc7abc28d797418013787dbc6ff548d0767\spring-boot-starter-validation-2.5.5.jar;E:\SzamBiztHF\backend\backend\jni-library\out\production\classes;C:\Gradle\gradle-7.3\bin\caches\modules-2\files-2.1\org.springframework.boot\spring-boot-starter-aop\2.5.5\25b36a03046a5262089d1167e29086a62afd2e9f\spring-boot-starter-aop-2.5.5.jar;C:\Gradle\gradle-7.3\bin\caches\modules-2\files-2.1\org.springframework.boot\spring-boot-starter-jdbc\2.5.5\937cf9e02eeefa8f2e4c4dade226e5c4482c3207\spring-boot-starter-jdbc-2.5.5.jar;C:\Gradle
Launcher Type: SUN_STANDARD

[Global flags]
     intx CICompilerCount                          = 3                                         {product} {ergonomic}
     uint ConcGCThreads                            = 1                                         {product} {ergonomic}
     uint G1ConcRefinementThreads                  = 4                                         {product} {ergonomic}
   size_t G1HeapRegionSize                         = 2097152                                   {product} {ergonomic}
    uintx GCDrainStackTargetSize                   = 64                                        {product} {ergonomic}
   size_t InitialHeapSize                          = 268435456                                 {product} {ergonomic}
   size_t MarkStackSize                            = 4194304                                   {product} {ergonomic}
   size_t MaxHeapSize                              = 4280287232                                {product} {ergonomic}
   size_t MaxNewSize                               = 2566914048                                {product} {ergonomic}
   size_t MinHeapDeltaBytes                        = 2097152                                   {product} {ergonomic}
   size_t MinHeapSize                              = 8388608                                   {product} {ergonomic}
    uintx NonNMethodCodeHeapSize                   = 5832780                                {pd product} {ergonomic}
    uintx NonProfiledCodeHeapSize                  = 122912730                              {pd product} {ergonomic}
    uintx ProfiledCodeHeapSize                     = 122912730                              {pd product} {ergonomic}
    uintx ReservedCodeCacheSize                    = 251658240                              {pd product} {ergonomic}
     bool SegmentedCodeCache                       = true                                      {product} {ergonomic}
   size_t SoftMaxHeapSize                          = 4280287232                             {manageable} {ergonomic}
     bool UseCompressedClassPointers               = true                           {product lp64_product} {ergonomic}
     bool UseCompressedOops                        = true                           {product lp64_product} {ergonomic}
     bool UseG1GC                                  = true                                      {product} {ergonomic}
     bool UseLargePagesIndividualAllocation        = false                                  {pd product} {ergonomic}

Logging:
Log output configuration:
 #0: stdout all=warning uptime,level,tags
 #1: stderr all=off uptime,level,tags

Environment Variables:
JAVA_HOME=C:\Program Files\Java\jdk1.8.0_251
PATH=C:\Program Files\AdoptOpenJDK\jdk-15.0.2.7-hotspot\bin;C:\Program Files (x86)\Common Files\Oracle\Java\javapath;C:\WINDOWS\system32;C:\WINDOWS;C:\WINDOWS\System32\Wbem;C:\WINDOWS\System32\WindowsPowerShell\v1.0\;C:\Program Files (x86)\NVIDIA Corporation\PhysX\Common;C:\Program Files\dotnet\;C:\Program Files\Microsoft SQL Server\130\Tools\Binn\;C:\WINDOWS\System32\OpenSSH\;C:\Program Files\NVIDIA Corporation\NVIDIA NvDLISR;E:\Git\cmd;C:\WINDOWS\system32;C:\WINDOWS;C:\WINDOWS\System32\Wbem;C:\WINDOWS\System32\WindowsPowerShell\v1.0\;C:\WINDOWS\System32\OpenSSH\;C:\Program Files\Git\cmd;C:\Programs\apache-maven-3.6.3\bin;C:\Programs\protoc\bin;C:\Program Files\MySQL\MySQL Server 8.0\bin;C:\Program Files\Microsoft SQL Server\Client SDK\ODBC\170\Tools\Binn\;E:\python\Scripts\;E:\python\;C:\Users\Bence\AppData\Local\Microsoft\WindowsApps;C:\Users\Bence\.dotnet\tools;E:\PyCharm 2020.2.3\bin;;C:\Users\Bence\AppData\Local\Microsoft\WindowsApps;D:\IntelliJ IDEA Community Edition 2020.3.2\bin;;C:\Users\Bence\AppData\Local\Programs\Microsoft VS Code\bin;C:\Users\Bence\.dotnet\tools;
USERNAME=Bence
OS=Windows_NT
PROCESSOR_IDENTIFIER=Intel64 Family 6 Model 60 Stepping 3, GenuineIntel



---------------  S Y S T E M  ---------------

OS:
 Windows 10 , 64 bit Build 19041 (10.0.19041.1348)
OS uptime: 1 days 8:44 hours

CPU: total 4 (initial active 4) (4 cores per cpu, 1 threads per core) family 6 model 60 stepping 3 microcode 0x27, cx8, cmov, fxsr, mmx, sse, sse2, sse3, ssse3, sse4.1, sse4.2, popcnt, lzcnt, tsc, tscinvbit, avx, avx2, aes, erms, clmul, bmi1, bmi2, fma, vzeroupper, clflush

Memory: 4k page, system-wide physical 16322M (5693M free)
TotalPageFile size 25538M (AvailPageFile size 11372M)
current process WorkingSet (physical memory assigned to process): 232M, peak: 270M
current process commit charge ("private bytes"): 336M, peak: 399M

vm_info: OpenJDK 64-Bit Server VM (17+35-2724) for windows-amd64 JRE (17+35-2724), built on Aug  5 2021 23:26:02 by "mach5one" with MS VC++ 16.8 (VS2019)

END.
