#
# A fatal error has been detected by the Java Runtime Environment:
#
#  EXCEPTION_UNCAUGHT_CXX_EXCEPTION (0xe06d7363) at pc=0x00007fff83874f69, pid=15640, tid=15796
#
# JRE version: OpenJDK Runtime Environment (17.0+35) (build 17+35-2724)
# Java VM: OpenJDK 64-Bit Server VM (17+35-2724, mixed mode, sharing, tiered, compressed oops, compressed class ptrs, g1 gc, windows-amd64)
# Problematic frame:
# C  [KERNELBASE.dll+0x34f69]
#
# No core dump will be written. Minidumps are not enabled by default on client versions of Windows
#
# If you would like to submit a bug report, please visit:
#   https://bugreport.java.com/bugreport/crash.jsp
# The crash happened outside the Java Virtual Machine in native code.
# See problematic frame for where to report the bug.
#

---------------  S U M M A R Y ------------

Command Line: -Djava.library.path=e:\SzamBiztHF\backend\backend\jni-library\build\libs\main -javaagent:E:\IntelliJ IDEA Community Edition 2020.3.2\lib\idea_rt.jar=51102:E:\IntelliJ IDEA Community Edition 2020.3.2\bin -Dfile.encoding=UTF-8 com.backend.backend.BackendApplication

Host: Intel(R) Core(TM) i5-4590 CPU @ 3.30GHz, 4 cores, 15G,  Windows 10 , 64 bit Build 19041 (10.0.19041.1348)
Time: Sun Nov 28 11:06:09 2021 Central Europe Standard Time elapsed time: 29.128738 seconds (0d 0h 0m 29s)

---------------  T H R E A D  ---------------

Current thread (0x000001d6608d6c20):  JavaThread "http-nio-8080-exec-3" daemon [_thread_in_native, id=15796, stack(0x0000009678700000,0x0000009678800000)]

Stack: [0x0000009678700000,0x0000009678800000],  sp=0x00000096787fa800,  free space=1002k
Native frames: (J=compiled Java code, j=interpreted, Vv=VM code, C=native code)
C  [KERNELBASE.dll+0x34f69]
C  [jni-library.dll+0xf8f0]

Java frames: (J=compiled Java code, j=interpreted, Vv=VM code)
j  com.narcano.jni.CaffParser.CallParser(Ljava/lang/String;)[Lcom/narcano/jni/CIFF;+0
j  com.backend.backend.Controller.CaffController.getAllCaff()Lorg/springframework/http/ResponseEntity;+39
j  com.backend.backend.Controller.CaffController$$FastClassBySpringCGLIB$$5be4e08b.invoke(ILjava/lang/Object;[Ljava/lang/Object;)Ljava/lang/Object;+72
j  org.springframework.cglib.proxy.MethodProxy.invoke(Ljava/lang/Object;[Ljava/lang/Object;)Ljava/lang/Object;+19
j  org.springframework.aop.framework.CglibAopProxy$CglibMethodInvocation.invokeJoinpoint()Ljava/lang/Object;+19
j  org.springframework.aop.framework.ReflectiveMethodInvocation.proceed()Ljava/lang/Object;+19
j  org.springframework.aop.framework.CglibAopProxy$CglibMethodInvocation.proceed()Ljava/lang/Object;+1
j  org.springframework.security.access.intercept.aopalliance.MethodSecurityInterceptor.invoke(Lorg/aopalliance/intercept/MethodInvocation;)Ljava/lang/Object;+7
j  org.springframework.aop.framework.ReflectiveMethodInvocation.proceed()Ljava/lang/Object;+120
j  org.springframework.aop.framework.CglibAopProxy$CglibMethodInvocation.proceed()Ljava/lang/Object;+1
j  org.springframework.aop.framework.CglibAopProxy$DynamicAdvisedInterceptor.intercept(Ljava/lang/Object;Ljava/lang/reflect/Method;[Ljava/lang/Object;Lorg/springframework/cglib/proxy/MethodProxy;)Ljava/lang/Object;+133
j  com.backend.backend.Controller.CaffController$$EnhancerBySpringCGLIB$$b8ade90d.getAllCaff()Lorg/springframework/http/ResponseEntity;+31
v  ~StubRoutines::call_stub
J 2837  jdk.internal.reflect.NativeMethodAccessorImpl.invoke0(Ljava/lang/reflect/Method;Ljava/lang/Object;[Ljava/lang/Object;)Ljava/lang/Object; java.base@17 (0 bytes) @ 0x000001d645d3b2a7 [0x000001d645d3b220+0x0000000000000087]
J 2836 c1 jdk.internal.reflect.NativeMethodAccessorImpl.invoke(Ljava/lang/Object;[Ljava/lang/Object;)Ljava/lang/Object; java.base@17 (137 bytes) @ 0x000001d63ec8c76c [0x000001d63ec8bd60+0x0000000000000a0c]
J 2353 c1 jdk.internal.reflect.DelegatingMethodAccessorImpl.invoke(Ljava/lang/Object;[Ljava/lang/Object;)Ljava/lang/Object; java.base@17 (10 bytes) @ 0x000001d63eb4b0cc [0x000001d63eb4afc0+0x000000000000010c]
J 2444 c1 java.lang.reflect.Method.invoke(Ljava/lang/Object;[Ljava/lang/Object;)Ljava/lang/Object; java.base@17 (65 bytes) @ 0x000001d63eb81944 [0x000001d63eb81600+0x0000000000000344]
j  org.springframework.web.method.support.InvocableHandlerMethod.doInvoke([Ljava/lang/Object;)Ljava/lang/Object;+28
j  org.springframework.web.method.support.InvocableHandlerMethod.invokeForRequest(Lorg/springframework/web/context/request/NativeWebRequest;Lorg/springframework/web/method/support/ModelAndViewContainer;[Ljava/lang/Object;)Ljava/lang/Object;+54
j  org.springframework.web.servlet.mvc.method.annotation.ServletInvocableHandlerMethod.invokeAndHandle(Lorg/springframework/web/context/request/ServletWebRequest;Lorg/springframework/web/method/support/ModelAndViewContainer;[Ljava/lang/Object;)V+4
j  org.springframework.web.servlet.mvc.method.annotation.RequestMappingHandlerAdapter.invokeHandlerMethod(Ljavax/servlet/http/HttpServletRequest;Ljavax/servlet/http/HttpServletResponse;Lorg/springframework/web/method/HandlerMethod;)Lorg/springframework/web/servlet/ModelAndView;+244
j  org.springframework.web.servlet.mvc.method.annotation.RequestMappingHandlerAdapter.handleInternal(Ljavax/servlet/http/HttpServletRequest;Ljavax/servlet/http/HttpServletResponse;Lorg/springframework/web/method/HandlerMethod;)Lorg/springframework/web/servlet/ModelAndView;+81
j  org.springframework.web.servlet.mvc.method.AbstractHandlerMethodAdapter.handle(Ljavax/servlet/http/HttpServletRequest;Ljavax/servlet/http/HttpServletResponse;Ljava/lang/Object;)Lorg/springframework/web/servlet/ModelAndView;+7
j  org.springframework.web.servlet.DispatcherServlet.doDispatch(Ljavax/servlet/http/HttpServletRequest;Ljavax/servlet/http/HttpServletResponse;)V+259
j  org.springframework.web.servlet.DispatcherServlet.doService(Ljavax/servlet/http/HttpServletRequest;Ljavax/servlet/http/HttpServletResponse;)V+241
j  org.springframework.web.servlet.FrameworkServlet.processRequest(Ljavax/servlet/http/HttpServletRequest;Ljavax/servlet/http/HttpServletResponse;)V+71
j  org.springframework.web.servlet.FrameworkServlet.doGet(Ljavax/servlet/http/HttpServletRequest;Ljavax/servlet/http/HttpServletResponse;)V+3
j  javax.servlet.http.HttpServlet.service(Ljavax/servlet/http/HttpServletRequest;Ljavax/servlet/http/HttpServletResponse;)V+35
j  org.springframework.web.servlet.FrameworkServlet.service(Ljavax/servlet/http/HttpServletRequest;Ljavax/servlet/http/HttpServletResponse;)V+33
j  javax.servlet.http.HttpServlet.service(Ljavax/servlet/ServletRequest;Ljavax/servlet/ServletResponse;)V+36
j  org.apache.catalina.core.ApplicationFilterChain.internalDoFilter(Ljavax/servlet/ServletRequest;Ljavax/servlet/ServletResponse;)V+304
j  org.apache.catalina.core.ApplicationFilterChain.doFilter(Ljavax/servlet/ServletRequest;Ljavax/servlet/ServletResponse;)V+99
j  org.apache.tomcat.websocket.server.WsFilter.doFilter(Ljavax/servlet/ServletRequest;Ljavax/servlet/ServletResponse;Ljavax/servlet/FilterChain;)V+21
j  org.apache.catalina.core.ApplicationFilterChain.internalDoFilter(Ljavax/servlet/ServletRequest;Ljavax/servlet/ServletResponse;)V+135
j  org.apache.catalina.core.ApplicationFilterChain.doFilter(Ljavax/servlet/ServletRequest;Ljavax/servlet/ServletResponse;)V+99
j  org.springframework.web.filter.OncePerRequestFilter.doFilter(Ljavax/servlet/ServletRequest;Ljavax/servlet/ServletResponse;Ljavax/servlet/FilterChain;)V+122
j  org.apache.catalina.core.ApplicationFilterChain.internalDoFilter(Ljavax/servlet/ServletRequest;Ljavax/servlet/ServletResponse;)V+135
j  org.apache.catalina.core.ApplicationFilterChain.doFilter(Ljavax/servlet/ServletRequest;Ljavax/servlet/ServletResponse;)V+99
j  org.springframework.security.web.FilterChainProxy$VirtualFilterChain.doFilter(Ljavax/servlet/ServletRequest;Ljavax/servlet/ServletResponse;)V+52
j  org.springframework.security.web.access.intercept.FilterSecurityInterceptor.invoke(Lorg/springframework/security/web/FilterInvocation;)V+79
j  org.springframework.security.web.access.intercept.FilterSecurityInterceptor.doFilter(Ljavax/servlet/ServletRequest;Ljavax/servlet/ServletResponse;Ljavax/servlet/FilterChain;)V+11
j  org.springframework.security.web.FilterChainProxy$VirtualFilterChain.doFilter(Ljavax/servlet/ServletRequest;Ljavax/servlet/ServletResponse;)V+136
j  org.springframework.security.web.access.ExceptionTranslationFilter.doFilter(Ljavax/servlet/http/HttpServletRequest;Ljavax/servlet/http/HttpServletResponse;Ljavax/servlet/FilterChain;)V+3
j  org.springframework.security.web.access.ExceptionTranslationFilter.doFilter(Ljavax/servlet/ServletRequest;Ljavax/servlet/ServletResponse;Ljavax/servlet/FilterChain;)V+10
j  org.springframework.security.web.FilterChainProxy$VirtualFilterChain.doFilter(Ljavax/servlet/ServletRequest;Ljavax/servlet/ServletResponse;)V+136
j  org.springframework.security.web.session.SessionManagementFilter.doFilter(Ljavax/servlet/http/HttpServletRequest;Ljavax/servlet/http/HttpServletResponse;Ljavax/servlet/FilterChain;)V+210
j  org.springframework.security.web.session.SessionManagementFilter.doFilter(Ljavax/servlet/ServletRequest;Ljavax/servlet/ServletResponse;Ljavax/servlet/FilterChain;)V+10
j  org.springframework.security.web.FilterChainProxy$VirtualFilterChain.doFilter(Ljavax/servlet/ServletRequest;Ljavax/servlet/ServletResponse;)V+136
j  org.springframework.security.web.authentication.AnonymousAuthenticationFilter.doFilter(Ljavax/servlet/ServletRequest;Ljavax/servlet/ServletResponse;Ljavax/servlet/FilterChain;)V+105
j  org.springframework.security.web.FilterChainProxy$VirtualFilterChain.doFilter(Ljavax/servlet/ServletRequest;Ljavax/servlet/ServletResponse;)V+136
j  org.springframework.security.web.servletapi.SecurityContextHolderAwareRequestFilter.doFilter(Ljavax/servlet/ServletRequest;Ljavax/servlet/ServletResponse;Ljavax/servlet/FilterChain;)V+19
j  org.springframework.security.web.FilterChainProxy$VirtualFilterChain.doFilter(Ljavax/servlet/ServletRequest;Ljavax/servlet/ServletResponse;)V+136
j  org.springframework.security.web.savedrequest.RequestCacheAwareFilter.doFilter(Ljavax/servlet/ServletRequest;Ljavax/servlet/ServletResponse;Ljavax/servlet/FilterChain;)V+32
j  org.springframework.security.web.FilterChainProxy$VirtualFilterChain.doFilter(Ljavax/servlet/ServletRequest;Ljavax/servlet/ServletResponse;)V+136
j  com.backend.backend.Security.Auth.AuthTokenFilter.doFilterInternal(Ljavax/servlet/http/HttpServletRequest;Ljavax/servlet/http/HttpServletResponse;Ljavax/servlet/FilterChain;)V+111
j  org.springframework.web.filter.OncePerRequestFilter.doFilter(Ljavax/servlet/ServletRequest;Ljavax/servlet/ServletResponse;Ljavax/servlet/FilterChain;)V+147
j  org.springframework.security.web.FilterChainProxy$VirtualFilterChain.doFilter(Ljavax/servlet/ServletRequest;Ljavax/servlet/ServletResponse;)V+136
j  org.springframework.security.web.authentication.logout.LogoutFilter.doFilter(Ljavax/servlet/http/HttpServletRequest;Ljavax/servlet/http/HttpServletResponse;Ljavax/servlet/FilterChain;)V+77
j  org.springframework.security.web.authentication.logout.LogoutFilter.doFilter(Ljavax/servlet/ServletRequest;Ljavax/servlet/ServletResponse;Ljavax/servlet/FilterChain;)V+10
j  org.springframework.security.web.FilterChainProxy$VirtualFilterChain.doFilter(Ljavax/servlet/ServletRequest;Ljavax/servlet/ServletResponse;)V+136
j  org.springframework.web.filter.CorsFilter.doFilterInternal(Ljavax/servlet/http/HttpServletRequest;Ljavax/servlet/http/HttpServletResponse;Ljavax/servlet/FilterChain;)V+43
j  org.springframework.web.filter.OncePerRequestFilter.doFilter(Ljavax/servlet/ServletRequest;Ljavax/servlet/ServletResponse;Ljavax/servlet/FilterChain;)V+147
j  org.springframework.security.web.FilterChainProxy$VirtualFilterChain.doFilter(Ljavax/servlet/ServletRequest;Ljavax/servlet/ServletResponse;)V+136
j  org.springframework.security.web.header.HeaderWriterFilter.doHeadersAfter(Ljavax/servlet/http/HttpServletRequest;Ljavax/servlet/http/HttpServletResponse;Ljavax/servlet/FilterChain;)V+29
j  org.springframework.security.web.header.HeaderWriterFilter.doFilterInternal(Ljavax/servlet/http/HttpServletRequest;Ljavax/servlet/http/HttpServletResponse;Ljavax/servlet/FilterChain;)V+21
j  org.springframework.web.filter.OncePerRequestFilter.doFilter(Ljavax/servlet/ServletRequest;Ljavax/servlet/ServletResponse;Ljavax/servlet/FilterChain;)V+147
j  org.springframework.security.web.FilterChainProxy$VirtualFilterChain.doFilter(Ljavax/servlet/ServletRequest;Ljavax/servlet/ServletResponse;)V+136
j  org.springframework.security.web.context.SecurityContextPersistenceFilter.doFilter(Ljavax/servlet/http/HttpServletRequest;Ljavax/servlet/http/HttpServletResponse;Ljavax/servlet/FilterChain;)V+181
j  org.springframework.security.web.context.SecurityContextPersistenceFilter.doFilter(Ljavax/servlet/ServletRequest;Ljavax/servlet/ServletResponse;Ljavax/servlet/FilterChain;)V+10
j  org.springframework.security.web.FilterChainProxy$VirtualFilterChain.doFilter(Ljavax/servlet/ServletRequest;Ljavax/servlet/ServletResponse;)V+136
j  org.springframework.security.web.context.request.async.WebAsyncManagerIntegrationFilter.doFilterInternal(Ljavax/servlet/http/HttpServletRequest;Ljavax/servlet/http/HttpServletResponse;Ljavax/servlet/FilterChain;)V+42
j  org.springframework.web.filter.OncePerRequestFilter.doFilter(Ljavax/servlet/ServletRequest;Ljavax/servlet/ServletResponse;Ljavax/servlet/FilterChain;)V+147
j  org.springframework.security.web.FilterChainProxy$VirtualFilterChain.doFilter(Ljavax/servlet/ServletRequest;Ljavax/servlet/ServletResponse;)V+136
j  org.springframework.security.web.FilterChainProxy.doFilterInternal(Ljavax/servlet/ServletRequest;Ljavax/servlet/ServletResponse;Ljavax/servlet/FilterChain;)V+148
j  org.springframework.security.web.FilterChainProxy.doFilter(Ljavax/servlet/ServletRequest;Ljavax/servlet/ServletResponse;Ljavax/servlet/FilterChain;)V+48
j  org.springframework.web.filter.DelegatingFilterProxy.invokeDelegate(Ljavax/servlet/Filter;Ljavax/servlet/ServletRequest;Ljavax/servlet/ServletResponse;Ljavax/servlet/FilterChain;)V+5
j  org.springframework.web.filter.DelegatingFilterProxy.doFilter(Ljavax/servlet/ServletRequest;Ljavax/servlet/ServletResponse;Ljavax/servlet/FilterChain;)V+85
j  org.apache.catalina.core.ApplicationFilterChain.internalDoFilter(Ljavax/servlet/ServletRequest;Ljavax/servlet/ServletResponse;)V+135
j  org.apache.catalina.core.ApplicationFilterChain.doFilter(Ljavax/servlet/ServletRequest;Ljavax/servlet/ServletResponse;)V+99
j  org.springframework.web.filter.RequestContextFilter.doFilterInternal(Ljavax/servlet/http/HttpServletRequest;Ljavax/servlet/http/HttpServletResponse;Ljavax/servlet/FilterChain;)V+21
j  org.springframework.web.filter.OncePerRequestFilter.doFilter(Ljavax/servlet/ServletRequest;Ljavax/servlet/ServletResponse;Ljavax/servlet/FilterChain;)V+147
j  org.apache.catalina.core.ApplicationFilterChain.internalDoFilter(Ljavax/servlet/ServletRequest;Ljavax/servlet/ServletResponse;)V+135
j  org.apache.catalina.core.ApplicationFilterChain.doFilter(Ljavax/servlet/ServletRequest;Ljavax/servlet/ServletResponse;)V+99
j  org.springframework.web.filter.FormContentFilter.doFilterInternal(Ljavax/servlet/http/HttpServletRequest;Ljavax/servlet/http/HttpServletResponse;Ljavax/servlet/FilterChain;)V+38
j  org.springframework.web.filter.OncePerRequestFilter.doFilter(Ljavax/servlet/ServletRequest;Ljavax/servlet/ServletResponse;Ljavax/servlet/FilterChain;)V+147
j  org.apache.catalina.core.ApplicationFilterChain.internalDoFilter(Ljavax/servlet/ServletRequest;Ljavax/servlet/ServletResponse;)V+135
j  org.apache.catalina.core.ApplicationFilterChain.doFilter(Ljavax/servlet/ServletRequest;Ljavax/servlet/ServletResponse;)V+99
j  org.springframework.web.filter.CharacterEncodingFilter.doFilterInternal(Ljavax/servlet/http/HttpServletRequest;Ljavax/servlet/http/HttpServletResponse;Ljavax/servlet/FilterChain;)V+53
j  org.springframework.web.filter.OncePerRequestFilter.doFilter(Ljavax/servlet/ServletRequest;Ljavax/servlet/ServletResponse;Ljavax/servlet/FilterChain;)V+147
j  org.apache.catalina.core.ApplicationFilterChain.internalDoFilter(Ljavax/servlet/ServletRequest;Ljavax/servlet/ServletResponse;)V+135
j  org.apache.catalina.core.ApplicationFilterChain.doFilter(Ljavax/servlet/ServletRequest;Ljavax/servlet/ServletResponse;)V+99
j  org.apache.catalina.core.StandardWrapperValve.invoke(Lorg/apache/catalina/connector/Request;Lorg/apache/catalina/connector/Response;)V+694
j  org.apache.catalina.core.StandardContextValve.invoke(Lorg/apache/catalina/connector/Request;Lorg/apache/catalina/connector/Response;)V+169
j  org.apache.catalina.authenticator.AuthenticatorBase.invoke(Lorg/apache/catalina/connector/Request;Lorg/apache/catalina/connector/Response;)V+260
j  org.apache.catalina.core.StandardHostValve.invoke(Lorg/apache/catalina/connector/Request;Lorg/apache/catalina/connector/Response;)V+128
j  org.apache.catalina.valves.ErrorReportValve.invoke(Lorg/apache/catalina/connector/Request;Lorg/apache/catalina/connector/Response;)V+6
j  org.apache.catalina.core.StandardEngineValve.invoke(Lorg/apache/catalina/connector/Request;Lorg/apache/catalina/connector/Response;)V+59
j  org.apache.catalina.connector.CoyoteAdapter.service(Lorg/apache/coyote/Request;Lorg/apache/coyote/Response;)V+199
j  org.apache.coyote.http11.Http11Processor.service(Lorg/apache/tomcat/util/net/SocketWrapperBase;)Lorg/apache/tomcat/util/net/AbstractEndpoint$Handler$SocketState;+737
j  org.apache.coyote.AbstractProcessorLight.process(Lorg/apache/tomcat/util/net/SocketWrapperBase;Lorg/apache/tomcat/util/net/SocketEvent;)Lorg/apache/tomcat/util/net/AbstractEndpoint$Handler$SocketState;+170
j  org.apache.coyote.AbstractProtocol$ConnectionHandler.process(Lorg/apache/tomcat/util/net/SocketWrapperBase;Lorg/apache/tomcat/util/net/SocketEvent;)Lorg/apache/tomcat/util/net/AbstractEndpoint$Handler$SocketState;+505
j  org.apache.tomcat.util.net.NioEndpoint$SocketProcessor.doRun()V+216
j  org.apache.tomcat.util.net.SocketProcessorBase.run()V+21
j  org.apache.tomcat.util.threads.ThreadPoolExecutor.runWorker(Lorg/apache/tomcat/util/threads/ThreadPoolExecutor$Worker;)V+92
j  org.apache.tomcat.util.threads.ThreadPoolExecutor$Worker.run()V+5
j  org.apache.tomcat.util.threads.TaskThread$WrappingRunnable.run()V+4
j  java.lang.Thread.run()V+11 java.base@17
v  ~StubRoutines::call_stub

siginfo: EXCEPTION_UNCAUGHT_CXX_EXCEPTION (0xe06d7363), ExceptionInformation=0x0000000019930520 0x00000096787fab88 0x00007fff6dac1b70 0x00007fff6da80000 


Register to memory mapping:

RIP=0x00007fff83874f69 KERNELBASE.dll
RAX=0x0 is NULL
RBX=0x00007fff6dac1b70 jni-library.dll
RCX=0x00000000020800c8 is an unknown value
RDX=0x00000096787fa100 is pointing into the stack for thread: 0x000001d6608d6c20
RSP=0x00000096787fa800 is pointing into the stack for thread: 0x000001d6608d6c20
RBP=0x00000096787fafc0 is pointing into the stack for thread: 0x000001d6608d6c20
RSI=0x00000096787fab88 is pointing into the stack for thread: 0x000001d6608d6c20
RDI=0x0000000019930520 is an unknown value
R8 =0x0042006d0061007a is an unknown value
R9 =0x00480074007a0069 is an unknown value
R10=0x00610062005c0046 is an unknown value
R11=0x006e0065006b0063 is an unknown value
R12=0x0 is NULL
R13={method} {0x000001d662743f90} 'CallParser' '(Ljava/lang/String;)[Lcom/narcano/jni/CIFF;' in 'com/narcano/jni/CaffParser'
R14=0x00000096787fafe8 is pointing into the stack for thread: 0x000001d6608d6c20
R15=0x000001d6608d6c20 is a thread


Registers:
RAX=0x0000000000000000, RBX=0x00007fff6dac1b70, RCX=0x00000000020800c8, RDX=0x00000096787fa100
RSP=0x00000096787fa800, RBP=0x00000096787fafc0, RSI=0x00000096787fab88, RDI=0x0000000019930520
R8 =0x0042006d0061007a, R9 =0x00480074007a0069, R10=0x00610062005c0046, R11=0x006e0065006b0063
R12=0x0000000000000000, R13=0x000001d662743f88, R14=0x00000096787fafe8, R15=0x000001d6608d6c20
RIP=0x00007fff83874f69, EFLAGS=0x0000000000000206

Top of Stack: (sp=0x00000096787fa800)
0x00000096787fa800:   000001d6608d6c20 00007fff6dac1b70
0x00000096787fa810:   00000096787fab88 0000000000000000
0x00000096787fa820:   00000001e06d7363 0000000000000000
0x00000096787fa830:   00007fff83874f69 00007fff00000004
0x00000096787fa840:   0000000019930520 00000096787fab88
0x00000096787fa850:   00007fff6dac1b70 00007fff6da80000
0x00000096787fa860:   000001d662743f88 0000000000000000
0x00000096787fa870:   00000096787fab88 00000096787fafc0
0x00000096787fa880:   00000096787fa900 00007fff85d04a5f
0x00000096787fa890:   0000000019930520 00007fff00000000
0x00000096787fa8a0:   000001d662743f88 0000000000000000
0x00000096787fa8b0:   00007fff6dac6000 00007fff6da80000
0x00000096787fa8c0:   0000719de8bb5896 00007fff6da81601
0x00000096787fa8d0:   00007fff6dac1b70 00007fff6da8f8f0
0x00000096787fa8e0:   00000096787fab88 00007fff6dab07a8
0x00000096787fa8f0:   00000096787fa928 00007fff6da8b753 

Instructions: (pc=0x00007fff83874f69)
0x00007fff83874e69:   d8 21 00 00 41 0f 44 c0 89 43 24 8b 41 18 89 43
0x00007fff83874e79:   28 65 48 8b 04 25 60 00 00 00 48 8b 48 20 39 79
0x00007fff83874e89:   08 7c 36 41 b9 40 00 00 00 48 89 7c 24 20 4c 8d
0x00007fff83874e99:   44 24 30 48 83 c9 ff 41 8d 51 e5 48 ff 15 6d 9d
0x00007fff83874ea9:   18 00 0f 1f 44 00 00 85 c0 0f 88 7f ef 06 00 81
0x00007fff83874eb9:   7c 24 54 33 00 03 00 72 0f 48 8b 9c 24 80 00 00
0x00007fff83874ec9:   00 48 83 c4 70 5f c3 cc 89 7b 2c eb ec cc cc cc
0x00007fff83874ed9:   cc cc cc cc cc cc cc 65 48 8b 04 25 30 00 00 00
0x00007fff83874ee9:   8b 40 68 c3 cc cc cc cc cc cc cc cc cc cc cc cc
0x00007fff83874ef9:   cc cc cc cc cc cc cc 48 81 ec d8 00 00 00 48 8b
0x00007fff83874f09:   05 62 5f 25 00 48 33 c4 48 89 84 24 c0 00 00 00
0x00007fff83874f19:   48 83 64 24 28 00 48 8d 05 da ff ff ff 83 e2 01
0x00007fff83874f29:   89 4c 24 20 89 54 24 24 48 89 44 24 30 4d 85 c9
0x00007fff83874f39:   74 4c b8 0f 00 00 00 48 8d 4c 24 40 44 3b c0 49
0x00007fff83874f49:   8b d1 44 0f 47 c0 44 89 44 24 38 49 c1 e0 03 e8
0x00007fff83874f59:   1a d5 05 00 48 8d 4c 24 20 48 ff 15 8f 9d 18 00
0x00007fff83874f69:   0f 1f 44 00 00 48 8b 8c 24 c0 00 00 00 48 33 cc
0x00007fff83874f79:   e8 52 97 05 00 48 81 c4 d8 00 00 00 c3 cc 83 64
0x00007fff83874f89:   24 38 00 eb cf cc cc cc cc cc cc cc cc cc cc cc
0x00007fff83874f99:   cc cc cc cc cc cc cc 40 53 48 83 ec 30 48 8b d1
0x00007fff83874fa9:   48 8d 4c 24 20 e8 e5 cc ff ff 85 c0 74 26 48 8b
0x00007fff83874fb9:   4c 24 28 e8 8f 6f ff ff 48 8d 4c 24 20 8b d8 48
0x00007fff83874fc9:   ff 15 81 95 18 00 0f 1f 44 00 00 8b c3 48 83 c4
0x00007fff83874fd9:   30 5b c3 cc 83 c8 ff eb f4 cc cc cc cc cc cc cc
0x00007fff83874fe9:   cc cc cc cc cc cc cc 48 8b c4 48 89 58 10 48 89
0x00007fff83874ff9:   70 18 57 48 83 ec 60 0f 57 c0 0f 11 40 b8 48 8d
0x00007fff83875009:   35 a2 f5 18 00 33 db 48 85 c9 48 0f 45 f1 48 8b
0x00007fff83875019:   d6 48 8d 48 c8 48 ff 15 b3 9b 18 00 0f 1f 44 00
0x00007fff83875029:   00 8b f8 89 44 24 70 85 c0 78 1f 41 b0 01 48 8d
0x00007fff83875039:   54 24 30 48 8d 4c 24 20 48 ff 15 30 95 18 00 0f
0x00007fff83875049:   1f 44 00 00 8b f8 89 44 24 70 85 ff 0f 88 e9 ed
0x00007fff83875059:   06 00 48 83 c8 ff 48 8b c8 48 ff c1 66 39 1c 4e 


Stack slot to memory mapping:
stack at sp + 0 slots: 0x000001d6608d6c20 is a thread
stack at sp + 1 slots: 0x00007fff6dac1b70 jni-library.dll
stack at sp + 2 slots: 0x00000096787fab88 is pointing into the stack for thread: 0x000001d6608d6c20
stack at sp + 3 slots: 0x0 is NULL
stack at sp + 4 slots: 0x00000001e06d7363 is an unknown value
stack at sp + 5 slots: 0x0 is NULL
stack at sp + 6 slots: 0x00007fff83874f69 KERNELBASE.dll
stack at sp + 7 slots: 0x00007fff00000004 is an unknown value


---------------  P R O C E S S  ---------------

Threads class SMR info:
_java_thread_list=0x000001d65b7682d0, length=24, elements={
0x000001d659552270, 0x000001d659553490, 0x000001d659567b20, 0x000001d6595682e0,
0x000001d65956c060, 0x000001d6595742d0, 0x000001d659575360, 0x000001d659576950,
0x000001d65a038420, 0x000001d65a0d17a0, 0x000001d65a24ea50, 0x000001d65a24ef20,
0x000001d65ab5ea20, 0x000001d65ab5fd60, 0x000001d65ab5e080, 0x000001d65ab5c870,
0x000001d65ab5dbb0, 0x000001d6608d7f60, 0x000001d6608d58e0, 0x000001d6608d6280,
0x000001d6608d5db0, 0x000001d6608d9c40, 0x000001d6608d8900, 0x000001d6608d6c20
}

Java Threads: ( => current thread )
  0x000001d659552270 JavaThread "Reference Handler" daemon [_thread_blocked, id=11600, stack(0x0000009677500000,0x0000009677600000)]
  0x000001d659553490 JavaThread "Finalizer" daemon [_thread_blocked, id=14656, stack(0x0000009677600000,0x0000009677700000)]
  0x000001d659567b20 JavaThread "Signal Dispatcher" daemon [_thread_blocked, id=16484, stack(0x0000009677700000,0x0000009677800000)]
  0x000001d6595682e0 JavaThread "Attach Listener" daemon [_thread_blocked, id=11960, stack(0x0000009677800000,0x0000009677900000)]
  0x000001d65956c060 JavaThread "Service Thread" daemon [_thread_blocked, id=6192, stack(0x0000009677900000,0x0000009677a00000)]
  0x000001d6595742d0 JavaThread "Monitor Deflation Thread" daemon [_thread_blocked, id=18400, stack(0x0000009677a00000,0x0000009677b00000)]
  0x000001d659575360 JavaThread "C2 CompilerThread0" daemon [_thread_blocked, id=13560, stack(0x0000009677b00000,0x0000009677c00000)]
  0x000001d659576950 JavaThread "C1 CompilerThread0" daemon [_thread_blocked, id=17876, stack(0x0000009677c00000,0x0000009677d00000)]
  0x000001d65a038420 JavaThread "Sweeper thread" daemon [_thread_blocked, id=7928, stack(0x0000009677d00000,0x0000009677e00000)]
  0x000001d65a0d17a0 JavaThread "Common-Cleaner" daemon [_thread_blocked, id=18292, stack(0x0000009677e00000,0x0000009677f00000)]
  0x000001d65a24ea50 JavaThread "Monitor Ctrl-Break" daemon [_thread_in_native, id=14140, stack(0x0000009677f00000,0x0000009678000000)]
  0x000001d65a24ef20 JavaThread "Notification Thread" daemon [_thread_blocked, id=7784, stack(0x0000009678000000,0x0000009678100000)]
  0x000001d65ab5ea20 JavaThread "HikariPool-1 housekeeper" daemon [_thread_blocked, id=14404, stack(0x0000009678900000,0x0000009678a00000)]
  0x000001d65ab5fd60 JavaThread "Catalina-utility-1" [_thread_blocked, id=10688, stack(0x0000009678b00000,0x0000009678c00000)]
  0x000001d65ab5e080 JavaThread "Catalina-utility-2" [_thread_blocked, id=488, stack(0x0000009678c00000,0x0000009678d00000)]
  0x000001d65ab5c870 JavaThread "container-0" [_thread_blocked, id=12424, stack(0x0000009678d00000,0x0000009678e00000)]
  0x000001d65ab5dbb0 JavaThread "File Watcher" daemon [_thread_blocked, id=3344, stack(0x0000009678e00000,0x0000009678f00000)]
  0x000001d6608d7f60 JavaThread "Live Reload Server" daemon [_thread_in_native, id=6300, stack(0x0000009679000000,0x0000009679100000)]
  0x000001d6608d58e0 JavaThread "http-nio-8080-Poller" daemon [_thread_in_native, id=14320, stack(0x0000009678f00000,0x0000009679000000)]
  0x000001d6608d6280 JavaThread "http-nio-8080-Acceptor" daemon [_thread_in_native, id=8808, stack(0x0000009679100000,0x0000009679200000)]
  0x000001d6608d5db0 JavaThread "DestroyJavaVM" [_thread_blocked, id=8736, stack(0x0000009676e00000,0x0000009676f00000)]
  0x000001d6608d9c40 JavaThread "http-nio-8080-exec-1" daemon [_thread_blocked, id=15968, stack(0x0000009678200000,0x0000009678300000)]
  0x000001d6608d8900 JavaThread "http-nio-8080-exec-2" daemon [_thread_blocked, id=18088, stack(0x0000009678600000,0x0000009678700000)]
=>0x000001d6608d6c20 JavaThread "http-nio-8080-exec-3" daemon [_thread_in_native, id=15796, stack(0x0000009678700000,0x0000009678800000)]

Other Threads:
  0x000001d65954a600 VMThread "VM Thread" [stack: 0x0000009677400000,0x0000009677500000] [id=14568]
  0x000001d65a28f7d0 WatcherThread [stack: 0x0000009678100000,0x0000009678200000] [id=9296]
  0x000001d6351bce80 GCTaskThread "GC Thread#0" [stack: 0x0000009676f00000,0x0000009677000000] [id=13772]
  0x000001d65a8bb970 GCTaskThread "GC Thread#1" [stack: 0x0000009678300000,0x0000009678400000] [id=16736]
  0x000001d65aaf7db0 GCTaskThread "GC Thread#2" [stack: 0x0000009678400000,0x0000009678500000] [id=7596]
  0x000001d65aaf8060 GCTaskThread "GC Thread#3" [stack: 0x0000009678500000,0x0000009678600000] [id=15692]
  0x000001d6351cdcd0 ConcurrentGCThread "G1 Main Marker" [stack: 0x0000009677000000,0x0000009677100000] [id=8424]
  0x000001d6351cef50 ConcurrentGCThread "G1 Conc#0" [stack: 0x0000009677100000,0x0000009677200000] [id=8612]
  0x000001d63522e4e0 ConcurrentGCThread "G1 Refine#0" [stack: 0x0000009677200000,0x0000009677300000] [id=1884]
  0x000001d65b5d5bf0 ConcurrentGCThread "G1 Refine#1" [stack: 0x0000009678800000,0x0000009678900000] [id=13908]
  0x000001d63522eb10 ConcurrentGCThread "G1 Service" [stack: 0x0000009677300000,0x0000009677400000] [id=15392]

Threads with active compile tasks:

VM state: not at safepoint (normal execution)

VM Mutex/Monitor currently owned by a thread: None

Heap address: 0x0000000700e00000, size: 4082 MB, Compressed Oops mode: Zero based, Oop shift amount: 3

CDS archive(s) mapped at: [0x0000000800000000-0x0000000800bc0000-0x0000000800bc0000), size 12320768, SharedBaseAddress: 0x0000000800000000, ArchiveRelocationMode: 0.
Compressed class space mapped at: 0x0000000800c00000-0x0000000840c00000, reserved size: 1073741824
Narrow klass base: 0x0000000800000000, Narrow klass shift: 0, Narrow klass range: 0x100000000

GC Precious Log:
 CPUs: 4 total, 4 available
 Memory: 16322M
 Large Page Support: Disabled
 NUMA Support: Disabled
 Compressed Oops: Enabled (Zero based)
 Heap Region Size: 2M
 Heap Min Capacity: 8M
 Heap Initial Capacity: 256M
 Heap Max Capacity: 4082M
 Pre-touch: Disabled
 Parallel Workers: 4
 Concurrent Workers: 1
 Concurrent Refinement Workers: 4
 Periodic GC: Disabled

Heap:
 garbage-first heap   total 92160K, used 44361K [0x0000000700e00000, 0x0000000800000000)
  region size 2048K, 11 young (22528K), 3 survivors (6144K)
 Metaspace       used 69582K, committed 69952K, reserved 1114112K
  class space    used 9241K, committed 9408K, reserved 1048576K

Heap Regions: E=young(eden), S=young(survivor), O=old, HS=humongous(starts), HC=humongous(continues), CS=collection set, F=free, OA=open archive, CA=closed archive, TAMS=top-at-mark-start (previous, next)
|   0|0x0000000700e00000, 0x0000000701000000, 0x0000000701000000|100%| O|  |TAMS 0x0000000701000000, 0x0000000700e00000| Untracked 
|   1|0x0000000701000000, 0x0000000701200000, 0x0000000701200000|100%| O|  |TAMS 0x0000000701200000, 0x0000000701000000| Untracked 
|   2|0x0000000701200000, 0x00000007013dbe00, 0x0000000701400000| 92%| O|  |TAMS 0x00000007013dbe00, 0x0000000701200000| Untracked 
|   3|0x0000000701400000, 0x0000000701600000, 0x0000000701600000|100%| O|  |TAMS 0x0000000701600000, 0x0000000701400000| Untracked 
|   4|0x0000000701600000, 0x0000000701800000, 0x0000000701800000|100%| O|  |TAMS 0x0000000701800000, 0x0000000701600000| Untracked 
|   5|0x0000000701800000, 0x0000000701831000, 0x0000000701a00000|  9%| O|  |TAMS 0x0000000701831000, 0x0000000701800000| Untracked 
|   6|0x0000000701a00000, 0x0000000701c00000, 0x0000000701c00000|100%| O|  |TAMS 0x0000000701c00000, 0x0000000701a00000| Untracked 
|   7|0x0000000701c00000, 0x0000000701e00000, 0x0000000701e00000|100%| O|  |TAMS 0x0000000701e00000, 0x0000000701c00000| Untracked 
|   8|0x0000000701e00000, 0x0000000702000000, 0x0000000702000000|100%| O|  |TAMS 0x0000000702000000, 0x0000000701e00000| Untracked 
|   9|0x0000000702000000, 0x0000000702200000, 0x0000000702200000|100%| O|  |TAMS 0x0000000702200000, 0x0000000702000000| Untracked 
|  10|0x0000000702200000, 0x0000000702400000, 0x0000000702400000|100%| O|  |TAMS 0x0000000702400000, 0x0000000702200000| Untracked 
|  11|0x0000000702400000, 0x0000000702600000, 0x0000000702600000|100%| O|  |TAMS 0x00000007025cd600, 0x0000000702400000| Untracked 
|  12|0x0000000702600000, 0x00000007027c6000, 0x0000000702800000| 88%| O|  |TAMS 0x0000000702600000, 0x0000000702600000| Untracked 
|  13|0x0000000702800000, 0x0000000702800000, 0x0000000702a00000|  0%| F|  |TAMS 0x0000000702800000, 0x0000000702800000| Untracked 
|  14|0x0000000702a00000, 0x0000000702a00000, 0x0000000702c00000|  0%| F|  |TAMS 0x0000000702a00000, 0x0000000702a00000| Untracked 
|  15|0x0000000702c00000, 0x0000000702c00000, 0x0000000702e00000|  0%| F|  |TAMS 0x0000000702c00000, 0x0000000702c00000| Untracked 
|  16|0x0000000702e00000, 0x0000000702e00000, 0x0000000703000000|  0%| F|  |TAMS 0x0000000702e00000, 0x0000000702e00000| Untracked 
|  17|0x0000000703000000, 0x0000000703000000, 0x0000000703200000|  0%| F|  |TAMS 0x0000000703000000, 0x0000000703000000| Untracked 
|  18|0x0000000703200000, 0x000000070337f778, 0x0000000703400000| 74%| S|CS|TAMS 0x0000000703200000, 0x0000000703200000| Complete 
|  19|0x0000000703400000, 0x0000000703600000, 0x0000000703600000|100%| S|CS|TAMS 0x0000000703400000, 0x0000000703400000| Complete 
|  20|0x0000000703600000, 0x0000000703800000, 0x0000000703800000|100%| S|CS|TAMS 0x0000000703600000, 0x0000000703600000| Complete 
|  21|0x0000000703800000, 0x0000000703800000, 0x0000000703a00000|  0%| F|  |TAMS 0x0000000703800000, 0x0000000703800000| Untracked 
|  22|0x0000000703a00000, 0x0000000703a00000, 0x0000000703c00000|  0%| F|  |TAMS 0x0000000703a00000, 0x0000000703a00000| Untracked 
|  23|0x0000000703c00000, 0x0000000703c00000, 0x0000000703e00000|  0%| F|  |TAMS 0x0000000703c00000, 0x0000000703c00000| Untracked 
|  24|0x0000000703e00000, 0x0000000703e00000, 0x0000000704000000|  0%| F|  |TAMS 0x0000000703e00000, 0x0000000703e00000| Untracked 
|  25|0x0000000704000000, 0x0000000704000000, 0x0000000704200000|  0%| F|  |TAMS 0x0000000704000000, 0x0000000704000000| Untracked 
|  26|0x0000000704200000, 0x0000000704200000, 0x0000000704400000|  0%| F|  |TAMS 0x0000000704200000, 0x0000000704200000| Untracked 
|  27|0x0000000704400000, 0x0000000704400000, 0x0000000704600000|  0%| F|  |TAMS 0x0000000704400000, 0x0000000704400000| Untracked 
|  28|0x0000000704600000, 0x0000000704600000, 0x0000000704800000|  0%| F|  |TAMS 0x0000000704600000, 0x0000000704600000| Untracked 
|  29|0x0000000704800000, 0x0000000704800000, 0x0000000704a00000|  0%| F|  |TAMS 0x0000000704800000, 0x0000000704800000| Untracked 
|  30|0x0000000704a00000, 0x0000000704a00000, 0x0000000704c00000|  0%| F|  |TAMS 0x0000000704a00000, 0x0000000704a00000| Untracked 
|  31|0x0000000704c00000, 0x0000000704c00000, 0x0000000704e00000|  0%| F|  |TAMS 0x0000000704c00000, 0x0000000704c00000| Untracked 
|  32|0x0000000704e00000, 0x0000000704e00000, 0x0000000705000000|  0%| F|  |TAMS 0x0000000704e00000, 0x0000000704e00000| Untracked 
|  33|0x0000000705000000, 0x0000000705000000, 0x0000000705200000|  0%| F|  |TAMS 0x0000000705000000, 0x0000000705000000| Untracked 
|  34|0x0000000705200000, 0x0000000705200000, 0x0000000705400000|  0%| F|  |TAMS 0x0000000705200000, 0x0000000705200000| Untracked 
|  35|0x0000000705400000, 0x0000000705400000, 0x0000000705600000|  0%| F|  |TAMS 0x0000000705400000, 0x0000000705400000| Untracked 
|  36|0x0000000705600000, 0x0000000705600000, 0x0000000705800000|  0%| F|  |TAMS 0x0000000705600000, 0x0000000705600000| Untracked 
|  37|0x0000000705800000, 0x00000007059a48f8, 0x0000000705a00000| 82%| E|  |TAMS 0x0000000705800000, 0x0000000705800000| Complete 
|  38|0x0000000705a00000, 0x0000000705c00000, 0x0000000705c00000|100%| E|CS|TAMS 0x0000000705a00000, 0x0000000705a00000| Complete 
|  39|0x0000000705c00000, 0x0000000705e00000, 0x0000000705e00000|100%| E|CS|TAMS 0x0000000705c00000, 0x0000000705c00000| Complete 
|  40|0x0000000705e00000, 0x0000000706000000, 0x0000000706000000|100%| E|CS|TAMS 0x0000000705e00000, 0x0000000705e00000| Complete 
|  41|0x0000000706000000, 0x0000000706200000, 0x0000000706200000|100%| E|CS|TAMS 0x0000000706000000, 0x0000000706000000| Complete 
|  42|0x0000000706200000, 0x0000000706400000, 0x0000000706400000|100%| E|CS|TAMS 0x0000000706200000, 0x0000000706200000| Complete 
|  43|0x0000000706400000, 0x0000000706600000, 0x0000000706600000|100%| E|CS|TAMS 0x0000000706400000, 0x0000000706400000| Complete 
| 127|0x0000000710c00000, 0x0000000710e00000, 0x0000000710e00000|100%| E|CS|TAMS 0x0000000710c00000, 0x0000000710c00000| Complete 

Card table byte_map: [0x000001d64df60000,0x000001d64e760000] _byte_map_base: 0x000001d64a759000

Marking Bits (Prev, Next): (CMBitMap*) 0x000001d6351bd4d0, (CMBitMap*) 0x000001d6351bd490
 Prev Bits: [0x000001d652f30000, 0x000001d656ef8000)
 Next Bits: [0x000001d64ef60000, 0x000001d652f28000)

Polling page: 0x000001d635230000

Metaspace:

Usage:
  Non-class:     58.93 MB used.
      Class:      9.02 MB used.
       Both:     67.95 MB used.

Virtual space:
  Non-class space:       64.00 MB reserved,      59.12 MB ( 92%) committed,  8 nodes.
      Class space:        1.00 GB reserved,       9.19 MB ( <1%) committed,  1 nodes.
             Both:        1.06 GB reserved,      68.31 MB (  6%) committed. 

Chunk freelists:
   Non-Class:  454.00 KB
       Class:  2.84 MB
        Both:  3.29 MB

MaxMetaspaceSize: unlimited
CompressedClassSpaceSize: 1.00 GB
Initial GC threshold: 21.00 MB
Current GC threshold: 99.19 MB
CDS: on
MetaspaceReclaimPolicy: balanced
 - commit_granule_bytes: 65536.
 - commit_granule_words: 8192.
 - virtual_space_node_default_size: 1048576.
 - enlarge_chunks_in_place: 1.
 - new_chunks_are_fully_committed: 0.
 - uncommit_free_chunks: 1.
 - use_allocation_guard: 0.
 - handle_deallocations: 1.


Internal statistics:

num_allocs_failed_limit: 9.
num_arena_births: 476.
num_arena_deaths: 0.
num_vsnodes_births: 9.
num_vsnodes_deaths: 0.
num_space_committed: 1093.
num_space_uncommitted: 0.
num_chunks_returned_to_freelist: 9.
num_chunks_taken_from_freelist: 2993.
num_chunk_merges: 9.
num_chunk_splits: 2215.
num_chunks_enlarged: 1799.
num_purges: 0.
num_inconsistent_stats: 0.

CodeHeap 'non-profiled nmethods': size=120000Kb used=3970Kb max_used=3970Kb free=116029Kb
 bounds [0x000001d645bf0000, 0x000001d645fe0000, 0x000001d64d120000]
CodeHeap 'profiled nmethods': size=120000Kb used=11115Kb max_used=11115Kb free=108884Kb
 bounds [0x000001d63e6c0000, 0x000001d63f1a0000, 0x000001d645bf0000]
CodeHeap 'non-nmethods': size=5760Kb used=1337Kb max_used=1420Kb free=4422Kb
 bounds [0x000001d63e120000, 0x000001d63e390000, 0x000001d63e6c0000]
 total_blobs=6398 nmethods=5728 adapters=582
 compilation: enabled
              stopped_count=0, restarted_count=0
 full_count=0

Compilation events (20 events):
Event: 29.101 Thread 0x000001d659576950 nmethod 6465 0x000001d63f198810 code [0x000001d63f1989c0, 0x000001d63f198c98]
Event: 29.101 Thread 0x000001d659576950 6467       3       org.jboss.logging.DelegatingBasicLogger::isTraceEnabled (8 bytes)
Event: 29.101 Thread 0x000001d659576950 nmethod 6467 0x000001d63f198e10 code [0x000001d63f198fc0, 0x000001d63f199368]
Event: 29.101 Thread 0x000001d659576950 6466       3       antlr.collections.impl.BitSet::wordNumber (5 bytes)
Event: 29.101 Thread 0x000001d659575360 nmethod 6463 0x000001d645fcfa10 code [0x000001d645fcfb80, 0x000001d645fcfc18]
Event: 29.101 Thread 0x000001d659576950 nmethod 6466 0x000001d63f199510 code [0x000001d63f1996a0, 0x000001d63f199798]
Event: 29.101 Thread 0x000001d659576950 6468       1       antlr.CommonAST::setText (6 bytes)
Event: 29.102 Thread 0x000001d659576950 nmethod 6468 0x000001d645fcfd10 code [0x000001d645fcfea0, 0x000001d645fcffb8]
Event: 29.102 Thread 0x000001d659576950 6469       1       antlr.CommonAST::setType (6 bytes)
Event: 29.102 Thread 0x000001d659576950 nmethod 6469 0x000001d645fd0010 code [0x000001d645fd01a0, 0x000001d645fd0278]
Event: 29.108 Thread 0x000001d659576950 6470       3       org.jboss.logging.Logger::isDebugEnabled (8 bytes)
Event: 29.109 Thread 0x000001d659576950 nmethod 6470 0x000001d63f199810 code [0x000001d63f1999c0, 0x000001d63f199c88]
Event: 29.109 Thread 0x000001d659576950 6471       1       org.h2.value.ValueCollectionBase::getList (5 bytes)
Event: 29.109 Thread 0x000001d659576950 nmethod 6471 0x000001d645fd0310 code [0x000001d645fd04a0, 0x000001d645fd0578]
Event: 29.109 Thread 0x000001d659576950 6472   !   3       com.zaxxer.hikari.pool.HikariProxyResultSet::getString (18 bytes)
Event: 29.109 Thread 0x000001d659576950 nmethod 6472 0x000001d63f199e10 code [0x000001d63f199fc0, 0x000001d63f19a278]
Event: 29.109 Thread 0x000001d659576950 6473   !   3       org.h2.jdbc.JdbcResultSet::getString (23 bytes)
Event: 29.109 Thread 0x000001d659576950 nmethod 6473 0x000001d63f19a410 code [0x000001d63f19a600, 0x000001d63f19aa88]
Event: 29.109 Thread 0x000001d659576950 6474       1       org.hibernate.engine.jdbc.internal.JdbcCoordinatorImpl::getLogicalConnection (5 bytes)
Event: 29.110 Thread 0x000001d659576950 nmethod 6474 0x000001d645fd0610 code [0x000001d645fd07a0, 0x000001d645fd0878]

GC Heap History (20 events):
Event: 3.245 GC heap before
{Heap before GC invocations=6 (full 0):
 garbage-first heap   total 51200K, used 35509K [0x0000000700e00000, 0x0000000800000000)
  region size 2048K, 15 young (30720K), 4 survivors (8192K)
 Metaspace       used 28424K, committed 28672K, reserved 1081344K
  class space    used 3562K, committed 3712K, reserved 1048576K
}
Event: 3.251 GC heap after
{Heap after GC invocations=7 (full 0):
 garbage-first heap   total 51200K, used 14901K [0x0000000700e00000, 0x0000000800000000)
  region size 2048K, 2 young (4096K), 2 survivors (4096K)
 Metaspace       used 28424K, committed 28672K, reserved 1081344K
  class space    used 3562K, committed 3712K, reserved 1048576K
}
Event: 3.700 GC heap before
{Heap before GC invocations=7 (full 0):
 garbage-first heap   total 51200K, used 35381K [0x0000000700e00000, 0x0000000800000000)
  region size 2048K, 12 young (24576K), 2 survivors (4096K)
 Metaspace       used 31981K, committed 32256K, reserved 1081344K
  class space    used 4071K, committed 4160K, reserved 1048576K
}
Event: 3.704 GC heap after
{Heap after GC invocations=8 (full 0):
 garbage-first heap   total 51200K, used 16560K [0x0000000700e00000, 0x0000000800000000)
  region size 2048K, 2 young (4096K), 2 survivors (4096K)
 Metaspace       used 31981K, committed 32256K, reserved 1081344K
  class space    used 4071K, committed 4160K, reserved 1048576K
}
Event: 4.001 GC heap before
{Heap before GC invocations=8 (full 0):
 garbage-first heap   total 51200K, used 32944K [0x0000000700e00000, 0x0000000800000000)
  region size 2048K, 11 young (22528K), 2 survivors (4096K)
 Metaspace       used 34378K, committed 34688K, reserved 1081344K
  class space    used 4375K, committed 4544K, reserved 1048576K
}
Event: 4.008 GC heap after
{Heap after GC invocations=9 (full 0):
 garbage-first heap   total 157696K, used 17843K [0x0000000700e00000, 0x0000000800000000)
  region size 2048K, 1 young (2048K), 1 survivors (2048K)
 Metaspace       used 34378K, committed 34688K, reserved 1081344K
  class space    used 4375K, committed 4544K, reserved 1048576K
}
Event: 4.288 GC heap before
{Heap before GC invocations=9 (full 0):
 garbage-first heap   total 157696K, used 97715K [0x0000000700e00000, 0x0000000800000000)
  region size 2048K, 42 young (86016K), 1 survivors (2048K)
 Metaspace       used 35882K, committed 36160K, reserved 1081344K
  class space    used 4528K, committed 4672K, reserved 1048576K
}
Event: 4.291 GC heap after
{Heap after GC invocations=10 (full 0):
 garbage-first heap   total 157696K, used 18242K [0x0000000700e00000, 0x0000000800000000)
  region size 2048K, 1 young (2048K), 1 survivors (2048K)
 Metaspace       used 35882K, committed 36160K, reserved 1081344K
  class space    used 4528K, committed 4672K, reserved 1048576K
}
Event: 5.859 GC heap before
{Heap before GC invocations=11 (full 0):
 garbage-first heap   total 75776K, used 61250K [0x0000000700e00000, 0x0000000800000000)
  region size 2048K, 22 young (45056K), 1 survivors (2048K)
 Metaspace       used 45678K, committed 46080K, reserved 1089536K
  class space    used 5963K, committed 6144K, reserved 1048576K
}
Event: 5.864 GC heap after
{Heap after GC invocations=12 (full 0):
 garbage-first heap   total 75776K, used 20889K [0x0000000700e00000, 0x0000000800000000)
  region size 2048K, 3 young (6144K), 3 survivors (6144K)
 Metaspace       used 45678K, committed 46080K, reserved 1089536K
  class space    used 5963K, committed 6144K, reserved 1048576K
}
Event: 6.697 GC heap before
{Heap before GC invocations=12 (full 0):
 garbage-first heap   total 75776K, used 55705K [0x0000000700e00000, 0x0000000800000000)
  region size 2048K, 20 young (40960K), 3 survivors (6144K)
 Metaspace       used 53066K, committed 53376K, reserved 1097728K
  class space    used 7047K, committed 7232K, reserved 1048576K
}
Event: 6.706 GC heap after
{Heap after GC invocations=13 (full 0):
 garbage-first heap   total 75776K, used 22222K [0x0000000700e00000, 0x0000000800000000)
  region size 2048K, 3 young (6144K), 3 survivors (6144K)
 Metaspace       used 53066K, committed 53376K, reserved 1097728K
  class space    used 7047K, committed 7232K, reserved 1048576K
}
Event: 7.249 GC heap before
{Heap before GC invocations=13 (full 0):
 garbage-first heap   total 75776K, used 54990K [0x0000000700e00000, 0x0000000800000000)
  region size 2048K, 20 young (40960K), 3 survivors (6144K)
 Metaspace       used 57016K, committed 57344K, reserved 1105920K
  class space    used 7594K, committed 7744K, reserved 1048576K
}
Event: 7.255 GC heap after
{Heap after GC invocations=14 (full 0):
 garbage-first heap   total 75776K, used 24510K [0x0000000700e00000, 0x0000000800000000)
  region size 2048K, 2 young (4096K), 2 survivors (4096K)
 Metaspace       used 57016K, committed 57344K, reserved 1105920K
  class space    used 7594K, committed 7744K, reserved 1048576K
}
Event: 7.683 GC heap before
{Heap before GC invocations=14 (full 0):
 garbage-first heap   total 75776K, used 57278K [0x0000000700e00000, 0x0000000800000000)
  region size 2048K, 18 young (36864K), 2 survivors (4096K)
 Metaspace       used 59484K, committed 59840K, reserved 1105920K
  class space    used 7919K, committed 8064K, reserved 1048576K
}
Event: 7.688 GC heap after
{Heap after GC invocations=15 (full 0):
 garbage-first heap   total 75776K, used 25876K [0x0000000700e00000, 0x0000000800000000)
  region size 2048K, 2 young (4096K), 2 survivors (4096K)
 Metaspace       used 59484K, committed 59840K, reserved 1105920K
  class space    used 7919K, committed 8064K, reserved 1048576K
}
Event: 7.849 GC heap before
{Heap before GC invocations=15 (full 0):
 garbage-first heap   total 75776K, used 36116K [0x0000000700e00000, 0x0000000800000000)
  region size 2048K, 8 young (16384K), 2 survivors (4096K)
 Metaspace       used 60453K, committed 60736K, reserved 1105920K
  class space    used 8052K, committed 8192K, reserved 1048576K
}
Event: 7.853 GC heap after
{Heap after GC invocations=16 (full 0):
 garbage-first heap   total 92160K, used 26443K [0x0000000700e00000, 0x0000000800000000)
  region size 2048K, 1 young (2048K), 1 survivors (2048K)
 Metaspace       used 60453K, committed 60736K, reserved 1105920K
  class space    used 8052K, committed 8192K, reserved 1048576K
}
Event: 26.563 GC heap before
{Heap before GC invocations=17 (full 0):
 garbage-first heap   total 92160K, used 73547K [0x0000000700e00000, 0x0000000800000000)
  region size 2048K, 24 young (49152K), 1 survivors (2048K)
 Metaspace       used 66034K, committed 66432K, reserved 1114112K
  class space    used 8813K, committed 9024K, reserved 1048576K
}
Event: 26.570 GC heap after
{Heap after GC invocations=18 (full 0):
 garbage-first heap   total 92160K, used 30025K [0x0000000700e00000, 0x0000000800000000)
  region size 2048K, 3 young (6144K), 3 survivors (6144K)
 Metaspace       used 66034K, committed 66432K, reserved 1114112K
  class space    used 8813K, committed 9024K, reserved 1048576K
}

Deoptimization events (20 events):
Event: 26.911 Thread 0x000001d6608d8900 DEOPT PACKING pc=0x000001d645f97d20 sp=0x00000096786fbf80
Event: 26.911 Thread 0x000001d6608d8900 DEOPT UNPACKING pc=0x000001d63e1723a3 sp=0x00000096786fbf18 mode 2
Event: 26.913 Thread 0x000001d6608d8900 DEOPT PACKING pc=0x000001d63f1379c2 sp=0x00000096786fbf80
Event: 26.914 Thread 0x000001d6608d8900 DEOPT UNPACKING pc=0x000001d63e172b43 sp=0x00000096786fb418 mode 0
Event: 26.914 Thread 0x000001d6608d8900 Uncommon trap: trap_request=0xffffff45 fr.pc=0x000001d645f974d4 relative=0x00000000000001b4
Event: 26.914 Thread 0x000001d6608d8900 Uncommon trap: reason=unstable_if action=reinterpret pc=0x000001d645f974d4 method=org.apache.tomcat.util.http.fileupload.MultipartStream.findSeparator()I @ 31 c2
Event: 26.914 Thread 0x000001d6608d8900 DEOPT PACKING pc=0x000001d645f974d4 sp=0x00000096786fbf60
Event: 26.914 Thread 0x000001d6608d8900 DEOPT UNPACKING pc=0x000001d63e1723a3 sp=0x00000096786fbf18 mode 2
Event: 26.961 Thread 0x000001d6608d8900 Uncommon trap: trap_request=0xffffff45 fr.pc=0x000001d645f9bc74 relative=0x0000000000000154
Event: 26.961 Thread 0x000001d6608d8900 Uncommon trap: reason=unstable_if action=reinterpret pc=0x000001d645f9bc74 method=org.apache.tomcat.util.http.fileupload.MultipartStream.findSeparator()I @ 55 c2
Event: 26.961 Thread 0x000001d6608d8900 DEOPT PACKING pc=0x000001d645f9bc74 sp=0x00000096786fbf90
Event: 26.961 Thread 0x000001d6608d8900 DEOPT UNPACKING pc=0x000001d63e1723a3 sp=0x00000096786fbf20 mode 2
Event: 27.097 Thread 0x000001d6608d8900 Uncommon trap: trap_request=0xffffffde fr.pc=0x000001d645cc3878 relative=0x0000000000000058
Event: 27.097 Thread 0x000001d6608d8900 Uncommon trap: reason=class_check action=maybe_recompile pc=0x000001d645cc3878 method=java.lang.invoke.Invokers$Holder.linkToTargetMethod(Ljava/lang/Object;Ljava/lang/Object;Ljava/lang/Object;)Ljava/lang/Object; @ 1 c2
Event: 27.099 Thread 0x000001d6608d8900 DEOPT PACKING pc=0x000001d645cc3878 sp=0x00000096786fb5c0
Event: 27.099 Thread 0x000001d6608d8900 DEOPT UNPACKING pc=0x000001d63e1723a3 sp=0x00000096786fb548 mode 2
Event: 27.116 Thread 0x000001d6608d8900 Uncommon trap: trap_request=0xffffff45 fr.pc=0x000001d645d1e2a4 relative=0x0000000000000084
Event: 27.116 Thread 0x000001d6608d8900 Uncommon trap: reason=unstable_if action=reinterpret pc=0x000001d645d1e2a4 method=java.util.LinkedHashMap.afterNodeInsertion(Z)V @ 18 c2
Event: 27.116 Thread 0x000001d6608d8900 DEOPT PACKING pc=0x000001d645d1e2a4 sp=0x00000096786f9ea0
Event: 27.116 Thread 0x000001d6608d8900 DEOPT UNPACKING pc=0x000001d63e1723a3 sp=0x00000096786f9e20 mode 2

Classes unloaded (0 events):
No events

Classes redefined (0 events):
No events

Internal exceptions (20 events):
Event: 8.268 Thread 0x000001d65afed300 Exception <a 'java/lang/ClassNotFoundException'{0x0000000705660e28}: org/springframework/security/config/annotation/web/configuration/HttpSecurityConfigurationCustomizer> (0x0000000705660e28) 
thrown [t:\workspace\open\src\hotspot\share\classfile\systemDictionary.cpp, line 256]
Event: 8.288 Thread 0x000001d65afed300 Exception <a 'java/lang/NoSuchMethodError'{0x00000007056ef440}: 'java.lang.Object java.lang.invoke.DirectMethodHandle$Holder.invokeInterface(java.lang.Object, java.lang.Object, java.lang.Object, java.lang.Object)'> (0x00000007056ef440) 
thrown [t:\workspace\open\src\hotspot\share\interpreter\linkResolver.cpp, line 766]
Event: 8.341 Thread 0x000001d65afed300 Exception <a 'java/lang/NoSuchMethodError'{0x000000070552b9b0}: 'void java.lang.invoke.DirectMethodHandle$Holder.invokeVirtual(java.lang.Object, java.lang.Object, int)'> (0x000000070552b9b0) 
thrown [t:\workspace\open\src\hotspot\share\interpreter\linkResolver.cpp, line 766]
Event: 8.344 Thread 0x000001d65afed300 Exception <a 'java/lang/NoSuchMethodError'{0x0000000705546360}: 'void java.lang.invoke.DirectMethodHandle$Holder.invokeVirtual(java.lang.Object, java.lang.Object, long)'> (0x0000000705546360) 
thrown [t:\workspace\open\src\hotspot\share\interpreter\linkResolver.cpp, line 766]
Event: 8.421 Thread 0x000001d65afed300 Exception <a 'java/lang/NoSuchMethodError'{0x0000000705179358}: 'int java.lang.invoke.DirectMethodHandle$Holder.invokeStaticInit(java.lang.Object, java.lang.Object, java.lang.Object, java.lang.Object)'> (0x0000000705179358) 
thrown [t:\workspace\open\src\hotspot\share\interpreter\linkResolver.cpp, line 766]
Event: 8.583 Thread 0x000001d65afed300 Exception <a 'java/lang/NoSuchMethodError'{0x0000000704656680}: 'java.lang.Object java.lang.invoke.DirectMethodHandle$Holder.invokeSpecial(java.lang.Object, java.lang.Object, int, java.lang.Object, int, java.lang.Object)'> (0x0000000704656680) 
thrown [t:\workspace\open\src\hotspot\share\interpreter\linkResolver.cpp, line 766]
Event: 8.584 Thread 0x000001d65afed300 Exception <a 'java/lang/NoSuchMethodError'{0x000000070465e728}: 'java.lang.Object java.lang.invoke.DirectMethodHandle$Holder.newInvokeSpecial(java.lang.Object, java.lang.Object, int, java.lang.Object, int)'> (0x000000070465e728) 
thrown [t:\workspace\open\src\hotspot\share\interpreter\linkResolver.cpp, line 766]
Event: 8.585 Thread 0x000001d65afed300 Exception <a 'java/lang/NoSuchMethodError'{0x0000000704662828}: 'java.lang.Object java.lang.invoke.DirectMethodHandle$Holder.invokeSpecial(java.lang.Object, java.lang.Object, java.lang.Object, int, java.lang.Object, int)'> (0x0000000704662828) 
thrown [t:\workspace\open\src\hotspot\share\interpreter\linkResolver.cpp, line 766]
Event: 8.587 Thread 0x000001d65afed300 Exception <a 'java/lang/NoSuchMethodError'{0x000000070466d5b8}: 'void java.lang.invoke.DirectMethodHandle$Holder.invokeVirtual(java.lang.Object, java.lang.Object)'> (0x000000070466d5b8) 
thrown [t:\workspace\open\src\hotspot\share\interpreter\linkResolver.cpp, line 766]
Event: 8.726 Thread 0x000001d65afed300 Exception <a 'java/lang/ClassNotFoundException'{0x000000070453dea0}: java/lang/ObjectCustomizer> (0x000000070453dea0) 
thrown [t:\workspace\open\src\hotspot\share\classfile\systemDictionary.cpp, line 256]
Event: 8.726 Thread 0x000001d65afed300 Exception <a 'java/lang/ClassNotFoundException'{0x0000000704549930}: com/backend/backend/Data/RoleCustomizer> (0x0000000704549930) 
thrown [t:\workspace\open\src\hotspot\share\classfile\systemDictionary.cpp, line 256]
Event: 9.078 Thread 0x000001d65afed300 Exception <a 'java/lang/ClassNotFoundException'{0x0000000704086e48}: java/lang/ObjectCustomizer> (0x0000000704086e48) 
thrown [t:\workspace\open\src\hotspot\share\classfile\systemDictionary.cpp, line 256]
Event: 9.079 Thread 0x000001d65afed300 Exception <a 'java/lang/ClassNotFoundException'{0x00000007040928d8}: com/backend/backend/Data/UserCustomizer> (0x00000007040928d8) 
thrown [t:\workspace\open\src\hotspot\share\classfile\systemDictionary.cpp, line 256]
Event: 26.635 Thread 0x000001d6608d8900 Exception <a 'sun/nio/fs/WindowsException'{0x0000000710ddf640}> (0x0000000710ddf640) 
thrown [t:\workspace\open\src\hotspot\share\prims\jni.cpp, line 516]
Event: 26.838 Thread 0x000001d6608d8900 Exception <a 'java/lang/NoSuchMethodError'{0x0000000705e77288}: 'java.lang.Object java.lang.invoke.DirectMethodHandle$Holder.invokeStaticInit(java.lang.Object, java.lang.Object, java.lang.Object, java.lang.Object, java.lang.Object, java.lang.Object)'> (0x0000000705e77288) 
thrown [t:\workspace\open\src\hotspot\share\interpreter\linkResolver.cpp, line 766]
Event: 27.037 Thread 0x000001d6608d8900 Exception <a 'java/lang/NoSuchMethodError'{0x0000000705b5f3b8}: 'java.lang.Object java.lang.invoke.DirectMethodHandle$Holder.invokeStatic(java.lang.Object, int, java.lang.Object)'> (0x0000000705b5f3b8) 
thrown [t:\workspace\open\src\hotspot\share\interpreter\linkResolver.cpp, line 766]
Event: 27.073 Thread 0x000001d6608d8900 Exception <a 'java/lang/ClassNotFoundException'{0x0000000705b7c9e8}: java/lang/ObjectCustomizer> (0x0000000705b7c9e8) 
thrown [t:\workspace\open\src\hotspot\share\classfile\systemDictionary.cpp, line 256]
Event: 27.078 Thread 0x000001d6608d8900 Exception <a 'java/lang/ClassNotFoundException'{0x0000000705b8def0}: com/backend/backend/Data/CaffCustomizer> (0x0000000705b8def0) 
thrown [t:\workspace\open\src\hotspot\share\classfile\systemDictionary.cpp, line 256]
Event: 27.104 Thread 0x000001d6608d8900 Exception <a 'java/lang/ClassNotFoundException'{0x0000000705bcaff0}: java/lang/ObjectCustomizer> (0x0000000705bcaff0) 
thrown [t:\workspace\open\src\hotspot\share\classfile\systemDictionary.cpp, line 256]
Event: 27.111 Thread 0x000001d6608d8900 Exception <a 'java/lang/ClassNotFoundException'{0x0000000705bdb7e8}: com/backend/backend/Data/LogCustomizer> (0x0000000705bdb7e8) 
thrown [t:\workspace\open\src\hotspot\share\classfile\systemDictionary.cpp, line 256]

VM Operations (20 events):
Event: 26.460 Executing VM operation: HandshakeAllThreads
Event: 26.460 Executing VM operation: HandshakeAllThreads done
Event: 26.460 Executing VM operation: Cleanup
Event: 26.460 Executing VM operation: Cleanup done
Event: 26.460 Executing VM operation: HandshakeAllThreads
Event: 26.460 Executing VM operation: HandshakeAllThreads done
Event: 26.501 Executing VM operation: HandshakeAllThreads
Event: 26.501 Executing VM operation: HandshakeAllThreads done
Event: 26.563 Executing VM operation: G1CollectForAllocation
Event: 26.571 Executing VM operation: G1CollectForAllocation done
Event: 26.636 Executing VM operation: HandshakeAllThreads
Event: 26.636 Executing VM operation: HandshakeAllThreads done
Event: 26.641 Executing VM operation: HandshakeAllThreads
Event: 26.641 Executing VM operation: HandshakeAllThreads done
Event: 26.977 Executing VM operation: HandshakeAllThreads
Event: 26.977 Executing VM operation: HandshakeAllThreads done
Event: 27.134 Executing VM operation: HandshakeAllThreads
Event: 27.134 Executing VM operation: HandshakeAllThreads done
Event: 28.141 Executing VM operation: Cleanup
Event: 28.141 Executing VM operation: Cleanup done

Events (20 events):
Event: 27.037 loading class java/time/temporal/TemporalAdjusters done
Event: 27.038 loading class java/time/zone/ZoneOffsetTransitionRule$1
Event: 27.038 loading class java/time/zone/ZoneOffsetTransitionRule$1 done
Event: 27.038 loading class java/time/format/DateTimeFormatterBuilder$ReducedPrinterParser
Event: 27.039 loading class java/time/format/DateTimeFormatterBuilder$ReducedPrinterParser done
Event: 27.071 loading class java/lang/ObjectCustomizer
Event: 27.071 loading class java/lang/ObjectCustomizer done
Event: 27.073 loading class java/lang/ObjectCustomizer
Event: 27.073 loading class java/lang/ObjectCustomizer done
Event: 27.101 loading class java/lang/ObjectCustomizer
Event: 27.101 loading class java/lang/ObjectCustomizer done
Event: 27.104 loading class java/lang/ObjectCustomizer
Event: 27.104 loading class java/lang/ObjectCustomizer done
Event: 27.125 loading class java/time/format/DateTimeFormatterBuilder$ZoneTextPrinterParser
Event: 27.125 loading class java/time/format/DateTimeFormatterBuilder$ZoneTextPrinterParser done
Event: 27.598 Thread 0x000001d65aa77220 Thread exited: 0x000001d65aa77220
Event: 29.088 Thread 0x000001d6608d6c20 Thread added: 0x000001d6608d6c20
Event: 29.113 Loaded shared library E:\SzamBiztHF\backend\backend\jni-library\build\libs\main\jni-library.dll
Event: 29.114 loading class jdk/internal/loader/NativeLibraries$Unloader
Event: 29.114 loading class jdk/internal/loader/NativeLibraries$Unloader done


Dynamic libraries:
0x00007ff762d60000 - 0x00007ff762d6e000 	C:\Users\Bence\.jdks\openjdk-17\bin\java.exe
0x00007fff85cd0000 - 0x00007fff85ec5000 	C:\WINDOWS\SYSTEM32\ntdll.dll
0x00007fff78030000 - 0x00007fff78046000 	C:\Program Files\AVG\Antivirus\aswhook.dll
0x00007fff848c0000 - 0x00007fff8497e000 	C:\WINDOWS\System32\KERNEL32.DLL
0x00007fff83840000 - 0x00007fff83b08000 	C:\WINDOWS\System32\KERNELBASE.dll
0x00007fff83470000 - 0x00007fff83570000 	C:\WINDOWS\System32\ucrtbase.dll
0x00007fff79c80000 - 0x00007fff79c98000 	C:\Users\Bence\.jdks\openjdk-17\bin\jli.dll
0x00007fff79c60000 - 0x00007fff79c7a000 	C:\Users\Bence\.jdks\openjdk-17\bin\VCRUNTIME140.dll
0x00007fff84340000 - 0x00007fff844e1000 	C:\WINDOWS\System32\USER32.dll
0x00007fff833f0000 - 0x00007fff83412000 	C:\WINDOWS\System32\win32u.dll
0x00007fff84310000 - 0x00007fff8433b000 	C:\WINDOWS\System32\GDI32.dll
0x00007fff836d0000 - 0x00007fff837db000 	C:\WINDOWS\System32\gdi32full.dll
0x00007fff83bd0000 - 0x00007fff83c6d000 	C:\WINDOWS\System32\msvcp_win.dll
0x00007fff77a00000 - 0x00007fff77c9a000 	C:\WINDOWS\WinSxS\amd64_microsoft.windows.common-controls_6595b64144ccf1df_6.0.19041.1110_none_60b5254171f9507e\COMCTL32.dll
0x00007fff85280000 - 0x00007fff8531e000 	C:\WINDOWS\System32\msvcrt.dll
0x00007fff84230000 - 0x00007fff84260000 	C:\WINDOWS\System32\IMM32.DLL
0x00007fff79c50000 - 0x00007fff79c5c000 	C:\Users\Bence\.jdks\openjdk-17\bin\vcruntime140_1.dll
0x00007fff6be50000 - 0x00007fff6bedd000 	C:\Users\Bence\.jdks\openjdk-17\bin\msvcp140.dll
0x00007fff086e0000 - 0x00007fff0929e000 	C:\Users\Bence\.jdks\openjdk-17\bin\server\jvm.dll
0x00007fff84260000 - 0x00007fff8430c000 	C:\WINDOWS\System32\ADVAPI32.dll
0x00007fff85bf0000 - 0x00007fff85c8b000 	C:\WINDOWS\System32\sechost.dll
0x00007fff85930000 - 0x00007fff85a5a000 	C:\WINDOWS\System32\RPCRT4.dll
0x00007fff85a60000 - 0x00007fff85a68000 	C:\WINDOWS\System32\PSAPI.DLL
0x00007fff7a450000 - 0x00007fff7a477000 	C:\WINDOWS\SYSTEM32\WINMM.dll
0x00007fff71ce0000 - 0x00007fff71ce9000 	C:\WINDOWS\SYSTEM32\WSOCK32.dll
0x00007fff7cea0000 - 0x00007fff7ceaa000 	C:\WINDOWS\SYSTEM32\VERSION.dll
0x00007fff85b80000 - 0x00007fff85beb000 	C:\WINDOWS\System32\WS2_32.dll
0x00007fff81c90000 - 0x00007fff81ca2000 	C:\WINDOWS\SYSTEM32\kernel.appcore.dll
0x00007fff79b80000 - 0x00007fff79b8a000 	C:\Users\Bence\.jdks\openjdk-17\bin\jimage.dll
0x00007fff7ae00000 - 0x00007fff7afe4000 	C:\WINDOWS\SYSTEM32\DBGHELP.DLL
0x00007fff7add0000 - 0x00007fff7adfc000 	C:\WINDOWS\SYSTEM32\dbgcore.DLL
0x00007fff83b10000 - 0x00007fff83b93000 	C:\WINDOWS\System32\bcryptPrimitives.dll
0x00007fff79620000 - 0x00007fff7962e000 	C:\Users\Bence\.jdks\openjdk-17\bin\instrument.dll
0x00007fff790e0000 - 0x00007fff79105000 	C:\Users\Bence\.jdks\openjdk-17\bin\java.dll
0x00007fff6a520000 - 0x00007fff6a5f6000 	C:\Users\Bence\.jdks\openjdk-17\bin\svml.dll
0x00007fff84a60000 - 0x00007fff8519f000 	C:\WINDOWS\System32\SHELL32.dll
0x00007fff814d0000 - 0x00007fff81c60000 	C:\WINDOWS\SYSTEM32\windows.storage.dll
0x00007fff85450000 - 0x00007fff857a5000 	C:\WINDOWS\System32\combase.dll
0x00007fff82e40000 - 0x00007fff82e6e000 	C:\WINDOWS\SYSTEM32\Wldp.dll
0x00007fff85880000 - 0x00007fff8592d000 	C:\WINDOWS\System32\SHCORE.dll
0x00007fff84510000 - 0x00007fff84565000 	C:\WINDOWS\System32\shlwapi.dll
0x00007fff83330000 - 0x00007fff8334f000 	C:\WINDOWS\SYSTEM32\profapi.dll
0x00007fff78dd0000 - 0x00007fff78de8000 	C:\Users\Bence\.jdks\openjdk-17\bin\zip.dll
0x00007fff790c0000 - 0x00007fff790d9000 	C:\Users\Bence\.jdks\openjdk-17\bin\net.dll
0x00007fff79970000 - 0x00007fff79a7c000 	C:\WINDOWS\SYSTEM32\WINHTTP.dll
0x00007fff82ba0000 - 0x00007fff82c0a000 	C:\WINDOWS\system32\mswsock.dll
0x00007fff790a0000 - 0x00007fff790b5000 	C:\Users\Bence\.jdks\openjdk-17\bin\nio.dll
0x00007fff78d80000 - 0x00007fff78d9a000 	E:\IntelliJ IDEA Community Edition 2020.3.2\bin\breakgen64.dll
0x00007fff79870000 - 0x00007fff79880000 	C:\Users\Bence\.jdks\openjdk-17\bin\verify.dll
0x00007fff78dc0000 - 0x00007fff78dc9000 	C:\Users\Bence\.jdks\openjdk-17\bin\management.dll
0x00007fff78db0000 - 0x00007fff78dbb000 	C:\Users\Bence\.jdks\openjdk-17\bin\management_ext.dll
0x00007fff6d050000 - 0x00007fff6d067000 	C:\WINDOWS\system32\napinsp.dll
0x00007fff6d030000 - 0x00007fff6d04b000 	C:\WINDOWS\system32\pnrpnsp.dll
0x00007fff6c6e0000 - 0x00007fff6c6f5000 	C:\WINDOWS\system32\wshbth.dll
0x00007fff7ec50000 - 0x00007fff7ec6d000 	C:\WINDOWS\system32\NLAapi.dll
0x00007fff82840000 - 0x00007fff8287b000 	C:\WINDOWS\SYSTEM32\IPHLPAPI.DLL
0x00007fff82890000 - 0x00007fff8295b000 	C:\WINDOWS\SYSTEM32\DNSAPI.dll
0x00007fff844f0000 - 0x00007fff844f8000 	C:\WINDOWS\System32\NSI.dll
0x00007fff6c6c0000 - 0x00007fff6c6d2000 	C:\WINDOWS\System32\winrnr.dll
0x00007fff79530000 - 0x00007fff7953a000 	C:\Windows\System32\rasadhlp.dll
0x00007fff79410000 - 0x00007fff7948f000 	C:\WINDOWS\System32\fwpuclnt.dll
0x00007fff83ba0000 - 0x00007fff83bc7000 	C:\WINDOWS\System32\bcrypt.dll
0x00007fff82d90000 - 0x00007fff82da8000 	C:\WINDOWS\SYSTEM32\CRYPTSP.dll
0x00007fff824b0000 - 0x00007fff824e4000 	C:\WINDOWS\system32\rsaenh.dll
0x00007fff832f0000 - 0x00007fff8331e000 	C:\WINDOWS\SYSTEM32\USERENV.dll
0x00007fff82db0000 - 0x00007fff82dbc000 	C:\WINDOWS\SYSTEM32\CRYPTBASE.dll
0x00007fff7cd00000 - 0x00007fff7cd17000 	C:\WINDOWS\SYSTEM32\dhcpcsvc6.DLL
0x00007fff7ca80000 - 0x00007fff7ca9d000 	C:\WINDOWS\SYSTEM32\dhcpcsvc.DLL
0x00007fff78da0000 - 0x00007fff78dae000 	C:\Users\Bence\.jdks\openjdk-17\bin\sunmscapi.dll
0x00007fff83570000 - 0x00007fff836c6000 	C:\WINDOWS\System32\CRYPT32.dll
0x00007fff82eb0000 - 0x00007fff82ed7000 	C:\WINDOWS\SYSTEM32\ncrypt.dll
0x00007fff82e70000 - 0x00007fff82eab000 	C:\WINDOWS\SYSTEM32\NTASN1.dll
0x00007fff78d70000 - 0x00007fff78d77000 	C:\WINDOWS\system32\wshunix.dll
0x00007fff820e0000 - 0x00007fff82113000 	C:\WINDOWS\SYSTEM32\ntmarta.dll
0x00007fff6da80000 - 0x00007fff6dacb000 	E:\SzamBiztHF\backend\backend\jni-library\build\libs\main\jni-library.dll

dbghelp: loaded successfully - version: 4.0.5 - missing functions: none
symbol engine: initialized successfully - sym options: 0x614 - pdb path: .;C:\Users\Bence\.jdks\openjdk-17\bin;C:\WINDOWS\SYSTEM32;C:\Program Files\AVG\Antivirus;C:\WINDOWS\WinSxS\amd64_microsoft.windows.common-controls_6595b64144ccf1df_6.0.19041.1110_none_60b5254171f9507e;C:\Users\Bence\.jdks\openjdk-17\bin\server;E:\IntelliJ IDEA Community Edition 2020.3.2\bin;E:\SzamBiztHF\backend\backend\jni-library\build\libs\main

VM Arguments:
jvm_args: -Djava.library.path=e:\SzamBiztHF\backend\backend\jni-library\build\libs\main -javaagent:E:\IntelliJ IDEA Community Edition 2020.3.2\lib\idea_rt.jar=51102:E:\IntelliJ IDEA Community Edition 2020.3.2\bin -Dfile.encoding=UTF-8 
java_command: com.backend.backend.BackendApplication
java_class_path (initial): E:\SzamBiztHF\backend\backend\out\production\classes;E:\SzamBiztHF\backend\backend\out\production\resources;C:\Gradle\gradle-7.3\bin\caches\modules-2\files-2.1\io.jsonwebtoken\jjwt-api\0.11.0\ab6957d0515da6e23077c39534d5601ccfa024a1\jjwt-api-0.11.0.jar;C:\Gradle\gradle-7.3\bin\caches\modules-2\files-2.1\org.springframework.boot\spring-boot-starter-data-jpa\2.5.5\5ec66dab8ad9dead3322e21d1bfafe29da89f360\spring-boot-starter-data-jpa-2.5.5.jar;C:\Gradle\gradle-7.3\bin\caches\modules-2\files-2.1\org.springframework.boot\spring-boot-starter-web\2.5.5\c09bf133d22c865d6ce4d67ff48aece7ff1defb1\spring-boot-starter-web-2.5.5.jar;C:\Gradle\gradle-7.3\bin\caches\modules-2\files-2.1\com.fasterxml.jackson.module\jackson-module-kotlin\2.12.5\9f8be96db441bf7c217db22a03efd6902c0da34e\jackson-module-kotlin-2.12.5.jar;C:\Gradle\gradle-7.3\bin\caches\modules-2\files-2.1\org.springframework.boot\spring-boot-starter-security\2.5.5\30cec14d6be2595abeca39985c84b4d941c07cd4\spring-boot-starter-security-2.5.5.jar;C:\Gradle\gradle-7.3\bin\caches\modules-2\files-2.1\org.jetbrains.kotlin\kotlin-stdlib-jdk8\1.5.31\ff5d99aecd328872494e8921b72bf6e3af97af3e\kotlin-stdlib-jdk8-1.5.31.jar;C:\Gradle\gradle-7.3\bin\caches\modules-2\files-2.1\org.jetbrains.kotlin\kotlin-reflect\1.5.31\1523fcd842a47da0820cea772b19c51056fec8a9\kotlin-reflect-1.5.31.jar;C:\Gradle\gradle-7.3\bin\caches\modules-2\files-2.1\org.springframework.boot\spring-boot-starter-validation\2.5.5\5d9a4fc7abc28d797418013787dbc6ff548d0767\spring-boot-starter-validation-2.5.5.jar;E:\SzamBiztHF\backend\backend\jni-library\out\production\classes;C:\Gradle\gradle-7.3\bin\caches\modules-2\files-2.1\org.springframework.boot\spring-boot-starter-aop\2.5.5\25b36a03046a5262089d1167e29086a62afd2e9f\spring-boot-starter-aop-2.5.5.jar;C:\Gradle\gradle-7.3\bin\caches\modules-2\files-2.1\org.springframework.boot\spring-boot-starter-jdbc\2.5.5\937cf9e02eeefa8f2e4c4dade226e5c4482c3207\spring-boot-starter-jdbc-2.5.5.jar;C:\Gradle
Launcher Type: SUN_STANDARD

[Global flags]
     intx CICompilerCount                          = 3                                         {product} {ergonomic}
     uint ConcGCThreads                            = 1                                         {product} {ergonomic}
     uint G1ConcRefinementThreads                  = 4                                         {product} {ergonomic}
   size_t G1HeapRegionSize                         = 2097152                                   {product} {ergonomic}
    uintx GCDrainStackTargetSize                   = 64                                        {product} {ergonomic}
   size_t InitialHeapSize                          = 268435456                                 {product} {ergonomic}
   size_t MarkStackSize                            = 4194304                                   {product} {ergonomic}
   size_t MaxHeapSize                              = 4280287232                                {product} {ergonomic}
   size_t MaxNewSize                               = 2566914048                                {product} {ergonomic}
   size_t MinHeapDeltaBytes                        = 2097152                                   {product} {ergonomic}
   size_t MinHeapSize                              = 8388608                                   {product} {ergonomic}
    uintx NonNMethodCodeHeapSize                   = 5832780                                {pd product} {ergonomic}
    uintx NonProfiledCodeHeapSize                  = 122912730                              {pd product} {ergonomic}
    uintx ProfiledCodeHeapSize                     = 122912730                              {pd product} {ergonomic}
    uintx ReservedCodeCacheSize                    = 251658240                              {pd product} {ergonomic}
     bool SegmentedCodeCache                       = true                                      {product} {ergonomic}
   size_t SoftMaxHeapSize                          = 4280287232                             {manageable} {ergonomic}
     bool UseCompressedClassPointers               = true                           {product lp64_product} {ergonomic}
     bool UseCompressedOops                        = true                           {product lp64_product} {ergonomic}
     bool UseG1GC                                  = true                                      {product} {ergonomic}
     bool UseLargePagesIndividualAllocation        = false                                  {pd product} {ergonomic}

Logging:
Log output configuration:
 #0: stdout all=warning uptime,level,tags
 #1: stderr all=off uptime,level,tags

Environment Variables:
JAVA_HOME=C:\Program Files\Java\jdk-13
PATH=C:\Program Files\Common Files\Oracle\Java\javapath;C:\Gradle\gradle-7.3\bin;C:\Program Files\AdoptOpenJDK\jdk-15.0.2.7-hotspot\bin;C:\Program Files (x86)\Common Files\Oracle\Java\javapath;C:\WINDOWS\system32;C:\WINDOWS;C:\WINDOWS\System32\Wbem;C:\WINDOWS\System32\WindowsPowerShell\v1.0\;C:\Program Files (x86)\NVIDIA Corporation\PhysX\Common;C:\Program Files\dotnet\;C:\Program Files\Microsoft SQL Server\130\Tools\Binn\;C:\WINDOWS\System32\OpenSSH\;C:\Program Files\NVIDIA Corporation\NVIDIA NvDLISR;E:\Git\cmd;C:\WINDOWS\system32;C:\WINDOWS;C:\WINDOWS\System32\Wbem;C:\WINDOWS\System32\WindowsPowerShell\v1.0\;C:\WINDOWS\System32\OpenSSH\;C:\Program Files\Git\cmd;C:\Programs\apache-maven-3.6.3\bin;C:\Programs\protoc\bin;C:\Program Files\MySQL\MySQL Server 8.0\bin;C:\Program Files\Microsoft SQL Server\Client SDK\ODBC\170\Tools\Binn\;E:\python\Scripts\;E:\python\;C:\Users\Bence\AppData\Local\Microsoft\WindowsApps;C:\Users\Bence\.dotnet\tools;E:\PyCharm 2020.2.3\bin;;C:\Users\Bence\AppData\Local\Microsoft\WindowsApps;D:\IntelliJ IDEA Community Edition 2020.3.2\bin;;C:\Users\Bence\AppData\Local\Programs\Microsoft VS Code\bin;C:\Users\Bence\.dotnet\tools;
USERNAME=Bence
OS=Windows_NT
PROCESSOR_IDENTIFIER=Intel64 Family 6 Model 60 Stepping 3, GenuineIntel



---------------  S Y S T E M  ---------------

OS:
 Windows 10 , 64 bit Build 19041 (10.0.19041.1348)
OS uptime: 0 days 14:24 hours

CPU: total 4 (initial active 4) (4 cores per cpu, 1 threads per core) family 6 model 60 stepping 3 microcode 0x27, cx8, cmov, fxsr, mmx, sse, sse2, sse3, ssse3, sse4.1, sse4.2, popcnt, lzcnt, tsc, tscinvbit, avx, avx2, aes, erms, clmul, bmi1, bmi2, fma, vzeroupper, clflush

Memory: 4k page, system-wide physical 16322M (6869M free)
TotalPageFile size 25026M (AvailPageFile size 12775M)
current process WorkingSet (physical memory assigned to process): 266M, peak: 301M
current process commit charge ("private bytes"): 295M, peak: 396M

vm_info: OpenJDK 64-Bit Server VM (17+35-2724) for windows-amd64 JRE (17+35-2724), built on Aug  5 2021 23:26:02 by "mach5one" with MS VC++ 16.8 (VS2019)

END.
