#
# A fatal error has been detected by the Java Runtime Environment:
#
#  EXCEPTION_UNCAUGHT_CXX_EXCEPTION (0xe06d7363) at pc=0x00007ffc7bc34f69, pid=8504, tid=15816
#
# JRE version: OpenJDK Runtime Environment (17.0+35) (build 17+35-2724)
# Java VM: OpenJDK 64-Bit Server VM (17+35-2724, mixed mode, sharing, tiered, compressed oops, compressed class ptrs, g1 gc, windows-amd64)
# Problematic frame:
# C  [KERNELBASE.dll+0x34f69]
#
# No core dump will be written. Minidumps are not enabled by default on client versions of Windows
#
# If you would like to submit a bug report, please visit:
#   https://bugreport.java.com/bugreport/crash.jsp
# The crash happened outside the Java Virtual Machine in native code.
# See problematic frame for where to report the bug.
#

---------------  S U M M A R Y ------------

Command Line: -Djava.library.path=e:\SzamBiztHF\backend\backend\jni-library\build\libs\main -Dfile.encoding=windows-1250 -Duser.country=US -Duser.language=en -Duser.variant com.backend.backend.BackendApplication

Host: Intel(R) Core(TM) i5-4590 CPU @ 3.30GHz, 4 cores, 15G,  Windows 10 , 64 bit Build 19041 (10.0.19041.1348)
Time: Sat Nov 27 17:34:18 2021 Central Europe Standard Time elapsed time: 19.090489 seconds (0d 0h 0m 19s)

---------------  T H R E A D  ---------------

Current thread (0x000001262e52deb0):  JavaThread "http-nio-8080-exec-3" daemon [_thread_in_native, id=15816, stack(0x000000169d100000,0x000000169d200000)]

Stack: [0x000000169d100000,0x000000169d200000],  sp=0x000000169d1fa830,  free space=1002k
Native frames: (J=compiled Java code, j=interpreted, Vv=VM code, C=native code)
C  [KERNELBASE.dll+0x34f69]
C  [jni-library.dll+0xf8f0]

Java frames: (J=compiled Java code, j=interpreted, Vv=VM code)
j  com.narcano.jni.CaffParser.CallParser(Ljava/lang/String;)[Lcom/narcano/jni/CIFF;+0
j  com.backend.backend.Controller.CaffController.getAllCaff()Lorg/springframework/http/ResponseEntity;+54
j  com.backend.backend.Controller.CaffController$$FastClassBySpringCGLIB$$5be4e08b.invoke(ILjava/lang/Object;[Ljava/lang/Object;)Ljava/lang/Object;+82
j  org.springframework.cglib.proxy.MethodProxy.invoke(Ljava/lang/Object;[Ljava/lang/Object;)Ljava/lang/Object;+19
j  org.springframework.aop.framework.CglibAopProxy$CglibMethodInvocation.invokeJoinpoint()Ljava/lang/Object;+19
j  org.springframework.aop.framework.ReflectiveMethodInvocation.proceed()Ljava/lang/Object;+19
j  org.springframework.aop.framework.CglibAopProxy$CglibMethodInvocation.proceed()Ljava/lang/Object;+1
j  org.springframework.security.access.intercept.aopalliance.MethodSecurityInterceptor.invoke(Lorg/aopalliance/intercept/MethodInvocation;)Ljava/lang/Object;+7
j  org.springframework.aop.framework.ReflectiveMethodInvocation.proceed()Ljava/lang/Object;+120
j  org.springframework.aop.framework.CglibAopProxy$CglibMethodInvocation.proceed()Ljava/lang/Object;+1
j  org.springframework.aop.framework.CglibAopProxy$DynamicAdvisedInterceptor.intercept(Ljava/lang/Object;Ljava/lang/reflect/Method;[Ljava/lang/Object;Lorg/springframework/cglib/proxy/MethodProxy;)Ljava/lang/Object;+133
j  com.backend.backend.Controller.CaffController$$EnhancerBySpringCGLIB$$6ec07c78.getAllCaff()Lorg/springframework/http/ResponseEntity;+31
v  ~StubRoutines::call_stub
J 2754  jdk.internal.reflect.NativeMethodAccessorImpl.invoke0(Ljava/lang/reflect/Method;Ljava/lang/Object;[Ljava/lang/Object;)Ljava/lang/Object; java.base@17 (0 bytes) @ 0x00000126193fa9a7 [0x00000126193fa920+0x0000000000000087]
J 2753 c1 jdk.internal.reflect.NativeMethodAccessorImpl.invoke(Ljava/lang/Object;[Ljava/lang/Object;)Ljava/lang/Object; java.base@17 (137 bytes) @ 0x00000126122fe96c [0x00000126122fdf60+0x0000000000000a0c]
J 4905 c2 jdk.internal.reflect.DelegatingMethodAccessorImpl.invoke(Ljava/lang/Object;[Ljava/lang/Object;)Ljava/lang/Object; java.base@17 (10 bytes) @ 0x00000126193bd3c8 [0x00000126193bd380+0x0000000000000048]
J 2389 c1 java.lang.reflect.Method.invoke(Ljava/lang/Object;[Ljava/lang/Object;)Ljava/lang/Object; java.base@17 (65 bytes) @ 0x000001261220d644 [0x000001261220d300+0x0000000000000344]
j  org.springframework.web.method.support.InvocableHandlerMethod.doInvoke([Ljava/lang/Object;)Ljava/lang/Object;+28
j  org.springframework.web.method.support.InvocableHandlerMethod.invokeForRequest(Lorg/springframework/web/context/request/NativeWebRequest;Lorg/springframework/web/method/support/ModelAndViewContainer;[Ljava/lang/Object;)Ljava/lang/Object;+54
j  org.springframework.web.servlet.mvc.method.annotation.ServletInvocableHandlerMethod.invokeAndHandle(Lorg/springframework/web/context/request/ServletWebRequest;Lorg/springframework/web/method/support/ModelAndViewContainer;[Ljava/lang/Object;)V+4
j  org.springframework.web.servlet.mvc.method.annotation.RequestMappingHandlerAdapter.invokeHandlerMethod(Ljavax/servlet/http/HttpServletRequest;Ljavax/servlet/http/HttpServletResponse;Lorg/springframework/web/method/HandlerMethod;)Lorg/springframework/web/servlet/ModelAndView;+244
j  org.springframework.web.servlet.mvc.method.annotation.RequestMappingHandlerAdapter.handleInternal(Ljavax/servlet/http/HttpServletRequest;Ljavax/servlet/http/HttpServletResponse;Lorg/springframework/web/method/HandlerMethod;)Lorg/springframework/web/servlet/ModelAndView;+81
j  org.springframework.web.servlet.mvc.method.AbstractHandlerMethodAdapter.handle(Ljavax/servlet/http/HttpServletRequest;Ljavax/servlet/http/HttpServletResponse;Ljava/lang/Object;)Lorg/springframework/web/servlet/ModelAndView;+7
j  org.springframework.web.servlet.DispatcherServlet.doDispatch(Ljavax/servlet/http/HttpServletRequest;Ljavax/servlet/http/HttpServletResponse;)V+259
j  org.springframework.web.servlet.DispatcherServlet.doService(Ljavax/servlet/http/HttpServletRequest;Ljavax/servlet/http/HttpServletResponse;)V+241
j  org.springframework.web.servlet.FrameworkServlet.processRequest(Ljavax/servlet/http/HttpServletRequest;Ljavax/servlet/http/HttpServletResponse;)V+71
j  org.springframework.web.servlet.FrameworkServlet.doGet(Ljavax/servlet/http/HttpServletRequest;Ljavax/servlet/http/HttpServletResponse;)V+3
j  javax.servlet.http.HttpServlet.service(Ljavax/servlet/http/HttpServletRequest;Ljavax/servlet/http/HttpServletResponse;)V+35
j  org.springframework.web.servlet.FrameworkServlet.service(Ljavax/servlet/http/HttpServletRequest;Ljavax/servlet/http/HttpServletResponse;)V+33
j  javax.servlet.http.HttpServlet.service(Ljavax/servlet/ServletRequest;Ljavax/servlet/ServletResponse;)V+36
j  org.apache.catalina.core.ApplicationFilterChain.internalDoFilter(Ljavax/servlet/ServletRequest;Ljavax/servlet/ServletResponse;)V+304
j  org.apache.catalina.core.ApplicationFilterChain.doFilter(Ljavax/servlet/ServletRequest;Ljavax/servlet/ServletResponse;)V+99
j  org.apache.tomcat.websocket.server.WsFilter.doFilter(Ljavax/servlet/ServletRequest;Ljavax/servlet/ServletResponse;Ljavax/servlet/FilterChain;)V+21
j  org.apache.catalina.core.ApplicationFilterChain.internalDoFilter(Ljavax/servlet/ServletRequest;Ljavax/servlet/ServletResponse;)V+135
j  org.apache.catalina.core.ApplicationFilterChain.doFilter(Ljavax/servlet/ServletRequest;Ljavax/servlet/ServletResponse;)V+99
j  org.springframework.web.filter.OncePerRequestFilter.doFilter(Ljavax/servlet/ServletRequest;Ljavax/servlet/ServletResponse;Ljavax/servlet/FilterChain;)V+122
j  org.apache.catalina.core.ApplicationFilterChain.internalDoFilter(Ljavax/servlet/ServletRequest;Ljavax/servlet/ServletResponse;)V+135
j  org.apache.catalina.core.ApplicationFilterChain.doFilter(Ljavax/servlet/ServletRequest;Ljavax/servlet/ServletResponse;)V+99
j  org.springframework.security.web.FilterChainProxy$VirtualFilterChain.doFilter(Ljavax/servlet/ServletRequest;Ljavax/servlet/ServletResponse;)V+52
j  org.springframework.security.web.access.intercept.FilterSecurityInterceptor.invoke(Lorg/springframework/security/web/FilterInvocation;)V+79
j  org.springframework.security.web.access.intercept.FilterSecurityInterceptor.doFilter(Ljavax/servlet/ServletRequest;Ljavax/servlet/ServletResponse;Ljavax/servlet/FilterChain;)V+11
j  org.springframework.security.web.FilterChainProxy$VirtualFilterChain.doFilter(Ljavax/servlet/ServletRequest;Ljavax/servlet/ServletResponse;)V+136
j  org.springframework.security.web.access.ExceptionTranslationFilter.doFilter(Ljavax/servlet/http/HttpServletRequest;Ljavax/servlet/http/HttpServletResponse;Ljavax/servlet/FilterChain;)V+3
j  org.springframework.security.web.access.ExceptionTranslationFilter.doFilter(Ljavax/servlet/ServletRequest;Ljavax/servlet/ServletResponse;Ljavax/servlet/FilterChain;)V+10
j  org.springframework.security.web.FilterChainProxy$VirtualFilterChain.doFilter(Ljavax/servlet/ServletRequest;Ljavax/servlet/ServletResponse;)V+136
j  org.springframework.security.web.session.SessionManagementFilter.doFilter(Ljavax/servlet/http/HttpServletRequest;Ljavax/servlet/http/HttpServletResponse;Ljavax/servlet/FilterChain;)V+210
j  org.springframework.security.web.session.SessionManagementFilter.doFilter(Ljavax/servlet/ServletRequest;Ljavax/servlet/ServletResponse;Ljavax/servlet/FilterChain;)V+10
j  org.springframework.security.web.FilterChainProxy$VirtualFilterChain.doFilter(Ljavax/servlet/ServletRequest;Ljavax/servlet/ServletResponse;)V+136
j  org.springframework.security.web.authentication.AnonymousAuthenticationFilter.doFilter(Ljavax/servlet/ServletRequest;Ljavax/servlet/ServletResponse;Ljavax/servlet/FilterChain;)V+105
j  org.springframework.security.web.FilterChainProxy$VirtualFilterChain.doFilter(Ljavax/servlet/ServletRequest;Ljavax/servlet/ServletResponse;)V+136
j  org.springframework.security.web.servletapi.SecurityContextHolderAwareRequestFilter.doFilter(Ljavax/servlet/ServletRequest;Ljavax/servlet/ServletResponse;Ljavax/servlet/FilterChain;)V+19
j  org.springframework.security.web.FilterChainProxy$VirtualFilterChain.doFilter(Ljavax/servlet/ServletRequest;Ljavax/servlet/ServletResponse;)V+136
j  org.springframework.security.web.savedrequest.RequestCacheAwareFilter.doFilter(Ljavax/servlet/ServletRequest;Ljavax/servlet/ServletResponse;Ljavax/servlet/FilterChain;)V+32
j  org.springframework.security.web.FilterChainProxy$VirtualFilterChain.doFilter(Ljavax/servlet/ServletRequest;Ljavax/servlet/ServletResponse;)V+136
j  com.backend.backend.Security.Auth.AuthTokenFilter.doFilterInternal(Ljavax/servlet/http/HttpServletRequest;Ljavax/servlet/http/HttpServletResponse;Ljavax/servlet/FilterChain;)V+111
j  org.springframework.web.filter.OncePerRequestFilter.doFilter(Ljavax/servlet/ServletRequest;Ljavax/servlet/ServletResponse;Ljavax/servlet/FilterChain;)V+147
j  org.springframework.security.web.FilterChainProxy$VirtualFilterChain.doFilter(Ljavax/servlet/ServletRequest;Ljavax/servlet/ServletResponse;)V+136
j  org.springframework.security.web.authentication.logout.LogoutFilter.doFilter(Ljavax/servlet/http/HttpServletRequest;Ljavax/servlet/http/HttpServletResponse;Ljavax/servlet/FilterChain;)V+77
j  org.springframework.security.web.authentication.logout.LogoutFilter.doFilter(Ljavax/servlet/ServletRequest;Ljavax/servlet/ServletResponse;Ljavax/servlet/FilterChain;)V+10
j  org.springframework.security.web.FilterChainProxy$VirtualFilterChain.doFilter(Ljavax/servlet/ServletRequest;Ljavax/servlet/ServletResponse;)V+136
j  org.springframework.web.filter.CorsFilter.doFilterInternal(Ljavax/servlet/http/HttpServletRequest;Ljavax/servlet/http/HttpServletResponse;Ljavax/servlet/FilterChain;)V+43
j  org.springframework.web.filter.OncePerRequestFilter.doFilter(Ljavax/servlet/ServletRequest;Ljavax/servlet/ServletResponse;Ljavax/servlet/FilterChain;)V+147
j  org.springframework.security.web.FilterChainProxy$VirtualFilterChain.doFilter(Ljavax/servlet/ServletRequest;Ljavax/servlet/ServletResponse;)V+136
j  org.springframework.security.web.header.HeaderWriterFilter.doHeadersAfter(Ljavax/servlet/http/HttpServletRequest;Ljavax/servlet/http/HttpServletResponse;Ljavax/servlet/FilterChain;)V+29
j  org.springframework.security.web.header.HeaderWriterFilter.doFilterInternal(Ljavax/servlet/http/HttpServletRequest;Ljavax/servlet/http/HttpServletResponse;Ljavax/servlet/FilterChain;)V+21
j  org.springframework.web.filter.OncePerRequestFilter.doFilter(Ljavax/servlet/ServletRequest;Ljavax/servlet/ServletResponse;Ljavax/servlet/FilterChain;)V+147
j  org.springframework.security.web.FilterChainProxy$VirtualFilterChain.doFilter(Ljavax/servlet/ServletRequest;Ljavax/servlet/ServletResponse;)V+136
j  org.springframework.security.web.context.SecurityContextPersistenceFilter.doFilter(Ljavax/servlet/http/HttpServletRequest;Ljavax/servlet/http/HttpServletResponse;Ljavax/servlet/FilterChain;)V+181
j  org.springframework.security.web.context.SecurityContextPersistenceFilter.doFilter(Ljavax/servlet/ServletRequest;Ljavax/servlet/ServletResponse;Ljavax/servlet/FilterChain;)V+10
j  org.springframework.security.web.FilterChainProxy$VirtualFilterChain.doFilter(Ljavax/servlet/ServletRequest;Ljavax/servlet/ServletResponse;)V+136
j  org.springframework.security.web.context.request.async.WebAsyncManagerIntegrationFilter.doFilterInternal(Ljavax/servlet/http/HttpServletRequest;Ljavax/servlet/http/HttpServletResponse;Ljavax/servlet/FilterChain;)V+42
j  org.springframework.web.filter.OncePerRequestFilter.doFilter(Ljavax/servlet/ServletRequest;Ljavax/servlet/ServletResponse;Ljavax/servlet/FilterChain;)V+147
j  org.springframework.security.web.FilterChainProxy$VirtualFilterChain.doFilter(Ljavax/servlet/ServletRequest;Ljavax/servlet/ServletResponse;)V+136
j  org.springframework.security.web.FilterChainProxy.doFilterInternal(Ljavax/servlet/ServletRequest;Ljavax/servlet/ServletResponse;Ljavax/servlet/FilterChain;)V+148
j  org.springframework.security.web.FilterChainProxy.doFilter(Ljavax/servlet/ServletRequest;Ljavax/servlet/ServletResponse;Ljavax/servlet/FilterChain;)V+48
j  org.springframework.web.filter.DelegatingFilterProxy.invokeDelegate(Ljavax/servlet/Filter;Ljavax/servlet/ServletRequest;Ljavax/servlet/ServletResponse;Ljavax/servlet/FilterChain;)V+5
j  org.springframework.web.filter.DelegatingFilterProxy.doFilter(Ljavax/servlet/ServletRequest;Ljavax/servlet/ServletResponse;Ljavax/servlet/FilterChain;)V+85
j  org.apache.catalina.core.ApplicationFilterChain.internalDoFilter(Ljavax/servlet/ServletRequest;Ljavax/servlet/ServletResponse;)V+135
j  org.apache.catalina.core.ApplicationFilterChain.doFilter(Ljavax/servlet/ServletRequest;Ljavax/servlet/ServletResponse;)V+99
j  org.springframework.web.filter.RequestContextFilter.doFilterInternal(Ljavax/servlet/http/HttpServletRequest;Ljavax/servlet/http/HttpServletResponse;Ljavax/servlet/FilterChain;)V+21
j  org.springframework.web.filter.OncePerRequestFilter.doFilter(Ljavax/servlet/ServletRequest;Ljavax/servlet/ServletResponse;Ljavax/servlet/FilterChain;)V+147
j  org.apache.catalina.core.ApplicationFilterChain.internalDoFilter(Ljavax/servlet/ServletRequest;Ljavax/servlet/ServletResponse;)V+135
j  org.apache.catalina.core.ApplicationFilterChain.doFilter(Ljavax/servlet/ServletRequest;Ljavax/servlet/ServletResponse;)V+99
j  org.springframework.web.filter.FormContentFilter.doFilterInternal(Ljavax/servlet/http/HttpServletRequest;Ljavax/servlet/http/HttpServletResponse;Ljavax/servlet/FilterChain;)V+38
j  org.springframework.web.filter.OncePerRequestFilter.doFilter(Ljavax/servlet/ServletRequest;Ljavax/servlet/ServletResponse;Ljavax/servlet/FilterChain;)V+147
j  org.apache.catalina.core.ApplicationFilterChain.internalDoFilter(Ljavax/servlet/ServletRequest;Ljavax/servlet/ServletResponse;)V+135
j  org.apache.catalina.core.ApplicationFilterChain.doFilter(Ljavax/servlet/ServletRequest;Ljavax/servlet/ServletResponse;)V+99
j  org.springframework.web.filter.CharacterEncodingFilter.doFilterInternal(Ljavax/servlet/http/HttpServletRequest;Ljavax/servlet/http/HttpServletResponse;Ljavax/servlet/FilterChain;)V+53
j  org.springframework.web.filter.OncePerRequestFilter.doFilter(Ljavax/servlet/ServletRequest;Ljavax/servlet/ServletResponse;Ljavax/servlet/FilterChain;)V+147
j  org.apache.catalina.core.ApplicationFilterChain.internalDoFilter(Ljavax/servlet/ServletRequest;Ljavax/servlet/ServletResponse;)V+135
j  org.apache.catalina.core.ApplicationFilterChain.doFilter(Ljavax/servlet/ServletRequest;Ljavax/servlet/ServletResponse;)V+99
j  org.apache.catalina.core.StandardWrapperValve.invoke(Lorg/apache/catalina/connector/Request;Lorg/apache/catalina/connector/Response;)V+694
j  org.apache.catalina.core.StandardContextValve.invoke(Lorg/apache/catalina/connector/Request;Lorg/apache/catalina/connector/Response;)V+169
j  org.apache.catalina.authenticator.AuthenticatorBase.invoke(Lorg/apache/catalina/connector/Request;Lorg/apache/catalina/connector/Response;)V+260
j  org.apache.catalina.core.StandardHostValve.invoke(Lorg/apache/catalina/connector/Request;Lorg/apache/catalina/connector/Response;)V+128
j  org.apache.catalina.valves.ErrorReportValve.invoke(Lorg/apache/catalina/connector/Request;Lorg/apache/catalina/connector/Response;)V+6
j  org.apache.catalina.core.StandardEngineValve.invoke(Lorg/apache/catalina/connector/Request;Lorg/apache/catalina/connector/Response;)V+59
j  org.apache.catalina.connector.CoyoteAdapter.service(Lorg/apache/coyote/Request;Lorg/apache/coyote/Response;)V+199
j  org.apache.coyote.http11.Http11Processor.service(Lorg/apache/tomcat/util/net/SocketWrapperBase;)Lorg/apache/tomcat/util/net/AbstractEndpoint$Handler$SocketState;+737
j  org.apache.coyote.AbstractProcessorLight.process(Lorg/apache/tomcat/util/net/SocketWrapperBase;Lorg/apache/tomcat/util/net/SocketEvent;)Lorg/apache/tomcat/util/net/AbstractEndpoint$Handler$SocketState;+170
j  org.apache.coyote.AbstractProtocol$ConnectionHandler.process(Lorg/apache/tomcat/util/net/SocketWrapperBase;Lorg/apache/tomcat/util/net/SocketEvent;)Lorg/apache/tomcat/util/net/AbstractEndpoint$Handler$SocketState;+505
j  org.apache.tomcat.util.net.NioEndpoint$SocketProcessor.doRun()V+216
j  org.apache.tomcat.util.net.SocketProcessorBase.run()V+21
j  org.apache.tomcat.util.threads.ThreadPoolExecutor.runWorker(Lorg/apache/tomcat/util/threads/ThreadPoolExecutor$Worker;)V+92
j  org.apache.tomcat.util.threads.ThreadPoolExecutor$Worker.run()V+5
j  org.apache.tomcat.util.threads.TaskThread$WrappingRunnable.run()V+4
j  java.lang.Thread.run()V+11 java.base@17
v  ~StubRoutines::call_stub

siginfo: EXCEPTION_UNCAUGHT_CXX_EXCEPTION (0xe06d7363), ExceptionInformation=0x0000000019930520 0x000000169d1fabb8 0x00007ffc4bc51b70 0x00007ffc4bc10000 


Register to memory mapping:

RIP=0x00007ffc7bc34f69 KERNELBASE.dll
RAX=0x000001262e196ec0 points into unknown readable memory: 0x6e20657475626972 | 72 69 62 75 74 65 20 6e
RBX=0x00007ffc4bc51b70 jni-library.dll
RCX=0x000001262e196ed0 points into unknown readable memory: 0x0000012631a4d5e0 | e0 d5 a4 31 26 01 00 00
RDX=0x0 is NULL
RSP=0x000000169d1fa830 is pointing into the stack for thread: 0x000001262e52deb0
RBP=0x000000169d1faff0 is pointing into the stack for thread: 0x000001262e52deb0
RSI=0x000000169d1fabb8 is pointing into the stack for thread: 0x000001262e52deb0
RDI=0x0000000019930520 is an unknown value
R8 =0x0000012607de0000 points into unknown readable memory: 0x0000000000000000 | 00 00 00 00 00 00 00 00
R9 =0x00000003007a0069 is an unknown value
R10=0x00610062005c0046 is an unknown value
R11=0x006e0065006b0063 is an unknown value
R12=0x0 is NULL
R13=0x0000012637ba4fe0 is pointing into metadata
R14=0x000000169d1fb018 is pointing into the stack for thread: 0x000001262e52deb0
R15=0x000001262e52deb0 is a thread


Registers:
RAX=0x000001262e196ec0, RBX=0x00007ffc4bc51b70, RCX=0x000001262e196ed0, RDX=0x0000000000000000
RSP=0x000000169d1fa830, RBP=0x000000169d1faff0, RSI=0x000000169d1fabb8, RDI=0x0000000019930520
R8 =0x0000012607de0000, R9 =0x00000003007a0069, R10=0x00610062005c0046, R11=0x006e0065006b0063
R12=0x0000000000000000, R13=0x0000012637ba4fe0, R14=0x000000169d1fb018, R15=0x000001262e52deb0
RIP=0x00007ffc7bc34f69, EFLAGS=0x0000000000000202

Top of Stack: (sp=0x000000169d1fa830)
0x000000169d1fa830:   000001262e52deb0 00007ffc4bc51b70
0x000000169d1fa840:   000000169d1fabb8 0000000000000000
0x000000169d1fa850:   00000001e06d7363 0000000000000000
0x000000169d1fa860:   00007ffc7bc34f69 00007ffc00000004
0x000000169d1fa870:   0000000019930520 000000169d1fabb8
0x000000169d1fa880:   00007ffc4bc51b70 00007ffc4bc10000
0x000000169d1fa890:   0000012637ba4fe0 0000000000000000
0x000000169d1fa8a0:   000000169d1fabb8 000000169d1faff0
0x000000169d1fa8b0:   000000169d1fa930 00007ffc7e164a5f
0x000000169d1fa8c0:   0000000019930520 00007ffc00000000
0x000000169d1fa8d0:   0000012637ba8f20 0000000000000000
0x000000169d1fa8e0:   00007ffc4bc56000 00007ffc4bc10000
0x000000169d1fa8f0:   000059fe7f6e451d 00007ffc4bc11601
0x000000169d1fa900:   00007ffc4bc51b70 00007ffc4bc1f8f0
0x000000169d1fa910:   000000169d1fabb8 00007ffc4bc407a8
0x000000169d1fa920:   000000169d1fa958 00007ffc4bc1b753 

Instructions: (pc=0x00007ffc7bc34f69)
0x00007ffc7bc34e69:   d8 21 00 00 41 0f 44 c0 89 43 24 8b 41 18 89 43
0x00007ffc7bc34e79:   28 65 48 8b 04 25 60 00 00 00 48 8b 48 20 39 79
0x00007ffc7bc34e89:   08 7c 36 41 b9 40 00 00 00 48 89 7c 24 20 4c 8d
0x00007ffc7bc34e99:   44 24 30 48 83 c9 ff 41 8d 51 e5 48 ff 15 6d 9d
0x00007ffc7bc34ea9:   18 00 0f 1f 44 00 00 85 c0 0f 88 7f ef 06 00 81
0x00007ffc7bc34eb9:   7c 24 54 33 00 03 00 72 0f 48 8b 9c 24 80 00 00
0x00007ffc7bc34ec9:   00 48 83 c4 70 5f c3 cc 89 7b 2c eb ec cc cc cc
0x00007ffc7bc34ed9:   cc cc cc cc cc cc cc 65 48 8b 04 25 30 00 00 00
0x00007ffc7bc34ee9:   8b 40 68 c3 cc cc cc cc cc cc cc cc cc cc cc cc
0x00007ffc7bc34ef9:   cc cc cc cc cc cc cc 48 81 ec d8 00 00 00 48 8b
0x00007ffc7bc34f09:   05 62 5f 25 00 48 33 c4 48 89 84 24 c0 00 00 00
0x00007ffc7bc34f19:   48 83 64 24 28 00 48 8d 05 da ff ff ff 83 e2 01
0x00007ffc7bc34f29:   89 4c 24 20 89 54 24 24 48 89 44 24 30 4d 85 c9
0x00007ffc7bc34f39:   74 4c b8 0f 00 00 00 48 8d 4c 24 40 44 3b c0 49
0x00007ffc7bc34f49:   8b d1 44 0f 47 c0 44 89 44 24 38 49 c1 e0 03 e8
0x00007ffc7bc34f59:   1a d5 05 00 48 8d 4c 24 20 48 ff 15 8f 9d 18 00
0x00007ffc7bc34f69:   0f 1f 44 00 00 48 8b 8c 24 c0 00 00 00 48 33 cc
0x00007ffc7bc34f79:   e8 52 97 05 00 48 81 c4 d8 00 00 00 c3 cc 83 64
0x00007ffc7bc34f89:   24 38 00 eb cf cc cc cc cc cc cc cc cc cc cc cc
0x00007ffc7bc34f99:   cc cc cc cc cc cc cc 40 53 48 83 ec 30 48 8b d1
0x00007ffc7bc34fa9:   48 8d 4c 24 20 e8 e5 cc ff ff 85 c0 74 26 48 8b
0x00007ffc7bc34fb9:   4c 24 28 e8 8f 6f ff ff 48 8d 4c 24 20 8b d8 48
0x00007ffc7bc34fc9:   ff 15 81 95 18 00 0f 1f 44 00 00 8b c3 48 83 c4
0x00007ffc7bc34fd9:   30 5b c3 cc 83 c8 ff eb f4 cc cc cc cc cc cc cc
0x00007ffc7bc34fe9:   cc cc cc cc cc cc cc 48 8b c4 48 89 58 10 48 89
0x00007ffc7bc34ff9:   70 18 57 48 83 ec 60 0f 57 c0 0f 11 40 b8 48 8d
0x00007ffc7bc35009:   35 a2 f5 18 00 33 db 48 85 c9 48 0f 45 f1 48 8b
0x00007ffc7bc35019:   d6 48 8d 48 c8 48 ff 15 b3 9b 18 00 0f 1f 44 00
0x00007ffc7bc35029:   00 8b f8 89 44 24 70 85 c0 78 1f 41 b0 01 48 8d
0x00007ffc7bc35039:   54 24 30 48 8d 4c 24 20 48 ff 15 30 95 18 00 0f
0x00007ffc7bc35049:   1f 44 00 00 8b f8 89 44 24 70 85 ff 0f 88 e9 ed
0x00007ffc7bc35059:   06 00 48 83 c8 ff 48 8b c8 48 ff c1 66 39 1c 4e 


Stack slot to memory mapping:
stack at sp + 0 slots: 0x000001262e52deb0 is a thread
stack at sp + 1 slots: 0x00007ffc4bc51b70 jni-library.dll
stack at sp + 2 slots: 0x000000169d1fabb8 is pointing into the stack for thread: 0x000001262e52deb0
stack at sp + 3 slots: 0x0 is NULL
stack at sp + 4 slots: 0x00000001e06d7363 is an unknown value
stack at sp + 5 slots: 0x0 is NULL
stack at sp + 6 slots: 0x00007ffc7bc34f69 KERNELBASE.dll
stack at sp + 7 slots: 0x00007ffc00000004 is an unknown value


---------------  P R O C E S S  ---------------

Threads class SMR info:
_java_thread_list=0x000001263501f160, length=23, elements={
0x000001262c478ff0, 0x000001262c479e60, 0x000001262c4906f0, 0x000001262c4912a0,
0x000001262c491e50, 0x000001262c492800, 0x000001262c498a00, 0x000001262c4994a0,
0x000001262c4be650, 0x000001262d108ab0, 0x000001262d11cc50, 0x0000012630a61710,
0x0000012630a5fa30, 0x0000012630a5ff00, 0x0000012630a603d0, 0x0000012630a5f090,
0x0000012630a61240, 0x0000012630a61be0, 0x0000012630a62580, 0x0000012630a62a50,
0x0000012630a608a0, 0x0000012630a5f560, 0x000001262e52deb0
}

Java Threads: ( => current thread )
  0x000001262c478ff0 JavaThread "Reference Handler" daemon [_thread_blocked, id=14104, stack(0x000000169c000000,0x000000169c100000)]
  0x000001262c479e60 JavaThread "Finalizer" daemon [_thread_blocked, id=8708, stack(0x000000169c100000,0x000000169c200000)]
  0x000001262c4906f0 JavaThread "Signal Dispatcher" daemon [_thread_blocked, id=14916, stack(0x000000169c200000,0x000000169c300000)]
  0x000001262c4912a0 JavaThread "Attach Listener" daemon [_thread_blocked, id=17712, stack(0x000000169c300000,0x000000169c400000)]
  0x000001262c491e50 JavaThread "Service Thread" daemon [_thread_blocked, id=8356, stack(0x000000169c400000,0x000000169c500000)]
  0x000001262c492800 JavaThread "Monitor Deflation Thread" daemon [_thread_blocked, id=18244, stack(0x000000169c500000,0x000000169c600000)]
  0x000001262c498a00 JavaThread "C2 CompilerThread0" daemon [_thread_blocked, id=19436, stack(0x000000169c600000,0x000000169c700000)]
  0x000001262c4994a0 JavaThread "C1 CompilerThread0" daemon [_thread_blocked, id=7224, stack(0x000000169c700000,0x000000169c800000)]
  0x000001262c4be650 JavaThread "Sweeper thread" daemon [_thread_blocked, id=11868, stack(0x000000169c800000,0x000000169c900000)]
  0x000001262d108ab0 JavaThread "Notification Thread" daemon [_thread_blocked, id=18884, stack(0x000000169c900000,0x000000169ca00000)]
  0x000001262d11cc50 JavaThread "Common-Cleaner" daemon [_thread_blocked, id=5308, stack(0x000000169cb00000,0x000000169cc00000)]
  0x0000012630a61710 JavaThread "HikariPool-1 housekeeper" daemon [_thread_blocked, id=18728, stack(0x000000169d300000,0x000000169d400000)]
  0x0000012630a5fa30 JavaThread "Catalina-utility-1" [_thread_blocked, id=12884, stack(0x000000169d500000,0x000000169d600000)]
  0x0000012630a5ff00 JavaThread "Catalina-utility-2" [_thread_blocked, id=11664, stack(0x000000169d600000,0x000000169d700000)]
  0x0000012630a603d0 JavaThread "container-0" [_thread_blocked, id=14416, stack(0x000000169d700000,0x000000169d800000)]
  0x0000012630a5f090 JavaThread "File Watcher" daemon [_thread_blocked, id=16204, stack(0x000000169d400000,0x000000169d500000)]
  0x0000012630a61240 JavaThread "Live Reload Server" daemon [_thread_in_native, id=8372, stack(0x000000169d900000,0x000000169da00000)]
  0x0000012630a61be0 JavaThread "http-nio-8080-Poller" daemon [_thread_in_native, id=3500, stack(0x000000169d800000,0x000000169d900000)]
  0x0000012630a62580 JavaThread "http-nio-8080-Acceptor" daemon [_thread_in_native, id=15608, stack(0x000000169da00000,0x000000169db00000)]
  0x0000012630a62a50 JavaThread "DestroyJavaVM" [_thread_blocked, id=16476, stack(0x000000169b900000,0x000000169ba00000)]
  0x0000012630a608a0 JavaThread "http-nio-8080-exec-1" daemon [_thread_blocked, id=10088, stack(0x000000169cc00000,0x000000169cd00000)]
  0x0000012630a5f560 JavaThread "http-nio-8080-exec-2" daemon [_thread_blocked, id=5944, stack(0x000000169d000000,0x000000169d100000)]
=>0x000001262e52deb0 JavaThread "http-nio-8080-exec-3" daemon [_thread_in_native, id=15816, stack(0x000000169d100000,0x000000169d200000)]

Other Threads:
  0x000001262c470700 VMThread "VM Thread" [stack: 0x000000169bf00000,0x000000169c000000] [id=19200]
  0x000001262d10efa0 WatcherThread [stack: 0x000000169ca00000,0x000000169cb00000] [id=7060]
  0x000001260a058f20 GCTaskThread "GC Thread#0" [stack: 0x000000169ba00000,0x000000169bb00000] [id=12756]
  0x000001262da7fc20 GCTaskThread "GC Thread#1" [stack: 0x000000169cd00000,0x000000169ce00000] [id=13456]
  0x000001262d5653f0 GCTaskThread "GC Thread#2" [stack: 0x000000169ce00000,0x000000169cf00000] [id=15224]
  0x000001262daa03e0 GCTaskThread "GC Thread#3" [stack: 0x000000169cf00000,0x000000169d000000] [id=10936]
  0x000001260a06a590 ConcurrentGCThread "G1 Main Marker" [stack: 0x000000169bb00000,0x000000169bc00000] [id=19256]
  0x000001260a06b810 ConcurrentGCThread "G1 Conc#0" [stack: 0x000000169bc00000,0x000000169bd00000] [id=3164]
  0x000001262c3224c0 ConcurrentGCThread "G1 Refine#0" [stack: 0x000000169bd00000,0x000000169be00000] [id=5112]
  0x000001262e18aaa0 ConcurrentGCThread "G1 Refine#1" [stack: 0x000000169d200000,0x000000169d300000] [id=7176]
  0x000001262c322cf0 ConcurrentGCThread "G1 Service" [stack: 0x000000169be00000,0x000000169bf00000] [id=11300]

Threads with active compile tasks:

VM state: not at safepoint (normal execution)

VM Mutex/Monitor currently owned by a thread: None

Heap address: 0x0000000700e00000, size: 4082 MB, Compressed Oops mode: Zero based, Oop shift amount: 3

CDS archive(s) mapped at: [0x0000000800000000-0x0000000800bc0000-0x0000000800bc0000), size 12320768, SharedBaseAddress: 0x0000000800000000, ArchiveRelocationMode: 0.
Compressed class space mapped at: 0x0000000800c00000-0x0000000840c00000, reserved size: 1073741824
Narrow klass base: 0x0000000800000000, Narrow klass shift: 0, Narrow klass range: 0x100000000

GC Precious Log:
 CPUs: 4 total, 4 available
 Memory: 16322M
 Large Page Support: Disabled
 NUMA Support: Disabled
 Compressed Oops: Enabled (Zero based)
 Heap Region Size: 2M
 Heap Min Capacity: 8M
 Heap Initial Capacity: 256M
 Heap Max Capacity: 4082M
 Pre-touch: Disabled
 Parallel Workers: 4
 Concurrent Workers: 1
 Concurrent Refinement Workers: 4
 Periodic GC: Disabled

Heap:
 garbage-first heap   total 81920K, used 46384K [0x0000000700e00000, 0x0000000800000000)
  region size 2048K, 11 young (22528K), 1 survivors (2048K)
 Metaspace       used 69440K, committed 69824K, reserved 1114112K
  class space    used 9233K, committed 9408K, reserved 1048576K

Heap Regions: E=young(eden), S=young(survivor), O=old, HS=humongous(starts), HC=humongous(continues), CS=collection set, F=free, OA=open archive, CA=closed archive, TAMS=top-at-mark-start (previous, next)
|   0|0x0000000700e00000, 0x0000000701000000, 0x0000000701000000|100%| O|  |TAMS 0x0000000701000000, 0x0000000700e00000| Untracked 
|   1|0x0000000701000000, 0x0000000701200000, 0x0000000701200000|100%| O|  |TAMS 0x0000000701200000, 0x0000000701000000| Untracked 
|   2|0x0000000701200000, 0x0000000701400000, 0x0000000701400000|100%| O|  |TAMS 0x0000000701400000, 0x0000000701200000| Untracked 
|   3|0x0000000701400000, 0x0000000701400000, 0x0000000701600000|  0%| F|  |TAMS 0x0000000701400000, 0x0000000701400000| Untracked 
|   4|0x0000000701600000, 0x000000070167f200, 0x0000000701800000| 24%| O|  |TAMS 0x000000070167f200, 0x0000000701600000| Untracked 
|   5|0x0000000701800000, 0x0000000701a00000, 0x0000000701a00000|100%| O|  |TAMS 0x0000000701a00000, 0x0000000701800000| Untracked 
|   6|0x0000000701a00000, 0x0000000701c00000, 0x0000000701c00000|100%| O|  |TAMS 0x0000000701c00000, 0x0000000701a00000| Untracked 
|   7|0x0000000701c00000, 0x0000000701e00000, 0x0000000701e00000|100%| O|  |TAMS 0x0000000701e00000, 0x0000000701c00000| Untracked 
|   8|0x0000000701e00000, 0x0000000702000000, 0x0000000702000000|100%| O|  |TAMS 0x0000000702000000, 0x0000000701e00000| Untracked 
|   9|0x0000000702000000, 0x0000000702200000, 0x0000000702200000|100%| O|  |TAMS 0x0000000702200000, 0x0000000702000000| Untracked 
|  10|0x0000000702200000, 0x0000000702400000, 0x0000000702400000|100%| O|  |TAMS 0x0000000702400000, 0x0000000702200000| Untracked 
|  11|0x0000000702400000, 0x0000000702600000, 0x0000000702600000|100%| O|  |TAMS 0x000000070259fc00, 0x0000000702400000| Untracked 
|  12|0x0000000702600000, 0x0000000702800000, 0x0000000702800000|100%| O|  |TAMS 0x0000000702600000, 0x0000000702600000| Untracked 
|  13|0x0000000702800000, 0x0000000702a00000, 0x0000000702a00000|100%| O|  |TAMS 0x0000000702800000, 0x0000000702800000| Untracked 
|  14|0x0000000702a00000, 0x0000000702c00000, 0x0000000702c00000|100%| O|  |TAMS 0x0000000702a00000, 0x0000000702a00000| Untracked 
|  15|0x0000000702c00000, 0x0000000702dd3400, 0x0000000702e00000| 91%| O|  |TAMS 0x0000000702c00000, 0x0000000702c00000| Untracked 
|  16|0x0000000702e00000, 0x0000000702e00000, 0x0000000703000000|  0%| F|  |TAMS 0x0000000702e00000, 0x0000000702e00000| Untracked 
|  17|0x0000000703000000, 0x0000000703000000, 0x0000000703200000|  0%| F|  |TAMS 0x0000000703000000, 0x0000000703000000| Untracked 
|  18|0x0000000703200000, 0x0000000703200000, 0x0000000703400000|  0%| F|  |TAMS 0x0000000703200000, 0x0000000703200000| Untracked 
|  19|0x0000000703400000, 0x0000000703400000, 0x0000000703600000|  0%| F|  |TAMS 0x0000000703400000, 0x0000000703400000| Untracked 
|  20|0x0000000703600000, 0x0000000703600000, 0x0000000703800000|  0%| F|  |TAMS 0x0000000703600000, 0x0000000703600000| Untracked 
|  21|0x0000000703800000, 0x0000000703800000, 0x0000000703a00000|  0%| F|  |TAMS 0x0000000703800000, 0x0000000703800000| Untracked 
|  22|0x0000000703a00000, 0x0000000703a00000, 0x0000000703c00000|  0%| F|  |TAMS 0x0000000703a00000, 0x0000000703a00000| Untracked 
|  23|0x0000000703c00000, 0x0000000703c00000, 0x0000000703e00000|  0%| F|  |TAMS 0x0000000703c00000, 0x0000000703c00000| Untracked 
|  24|0x0000000703e00000, 0x0000000703e00000, 0x0000000704000000|  0%| F|  |TAMS 0x0000000703e00000, 0x0000000703e00000| Untracked 
|  25|0x0000000704000000, 0x0000000704000000, 0x0000000704200000|  0%| F|  |TAMS 0x0000000704000000, 0x0000000704000000| Untracked 
|  26|0x0000000704200000, 0x0000000704200000, 0x0000000704400000|  0%| F|  |TAMS 0x0000000704200000, 0x0000000704200000| Untracked 
|  27|0x0000000704400000, 0x0000000704400000, 0x0000000704600000|  0%| F|  |TAMS 0x0000000704400000, 0x0000000704400000| Untracked 
|  28|0x0000000704600000, 0x0000000704600000, 0x0000000704800000|  0%| F|  |TAMS 0x0000000704600000, 0x0000000704600000| Untracked 
|  29|0x0000000704800000, 0x000000070490e018, 0x0000000704a00000| 52%| E|  |TAMS 0x0000000704800000, 0x0000000704800000| Complete 
|  30|0x0000000704a00000, 0x0000000704c00000, 0x0000000704c00000|100%| E|CS|TAMS 0x0000000704a00000, 0x0000000704a00000| Complete 
|  31|0x0000000704c00000, 0x0000000704e00000, 0x0000000704e00000|100%| E|CS|TAMS 0x0000000704c00000, 0x0000000704c00000| Complete 
|  32|0x0000000704e00000, 0x0000000705000000, 0x0000000705000000|100%| E|CS|TAMS 0x0000000704e00000, 0x0000000704e00000| Complete 
|  33|0x0000000705000000, 0x0000000705200000, 0x0000000705200000|100%| E|CS|TAMS 0x0000000705000000, 0x0000000705000000| Complete 
|  34|0x0000000705200000, 0x0000000705400000, 0x0000000705400000|100%| E|CS|TAMS 0x0000000705200000, 0x0000000705200000| Complete 
|  35|0x0000000705400000, 0x0000000705600000, 0x0000000705600000|100%| E|CS|TAMS 0x0000000705400000, 0x0000000705400000| Complete 
|  36|0x0000000705600000, 0x0000000705800000, 0x0000000705800000|100%| E|CS|TAMS 0x0000000705600000, 0x0000000705600000| Complete 
|  37|0x0000000705800000, 0x0000000705a00000, 0x0000000705a00000|100%| E|CS|TAMS 0x0000000705800000, 0x0000000705800000| Complete 
|  38|0x0000000705a00000, 0x0000000705af9d40, 0x0000000705c00000| 48%| S|CS|TAMS 0x0000000705a00000, 0x0000000705a00000| Complete 
| 127|0x0000000710c00000, 0x0000000710e00000, 0x0000000710e00000|100%| E|  |TAMS 0x0000000710c00000, 0x0000000710c00000| Complete 

Card table byte_map: [0x0000012620ff0000,0x00000126217f0000] _byte_map_base: 0x000001261d7e9000

Marking Bits (Prev, Next): (CMBitMap*) 0x000001260a059570, (CMBitMap*) 0x000001260a059530
 Prev Bits: [0x0000012625fc0000, 0x0000012629f88000)
 Next Bits: [0x0000012621ff0000, 0x0000012625fb8000)

Polling page: 0x0000012607fb0000

Metaspace:

Usage:
  Non-class:     58.80 MB used.
      Class:      9.02 MB used.
       Both:     67.81 MB used.

Virtual space:
  Non-class space:       64.00 MB reserved,      59.00 MB ( 92%) committed,  8 nodes.
      Class space:        1.00 GB reserved,       9.19 MB ( <1%) committed,  1 nodes.
             Both:        1.06 GB reserved,      68.19 MB (  6%) committed. 

Chunk freelists:
   Non-Class:  336.00 KB
       Class:  2.76 MB
        Both:  3.09 MB

MaxMetaspaceSize: unlimited
CompressedClassSpaceSize: 1.00 GB
Initial GC threshold: 21.00 MB
Current GC threshold: 98.25 MB
CDS: on
MetaspaceReclaimPolicy: balanced
 - commit_granule_bytes: 65536.
 - commit_granule_words: 8192.
 - virtual_space_node_default_size: 1048576.
 - enlarge_chunks_in_place: 1.
 - new_chunks_are_fully_committed: 0.
 - uncommit_free_chunks: 1.
 - use_allocation_guard: 0.
 - handle_deallocations: 1.


Internal statistics:

num_allocs_failed_limit: 9.
num_arena_births: 478.
num_arena_deaths: 0.
num_vsnodes_births: 9.
num_vsnodes_deaths: 0.
num_space_committed: 1091.
num_space_uncommitted: 0.
num_chunks_returned_to_freelist: 9.
num_chunks_taken_from_freelist: 3028.
num_chunk_merges: 9.
num_chunk_splits: 2208.
num_chunks_enlarged: 1777.
num_purges: 0.
num_inconsistent_stats: 0.

CodeHeap 'non-profiled nmethods': size=120000Kb used=4009Kb max_used=4009Kb free=115990Kb
 bounds [0x00000126192c0000, 0x00000126196b0000, 0x00000126207f0000]
CodeHeap 'profiled nmethods': size=120000Kb used=10780Kb max_used=10780Kb free=109219Kb
 bounds [0x0000012611d90000, 0x0000012612820000, 0x00000126192c0000]
CodeHeap 'non-nmethods': size=5760Kb used=1335Kb max_used=1363Kb free=4424Kb
 bounds [0x00000126117f0000, 0x0000012611a60000, 0x0000012611d90000]
 total_blobs=6371 nmethods=5701 adapters=582
 compilation: enabled
              stopped_count=0, restarted_count=0
 full_count=0

Compilation events (20 events):
Event: 19.068 Thread 0x000001262c4994a0 6444       3       antlr.TokenBuffer::fill (40 bytes)
Event: 19.068 Thread 0x000001262c4994a0 nmethod 6444 0x0000012612814c90 code [0x0000012612814e60, 0x00000126128151a8]
Event: 19.068 Thread 0x000001262c4994a0 6445       3       antlr.TokenBuffer::syncConsume (48 bytes)
Event: 19.069 Thread 0x000001262c4994a0 nmethod 6445 0x0000012612815310 code [0x00000126128154c0, 0x0000012612815758]
Event: 19.069 Thread 0x000001262c4994a0 6443       3       antlr.TokenQueue::elementAt (17 bytes)
Event: 19.069 Thread 0x000001262c4994a0 nmethod 6443 0x0000012612815890 code [0x0000012612815a20, 0x0000012612815b78]
Event: 19.069 Thread 0x000001262c4994a0 6446       1       antlr.CommonAST::setText (6 bytes)
Event: 19.069 Thread 0x000001262c4994a0 nmethod 6446 0x00000126196a9b10 code [0x00000126196a9ca0, 0x00000126196a9db8]
Event: 19.069 Thread 0x000001262c4994a0 6447       1       antlr.CommonAST::setType (6 bytes)
Event: 19.069 Thread 0x000001262c4994a0 nmethod 6447 0x00000126196a9e10 code [0x00000126196a9fa0, 0x00000126196aa078]
Event: 19.076 Thread 0x000001262c4994a0 6448       3       org.jboss.logging.Logger::isDebugEnabled (8 bytes)
Event: 19.077 Thread 0x000001262c4994a0 nmethod 6448 0x0000012612815c90 code [0x0000012612815e40, 0x0000012612816108]
Event: 19.077 Thread 0x000001262c4994a0 6449       1       org.h2.value.ValueCollectionBase::getList (5 bytes)
Event: 19.077 Thread 0x000001262c4994a0 nmethod 6449 0x00000126196aa110 code [0x00000126196aa2a0, 0x00000126196aa378]
Event: 19.077 Thread 0x000001262c4994a0 6450   !   3       com.zaxxer.hikari.pool.HikariProxyResultSet::getString (18 bytes)
Event: 19.077 Thread 0x000001262c4994a0 nmethod 6450 0x0000012612816290 code [0x0000012612816440, 0x00000126128166f8]
Event: 19.077 Thread 0x000001262c4994a0 6451   !   3       org.h2.jdbc.JdbcResultSet::getString (23 bytes)
Event: 19.077 Thread 0x000001262c4994a0 nmethod 6451 0x0000012612816890 code [0x0000012612816a80, 0x0000012612816f08]
Event: 19.077 Thread 0x000001262c4994a0 6452       1       org.hibernate.engine.jdbc.internal.JdbcCoordinatorImpl::getLogicalConnection (5 bytes)
Event: 19.077 Thread 0x000001262c4994a0 nmethod 6452 0x00000126196aa410 code [0x00000126196aa5a0, 0x00000126196aa678]

GC Heap History (20 events):
Event: 3.150 GC heap before
{Heap before GC invocations=5 (full 0):
 garbage-first heap   total 55296K, used 44590K [0x0000000700e00000, 0x0000000800000000)
  region size 2048K, 20 young (40960K), 3 survivors (6144K)
 Metaspace       used 26504K, committed 26752K, reserved 1073152K
  class space    used 3304K, committed 3392K, reserved 1048576K
}
Event: 3.156 GC heap after
{Heap after GC invocations=6 (full 0):
 garbage-first heap   total 57344K, used 13287K [0x0000000700e00000, 0x0000000800000000)
  region size 2048K, 4 young (8192K), 4 survivors (8192K)
 Metaspace       used 26504K, committed 26752K, reserved 1073152K
  class space    used 3304K, committed 3392K, reserved 1048576K
}
Event: 3.812 GC heap before
{Heap before GC invocations=6 (full 0):
 garbage-first heap   total 57344K, used 35815K [0x0000000700e00000, 0x0000000800000000)
  region size 2048K, 16 young (32768K), 4 survivors (8192K)
 Metaspace       used 29993K, committed 30272K, reserved 1081344K
  class space    used 3797K, committed 3904K, reserved 1048576K
}
Event: 3.819 GC heap after
{Heap after GC invocations=7 (full 0):
 garbage-first heap   total 57344K, used 14955K [0x0000000700e00000, 0x0000000800000000)
  region size 2048K, 2 young (4096K), 2 survivors (4096K)
 Metaspace       used 29993K, committed 30272K, reserved 1081344K
  class space    used 3797K, committed 3904K, reserved 1048576K
}
Event: 4.727 GC heap before
{Heap before GC invocations=7 (full 0):
 garbage-first heap   total 57344K, used 37483K [0x0000000700e00000, 0x0000000800000000)
  region size 2048K, 14 young (28672K), 2 survivors (4096K)
 Metaspace       used 33977K, committed 34304K, reserved 1081344K
  class space    used 4338K, committed 4480K, reserved 1048576K
}
Event: 4.736 GC heap after
{Heap after GC invocations=8 (full 0):
 garbage-first heap   total 159744K, used 17080K [0x0000000700e00000, 0x0000000800000000)
  region size 2048K, 2 young (4096K), 2 survivors (4096K)
 Metaspace       used 33977K, committed 34304K, reserved 1081344K
  class space    used 4338K, committed 4480K, reserved 1048576K
}
Event: 5.296 GC heap before
{Heap before GC invocations=8 (full 0):
 garbage-first heap   total 159744K, used 101048K [0x0000000700e00000, 0x0000000800000000)
  region size 2048K, 45 young (92160K), 2 survivors (4096K)
 Metaspace       used 35825K, committed 36096K, reserved 1081344K
  class space    used 4524K, committed 4672K, reserved 1048576K
}
Event: 5.305 GC heap after
{Heap after GC invocations=9 (full 0):
 garbage-first heap   total 159744K, used 18242K [0x0000000700e00000, 0x0000000800000000)
  region size 2048K, 3 young (6144K), 3 survivors (6144K)
 Metaspace       used 35825K, committed 36096K, reserved 1081344K
  class space    used 4524K, committed 4672K, reserved 1048576K
}
Event: 7.294 GC heap before
{Heap before GC invocations=10 (full 0):
 garbage-first heap   total 81920K, used 61250K [0x0000000700e00000, 0x0000000800000000)
  region size 2048K, 24 young (49152K), 3 survivors (6144K)
 Metaspace       used 46290K, committed 46656K, reserved 1089536K
  class space    used 6050K, committed 6208K, reserved 1048576K
}
Event: 7.308 GC heap after
{Heap after GC invocations=11 (full 0):
 garbage-first heap   total 81920K, used 20996K [0x0000000700e00000, 0x0000000800000000)
  region size 2048K, 3 young (6144K), 3 survivors (6144K)
 Metaspace       used 46290K, committed 46656K, reserved 1089536K
  class space    used 6050K, committed 6208K, reserved 1048576K
}
Event: 8.897 GC heap before
{Heap before GC invocations=11 (full 0):
 garbage-first heap   total 81920K, used 61956K [0x0000000700e00000, 0x0000000800000000)
  region size 2048K, 23 young (47104K), 3 survivors (6144K)
 Metaspace       used 54423K, committed 54784K, reserved 1097728K
  class space    used 7271K, committed 7424K, reserved 1048576K
}
Event: 8.903 GC heap after
{Heap after GC invocations=12 (full 0):
 garbage-first heap   total 81920K, used 22569K [0x0000000700e00000, 0x0000000800000000)
  region size 2048K, 3 young (6144K), 3 survivors (6144K)
 Metaspace       used 54423K, committed 54784K, reserved 1097728K
  class space    used 7271K, committed 7424K, reserved 1048576K
}
Event: 9.939 GC heap before
{Heap before GC invocations=12 (full 0):
 garbage-first heap   total 81920K, used 59433K [0x0000000700e00000, 0x0000000800000000)
  region size 2048K, 21 young (43008K), 3 survivors (6144K)
 Metaspace       used 58584K, committed 59008K, reserved 1105920K
  class space    used 7815K, committed 8000K, reserved 1048576K
}
Event: 9.946 GC heap after
{Heap after GC invocations=13 (full 0):
 garbage-first heap   total 81920K, used 24862K [0x0000000700e00000, 0x0000000800000000)
  region size 2048K, 2 young (4096K), 2 survivors (4096K)
 Metaspace       used 58584K, committed 59008K, reserved 1105920K
  class space    used 7815K, committed 8000K, reserved 1048576K
}
Event: 10.374 GC heap before
{Heap before GC invocations=13 (full 0):
 garbage-first heap   total 81920K, used 49438K [0x0000000700e00000, 0x0000000800000000)
  region size 2048K, 15 young (30720K), 2 survivors (4096K)
 Metaspace       used 59937K, committed 60288K, reserved 1105920K
  class space    used 7980K, committed 8192K, reserved 1048576K
}
Event: 10.380 GC heap after
{Heap after GC invocations=14 (full 0):
 garbage-first heap   total 81920K, used 25873K [0x0000000700e00000, 0x0000000800000000)
  region size 2048K, 2 young (4096K), 2 survivors (4096K)
 Metaspace       used 59937K, committed 60288K, reserved 1105920K
  class space    used 7980K, committed 8192K, reserved 1048576K
}
Event: 11.572 GC heap before
{Heap before GC invocations=15 (full 0):
 garbage-first heap   total 81920K, used 62737K [0x0000000700e00000, 0x0000000800000000)
  region size 2048K, 20 young (40960K), 2 survivors (4096K)
 Metaspace       used 64198K, committed 64576K, reserved 1105920K
  class space    used 8593K, committed 8768K, reserved 1048576K
}
Event: 11.581 GC heap after
{Heap after GC invocations=16 (full 0):
 garbage-first heap   total 81920K, used 29325K [0x0000000700e00000, 0x0000000800000000)
  region size 2048K, 3 young (6144K), 3 survivors (6144K)
 Metaspace       used 64198K, committed 64576K, reserved 1105920K
  class space    used 8593K, committed 8768K, reserved 1048576K
}
Event: 14.221 GC heap before
{Heap before GC invocations=16 (full 0):
 garbage-first heap   total 81920K, used 31373K [0x0000000700e00000, 0x0000000800000000)
  region size 2048K, 4 young (8192K), 3 survivors (6144K)
 Metaspace       used 64582K, committed 64960K, reserved 1105920K
  class space    used 8641K, committed 8832K, reserved 1048576K
}
Event: 14.225 GC heap after
{Heap after GC invocations=17 (full 0):
 garbage-first heap   total 81920K, used 30000K [0x0000000700e00000, 0x0000000800000000)
  region size 2048K, 1 young (2048K), 1 survivors (2048K)
 Metaspace       used 64582K, committed 64960K, reserved 1105920K
  class space    used 8641K, committed 8832K, reserved 1048576K
}

Deoptimization events (20 events):
Event: 16.403 Thread 0x0000012630a5f560 DEOPT PACKING pc=0x00000126127c2dc2 sp=0x000000169d0fb860
Event: 16.403 Thread 0x0000012630a5f560 DEOPT UNPACKING pc=0x0000012611842b43 sp=0x000000169d0facf8 mode 0
Event: 16.403 Thread 0x0000012630a5f560 DEOPT PACKING pc=0x00000126127c2dc2 sp=0x000000169d0fb860
Event: 16.403 Thread 0x0000012630a5f560 DEOPT UNPACKING pc=0x0000012611842b43 sp=0x000000169d0facf8 mode 0
Event: 16.404 Thread 0x0000012630a5f560 DEOPT PACKING pc=0x00000126127c2dc2 sp=0x000000169d0fb860
Event: 16.404 Thread 0x0000012630a5f560 DEOPT UNPACKING pc=0x0000012611842b43 sp=0x000000169d0facf8 mode 0
Event: 16.448 Thread 0x0000012630a5f560 Uncommon trap: trap_request=0xffffff45 fr.pc=0x000001261967bc74 relative=0x0000000000000154
Event: 16.448 Thread 0x0000012630a5f560 Uncommon trap: reason=unstable_if action=reinterpret pc=0x000001261967bc74 method=org.apache.tomcat.util.http.fileupload.MultipartStream.findSeparator()I @ 55 c2
Event: 16.448 Thread 0x0000012630a5f560 DEOPT PACKING pc=0x000001261967bc74 sp=0x000000169d0fb8e0
Event: 16.448 Thread 0x0000012630a5f560 DEOPT UNPACKING pc=0x00000126118423a3 sp=0x000000169d0fb870 mode 2
Event: 16.537 Thread 0x0000012630a5f560 DEOPT PACKING pc=0x00000126124cff59 sp=0x000000169d0fa080
Event: 16.537 Thread 0x0000012630a5f560 DEOPT UNPACKING pc=0x0000012611842b43 sp=0x000000169d0f9590 mode 0
Event: 16.594 Thread 0x0000012630a5f560 Uncommon trap: trap_request=0xffffffde fr.pc=0x00000126195960f8 relative=0x0000000000000058
Event: 16.594 Thread 0x0000012630a5f560 Uncommon trap: reason=class_check action=maybe_recompile pc=0x00000126195960f8 method=java.lang.invoke.Invokers$Holder.linkToTargetMethod(Ljava/lang/Object;Ljava/lang/Object;Ljava/lang/Object;)Ljava/lang/Object; @ 1 c2
Event: 16.594 Thread 0x0000012630a5f560 DEOPT PACKING pc=0x00000126195960f8 sp=0x000000169d0faf30
Event: 16.594 Thread 0x0000012630a5f560 DEOPT UNPACKING pc=0x00000126118423a3 sp=0x000000169d0faeb8 mode 2
Event: 16.602 Thread 0x0000012630a5f560 Uncommon trap: trap_request=0xffffff45 fr.pc=0x00000126193a2ba4 relative=0x0000000000000084
Event: 16.602 Thread 0x0000012630a5f560 Uncommon trap: reason=unstable_if action=reinterpret pc=0x00000126193a2ba4 method=java.util.LinkedHashMap.afterNodeInsertion(Z)V @ 18 c2
Event: 16.602 Thread 0x0000012630a5f560 DEOPT PACKING pc=0x00000126193a2ba4 sp=0x000000169d0f9780
Event: 16.602 Thread 0x0000012630a5f560 DEOPT UNPACKING pc=0x00000126118423a3 sp=0x000000169d0f9700 mode 2

Classes unloaded (0 events):
No events

Classes redefined (0 events):
No events

Internal exceptions (20 events):
Event: 10.900 Thread 0x000001262dbf05b0 Exception <a 'java/lang/ClassNotFoundException'{0x0000000704d43850}: org/springframework/security/config/annotation/web/configuration/HttpSecurityConfigurationCustomizer> (0x0000000704d43850) 
thrown [t:\workspace\open\src\hotspot\share\classfile\systemDictionary.cpp, line 256]
Event: 10.916 Thread 0x000001262dbf05b0 Exception <a 'java/lang/NoSuchMethodError'{0x0000000704dc7460}: 'java.lang.Object java.lang.invoke.DirectMethodHandle$Holder.invokeInterface(java.lang.Object, java.lang.Object, java.lang.Object, java.lang.Object)'> (0x0000000704dc7460) 
thrown [t:\workspace\open\src\hotspot\share\interpreter\linkResolver.cpp, line 766]
Event: 10.962 Thread 0x000001262dbf05b0 Exception <a 'java/lang/NoSuchMethodError'{0x0000000704bdb920}: 'void java.lang.invoke.DirectMethodHandle$Holder.invokeVirtual(java.lang.Object, java.lang.Object, int)'> (0x0000000704bdb920) 
thrown [t:\workspace\open\src\hotspot\share\interpreter\linkResolver.cpp, line 766]
Event: 10.964 Thread 0x000001262dbf05b0 Exception <a 'java/lang/NoSuchMethodError'{0x0000000704bf62d0}: 'void java.lang.invoke.DirectMethodHandle$Holder.invokeVirtual(java.lang.Object, java.lang.Object, long)'> (0x0000000704bf62d0) 
thrown [t:\workspace\open\src\hotspot\share\interpreter\linkResolver.cpp, line 766]
Event: 11.042 Thread 0x000001262dbf05b0 Exception <a 'java/lang/NoSuchMethodError'{0x00000007047fae20}: 'int java.lang.invoke.DirectMethodHandle$Holder.invokeStaticInit(java.lang.Object, java.lang.Object, java.lang.Object, java.lang.Object)'> (0x00000007047fae20) 
thrown [t:\workspace\open\src\hotspot\share\interpreter\linkResolver.cpp, line 766]
Event: 11.185 Thread 0x000001262dbf05b0 Exception <a 'java/lang/NoSuchMethodError'{0x0000000703a9a168}: 'java.lang.Object java.lang.invoke.DirectMethodHandle$Holder.invokeSpecial(java.lang.Object, java.lang.Object, int, java.lang.Object, int, java.lang.Object)'> (0x0000000703a9a168) 
thrown [t:\workspace\open\src\hotspot\share\interpreter\linkResolver.cpp, line 766]
Event: 11.186 Thread 0x000001262dbf05b0 Exception <a 'java/lang/NoSuchMethodError'{0x0000000703aa2210}: 'java.lang.Object java.lang.invoke.DirectMethodHandle$Holder.newInvokeSpecial(java.lang.Object, java.lang.Object, int, java.lang.Object, int)'> (0x0000000703aa2210) 
thrown [t:\workspace\open\src\hotspot\share\interpreter\linkResolver.cpp, line 766]
Event: 11.186 Thread 0x000001262dbf05b0 Exception <a 'java/lang/NoSuchMethodError'{0x0000000703aa6310}: 'java.lang.Object java.lang.invoke.DirectMethodHandle$Holder.invokeSpecial(java.lang.Object, java.lang.Object, java.lang.Object, int, java.lang.Object, int)'> (0x0000000703aa6310) 
thrown [t:\workspace\open\src\hotspot\share\interpreter\linkResolver.cpp, line 766]
Event: 11.187 Thread 0x000001262dbf05b0 Exception <a 'java/lang/NoSuchMethodError'{0x0000000703ab06f0}: 'void java.lang.invoke.DirectMethodHandle$Holder.invokeVirtual(java.lang.Object, java.lang.Object)'> (0x0000000703ab06f0) 
thrown [t:\workspace\open\src\hotspot\share\interpreter\linkResolver.cpp, line 766]
Event: 11.316 Thread 0x000001262dbf05b0 Exception <a 'java/lang/ClassNotFoundException'{0x0000000703963960}: java/lang/ObjectCustomizer> (0x0000000703963960) 
thrown [t:\workspace\open\src\hotspot\share\classfile\systemDictionary.cpp, line 256]
Event: 11.317 Thread 0x000001262dbf05b0 Exception <a 'java/lang/ClassNotFoundException'{0x000000070396da30}: com/backend/backend/Data/RoleCustomizer> (0x000000070396da30) 
thrown [t:\workspace\open\src\hotspot\share\classfile\systemDictionary.cpp, line 256]
Event: 11.554 Thread 0x000001262dbf05b0 Exception <a 'java/lang/ClassNotFoundException'{0x0000000703795170}: java/lang/ObjectCustomizer> (0x0000000703795170) 
thrown [t:\workspace\open\src\hotspot\share\classfile\systemDictionary.cpp, line 256]
Event: 11.555 Thread 0x000001262dbf05b0 Exception <a 'java/lang/ClassNotFoundException'{0x000000070379f240}: com/backend/backend/Data/UserCustomizer> (0x000000070379f240) 
thrown [t:\workspace\open\src\hotspot\share\classfile\systemDictionary.cpp, line 256]
Event: 16.027 Thread 0x0000012630a5f560 Exception <a 'sun/nio/fs/WindowsException'{0x0000000705434ab0}> (0x0000000705434ab0) 
thrown [t:\workspace\open\src\hotspot\share\prims\jni.cpp, line 516]
Event: 16.323 Thread 0x0000012630a5f560 Exception <a 'java/lang/NoSuchMethodError'{0x0000000704e5e638}: 'java.lang.Object java.lang.invoke.DirectMethodHandle$Holder.invokeStaticInit(java.lang.Object, java.lang.Object, java.lang.Object, java.lang.Object, java.lang.Object, java.lang.Object)'> (0x0000000704e5e638) 
thrown [t:\workspace\open\src\hotspot\share\interpreter\linkResolver.cpp, line 766]
Event: 16.559 Thread 0x0000012630a5f560 Exception <a 'java/lang/NoSuchMethodError'{0x0000000704afb690}: 'java.lang.Object java.lang.invoke.DirectMethodHandle$Holder.invokeStatic(java.lang.Object, int, java.lang.Object)'> (0x0000000704afb690) 
thrown [t:\workspace\open\src\hotspot\share\interpreter\linkResolver.cpp, line 766]
Event: 16.581 Thread 0x0000012630a5f560 Exception <a 'java/lang/ClassNotFoundException'{0x0000000704b175f8}: java/lang/ObjectCustomizer> (0x0000000704b175f8) 
thrown [t:\workspace\open\src\hotspot\share\classfile\systemDictionary.cpp, line 256]
Event: 16.586 Thread 0x0000012630a5f560 Exception <a 'java/lang/ClassNotFoundException'{0x0000000704b26ee8}: com/backend/backend/Data/CaffCustomizer> (0x0000000704b26ee8) 
thrown [t:\workspace\open\src\hotspot\share\classfile\systemDictionary.cpp, line 256]
Event: 16.596 Thread 0x0000012630a5f560 Exception <a 'java/lang/ClassNotFoundException'{0x0000000704b63c48}: java/lang/ObjectCustomizer> (0x0000000704b63c48) 
thrown [t:\workspace\open\src\hotspot\share\classfile\systemDictionary.cpp, line 256]
Event: 16.601 Thread 0x0000012630a5f560 Exception <a 'java/lang/ClassNotFoundException'{0x0000000704b72a38}: com/backend/backend/Data/LogCustomizer> (0x0000000704b72a38) 
thrown [t:\workspace\open\src\hotspot\share\classfile\systemDictionary.cpp, line 256]

VM Operations (20 events):
Event: 12.582 Executing VM operation: Cleanup
Event: 12.582 Executing VM operation: Cleanup done
Event: 14.221 Executing VM operation: G1CollectForAllocation
Event: 14.225 Executing VM operation: G1CollectForAllocation done
Event: 15.923 Executing VM operation: HandshakeAllThreads
Event: 15.923 Executing VM operation: HandshakeAllThreads done
Event: 15.923 Executing VM operation: Cleanup
Event: 15.923 Executing VM operation: Cleanup done
Event: 15.949 Executing VM operation: HandshakeAllThreads
Event: 15.949 Executing VM operation: HandshakeAllThreads done
Event: 16.028 Executing VM operation: HandshakeAllThreads
Event: 16.028 Executing VM operation: HandshakeAllThreads done
Event: 16.034 Executing VM operation: HandshakeAllThreads
Event: 16.034 Executing VM operation: HandshakeAllThreads done
Event: 16.472 Executing VM operation: HandshakeAllThreads
Event: 16.472 Executing VM operation: HandshakeAllThreads done
Event: 16.609 Executing VM operation: HandshakeAllThreads
Event: 16.609 Executing VM operation: HandshakeAllThreads done
Event: 17.624 Executing VM operation: Cleanup
Event: 17.624 Executing VM operation: Cleanup done

Events (20 events):
Event: 16.561 loading class java/time/format/DateTimeFormatterBuilder$ReducedPrinterParser done
Event: 16.580 loading class java/lang/ObjectCustomizer
Event: 16.580 loading class java/lang/ObjectCustomizer done
Event: 16.581 loading class java/lang/ObjectCustomizer
Event: 16.581 loading class java/lang/ObjectCustomizer done
Event: 16.595 loading class java/lang/ObjectCustomizer
Event: 16.595 loading class java/lang/ObjectCustomizer done
Event: 16.596 loading class java/lang/ObjectCustomizer
Event: 16.596 loading class java/lang/ObjectCustomizer done
Event: 16.607 loading class java/time/format/DateTimeFormatterBuilder$ZoneTextPrinterParser
Event: 16.607 loading class java/time/format/DateTimeFormatterBuilder$ZoneTextPrinterParser done
Event: 16.642 loading class sun/nio/cs/ISO_8859_1$Encoder
Event: 16.642 loading class sun/nio/cs/ISO_8859_1$Encoder done
Event: 16.643 loading class sun/nio/cs/Surrogate$Parser
Event: 16.643 loading class sun/nio/cs/Surrogate$Parser done
Event: 16.643 loading class sun/nio/cs/Surrogate
Event: 16.643 loading class sun/nio/cs/Surrogate done
Event: 16.903 Thread 0x0000012630109130 Thread exited: 0x0000012630109130
Event: 19.049 Thread 0x000001262e52deb0 Thread added: 0x000001262e52deb0
Event: 19.081 Loaded shared library E:\SzamBiztHF\backend\backend\jni-library\build\libs\main\jni-library.dll


Dynamic libraries:
0x00007ff644670000 - 0x00007ff64467e000 	C:\Users\Bence\.jdks\openjdk-17\bin\java.exe
0x00007ffc7e130000 - 0x00007ffc7e325000 	C:\WINDOWS\SYSTEM32\ntdll.dll
0x00007ffc62900000 - 0x00007ffc62916000 	C:\Program Files\AVG\Antivirus\aswhook.dll
0x00007ffc7c480000 - 0x00007ffc7c53e000 	C:\WINDOWS\System32\KERNEL32.DLL
0x00007ffc7bc00000 - 0x00007ffc7bec8000 	C:\WINDOWS\System32\KERNELBASE.dll
0x00007ffc7bfe0000 - 0x00007ffc7c0e0000 	C:\WINDOWS\System32\ucrtbase.dll
0x00007ffc77070000 - 0x00007ffc77088000 	C:\Users\Bence\.jdks\openjdk-17\bin\jli.dll
0x00007ffc76d70000 - 0x00007ffc76d8a000 	C:\Users\Bence\.jdks\openjdk-17\bin\VCRUNTIME140.dll
0x00007ffc7de90000 - 0x00007ffc7e031000 	C:\WINDOWS\System32\USER32.dll
0x00007ffc7bae0000 - 0x00007ffc7bb02000 	C:\WINDOWS\System32\win32u.dll
0x00007ffc6ab40000 - 0x00007ffc6adda000 	C:\WINDOWS\WinSxS\amd64_microsoft.windows.common-controls_6595b64144ccf1df_6.0.19041.1110_none_60b5254171f9507e\COMCTL32.dll
0x00007ffc7db90000 - 0x00007ffc7dbbb000 	C:\WINDOWS\System32\GDI32.dll
0x00007ffc7da90000 - 0x00007ffc7db2e000 	C:\WINDOWS\System32\msvcrt.dll
0x00007ffc7bed0000 - 0x00007ffc7bfdb000 	C:\WINDOWS\System32\gdi32full.dll
0x00007ffc7c0e0000 - 0x00007ffc7c17d000 	C:\WINDOWS\System32\msvcp_win.dll
0x00007ffc7c3e0000 - 0x00007ffc7c410000 	C:\WINDOWS\System32\IMM32.DLL
0x00007ffc77590000 - 0x00007ffc7759c000 	C:\Users\Bence\.jdks\openjdk-17\bin\vcruntime140_1.dll
0x00007ffc57e30000 - 0x00007ffc57ebd000 	C:\Users\Bence\.jdks\openjdk-17\bin\msvcp140.dll
0x00007ffc0df20000 - 0x00007ffc0eade000 	C:\Users\Bence\.jdks\openjdk-17\bin\server\jvm.dll
0x00007ffc7e040000 - 0x00007ffc7e0ec000 	C:\WINDOWS\System32\ADVAPI32.dll
0x00007ffc7d0e0000 - 0x00007ffc7d17b000 	C:\WINDOWS\System32\sechost.dll
0x00007ffc7d820000 - 0x00007ffc7d94a000 	C:\WINDOWS\System32\RPCRT4.dll
0x00007ffc7c470000 - 0x00007ffc7c478000 	C:\WINDOWS\System32\PSAPI.DLL
0x00007ffc71f90000 - 0x00007ffc71f99000 	C:\WINDOWS\SYSTEM32\WSOCK32.dll
0x00007ffc6f940000 - 0x00007ffc6f967000 	C:\WINDOWS\SYSTEM32\WINMM.dll
0x00007ffc75fa0000 - 0x00007ffc75faa000 	C:\WINDOWS\SYSTEM32\VERSION.dll
0x00007ffc7de20000 - 0x00007ffc7de8b000 	C:\WINDOWS\System32\WS2_32.dll
0x00007ffc7a0f0000 - 0x00007ffc7a102000 	C:\WINDOWS\SYSTEM32\kernel.appcore.dll
0x00007ffc76da0000 - 0x00007ffc76daa000 	C:\Users\Bence\.jdks\openjdk-17\bin\jimage.dll
0x00007ffc74fd0000 - 0x00007ffc751b4000 	C:\WINDOWS\SYSTEM32\DBGHELP.DLL
0x00007ffc74c50000 - 0x00007ffc74c7c000 	C:\WINDOWS\SYSTEM32\dbgcore.DLL
0x00007ffc7bb70000 - 0x00007ffc7bbf3000 	C:\WINDOWS\System32\bcryptPrimitives.dll
0x00007ffc6bdb0000 - 0x00007ffc6bdd5000 	C:\Users\Bence\.jdks\openjdk-17\bin\java.dll
0x00007ffc56120000 - 0x00007ffc561f6000 	C:\Users\Bence\.jdks\openjdk-17\bin\svml.dll
0x00007ffc7c920000 - 0x00007ffc7d05f000 	C:\WINDOWS\System32\SHELL32.dll
0x00007ffc79930000 - 0x00007ffc7a0c0000 	C:\WINDOWS\SYSTEM32\windows.storage.dll
0x00007ffc7c540000 - 0x00007ffc7c895000 	C:\WINDOWS\System32\combase.dll
0x00007ffc7b2a0000 - 0x00007ffc7b2ce000 	C:\WINDOWS\SYSTEM32\Wldp.dll
0x00007ffc7d950000 - 0x00007ffc7d9fd000 	C:\WINDOWS\System32\SHCORE.dll
0x00007ffc7dbc0000 - 0x00007ffc7dc15000 	C:\WINDOWS\System32\shlwapi.dll
0x00007ffc7b790000 - 0x00007ffc7b7af000 	C:\WINDOWS\SYSTEM32\profapi.dll
0x00007ffc716d0000 - 0x00007ffc716e9000 	C:\Users\Bence\.jdks\openjdk-17\bin\net.dll
0x00007ffc73710000 - 0x00007ffc7381c000 	C:\WINDOWS\SYSTEM32\WINHTTP.dll
0x00007ffc7b000000 - 0x00007ffc7b06a000 	C:\WINDOWS\system32\mswsock.dll
0x00007ffc6fdd0000 - 0x00007ffc6fde5000 	C:\Users\Bence\.jdks\openjdk-17\bin\nio.dll
0x00007ffc6fd80000 - 0x00007ffc6fd98000 	C:\Users\Bence\.jdks\openjdk-17\bin\zip.dll
0x00007ffc721b0000 - 0x00007ffc721c0000 	C:\Users\Bence\.jdks\openjdk-17\bin\verify.dll
0x00007ffc72110000 - 0x00007ffc72119000 	C:\Users\Bence\.jdks\openjdk-17\bin\management.dll
0x00007ffc716a0000 - 0x00007ffc716ab000 	C:\Users\Bence\.jdks\openjdk-17\bin\management_ext.dll
0x00007ffc687a0000 - 0x00007ffc687b7000 	C:\WINDOWS\system32\napinsp.dll
0x00007ffc68780000 - 0x00007ffc6879b000 	C:\WINDOWS\system32\pnrpnsp.dll
0x00007ffc68760000 - 0x00007ffc68775000 	C:\WINDOWS\system32\wshbth.dll
0x00007ffc77450000 - 0x00007ffc7746d000 	C:\WINDOWS\system32\NLAapi.dll
0x00007ffc7aca0000 - 0x00007ffc7acdb000 	C:\WINDOWS\SYSTEM32\IPHLPAPI.DLL
0x00007ffc7acf0000 - 0x00007ffc7adbb000 	C:\WINDOWS\SYSTEM32\DNSAPI.dll
0x00007ffc7d260000 - 0x00007ffc7d268000 	C:\WINDOWS\System32\NSI.dll
0x00007ffc68740000 - 0x00007ffc68752000 	C:\WINDOWS\System32\winrnr.dll
0x00007ffc73630000 - 0x00007ffc7363a000 	C:\Windows\System32\rasadhlp.dll
0x00007ffc73550000 - 0x00007ffc735cf000 	C:\WINDOWS\System32\fwpuclnt.dll
0x00007ffc7bab0000 - 0x00007ffc7bad7000 	C:\WINDOWS\System32\bcrypt.dll
0x00007ffc7b1f0000 - 0x00007ffc7b208000 	C:\WINDOWS\SYSTEM32\CRYPTSP.dll
0x00007ffc7a910000 - 0x00007ffc7a944000 	C:\WINDOWS\system32\rsaenh.dll
0x00007ffc7b750000 - 0x00007ffc7b77e000 	C:\WINDOWS\SYSTEM32\USERENV.dll
0x00007ffc7b210000 - 0x00007ffc7b21c000 	C:\WINDOWS\SYSTEM32\CRYPTBASE.dll
0x00007ffc76300000 - 0x00007ffc76317000 	C:\WINDOWS\SYSTEM32\dhcpcsvc6.DLL
0x00007ffc75d90000 - 0x00007ffc75dad000 	C:\WINDOWS\SYSTEM32\dhcpcsvc.DLL
0x00007ffc709f0000 - 0x00007ffc709fe000 	C:\Users\Bence\.jdks\openjdk-17\bin\sunmscapi.dll
0x00007ffc7b900000 - 0x00007ffc7ba56000 	C:\WINDOWS\System32\CRYPT32.dll
0x00007ffc7b310000 - 0x00007ffc7b337000 	C:\WINDOWS\SYSTEM32\ncrypt.dll
0x00007ffc7b2d0000 - 0x00007ffc7b30b000 	C:\WINDOWS\SYSTEM32\NTASN1.dll
0x00007ffc6fc30000 - 0x00007ffc6fc37000 	C:\WINDOWS\system32\wshunix.dll
0x00007ffc7a540000 - 0x00007ffc7a573000 	C:\WINDOWS\SYSTEM32\ntmarta.dll
0x00007ffc4bc10000 - 0x00007ffc4bc5b000 	E:\SzamBiztHF\backend\backend\jni-library\build\libs\main\jni-library.dll

dbghelp: loaded successfully - version: 4.0.5 - missing functions: none
symbol engine: initialized successfully - sym options: 0x614 - pdb path: .;C:\Users\Bence\.jdks\openjdk-17\bin;C:\WINDOWS\SYSTEM32;C:\Program Files\AVG\Antivirus;C:\WINDOWS\WinSxS\amd64_microsoft.windows.common-controls_6595b64144ccf1df_6.0.19041.1110_none_60b5254171f9507e;C:\Users\Bence\.jdks\openjdk-17\bin\server;E:\SzamBiztHF\backend\backend\jni-library\build\libs\main

VM Arguments:
jvm_args: -Djava.library.path=e:\SzamBiztHF\backend\backend\jni-library\build\libs\main -Dfile.encoding=windows-1250 -Duser.country=US -Duser.language=en -Duser.variant 
java_command: com.backend.backend.BackendApplication
java_class_path (initial): E:\SzamBiztHF\backend\backend\build\classes\java\main;E:\SzamBiztHF\backend\backend\build\resources\main;C:\Users\Bence\.gradle\caches\modules-2\files-2.1\org.springframework.boot\spring-boot-devtools\2.5.5\cd4c92b6039cad49b9586b668e905e430d3b3dac\spring-boot-devtools-2.5.5.jar;C:\Users\Bence\.gradle\caches\modules-2\files-2.1\org.springframework.boot\spring-boot-starter-data-jpa\2.5.5\5ec66dab8ad9dead3322e21d1bfafe29da89f360\spring-boot-starter-data-jpa-2.5.5.jar;C:\Users\Bence\.gradle\caches\modules-2\files-2.1\org.springframework.boot\spring-boot-starter-web\2.5.5\c09bf133d22c865d6ce4d67ff48aece7ff1defb1\spring-boot-starter-web-2.5.5.jar;C:\Users\Bence\.gradle\caches\modules-2\files-2.1\io.jsonwebtoken\jjwt-jackson\0.11.0\5e75dd9141e269f1a7dae24343664002ea7f9c62\jjwt-jackson-0.11.0.jar;C:\Users\Bence\.gradle\caches\modules-2\files-2.1\org.springframework.boot\spring-boot-starter-json\2.5.5\11923b2b5ca33c6c849952ed1bd47a77c9ec0a85\spring-boot-starter-json-2.5.5.jar;C:\Users\Bence\.gradle\caches\modules-2\files-2.1\com.fasterxml.jackson.datatype\jackson-datatype-jdk8\2.12.5\6b2f79547d217ad50dfc5b57af7444a3aa583b43\jackson-datatype-jdk8-2.12.5.jar;C:\Users\Bence\.gradle\caches\modules-2\files-2.1\com.fasterxml.jackson.datatype\jackson-datatype-jsr310\2.12.5\a0a9870b681a72789c5c6bdc380e45ab719c6aa3\jackson-datatype-jsr310-2.12.5.jar;C:\Users\Bence\.gradle\caches\modules-2\files-2.1\com.fasterxml.jackson.module\jackson-module-parameter-names\2.12.5\2c85c2036d0851425a260c01eb5f7ddbed1eeb00\jackson-module-parameter-names-2.12.5.jar;C:\Users\Bence\.gradle\caches\modules-2\files-2.1\com.fasterxml.jackson.core\jackson-databind\2.12.5\b064cf057f23d3d35390328c5030847efeffedde\jackson-databind-2.12.5.jar;C:\Users\Bence\.gradle\caches\modules-2\files-2.1\com.fasterxml.jackson.core\jackson-annotations\2.12.5\52d929d5bb21d0186fe24c09624cc3ee4bafc3b3\jackson-annotations-2.12.5.jar;C:\Users\Bence\.gradle\caches\modules-2\files-2.1\com.fasterxml.jackson
Launcher Type: SUN_STANDARD

[Global flags]
     intx CICompilerCount                          = 3                                         {product} {ergonomic}
     uint ConcGCThreads                            = 1                                         {product} {ergonomic}
     uint G1ConcRefinementThreads                  = 4                                         {product} {ergonomic}
   size_t G1HeapRegionSize                         = 2097152                                   {product} {ergonomic}
    uintx GCDrainStackTargetSize                   = 64                                        {product} {ergonomic}
   size_t InitialHeapSize                          = 268435456                                 {product} {ergonomic}
   size_t MarkStackSize                            = 4194304                                   {product} {ergonomic}
   size_t MaxHeapSize                              = 4280287232                                {product} {ergonomic}
   size_t MaxNewSize                               = 2566914048                                {product} {ergonomic}
   size_t MinHeapDeltaBytes                        = 2097152                                   {product} {ergonomic}
   size_t MinHeapSize                              = 8388608                                   {product} {ergonomic}
    uintx NonNMethodCodeHeapSize                   = 5832780                                {pd product} {ergonomic}
    uintx NonProfiledCodeHeapSize                  = 122912730                              {pd product} {ergonomic}
    uintx ProfiledCodeHeapSize                     = 122912730                              {pd product} {ergonomic}
    uintx ReservedCodeCacheSize                    = 251658240                              {pd product} {ergonomic}
     bool SegmentedCodeCache                       = true                                      {product} {ergonomic}
   size_t SoftMaxHeapSize                          = 4280287232                             {manageable} {ergonomic}
     bool UseCompressedClassPointers               = true                           {product lp64_product} {ergonomic}
     bool UseCompressedOops                        = true                           {product lp64_product} {ergonomic}
     bool UseG1GC                                  = true                                      {product} {ergonomic}
     bool UseLargePagesIndividualAllocation        = false                                  {pd product} {ergonomic}

Logging:
Log output configuration:
 #0: stdout all=warning uptime,level,tags
 #1: stderr all=off uptime,level,tags

Environment Variables:
JAVA_HOME=C:\Program Files\Java\jdk1.8.0_251
PATH=C:\Program Files\AdoptOpenJDK\jdk-15.0.2.7-hotspot\bin;C:\Program Files (x86)\Common Files\Oracle\Java\javapath;C:\WINDOWS\system32;C:\WINDOWS;C:\WINDOWS\System32\Wbem;C:\WINDOWS\System32\WindowsPowerShell\v1.0\;C:\Program Files (x86)\NVIDIA Corporation\PhysX\Common;C:\Program Files\dotnet\;C:\Program Files\Microsoft SQL Server\130\Tools\Binn\;C:\WINDOWS\System32\OpenSSH\;C:\Program Files\NVIDIA Corporation\NVIDIA NvDLISR;E:\Git\cmd;C:\WINDOWS\system32;C:\WINDOWS;C:\WINDOWS\System32\Wbem;C:\WINDOWS\System32\WindowsPowerShell\v1.0\;C:\WINDOWS\System32\OpenSSH\;C:\Program Files\Git\cmd;C:\Programs\apache-maven-3.6.3\bin;C:\Programs\protoc\bin;C:\Program Files\MySQL\MySQL Server 8.0\bin;C:\Program Files\Microsoft SQL Server\Client SDK\ODBC\170\Tools\Binn\;E:\python\Scripts\;E:\python\;C:\Users\Bence\AppData\Local\Microsoft\WindowsApps;C:\Users\Bence\.dotnet\tools;E:\PyCharm 2020.2.3\bin;;C:\Users\Bence\AppData\Local\Microsoft\WindowsApps;D:\IntelliJ IDEA Community Edition 2020.3.2\bin;;C:\Users\Bence\AppData\Local\Programs\Microsoft VS Code\bin;C:\Users\Bence\.dotnet\tools;
USERNAME=Bence
OS=Windows_NT
PROCESSOR_IDENTIFIER=Intel64 Family 6 Model 60 Stepping 3, GenuineIntel



---------------  S Y S T E M  ---------------

OS:
 Windows 10 , 64 bit Build 19041 (10.0.19041.1348)
OS uptime: 1 days 8:23 hours

CPU: total 4 (initial active 4) (4 cores per cpu, 1 threads per core) family 6 model 60 stepping 3 microcode 0x27, cx8, cmov, fxsr, mmx, sse, sse2, sse3, ssse3, sse4.1, sse4.2, popcnt, lzcnt, tsc, tscinvbit, avx, avx2, aes, erms, clmul, bmi1, bmi2, fma, vzeroupper, clflush

Memory: 4k page, system-wide physical 16322M (5968M free)
TotalPageFile size 25538M (AvailPageFile size 12201M)
current process WorkingSet (physical memory assigned to process): 255M, peak: 299M
current process commit charge ("private bytes"): 286M, peak: 397M

vm_info: OpenJDK 64-Bit Server VM (17+35-2724) for windows-amd64 JRE (17+35-2724), built on Aug  5 2021 23:26:02 by "mach5one" with MS VC++ 16.8 (VS2019)

END.
