#
# A fatal error has been detected by the Java Runtime Environment:
#
#  EXCEPTION_UNCAUGHT_CXX_EXCEPTION (0xe06d7363) at pc=0x00007ffc7bc34f69, pid=18816, tid=18728
#
# JRE version: OpenJDK Runtime Environment (17.0+35) (build 17+35-2724)
# Java VM: OpenJDK 64-Bit Server VM (17+35-2724, mixed mode, sharing, tiered, compressed oops, compressed class ptrs, g1 gc, windows-amd64)
# Problematic frame:
# C  [KERNELBASE.dll+0x34f69]
#
# No core dump will be written. Minidumps are not enabled by default on client versions of Windows
#
# If you would like to submit a bug report, please visit:
#   https://bugreport.java.com/bugreport/crash.jsp
# The crash happened outside the Java Virtual Machine in native code.
# See problematic frame for where to report the bug.
#

---------------  S U M M A R Y ------------

Command Line: -Djava.library.path=E:\SzamBiztHF\backend\backend\jni-library\build\libs\main -Dfile.encoding=windows-1250 -Duser.country=US -Duser.language=en -Duser.variant com.backend.backend.BackendApplication

Host: Intel(R) Core(TM) i5-4590 CPU @ 3.30GHz, 4 cores, 15G,  Windows 10 , 64 bit Build 19041 (10.0.19041.1348)
Time: Sat Nov 27 17:32:31 2021 Central Europe Standard Time elapsed time: 13.039343 seconds (0d 0h 0m 13s)

---------------  T H R E A D  ---------------

Current thread (0x000001e0f7cb6250):  JavaThread "http-nio-8080-exec-3" daemon [_thread_in_native, id=18728, stack(0x00000012fbb00000,0x00000012fbc00000)]

Stack: [0x00000012fbb00000,0x00000012fbc00000],  sp=0x00000012fbbfaea0,  free space=1003k
Native frames: (J=compiled Java code, j=interpreted, Vv=VM code, C=native code)
C  [KERNELBASE.dll+0x34f69]
C  [jni-library.dll+0xf8f0]

Java frames: (J=compiled Java code, j=interpreted, Vv=VM code)
j  com.narcano.jni.CaffParser.CallParser(Ljava/lang/String;)[Lcom/narcano/jni/CIFF;+0
j  com.backend.backend.Controller.CaffController.getAllCaff()Lorg/springframework/http/ResponseEntity;+54
j  com.backend.backend.Controller.CaffController$$FastClassBySpringCGLIB$$5be4e08b.invoke(ILjava/lang/Object;[Ljava/lang/Object;)Ljava/lang/Object;+108
j  org.springframework.cglib.proxy.MethodProxy.invoke(Ljava/lang/Object;[Ljava/lang/Object;)Ljava/lang/Object;+19
j  org.springframework.aop.framework.CglibAopProxy$CglibMethodInvocation.invokeJoinpoint()Ljava/lang/Object;+19
j  org.springframework.aop.framework.ReflectiveMethodInvocation.proceed()Ljava/lang/Object;+19
j  org.springframework.aop.framework.CglibAopProxy$CglibMethodInvocation.proceed()Ljava/lang/Object;+1
j  org.springframework.security.access.intercept.aopalliance.MethodSecurityInterceptor.invoke(Lorg/aopalliance/intercept/MethodInvocation;)Ljava/lang/Object;+7
j  org.springframework.aop.framework.ReflectiveMethodInvocation.proceed()Ljava/lang/Object;+120
j  org.springframework.aop.framework.CglibAopProxy$CglibMethodInvocation.proceed()Ljava/lang/Object;+1
j  org.springframework.aop.framework.CglibAopProxy$DynamicAdvisedInterceptor.intercept(Ljava/lang/Object;Ljava/lang/reflect/Method;[Ljava/lang/Object;Lorg/springframework/cglib/proxy/MethodProxy;)Ljava/lang/Object;+133
j  com.backend.backend.Controller.CaffController$$EnhancerBySpringCGLIB$$a00f93d0.getAllCaff()Lorg/springframework/http/ResponseEntity;+31
v  ~StubRoutines::call_stub
J 2734  jdk.internal.reflect.NativeMethodAccessorImpl.invoke0(Ljava/lang/reflect/Method;Ljava/lang/Object;[Ljava/lang/Object;)Ljava/lang/Object; java.base@17 (0 bytes) @ 0x000001e0e14b27a7 [0x000001e0e14b2720+0x0000000000000087]
J 2733 c1 jdk.internal.reflect.NativeMethodAccessorImpl.invoke(Ljava/lang/Object;[Ljava/lang/Object;)Ljava/lang/Object; java.base@17 (137 bytes) @ 0x000001e0da3c286c [0x000001e0da3c1e60+0x0000000000000a0c]
J 4780 c2 java.lang.reflect.Method.invoke(Ljava/lang/Object;[Ljava/lang/Object;)Ljava/lang/Object; java.base@17 (65 bytes) @ 0x000001e0e138ae94 [0x000001e0e138ac00+0x0000000000000294]
j  org.springframework.web.method.support.InvocableHandlerMethod.doInvoke([Ljava/lang/Object;)Ljava/lang/Object;+28
j  org.springframework.web.method.support.InvocableHandlerMethod.invokeForRequest(Lorg/springframework/web/context/request/NativeWebRequest;Lorg/springframework/web/method/support/ModelAndViewContainer;[Ljava/lang/Object;)Ljava/lang/Object;+54
j  org.springframework.web.servlet.mvc.method.annotation.ServletInvocableHandlerMethod.invokeAndHandle(Lorg/springframework/web/context/request/ServletWebRequest;Lorg/springframework/web/method/support/ModelAndViewContainer;[Ljava/lang/Object;)V+4
j  org.springframework.web.servlet.mvc.method.annotation.RequestMappingHandlerAdapter.invokeHandlerMethod(Ljavax/servlet/http/HttpServletRequest;Ljavax/servlet/http/HttpServletResponse;Lorg/springframework/web/method/HandlerMethod;)Lorg/springframework/web/servlet/ModelAndView;+244
j  org.springframework.web.servlet.mvc.method.annotation.RequestMappingHandlerAdapter.handleInternal(Ljavax/servlet/http/HttpServletRequest;Ljavax/servlet/http/HttpServletResponse;Lorg/springframework/web/method/HandlerMethod;)Lorg/springframework/web/servlet/ModelAndView;+81
j  org.springframework.web.servlet.mvc.method.AbstractHandlerMethodAdapter.handle(Ljavax/servlet/http/HttpServletRequest;Ljavax/servlet/http/HttpServletResponse;Ljava/lang/Object;)Lorg/springframework/web/servlet/ModelAndView;+7
j  org.springframework.web.servlet.DispatcherServlet.doDispatch(Ljavax/servlet/http/HttpServletRequest;Ljavax/servlet/http/HttpServletResponse;)V+259
j  org.springframework.web.servlet.DispatcherServlet.doService(Ljavax/servlet/http/HttpServletRequest;Ljavax/servlet/http/HttpServletResponse;)V+241
j  org.springframework.web.servlet.FrameworkServlet.processRequest(Ljavax/servlet/http/HttpServletRequest;Ljavax/servlet/http/HttpServletResponse;)V+71
j  org.springframework.web.servlet.FrameworkServlet.doGet(Ljavax/servlet/http/HttpServletRequest;Ljavax/servlet/http/HttpServletResponse;)V+3
j  javax.servlet.http.HttpServlet.service(Ljavax/servlet/http/HttpServletRequest;Ljavax/servlet/http/HttpServletResponse;)V+35
j  org.springframework.web.servlet.FrameworkServlet.service(Ljavax/servlet/http/HttpServletRequest;Ljavax/servlet/http/HttpServletResponse;)V+33
j  javax.servlet.http.HttpServlet.service(Ljavax/servlet/ServletRequest;Ljavax/servlet/ServletResponse;)V+36
j  org.apache.catalina.core.ApplicationFilterChain.internalDoFilter(Ljavax/servlet/ServletRequest;Ljavax/servlet/ServletResponse;)V+304
j  org.apache.catalina.core.ApplicationFilterChain.doFilter(Ljavax/servlet/ServletRequest;Ljavax/servlet/ServletResponse;)V+99
j  org.apache.tomcat.websocket.server.WsFilter.doFilter(Ljavax/servlet/ServletRequest;Ljavax/servlet/ServletResponse;Ljavax/servlet/FilterChain;)V+21
j  org.apache.catalina.core.ApplicationFilterChain.internalDoFilter(Ljavax/servlet/ServletRequest;Ljavax/servlet/ServletResponse;)V+135
j  org.apache.catalina.core.ApplicationFilterChain.doFilter(Ljavax/servlet/ServletRequest;Ljavax/servlet/ServletResponse;)V+99
j  org.springframework.web.filter.OncePerRequestFilter.doFilter(Ljavax/servlet/ServletRequest;Ljavax/servlet/ServletResponse;Ljavax/servlet/FilterChain;)V+122
j  org.apache.catalina.core.ApplicationFilterChain.internalDoFilter(Ljavax/servlet/ServletRequest;Ljavax/servlet/ServletResponse;)V+135
j  org.apache.catalina.core.ApplicationFilterChain.doFilter(Ljavax/servlet/ServletRequest;Ljavax/servlet/ServletResponse;)V+99
j  org.springframework.security.web.FilterChainProxy$VirtualFilterChain.doFilter(Ljavax/servlet/ServletRequest;Ljavax/servlet/ServletResponse;)V+52
j  org.springframework.security.web.access.intercept.FilterSecurityInterceptor.invoke(Lorg/springframework/security/web/FilterInvocation;)V+79
j  org.springframework.security.web.access.intercept.FilterSecurityInterceptor.doFilter(Ljavax/servlet/ServletRequest;Ljavax/servlet/ServletResponse;Ljavax/servlet/FilterChain;)V+11
j  org.springframework.security.web.FilterChainProxy$VirtualFilterChain.doFilter(Ljavax/servlet/ServletRequest;Ljavax/servlet/ServletResponse;)V+136
j  org.springframework.security.web.access.ExceptionTranslationFilter.doFilter(Ljavax/servlet/http/HttpServletRequest;Ljavax/servlet/http/HttpServletResponse;Ljavax/servlet/FilterChain;)V+3
j  org.springframework.security.web.access.ExceptionTranslationFilter.doFilter(Ljavax/servlet/ServletRequest;Ljavax/servlet/ServletResponse;Ljavax/servlet/FilterChain;)V+10
j  org.springframework.security.web.FilterChainProxy$VirtualFilterChain.doFilter(Ljavax/servlet/ServletRequest;Ljavax/servlet/ServletResponse;)V+136
j  org.springframework.security.web.session.SessionManagementFilter.doFilter(Ljavax/servlet/http/HttpServletRequest;Ljavax/servlet/http/HttpServletResponse;Ljavax/servlet/FilterChain;)V+210
j  org.springframework.security.web.session.SessionManagementFilter.doFilter(Ljavax/servlet/ServletRequest;Ljavax/servlet/ServletResponse;Ljavax/servlet/FilterChain;)V+10
j  org.springframework.security.web.FilterChainProxy$VirtualFilterChain.doFilter(Ljavax/servlet/ServletRequest;Ljavax/servlet/ServletResponse;)V+136
j  org.springframework.security.web.authentication.AnonymousAuthenticationFilter.doFilter(Ljavax/servlet/ServletRequest;Ljavax/servlet/ServletResponse;Ljavax/servlet/FilterChain;)V+105
j  org.springframework.security.web.FilterChainProxy$VirtualFilterChain.doFilter(Ljavax/servlet/ServletRequest;Ljavax/servlet/ServletResponse;)V+136
j  org.springframework.security.web.servletapi.SecurityContextHolderAwareRequestFilter.doFilter(Ljavax/servlet/ServletRequest;Ljavax/servlet/ServletResponse;Ljavax/servlet/FilterChain;)V+19
j  org.springframework.security.web.FilterChainProxy$VirtualFilterChain.doFilter(Ljavax/servlet/ServletRequest;Ljavax/servlet/ServletResponse;)V+136
j  org.springframework.security.web.savedrequest.RequestCacheAwareFilter.doFilter(Ljavax/servlet/ServletRequest;Ljavax/servlet/ServletResponse;Ljavax/servlet/FilterChain;)V+32
j  org.springframework.security.web.FilterChainProxy$VirtualFilterChain.doFilter(Ljavax/servlet/ServletRequest;Ljavax/servlet/ServletResponse;)V+136
j  com.backend.backend.Security.Auth.AuthTokenFilter.doFilterInternal(Ljavax/servlet/http/HttpServletRequest;Ljavax/servlet/http/HttpServletResponse;Ljavax/servlet/FilterChain;)V+111
j  org.springframework.web.filter.OncePerRequestFilter.doFilter(Ljavax/servlet/ServletRequest;Ljavax/servlet/ServletResponse;Ljavax/servlet/FilterChain;)V+147
j  org.springframework.security.web.FilterChainProxy$VirtualFilterChain.doFilter(Ljavax/servlet/ServletRequest;Ljavax/servlet/ServletResponse;)V+136
j  org.springframework.security.web.authentication.logout.LogoutFilter.doFilter(Ljavax/servlet/http/HttpServletRequest;Ljavax/servlet/http/HttpServletResponse;Ljavax/servlet/FilterChain;)V+77
j  org.springframework.security.web.authentication.logout.LogoutFilter.doFilter(Ljavax/servlet/ServletRequest;Ljavax/servlet/ServletResponse;Ljavax/servlet/FilterChain;)V+10
j  org.springframework.security.web.FilterChainProxy$VirtualFilterChain.doFilter(Ljavax/servlet/ServletRequest;Ljavax/servlet/ServletResponse;)V+136
j  org.springframework.web.filter.CorsFilter.doFilterInternal(Ljavax/servlet/http/HttpServletRequest;Ljavax/servlet/http/HttpServletResponse;Ljavax/servlet/FilterChain;)V+43
j  org.springframework.web.filter.OncePerRequestFilter.doFilter(Ljavax/servlet/ServletRequest;Ljavax/servlet/ServletResponse;Ljavax/servlet/FilterChain;)V+147
j  org.springframework.security.web.FilterChainProxy$VirtualFilterChain.doFilter(Ljavax/servlet/ServletRequest;Ljavax/servlet/ServletResponse;)V+136
j  org.springframework.security.web.header.HeaderWriterFilter.doHeadersAfter(Ljavax/servlet/http/HttpServletRequest;Ljavax/servlet/http/HttpServletResponse;Ljavax/servlet/FilterChain;)V+29
j  org.springframework.security.web.header.HeaderWriterFilter.doFilterInternal(Ljavax/servlet/http/HttpServletRequest;Ljavax/servlet/http/HttpServletResponse;Ljavax/servlet/FilterChain;)V+21
j  org.springframework.web.filter.OncePerRequestFilter.doFilter(Ljavax/servlet/ServletRequest;Ljavax/servlet/ServletResponse;Ljavax/servlet/FilterChain;)V+147
j  org.springframework.security.web.FilterChainProxy$VirtualFilterChain.doFilter(Ljavax/servlet/ServletRequest;Ljavax/servlet/ServletResponse;)V+136
j  org.springframework.security.web.context.SecurityContextPersistenceFilter.doFilter(Ljavax/servlet/http/HttpServletRequest;Ljavax/servlet/http/HttpServletResponse;Ljavax/servlet/FilterChain;)V+181
j  org.springframework.security.web.context.SecurityContextPersistenceFilter.doFilter(Ljavax/servlet/ServletRequest;Ljavax/servlet/ServletResponse;Ljavax/servlet/FilterChain;)V+10
j  org.springframework.security.web.FilterChainProxy$VirtualFilterChain.doFilter(Ljavax/servlet/ServletRequest;Ljavax/servlet/ServletResponse;)V+136
j  org.springframework.security.web.context.request.async.WebAsyncManagerIntegrationFilter.doFilterInternal(Ljavax/servlet/http/HttpServletRequest;Ljavax/servlet/http/HttpServletResponse;Ljavax/servlet/FilterChain;)V+42
j  org.springframework.web.filter.OncePerRequestFilter.doFilter(Ljavax/servlet/ServletRequest;Ljavax/servlet/ServletResponse;Ljavax/servlet/FilterChain;)V+147
j  org.springframework.security.web.FilterChainProxy$VirtualFilterChain.doFilter(Ljavax/servlet/ServletRequest;Ljavax/servlet/ServletResponse;)V+136
j  org.springframework.security.web.FilterChainProxy.doFilterInternal(Ljavax/servlet/ServletRequest;Ljavax/servlet/ServletResponse;Ljavax/servlet/FilterChain;)V+148
j  org.springframework.security.web.FilterChainProxy.doFilter(Ljavax/servlet/ServletRequest;Ljavax/servlet/ServletResponse;Ljavax/servlet/FilterChain;)V+48
j  org.springframework.web.filter.DelegatingFilterProxy.invokeDelegate(Ljavax/servlet/Filter;Ljavax/servlet/ServletRequest;Ljavax/servlet/ServletResponse;Ljavax/servlet/FilterChain;)V+5
j  org.springframework.web.filter.DelegatingFilterProxy.doFilter(Ljavax/servlet/ServletRequest;Ljavax/servlet/ServletResponse;Ljavax/servlet/FilterChain;)V+85
j  org.apache.catalina.core.ApplicationFilterChain.internalDoFilter(Ljavax/servlet/ServletRequest;Ljavax/servlet/ServletResponse;)V+135
j  org.apache.catalina.core.ApplicationFilterChain.doFilter(Ljavax/servlet/ServletRequest;Ljavax/servlet/ServletResponse;)V+99
j  org.springframework.web.filter.RequestContextFilter.doFilterInternal(Ljavax/servlet/http/HttpServletRequest;Ljavax/servlet/http/HttpServletResponse;Ljavax/servlet/FilterChain;)V+21
j  org.springframework.web.filter.OncePerRequestFilter.doFilter(Ljavax/servlet/ServletRequest;Ljavax/servlet/ServletResponse;Ljavax/servlet/FilterChain;)V+147
j  org.apache.catalina.core.ApplicationFilterChain.internalDoFilter(Ljavax/servlet/ServletRequest;Ljavax/servlet/ServletResponse;)V+135
j  org.apache.catalina.core.ApplicationFilterChain.doFilter(Ljavax/servlet/ServletRequest;Ljavax/servlet/ServletResponse;)V+99
j  org.springframework.web.filter.FormContentFilter.doFilterInternal(Ljavax/servlet/http/HttpServletRequest;Ljavax/servlet/http/HttpServletResponse;Ljavax/servlet/FilterChain;)V+38
j  org.springframework.web.filter.OncePerRequestFilter.doFilter(Ljavax/servlet/ServletRequest;Ljavax/servlet/ServletResponse;Ljavax/servlet/FilterChain;)V+147
j  org.apache.catalina.core.ApplicationFilterChain.internalDoFilter(Ljavax/servlet/ServletRequest;Ljavax/servlet/ServletResponse;)V+135
j  org.apache.catalina.core.ApplicationFilterChain.doFilter(Ljavax/servlet/ServletRequest;Ljavax/servlet/ServletResponse;)V+99
j  org.springframework.web.filter.CharacterEncodingFilter.doFilterInternal(Ljavax/servlet/http/HttpServletRequest;Ljavax/servlet/http/HttpServletResponse;Ljavax/servlet/FilterChain;)V+53
j  org.springframework.web.filter.OncePerRequestFilter.doFilter(Ljavax/servlet/ServletRequest;Ljavax/servlet/ServletResponse;Ljavax/servlet/FilterChain;)V+147
j  org.apache.catalina.core.ApplicationFilterChain.internalDoFilter(Ljavax/servlet/ServletRequest;Ljavax/servlet/ServletResponse;)V+135
j  org.apache.catalina.core.ApplicationFilterChain.doFilter(Ljavax/servlet/ServletRequest;Ljavax/servlet/ServletResponse;)V+99
j  org.apache.catalina.core.StandardWrapperValve.invoke(Lorg/apache/catalina/connector/Request;Lorg/apache/catalina/connector/Response;)V+694
j  org.apache.catalina.core.StandardContextValve.invoke(Lorg/apache/catalina/connector/Request;Lorg/apache/catalina/connector/Response;)V+169
j  org.apache.catalina.authenticator.AuthenticatorBase.invoke(Lorg/apache/catalina/connector/Request;Lorg/apache/catalina/connector/Response;)V+260
j  org.apache.catalina.core.StandardHostValve.invoke(Lorg/apache/catalina/connector/Request;Lorg/apache/catalina/connector/Response;)V+128
j  org.apache.catalina.valves.ErrorReportValve.invoke(Lorg/apache/catalina/connector/Request;Lorg/apache/catalina/connector/Response;)V+6
j  org.apache.catalina.core.StandardEngineValve.invoke(Lorg/apache/catalina/connector/Request;Lorg/apache/catalina/connector/Response;)V+59
j  org.apache.catalina.connector.CoyoteAdapter.service(Lorg/apache/coyote/Request;Lorg/apache/coyote/Response;)V+199
j  org.apache.coyote.http11.Http11Processor.service(Lorg/apache/tomcat/util/net/SocketWrapperBase;)Lorg/apache/tomcat/util/net/AbstractEndpoint$Handler$SocketState;+737
j  org.apache.coyote.AbstractProcessorLight.process(Lorg/apache/tomcat/util/net/SocketWrapperBase;Lorg/apache/tomcat/util/net/SocketEvent;)Lorg/apache/tomcat/util/net/AbstractEndpoint$Handler$SocketState;+170
j  org.apache.coyote.AbstractProtocol$ConnectionHandler.process(Lorg/apache/tomcat/util/net/SocketWrapperBase;Lorg/apache/tomcat/util/net/SocketEvent;)Lorg/apache/tomcat/util/net/AbstractEndpoint$Handler$SocketState;+505
j  org.apache.tomcat.util.net.NioEndpoint$SocketProcessor.doRun()V+216
j  org.apache.tomcat.util.net.SocketProcessorBase.run()V+21
j  org.apache.tomcat.util.threads.ThreadPoolExecutor.runWorker(Lorg/apache/tomcat/util/threads/ThreadPoolExecutor$Worker;)V+92
j  org.apache.tomcat.util.threads.ThreadPoolExecutor$Worker.run()V+5
j  org.apache.tomcat.util.threads.TaskThread$WrappingRunnable.run()V+4
j  java.lang.Thread.run()V+11 java.base@17
v  ~StubRoutines::call_stub

siginfo: EXCEPTION_UNCAUGHT_CXX_EXCEPTION (0xe06d7363), ExceptionInformation=0x0000000019930520 0x00000012fbbfb228 0x00007ffc64231b70 0x00007ffc641f0000 


Register to memory mapping:

RIP=0x00007ffc7bc34f69 KERNELBASE.dll
RAX=0x000001e0fd241010 points into unknown readable memory: 0x9700fb0033000000 | 00 00 00 33 00 fb 00 97
RBX=0x00007ffc64231b70 jni-library.dll
RCX=0x000001e0fd241020 points into unknown readable memory: 0x000001e0fb984970 | 70 49 98 fb e0 01 00 00
RDX=0x0 is NULL
RSP=0x00000012fbbfaea0 is pointing into the stack for thread: 0x000001e0f7cb6250
RBP=0x00000012fbbfb660 is pointing into the stack for thread: 0x000001e0f7cb6250
RSI=0x00000012fbbfb228 is pointing into the stack for thread: 0x000001e0f7cb6250
RDI=0x0000000019930520 is an unknown value
R8 =0x000001e0cfeb0000 points into unknown readable memory: 0x0000000000000000 | 00 00 00 00 00 00 00 00
R9 =0x00000003007a0069 is an unknown value
R10=0x00610062005c0046 is an unknown value
R11=0x006e0065006b0063 is an unknown value
R12=0x0 is NULL
R13={method} {0x000001e0803caed8} 'CallParser' '(Ljava/lang/String;)[Lcom/narcano/jni/CIFF;' in 'com/narcano/jni/CaffParser'
R14=0x00000012fbbfb688 is pointing into the stack for thread: 0x000001e0f7cb6250
R15=0x000001e0f7cb6250 is a thread


Registers:
RAX=0x000001e0fd241010, RBX=0x00007ffc64231b70, RCX=0x000001e0fd241020, RDX=0x0000000000000000
RSP=0x00000012fbbfaea0, RBP=0x00000012fbbfb660, RSI=0x00000012fbbfb228, RDI=0x0000000019930520
R8 =0x000001e0cfeb0000, R9 =0x00000003007a0069, R10=0x00610062005c0046, R11=0x006e0065006b0063
R12=0x0000000000000000, R13=0x000001e0803caed0, R14=0x00000012fbbfb688, R15=0x000001e0f7cb6250
RIP=0x00007ffc7bc34f69, EFLAGS=0x0000000000000206

Top of Stack: (sp=0x00000012fbbfaea0)
0x00000012fbbfaea0:   000001e0f7cb6250 00007ffc64231b70
0x00000012fbbfaeb0:   00000012fbbfb228 0000000000000000
0x00000012fbbfaec0:   00000001e06d7363 0000000000000000
0x00000012fbbfaed0:   00007ffc7bc34f69 00007ffc00000004
0x00000012fbbfaee0:   0000000019930520 00000012fbbfb228
0x00000012fbbfaef0:   00007ffc64231b70 00007ffc641f0000
0x00000012fbbfaf00:   000001e0803caed0 0000000000000000
0x00000012fbbfaf10:   00000012fbbfb228 00000012fbbfb660
0x00000012fbbfaf20:   00000012fbbfafa0 00007ffc7e164a5f
0x00000012fbbfaf30:   0000000019930520 00007ffc00000000
0x00000012fbbfaf40:   000001e0803caed0 0000000000000000
0x00000012fbbfaf50:   00007ffc64236000 00007ffc641f0000
0x00000012fbbfaf60:   0000c37233ff59a5 00007ffc641f1601
0x00000012fbbfaf70:   00007ffc64231b70 00007ffc641ff8f0
0x00000012fbbfaf80:   00000012fbbfb228 00007ffc642207a8
0x00000012fbbfaf90:   00000012fbbfafc8 00007ffc641fb753 

Instructions: (pc=0x00007ffc7bc34f69)
0x00007ffc7bc34e69:   d8 21 00 00 41 0f 44 c0 89 43 24 8b 41 18 89 43
0x00007ffc7bc34e79:   28 65 48 8b 04 25 60 00 00 00 48 8b 48 20 39 79
0x00007ffc7bc34e89:   08 7c 36 41 b9 40 00 00 00 48 89 7c 24 20 4c 8d
0x00007ffc7bc34e99:   44 24 30 48 83 c9 ff 41 8d 51 e5 48 ff 15 6d 9d
0x00007ffc7bc34ea9:   18 00 0f 1f 44 00 00 85 c0 0f 88 7f ef 06 00 81
0x00007ffc7bc34eb9:   7c 24 54 33 00 03 00 72 0f 48 8b 9c 24 80 00 00
0x00007ffc7bc34ec9:   00 48 83 c4 70 5f c3 cc 89 7b 2c eb ec cc cc cc
0x00007ffc7bc34ed9:   cc cc cc cc cc cc cc 65 48 8b 04 25 30 00 00 00
0x00007ffc7bc34ee9:   8b 40 68 c3 cc cc cc cc cc cc cc cc cc cc cc cc
0x00007ffc7bc34ef9:   cc cc cc cc cc cc cc 48 81 ec d8 00 00 00 48 8b
0x00007ffc7bc34f09:   05 62 5f 25 00 48 33 c4 48 89 84 24 c0 00 00 00
0x00007ffc7bc34f19:   48 83 64 24 28 00 48 8d 05 da ff ff ff 83 e2 01
0x00007ffc7bc34f29:   89 4c 24 20 89 54 24 24 48 89 44 24 30 4d 85 c9
0x00007ffc7bc34f39:   74 4c b8 0f 00 00 00 48 8d 4c 24 40 44 3b c0 49
0x00007ffc7bc34f49:   8b d1 44 0f 47 c0 44 89 44 24 38 49 c1 e0 03 e8
0x00007ffc7bc34f59:   1a d5 05 00 48 8d 4c 24 20 48 ff 15 8f 9d 18 00
0x00007ffc7bc34f69:   0f 1f 44 00 00 48 8b 8c 24 c0 00 00 00 48 33 cc
0x00007ffc7bc34f79:   e8 52 97 05 00 48 81 c4 d8 00 00 00 c3 cc 83 64
0x00007ffc7bc34f89:   24 38 00 eb cf cc cc cc cc cc cc cc cc cc cc cc
0x00007ffc7bc34f99:   cc cc cc cc cc cc cc 40 53 48 83 ec 30 48 8b d1
0x00007ffc7bc34fa9:   48 8d 4c 24 20 e8 e5 cc ff ff 85 c0 74 26 48 8b
0x00007ffc7bc34fb9:   4c 24 28 e8 8f 6f ff ff 48 8d 4c 24 20 8b d8 48
0x00007ffc7bc34fc9:   ff 15 81 95 18 00 0f 1f 44 00 00 8b c3 48 83 c4
0x00007ffc7bc34fd9:   30 5b c3 cc 83 c8 ff eb f4 cc cc cc cc cc cc cc
0x00007ffc7bc34fe9:   cc cc cc cc cc cc cc 48 8b c4 48 89 58 10 48 89
0x00007ffc7bc34ff9:   70 18 57 48 83 ec 60 0f 57 c0 0f 11 40 b8 48 8d
0x00007ffc7bc35009:   35 a2 f5 18 00 33 db 48 85 c9 48 0f 45 f1 48 8b
0x00007ffc7bc35019:   d6 48 8d 48 c8 48 ff 15 b3 9b 18 00 0f 1f 44 00
0x00007ffc7bc35029:   00 8b f8 89 44 24 70 85 c0 78 1f 41 b0 01 48 8d
0x00007ffc7bc35039:   54 24 30 48 8d 4c 24 20 48 ff 15 30 95 18 00 0f
0x00007ffc7bc35049:   1f 44 00 00 8b f8 89 44 24 70 85 ff 0f 88 e9 ed
0x00007ffc7bc35059:   06 00 48 83 c8 ff 48 8b c8 48 ff c1 66 39 1c 4e 


Stack slot to memory mapping:
stack at sp + 0 slots: 0x000001e0f7cb6250 is a thread
stack at sp + 1 slots: 0x00007ffc64231b70 jni-library.dll
stack at sp + 2 slots: 0x00000012fbbfb228 is pointing into the stack for thread: 0x000001e0f7cb6250
stack at sp + 3 slots: 0x0 is NULL
stack at sp + 4 slots: 0x00000001e06d7363 is an unknown value
stack at sp + 5 slots: 0x0 is NULL
stack at sp + 6 slots: 0x00007ffc7bc34f69 KERNELBASE.dll
stack at sp + 7 slots: 0x00007ffc00000004 is an unknown value


---------------  P R O C E S S  ---------------

Threads class SMR info:
_java_thread_list=0x000001e0fbbe2400, length=23, elements={
0x000001e0f4521a70, 0x000001e0f45228e0, 0x000001e0f4536500, 0x000001e0f45370b0,
0x000001e0f4539c70, 0x000001e0f4542f50, 0x000001e0f4543ce0, 0x000001e0f454c790,
0x000001e0f5047ff0, 0x000001e0f5109200, 0x000001e0f5115b00, 0x000001e0f7cb58b0,
0x000001e0f7cb4f10, 0x000001e0f7cb5d80, 0x000001e0f7cb53e0, 0x000001e0f7cb88d0,
0x000001e0f7cb6720, 0x000001e0f7cb7a60, 0x000001e0f7cb7f30, 0x000001e0f7cb6bf0,
0x000001e0f7cb70c0, 0x000001e0f7cb8400, 0x000001e0f7cb6250
}

Java Threads: ( => current thread )
  0x000001e0f4521a70 JavaThread "Reference Handler" daemon [_thread_blocked, id=13968, stack(0x00000012faa00000,0x00000012fab00000)]
  0x000001e0f45228e0 JavaThread "Finalizer" daemon [_thread_blocked, id=16504, stack(0x00000012fab00000,0x00000012fac00000)]
  0x000001e0f4536500 JavaThread "Signal Dispatcher" daemon [_thread_blocked, id=17452, stack(0x00000012fac00000,0x00000012fad00000)]
  0x000001e0f45370b0 JavaThread "Attach Listener" daemon [_thread_blocked, id=13516, stack(0x00000012fad00000,0x00000012fae00000)]
  0x000001e0f4539c70 JavaThread "Service Thread" daemon [_thread_blocked, id=16952, stack(0x00000012fae00000,0x00000012faf00000)]
  0x000001e0f4542f50 JavaThread "Monitor Deflation Thread" daemon [_thread_blocked, id=15188, stack(0x00000012faf00000,0x00000012fb000000)]
  0x000001e0f4543ce0 JavaThread "C2 CompilerThread0" daemon [_thread_blocked, id=3920, stack(0x00000012fb000000,0x00000012fb100000)]
  0x000001e0f454c790 JavaThread "C1 CompilerThread0" daemon [_thread_blocked, id=17480, stack(0x00000012fb100000,0x00000012fb200000)]
  0x000001e0f5047ff0 JavaThread "Sweeper thread" daemon [_thread_blocked, id=18964, stack(0x00000012fb200000,0x00000012fb300000)]
  0x000001e0f5109200 JavaThread "Notification Thread" daemon [_thread_blocked, id=16280, stack(0x00000012fb300000,0x00000012fb400000)]
  0x000001e0f5115b00 JavaThread "Common-Cleaner" daemon [_thread_blocked, id=12128, stack(0x00000012fb500000,0x00000012fb600000)]
  0x000001e0f7cb58b0 JavaThread "HikariPool-1 housekeeper" daemon [_thread_blocked, id=13044, stack(0x00000012fbd00000,0x00000012fbe00000)]
  0x000001e0f7cb4f10 JavaThread "Catalina-utility-1" [_thread_blocked, id=6608, stack(0x00000012fbf00000,0x00000012fc000000)]
  0x000001e0f7cb5d80 JavaThread "Catalina-utility-2" [_thread_blocked, id=3940, stack(0x00000012fc000000,0x00000012fc100000)]
  0x000001e0f7cb53e0 JavaThread "container-0" [_thread_blocked, id=1560, stack(0x00000012fc100000,0x00000012fc200000)]
  0x000001e0f7cb88d0 JavaThread "File Watcher" daemon [_thread_blocked, id=13180, stack(0x00000012fc200000,0x00000012fc300000)]
  0x000001e0f7cb6720 JavaThread "Live Reload Server" daemon [_thread_in_native, id=9648, stack(0x00000012fc400000,0x00000012fc500000)]
  0x000001e0f7cb7a60 JavaThread "http-nio-8080-Poller" daemon [_thread_in_native, id=8680, stack(0x00000012fc300000,0x00000012fc400000)]
  0x000001e0f7cb7f30 JavaThread "http-nio-8080-Acceptor" daemon [_thread_in_native, id=18452, stack(0x00000012fc500000,0x00000012fc600000)]
  0x000001e0f7cb6bf0 JavaThread "DestroyJavaVM" [_thread_blocked, id=1036, stack(0x00000012fa300000,0x00000012fa400000)]
  0x000001e0f7cb70c0 JavaThread "http-nio-8080-exec-1" daemon [_thread_blocked, id=6768, stack(0x00000012fb600000,0x00000012fb700000)]
  0x000001e0f7cb8400 JavaThread "http-nio-8080-exec-2" daemon [_thread_blocked, id=1512, stack(0x00000012fba00000,0x00000012fbb00000)]
=>0x000001e0f7cb6250 JavaThread "http-nio-8080-exec-3" daemon [_thread_in_native, id=18728, stack(0x00000012fbb00000,0x00000012fbc00000)]

Other Threads:
  0x000001e0f451ba60 VMThread "VM Thread" [stack: 0x00000012fa900000,0x00000012faa00000] [id=2000]
  0x000001e0d2123e90 WatcherThread [stack: 0x00000012fb400000,0x00000012fb500000] [id=18976]
  0x000001e0d2109030 GCTaskThread "GC Thread#0" [stack: 0x00000012fa400000,0x00000012fa500000] [id=13236]
  0x000001e0f585f2c0 GCTaskThread "GC Thread#1" [stack: 0x00000012fb700000,0x00000012fb800000] [id=9524]
  0x000001e0f5481ed0 GCTaskThread "GC Thread#2" [stack: 0x00000012fb800000,0x00000012fb900000] [id=9692]
  0x000001e0f58c6fd0 GCTaskThread "GC Thread#3" [stack: 0x00000012fb900000,0x00000012fba00000] [id=17292]
  0x000001e0d2119f50 ConcurrentGCThread "G1 Main Marker" [stack: 0x00000012fa500000,0x00000012fa600000] [id=13812]
  0x000001e0d211b100 ConcurrentGCThread "G1 Conc#0" [stack: 0x00000012fa600000,0x00000012fa700000] [id=9996]
  0x000001e0d217e490 ConcurrentGCThread "G1 Refine#0" [stack: 0x00000012fa700000,0x00000012fa800000] [id=18824]
  0x000001e0f888c110 ConcurrentGCThread "G1 Refine#1" [stack: 0x00000012fbc00000,0x00000012fbd00000] [id=10060]
  0x000001e0f43d40d0 ConcurrentGCThread "G1 Service" [stack: 0x00000012fa800000,0x00000012fa900000] [id=6388]

Threads with active compile tasks:

VM state: not at safepoint (normal execution)

VM Mutex/Monitor currently owned by a thread: None

Heap address: 0x0000000700e00000, size: 4082 MB, Compressed Oops mode: Zero based, Oop shift amount: 3

CDS archive(s) mapped at: [0x0000000800000000-0x0000000800bc0000-0x0000000800bc0000), size 12320768, SharedBaseAddress: 0x0000000800000000, ArchiveRelocationMode: 0.
Compressed class space mapped at: 0x0000000800c00000-0x0000000840c00000, reserved size: 1073741824
Narrow klass base: 0x0000000800000000, Narrow klass shift: 0, Narrow klass range: 0x100000000

GC Precious Log:
 CPUs: 4 total, 4 available
 Memory: 16322M
 Large Page Support: Disabled
 NUMA Support: Disabled
 Compressed Oops: Enabled (Zero based)
 Heap Region Size: 2M
 Heap Min Capacity: 8M
 Heap Initial Capacity: 256M
 Heap Max Capacity: 4082M
 Pre-touch: Disabled
 Parallel Workers: 4
 Concurrent Workers: 1
 Concurrent Refinement Workers: 4
 Periodic GC: Disabled

Heap:
 garbage-first heap   total 81920K, used 38023K [0x0000000700e00000, 0x0000000800000000)
  region size 2048K, 8 young (16384K), 3 survivors (6144K)
 Metaspace       used 69527K, committed 69888K, reserved 1114112K
  class space    used 9228K, committed 9408K, reserved 1048576K

Heap Regions: E=young(eden), S=young(survivor), O=old, HS=humongous(starts), HC=humongous(continues), CS=collection set, F=free, OA=open archive, CA=closed archive, TAMS=top-at-mark-start (previous, next)
|   0|0x0000000700e00000, 0x0000000701000000, 0x0000000701000000|100%| O|  |TAMS 0x0000000701000000, 0x0000000700e00000| Untracked 
|   1|0x0000000701000000, 0x0000000701200000, 0x0000000701200000|100%| O|  |TAMS 0x0000000701200000, 0x0000000701000000| Untracked 
|   2|0x0000000701200000, 0x00000007013d2e00, 0x0000000701400000| 91%| O|  |TAMS 0x00000007013d2e00, 0x0000000701200000| Untracked 
|   3|0x0000000701400000, 0x0000000701600000, 0x0000000701600000|100%| O|  |TAMS 0x0000000701400000, 0x0000000701400000| Untracked 
|   4|0x0000000701600000, 0x0000000701800000, 0x0000000701800000|100%| O|  |TAMS 0x0000000701800000, 0x0000000701600000| Untracked 
|   5|0x0000000701800000, 0x0000000701a00000, 0x0000000701a00000|100%| O|  |TAMS 0x0000000701a00000, 0x0000000701800000| Untracked 
|   6|0x0000000701a00000, 0x0000000701c00000, 0x0000000701c00000|100%| O|  |TAMS 0x0000000701c00000, 0x0000000701a00000| Untracked 
|   7|0x0000000701c00000, 0x0000000701e00000, 0x0000000701e00000|100%| O|  |TAMS 0x0000000701e00000, 0x0000000701c00000| Untracked 
|   8|0x0000000701e00000, 0x0000000702000000, 0x0000000702000000|100%| O|  |TAMS 0x0000000702000000, 0x0000000701e00000| Untracked 
|   9|0x0000000702000000, 0x0000000702200000, 0x0000000702200000|100%| O|  |TAMS 0x0000000702200000, 0x0000000702000000| Untracked 
|  10|0x0000000702200000, 0x00000007023e8e00, 0x0000000702400000| 95%| O|  |TAMS 0x00000007023e8e00, 0x0000000702200000| Untracked 
|  11|0x0000000702400000, 0x00000007025e4800, 0x0000000702600000| 94%| O|  |TAMS 0x0000000702400000, 0x0000000702400000| Untracked 
|  12|0x0000000702600000, 0x0000000702600000, 0x0000000702800000|  0%| F|  |TAMS 0x0000000702600000, 0x0000000702600000| Untracked 
|  13|0x0000000702800000, 0x0000000702800000, 0x0000000702a00000|  0%| F|  |TAMS 0x0000000702800000, 0x0000000702800000| Untracked 
|  14|0x0000000702a00000, 0x0000000702a00000, 0x0000000702c00000|  0%| F|  |TAMS 0x0000000702a00000, 0x0000000702a00000| Untracked 
|  15|0x0000000702c00000, 0x0000000702c00000, 0x0000000702e00000|  0%| F|  |TAMS 0x0000000702c00000, 0x0000000702c00000| Untracked 
|  16|0x0000000702e00000, 0x0000000702f81af0, 0x0000000703000000| 75%| S|CS|TAMS 0x0000000702e00000, 0x0000000702e00000| Complete 
|  17|0x0000000703000000, 0x0000000703200000, 0x0000000703200000|100%| S|CS|TAMS 0x0000000703000000, 0x0000000703000000| Complete 
|  18|0x0000000703200000, 0x0000000703200000, 0x0000000703400000|  0%| F|  |TAMS 0x0000000703200000, 0x0000000703200000| Untracked 
|  19|0x0000000703400000, 0x0000000703400000, 0x0000000703600000|  0%| F|  |TAMS 0x0000000703400000, 0x0000000703400000| Untracked 
|  20|0x0000000703600000, 0x0000000703600000, 0x0000000703800000|  0%| F|  |TAMS 0x0000000703600000, 0x0000000703600000| Untracked 
|  21|0x0000000703800000, 0x0000000703a00000, 0x0000000703a00000|100%| S|CS|TAMS 0x0000000703800000, 0x0000000703800000| Complete 
|  22|0x0000000703a00000, 0x0000000703a00000, 0x0000000703c00000|  0%| F|  |TAMS 0x0000000703a00000, 0x0000000703a00000| Untracked 
|  23|0x0000000703c00000, 0x0000000703c00000, 0x0000000703e00000|  0%| F|  |TAMS 0x0000000703c00000, 0x0000000703c00000| Untracked 
|  24|0x0000000703e00000, 0x0000000703e00000, 0x0000000704000000|  0%| F|  |TAMS 0x0000000703e00000, 0x0000000703e00000| Untracked 
|  25|0x0000000704000000, 0x0000000704000000, 0x0000000704200000|  0%| F|  |TAMS 0x0000000704000000, 0x0000000704000000| Untracked 
|  26|0x0000000704200000, 0x0000000704200000, 0x0000000704400000|  0%| F|  |TAMS 0x0000000704200000, 0x0000000704200000| Untracked 
|  27|0x0000000704400000, 0x0000000704400000, 0x0000000704600000|  0%| F|  |TAMS 0x0000000704400000, 0x0000000704400000| Untracked 
|  28|0x0000000704600000, 0x0000000704600000, 0x0000000704800000|  0%| F|  |TAMS 0x0000000704600000, 0x0000000704600000| Untracked 
|  29|0x0000000704800000, 0x0000000704800000, 0x0000000704a00000|  0%| F|  |TAMS 0x0000000704800000, 0x0000000704800000| Untracked 
|  30|0x0000000704a00000, 0x0000000704a00000, 0x0000000704c00000|  0%| F|  |TAMS 0x0000000704a00000, 0x0000000704a00000| Untracked 
|  31|0x0000000704c00000, 0x0000000704c00000, 0x0000000704e00000|  0%| F|  |TAMS 0x0000000704c00000, 0x0000000704c00000| Untracked 
|  32|0x0000000704e00000, 0x0000000704e00000, 0x0000000705000000|  0%| F|  |TAMS 0x0000000704e00000, 0x0000000704e00000| Untracked 
|  33|0x0000000705000000, 0x0000000705000000, 0x0000000705200000|  0%| F|  |TAMS 0x0000000705000000, 0x0000000705000000| Untracked 
|  34|0x0000000705200000, 0x0000000705200000, 0x0000000705400000|  0%| F|  |TAMS 0x0000000705200000, 0x0000000705200000| Untracked 
|  35|0x0000000705400000, 0x000000070548bcb0, 0x0000000705600000| 27%| E|  |TAMS 0x0000000705400000, 0x0000000705400000| Complete 
|  36|0x0000000705600000, 0x0000000705800000, 0x0000000705800000|100%| E|CS|TAMS 0x0000000705600000, 0x0000000705600000| Complete 
|  37|0x0000000705800000, 0x0000000705a00000, 0x0000000705a00000|100%| E|CS|TAMS 0x0000000705800000, 0x0000000705800000| Complete 
|  38|0x0000000705a00000, 0x0000000705c00000, 0x0000000705c00000|100%| E|CS|TAMS 0x0000000705a00000, 0x0000000705a00000| Complete 
| 127|0x0000000710c00000, 0x0000000710e00000, 0x0000000710e00000|100%| E|CS|TAMS 0x0000000710c00000, 0x0000000710c00000| Complete 

Card table byte_map: [0x000001e0e90a0000,0x000001e0e98a0000] _byte_map_base: 0x000001e0e5899000

Marking Bits (Prev, Next): (CMBitMap*) 0x000001e0d2109680, (CMBitMap*) 0x000001e0d2109640
 Prev Bits: [0x000001e0ee070000, 0x000001e0f2038000)
 Next Bits: [0x000001e0ea0a0000, 0x000001e0ee068000)

Polling page: 0x000001e0d00a0000

Metaspace:

Usage:
  Non-class:     58.89 MB used.
      Class:      9.01 MB used.
       Both:     67.90 MB used.

Virtual space:
  Non-class space:       64.00 MB reserved,      59.06 MB ( 92%) committed,  8 nodes.
      Class space:        1.00 GB reserved,       9.19 MB ( <1%) committed,  1 nodes.
             Both:        1.06 GB reserved,      68.25 MB (  6%) committed. 

Chunk freelists:
   Non-Class:  198.00 KB
       Class:  2.76 MB
        Both:  2.96 MB

MaxMetaspaceSize: unlimited
CompressedClassSpaceSize: 1.00 GB
Initial GC threshold: 21.00 MB
Current GC threshold: 87.94 MB
CDS: on
MetaspaceReclaimPolicy: balanced
 - commit_granule_bytes: 65536.
 - commit_granule_words: 8192.
 - virtual_space_node_default_size: 1048576.
 - enlarge_chunks_in_place: 1.
 - new_chunks_are_fully_committed: 0.
 - uncommit_free_chunks: 1.
 - use_allocation_guard: 0.
 - handle_deallocations: 1.


Internal statistics:

num_allocs_failed_limit: 9.
num_arena_births: 478.
num_arena_deaths: 0.
num_vsnodes_births: 9.
num_vsnodes_deaths: 0.
num_space_committed: 1092.
num_space_uncommitted: 0.
num_chunks_returned_to_freelist: 9.
num_chunks_taken_from_freelist: 3057.
num_chunk_merges: 6.
num_chunk_splits: 2216.
num_chunks_enlarged: 1763.
num_purges: 0.
num_inconsistent_stats: 0.

CodeHeap 'non-profiled nmethods': size=120000Kb used=3563Kb max_used=3563Kb free=116436Kb
 bounds [0x000001e0e1370000, 0x000001e0e16f0000, 0x000001e0e88a0000]
CodeHeap 'profiled nmethods': size=120000Kb used=10661Kb max_used=10661Kb free=109338Kb
 bounds [0x000001e0d9e40000, 0x000001e0da8b0000, 0x000001e0e1370000]
CodeHeap 'non-nmethods': size=5760Kb used=1338Kb max_used=1374Kb free=4422Kb
 bounds [0x000001e0d98a0000, 0x000001e0d9b10000, 0x000001e0d9e40000]
 total_blobs=6355 nmethods=5685 adapters=582
 compilation: enabled
              stopped_count=0, restarted_count=0
 full_count=0

Compilation events (20 events):
Event: 13.019 Thread 0x000001e0f454c790 nmethod 6446 0x000001e0da8a7e90 code [0x000001e0da8a8040, 0x000001e0da8a8318]
Event: 13.019 Thread 0x000001e0f454c790 6447       3       antlr.collections.impl.BitSet::wordNumber (5 bytes)
Event: 13.019 Thread 0x000001e0f454c790 nmethod 6447 0x000001e0da588310 code [0x000001e0da5884a0, 0x000001e0da588598]
Event: 13.019 Thread 0x000001e0f454c790 6448       3       antlr.TokenQueue::elementAt (17 bytes)
Event: 13.019 Thread 0x000001e0f454c790 nmethod 6448 0x000001e0da8a8490 code [0x000001e0da8a8620, 0x000001e0da8a8778]
Event: 13.019 Thread 0x000001e0f454c790 6449       1       antlr.CommonAST::setText (6 bytes)
Event: 13.019 Thread 0x000001e0f454c790 nmethod 6449 0x000001e0e16e9010 code [0x000001e0e16e91a0, 0x000001e0e16e92b8]
Event: 13.019 Thread 0x000001e0f454c790 6450       1       antlr.CommonAST::setType (6 bytes)
Event: 13.019 Thread 0x000001e0f454c790 nmethod 6450 0x000001e0e16e9310 code [0x000001e0e16e94a0, 0x000001e0e16e9578]
Event: 13.020 Thread 0x000001e0f4543ce0 nmethod 6441 0x000001e0e16e9610 code [0x000001e0e16e97e0, 0x000001e0e16e9ba8]
Event: 13.023 Thread 0x000001e0f4543ce0 6451       4       java.lang.String::substring (10 bytes)
Event: 13.026 Thread 0x000001e0f454c790 6452       3       org.jboss.logging.Logger::isDebugEnabled (8 bytes)
Event: 13.026 Thread 0x000001e0f454c790 nmethod 6452 0x000001e0da8a8890 code [0x000001e0da8a8a40, 0x000001e0da8a8d08]
Event: 13.027 Thread 0x000001e0f454c790 6453   !   3       com.zaxxer.hikari.pool.HikariProxyResultSet::getString (18 bytes)
Event: 13.027 Thread 0x000001e0f454c790 nmethod 6453 0x000001e0da8a8e90 code [0x000001e0da8a9040, 0x000001e0da8a92f8]
Event: 13.027 Thread 0x000001e0f454c790 6454   !   3       org.h2.jdbc.JdbcResultSet::getString (23 bytes)
Event: 13.027 Thread 0x000001e0f4543ce0 nmethod 6451 0x000001e0e16ea110 code [0x000001e0e16ea2a0, 0x000001e0e16ea778]
Event: 13.027 Thread 0x000001e0f454c790 nmethod 6454 0x000001e0da8a9490 code [0x000001e0da8a9680, 0x000001e0da8a9b08]
Event: 13.027 Thread 0x000001e0f454c790 6455       1       org.hibernate.engine.jdbc.internal.JdbcCoordinatorImpl::getLogicalConnection (5 bytes)
Event: 13.027 Thread 0x000001e0f454c790 nmethod 6455 0x000001e0e16eaa10 code [0x000001e0e16eaba0, 0x000001e0e16eac78]

GC Heap History (20 events):
Event: 2.698 GC heap before
{Heap before GC invocations=6 (full 0):
 garbage-first heap   total 51200K, used 35460K [0x0000000700e00000, 0x0000000800000000)
  region size 2048K, 15 young (30720K), 4 survivors (8192K)
 Metaspace       used 29257K, committed 29568K, reserved 1081344K
  class space    used 3701K, committed 3840K, reserved 1048576K
}
Event: 2.705 GC heap after
{Heap after GC invocations=7 (full 0):
 garbage-first heap   total 51200K, used 15015K [0x0000000700e00000, 0x0000000800000000)
  region size 2048K, 2 young (4096K), 2 survivors (4096K)
 Metaspace       used 29257K, committed 29568K, reserved 1081344K
  class space    used 3701K, committed 3840K, reserved 1048576K
}
Event: 3.161 GC heap before
{Heap before GC invocations=7 (full 0):
 garbage-first heap   total 51200K, used 35495K [0x0000000700e00000, 0x0000000800000000)
  region size 2048K, 12 young (24576K), 2 survivors (4096K)
 Metaspace       used 33052K, committed 33344K, reserved 1081344K
  class space    used 4256K, committed 4416K, reserved 1048576K
}
Event: 3.170 GC heap after
{Heap after GC invocations=8 (full 0):
 garbage-first heap   total 157696K, used 16721K [0x0000000700e00000, 0x0000000800000000)
  region size 2048K, 2 young (4096K), 2 survivors (4096K)
 Metaspace       used 33052K, committed 33344K, reserved 1081344K
  class space    used 4256K, committed 4416K, reserved 1048576K
}
Event: 3.431 GC heap before
{Heap before GC invocations=8 (full 0):
 garbage-first heap   total 157696K, used 102737K [0x0000000700e00000, 0x0000000800000000)
  region size 2048K, 45 young (92160K), 2 survivors (4096K)
 Metaspace       used 34805K, committed 35200K, reserved 1081344K
  class space    used 4415K, committed 4608K, reserved 1048576K
}
Event: 3.436 GC heap after
{Heap after GC invocations=9 (full 0):
 garbage-first heap   total 157696K, used 17719K [0x0000000700e00000, 0x0000000800000000)
  region size 2048K, 3 young (6144K), 3 survivors (6144K)
 Metaspace       used 34805K, committed 35200K, reserved 1081344K
  class space    used 4415K, committed 4608K, reserved 1048576K
}
Event: 3.525 GC heap before
{Heap before GC invocations=9 (full 0):
 garbage-first heap   total 157696K, used 23863K [0x0000000700e00000, 0x0000000800000000)
  region size 2048K, 7 young (14336K), 3 survivors (6144K)
 Metaspace       used 35852K, committed 36096K, reserved 1081344K
  class space    used 4534K, committed 4672K, reserved 1048576K
}
Event: 3.530 GC heap after
{Heap after GC invocations=10 (full 0):
 garbage-first heap   total 157696K, used 18077K [0x0000000700e00000, 0x0000000800000000)
  region size 2048K, 3 young (6144K), 3 survivors (6144K)
 Metaspace       used 35852K, committed 36096K, reserved 1081344K
  class space    used 4534K, committed 4672K, reserved 1048576K
}
Event: 4.467 GC heap before
{Heap before GC invocations=11 (full 0):
 garbage-first heap   total 75776K, used 56989K [0x0000000700e00000, 0x0000000800000000)
  region size 2048K, 22 young (45056K), 3 survivors (6144K)
 Metaspace       used 44629K, committed 44928K, reserved 1089536K
  class space    used 5873K, committed 6016K, reserved 1048576K
}
Event: 4.478 GC heap after
{Heap after GC invocations=12 (full 0):
 garbage-first heap   total 75776K, used 20763K [0x0000000700e00000, 0x0000000800000000)
  region size 2048K, 3 young (6144K), 3 survivors (6144K)
 Metaspace       used 44629K, committed 44928K, reserved 1089536K
  class space    used 5873K, committed 6016K, reserved 1048576K
}
Event: 4.560 GC heap before
{Heap before GC invocations=12 (full 0):
 garbage-first heap   total 75776K, used 22811K [0x0000000700e00000, 0x0000000800000000)
  region size 2048K, 4 young (8192K), 3 survivors (6144K)
 Metaspace       used 45438K, committed 45760K, reserved 1089536K
  class space    used 5946K, committed 6080K, reserved 1048576K
}
Event: 4.563 GC heap after
{Heap after GC invocations=13 (full 0):
 garbage-first heap   total 75776K, used 20932K [0x0000000700e00000, 0x0000000800000000)
  region size 2048K, 1 young (2048K), 1 survivors (2048K)
 Metaspace       used 45438K, committed 45760K, reserved 1089536K
  class space    used 5946K, committed 6080K, reserved 1048576K
}
Event: 5.409 GC heap before
{Heap before GC invocations=13 (full 0):
 garbage-first heap   total 75776K, used 55748K [0x0000000700e00000, 0x0000000800000000)
  region size 2048K, 18 young (36864K), 1 survivors (2048K)
 Metaspace       used 53405K, committed 53696K, reserved 1097728K
  class space    used 7124K, committed 7232K, reserved 1048576K
}
Event: 5.412 GC heap after
{Heap after GC invocations=14 (full 0):
 garbage-first heap   total 92160K, used 21851K [0x0000000700e00000, 0x0000000800000000)
  region size 2048K, 1 young (2048K), 1 survivors (2048K)
 Metaspace       used 53405K, committed 53696K, reserved 1097728K
  class space    used 7124K, committed 7232K, reserved 1048576K
}
Event: 6.507 GC heap before
{Heap before GC invocations=15 (full 0):
 garbage-first heap   total 81920K, used 68955K [0x0000000700e00000, 0x0000000800000000)
  region size 2048K, 25 young (51200K), 1 survivors (2048K)
 Metaspace       used 58378K, committed 58816K, reserved 1105920K
  class space    used 7812K, committed 8000K, reserved 1048576K
}
Event: 6.512 GC heap after
{Heap after GC invocations=16 (full 0):
 garbage-first heap   total 81920K, used 24592K [0x0000000700e00000, 0x0000000800000000)
  region size 2048K, 3 young (6144K), 3 survivors (6144K)
 Metaspace       used 58378K, committed 58816K, reserved 1105920K
  class space    used 7812K, committed 8000K, reserved 1048576K
}
Event: 7.266 GC heap before
{Heap before GC invocations=16 (full 0):
 garbage-first heap   total 81920K, used 63504K [0x0000000700e00000, 0x0000000800000000)
  region size 2048K, 22 young (45056K), 3 survivors (6144K)
 Metaspace       used 61364K, committed 61760K, reserved 1105920K
  class space    used 8207K, committed 8384K, reserved 1048576K
}
Event: 7.276 GC heap after
{Heap after GC invocations=17 (full 0):
 garbage-first heap   total 81920K, used 26717K [0x0000000700e00000, 0x0000000800000000)
  region size 2048K, 3 young (6144K), 3 survivors (6144K)
 Metaspace       used 61364K, committed 61760K, reserved 1105920K
  class space    used 8207K, committed 8384K, reserved 1048576K
}
Event: 9.960 GC heap before
{Heap before GC invocations=17 (full 0):
 garbage-first heap   total 81920K, used 63581K [0x0000000700e00000, 0x0000000800000000)
  region size 2048K, 21 young (43008K), 3 survivors (6144K)
 Metaspace       used 67835K, committed 68224K, reserved 1114112K
  class space    used 9019K, committed 9216K, reserved 1048576K
}
Event: 9.970 GC heap after
{Heap after GC invocations=18 (full 0):
 garbage-first heap   total 81920K, used 29831K [0x0000000700e00000, 0x0000000800000000)
  region size 2048K, 3 young (6144K), 3 survivors (6144K)
 Metaspace       used 67835K, committed 68224K, reserved 1114112K
  class space    used 9019K, committed 9216K, reserved 1048576K
}

Deoptimization events (20 events):
Event: 10.086 Thread 0x000001e0f7cb8400 DEOPT PACKING pc=0x000001e0da851ec2 sp=0x00000012fbafba70
Event: 10.086 Thread 0x000001e0f7cb8400 DEOPT UNPACKING pc=0x000001e0d98f2b43 sp=0x00000012fbafaf08 mode 0
Event: 10.086 Thread 0x000001e0f7cb8400 DEOPT PACKING pc=0x000001e0da851ee3 sp=0x00000012fbafba70
Event: 10.086 Thread 0x000001e0f7cb8400 DEOPT UNPACKING pc=0x000001e0d98f2b43 sp=0x00000012fbafaef8 mode 0
Event: 10.086 Thread 0x000001e0f7cb8400 DEOPT PACKING pc=0x000001e0da851ee3 sp=0x00000012fbafba70
Event: 10.086 Thread 0x000001e0f7cb8400 DEOPT UNPACKING pc=0x000001e0d98f2b43 sp=0x00000012fbafaef8 mode 0
Event: 10.086 Thread 0x000001e0f7cb8400 DEOPT PACKING pc=0x000001e0da851ee3 sp=0x00000012fbafba70
Event: 10.086 Thread 0x000001e0f7cb8400 DEOPT UNPACKING pc=0x000001e0d98f2b43 sp=0x00000012fbafaef8 mode 0
Event: 10.086 Thread 0x000001e0f7cb8400 DEOPT PACKING pc=0x000001e0da851ee3 sp=0x00000012fbafba70
Event: 10.086 Thread 0x000001e0f7cb8400 DEOPT UNPACKING pc=0x000001e0d98f2b43 sp=0x00000012fbafaef8 mode 0
Event: 10.115 Thread 0x000001e0f7cb8400 Uncommon trap: trap_request=0xffffff45 fr.pc=0x000001e0e16c0af4 relative=0x0000000000000154
Event: 10.115 Thread 0x000001e0f7cb8400 Uncommon trap: reason=unstable_if action=reinterpret pc=0x000001e0e16c0af4 method=org.apache.tomcat.util.http.fileupload.MultipartStream.findSeparator()I @ 55 c2
Event: 10.115 Thread 0x000001e0f7cb8400 DEOPT PACKING pc=0x000001e0e16c0af4 sp=0x00000012fbafbaf0
Event: 10.115 Thread 0x000001e0f7cb8400 DEOPT UNPACKING pc=0x000001e0d98f23a3 sp=0x00000012fbafba80 mode 2
Event: 10.163 Thread 0x000001e0f7cb8400 DEOPT PACKING pc=0x000001e0da5361d9 sp=0x00000012fbafa260
Event: 10.163 Thread 0x000001e0f7cb8400 DEOPT UNPACKING pc=0x000001e0d98f2b43 sp=0x00000012fbaf9770 mode 0
Event: 10.231 Thread 0x000001e0f7cb8400 Uncommon trap: trap_request=0xffffff45 fr.pc=0x000001e0e1476ba4 relative=0x0000000000000084
Event: 10.231 Thread 0x000001e0f7cb8400 Uncommon trap: reason=unstable_if action=reinterpret pc=0x000001e0e1476ba4 method=java.util.LinkedHashMap.afterNodeInsertion(Z)V @ 18 c2
Event: 10.231 Thread 0x000001e0f7cb8400 DEOPT PACKING pc=0x000001e0e1476ba4 sp=0x00000012fbaf9990
Event: 10.231 Thread 0x000001e0f7cb8400 DEOPT UNPACKING pc=0x000001e0d98f23a3 sp=0x00000012fbaf9910 mode 2

Classes unloaded (0 events):
No events

Classes redefined (0 events):
No events

Internal exceptions (20 events):
Event: 7.306 Thread 0x000001e0f5d90610 Exception <a 'java/lang/ClassNotFoundException'{0x0000000710d9ae48}: org/springframework/security/config/annotation/web/configuration/HttpSecurityConfigurationCustomizer> (0x0000000710d9ae48) 
thrown [t:\workspace\open\src\hotspot\share\classfile\systemDictionary.cpp, line 256]
Event: 7.325 Thread 0x000001e0f5d90610 Exception <a 'java/lang/NoSuchMethodError'{0x0000000705a21ac0}: 'java.lang.Object java.lang.invoke.DirectMethodHandle$Holder.invokeInterface(java.lang.Object, java.lang.Object, java.lang.Object, java.lang.Object)'> (0x0000000705a21ac0) 
thrown [t:\workspace\open\src\hotspot\share\interpreter\linkResolver.cpp, line 766]
Event: 7.420 Thread 0x000001e0f5d90610 Exception <a 'java/lang/NoSuchMethodError'{0x000000070596c360}: 'void java.lang.invoke.DirectMethodHandle$Holder.invokeVirtual(java.lang.Object, java.lang.Object, int)'> (0x000000070596c360) 
thrown [t:\workspace\open\src\hotspot\share\interpreter\linkResolver.cpp, line 766]
Event: 7.423 Thread 0x000001e0f5d90610 Exception <a 'java/lang/NoSuchMethodError'{0x0000000705986d10}: 'void java.lang.invoke.DirectMethodHandle$Holder.invokeVirtual(java.lang.Object, java.lang.Object, long)'> (0x0000000705986d10) 
thrown [t:\workspace\open\src\hotspot\share\interpreter\linkResolver.cpp, line 766]
Event: 7.501 Thread 0x000001e0f5d90610 Exception <a 'java/lang/NoSuchMethodError'{0x00000007055b9210}: 'int java.lang.invoke.DirectMethodHandle$Holder.invokeStaticInit(java.lang.Object, java.lang.Object, java.lang.Object, java.lang.Object)'> (0x00000007055b9210) 
thrown [t:\workspace\open\src\hotspot\share\interpreter\linkResolver.cpp, line 766]
Event: 7.688 Thread 0x000001e0f5d90610 Exception <a 'java/lang/NoSuchMethodError'{0x0000000704c630e0}: 'java.lang.Object java.lang.invoke.DirectMethodHandle$Holder.invokeSpecial(java.lang.Object, java.lang.Object, int, java.lang.Object, int, java.lang.Object)'> (0x0000000704c630e0) 
thrown [t:\workspace\open\src\hotspot\share\interpreter\linkResolver.cpp, line 766]
Event: 7.688 Thread 0x000001e0f5d90610 Exception <a 'java/lang/NoSuchMethodError'{0x0000000704c6b188}: 'java.lang.Object java.lang.invoke.DirectMethodHandle$Holder.newInvokeSpecial(java.lang.Object, java.lang.Object, int, java.lang.Object, int)'> (0x0000000704c6b188) 
thrown [t:\workspace\open\src\hotspot\share\interpreter\linkResolver.cpp, line 766]
Event: 7.689 Thread 0x000001e0f5d90610 Exception <a 'java/lang/NoSuchMethodError'{0x0000000704c6f288}: 'java.lang.Object java.lang.invoke.DirectMethodHandle$Holder.invokeSpecial(java.lang.Object, java.lang.Object, java.lang.Object, int, java.lang.Object, int)'> (0x0000000704c6f288) 
thrown [t:\workspace\open\src\hotspot\share\interpreter\linkResolver.cpp, line 766]
Event: 7.690 Thread 0x000001e0f5d90610 Exception <a 'java/lang/NoSuchMethodError'{0x0000000704c79650}: 'void java.lang.invoke.DirectMethodHandle$Holder.invokeVirtual(java.lang.Object, java.lang.Object)'> (0x0000000704c79650) 
thrown [t:\workspace\open\src\hotspot\share\interpreter\linkResolver.cpp, line 766]
Event: 7.816 Thread 0x000001e0f5d90610 Exception <a 'java/lang/ClassNotFoundException'{0x0000000704bc5588}: java/lang/ObjectCustomizer> (0x0000000704bc5588) 
thrown [t:\workspace\open\src\hotspot\share\classfile\systemDictionary.cpp, line 256]
Event: 7.818 Thread 0x000001e0f5d90610 Exception <a 'java/lang/ClassNotFoundException'{0x0000000704bcf658}: com/backend/backend/Data/RoleCustomizer> (0x0000000704bcf658) 
thrown [t:\workspace\open\src\hotspot\share\classfile\systemDictionary.cpp, line 256]
Event: 7.990 Thread 0x000001e0f5d90610 Exception <a 'java/lang/ClassNotFoundException'{0x00000007049ff768}: java/lang/ObjectCustomizer> (0x00000007049ff768) 
thrown [t:\workspace\open\src\hotspot\share\classfile\systemDictionary.cpp, line 256]
Event: 7.994 Thread 0x000001e0f5d90610 Exception <a 'java/lang/ClassNotFoundException'{0x0000000704609e78}: com/backend/backend/Data/UserCustomizer> (0x0000000704609e78) 
thrown [t:\workspace\open\src\hotspot\share\classfile\systemDictionary.cpp, line 256]
Event: 9.823 Thread 0x000001e0f7cb8400 Exception <a 'sun/nio/fs/WindowsException'{0x0000000703f613a8}> (0x0000000703f613a8) 
thrown [t:\workspace\open\src\hotspot\share\prims\jni.cpp, line 516]
Event: 10.011 Thread 0x000001e0f7cb8400 Exception <a 'java/lang/NoSuchMethodError'{0x0000000710d86ec8}: 'java.lang.Object java.lang.invoke.DirectMethodHandle$Holder.invokeStaticInit(java.lang.Object, java.lang.Object, java.lang.Object, java.lang.Object, java.lang.Object, java.lang.Object)'> (0x0000000710d86ec8) 
thrown [t:\workspace\open\src\hotspot\share\interpreter\linkResolver.cpp, line 766]
Event: 10.178 Thread 0x000001e0f7cb8400 Exception <a 'java/lang/NoSuchMethodError'{0x00000007056218b0}: 'java.lang.Object java.lang.invoke.DirectMethodHandle$Holder.invokeStatic(java.lang.Object, int, java.lang.Object)'> (0x00000007056218b0) 
thrown [t:\workspace\open\src\hotspot\share\interpreter\linkResolver.cpp, line 766]
Event: 10.205 Thread 0x000001e0f7cb8400 Exception <a 'java/lang/ClassNotFoundException'{0x000000070563d788}: java/lang/ObjectCustomizer> (0x000000070563d788) 
thrown [t:\workspace\open\src\hotspot\share\classfile\systemDictionary.cpp, line 256]
Event: 10.206 Thread 0x000001e0f7cb8400 Exception <a 'java/lang/ClassNotFoundException'{0x000000070564d068}: com/backend/backend/Data/CaffCustomizer> (0x000000070564d068) 
thrown [t:\workspace\open\src\hotspot\share\classfile\systemDictionary.cpp, line 256]
Event: 10.219 Thread 0x000001e0f7cb8400 Exception <a 'java/lang/ClassNotFoundException'{0x0000000705689b60}: java/lang/ObjectCustomizer> (0x0000000705689b60) 
thrown [t:\workspace\open\src\hotspot\share\classfile\systemDictionary.cpp, line 256]
Event: 10.222 Thread 0x000001e0f7cb8400 Exception <a 'java/lang/ClassNotFoundException'{0x00000007056986f0}: com/backend/backend/Data/LogCustomizer> (0x00000007056986f0) 
thrown [t:\workspace\open\src\hotspot\share\classfile\systemDictionary.cpp, line 256]

VM Operations (20 events):
Event: 8.051 Executing VM operation: ICBufferFull
Event: 8.051 Executing VM operation: ICBufferFull done
Event: 9.056 Executing VM operation: Cleanup
Event: 9.056 Executing VM operation: Cleanup done
Event: 9.644 Executing VM operation: HandshakeAllThreads
Event: 9.644 Executing VM operation: HandshakeAllThreads done
Event: 9.702 Executing VM operation: HandshakeAllThreads
Event: 9.702 Executing VM operation: HandshakeAllThreads done
Event: 9.825 Executing VM operation: HandshakeAllThreads
Event: 9.825 Executing VM operation: HandshakeAllThreads done
Event: 9.829 Executing VM operation: HandshakeAllThreads
Event: 9.829 Executing VM operation: HandshakeAllThreads done
Event: 9.960 Executing VM operation: G1CollectForAllocation
Event: 9.971 Executing VM operation: G1CollectForAllocation done
Event: 10.129 Executing VM operation: HandshakeAllThreads
Event: 10.129 Executing VM operation: HandshakeAllThreads done
Event: 10.244 Executing VM operation: HandshakeAllThreads
Event: 10.244 Executing VM operation: HandshakeAllThreads done
Event: 11.254 Executing VM operation: Cleanup
Event: 11.254 Executing VM operation: Cleanup done

Events (20 events):
Event: 10.181 loading class java/time/format/DateTimeFormatterBuilder$ReducedPrinterParser done
Event: 10.204 loading class java/lang/ObjectCustomizer
Event: 10.204 loading class java/lang/ObjectCustomizer done
Event: 10.205 loading class java/lang/ObjectCustomizer
Event: 10.205 loading class java/lang/ObjectCustomizer done
Event: 10.218 loading class java/lang/ObjectCustomizer
Event: 10.218 loading class java/lang/ObjectCustomizer done
Event: 10.219 loading class java/lang/ObjectCustomizer
Event: 10.219 loading class java/lang/ObjectCustomizer done
Event: 10.238 loading class java/time/format/DateTimeFormatterBuilder$ZoneTextPrinterParser
Event: 10.238 loading class java/time/format/DateTimeFormatterBuilder$ZoneTextPrinterParser done
Event: 10.310 loading class sun/nio/cs/ISO_8859_1$Encoder
Event: 10.310 loading class sun/nio/cs/ISO_8859_1$Encoder done
Event: 10.310 loading class sun/nio/cs/Surrogate$Parser
Event: 10.310 loading class sun/nio/cs/Surrogate$Parser done
Event: 10.310 loading class sun/nio/cs/Surrogate
Event: 10.311 loading class sun/nio/cs/Surrogate done
Event: 11.785 Thread 0x000001e0f867cf70 Thread exited: 0x000001e0f867cf70
Event: 13.008 Thread 0x000001e0f7cb6250 Thread added: 0x000001e0f7cb6250
Event: 13.030 Loaded shared library E:\SzamBiztHF\backend\backend\jni-library\build\libs\main\jni-library.dll


Dynamic libraries:
0x00007ff644670000 - 0x00007ff64467e000 	C:\Users\Bence\.jdks\openjdk-17\bin\java.exe
0x00007ffc7e130000 - 0x00007ffc7e325000 	C:\WINDOWS\SYSTEM32\ntdll.dll
0x00007ffc62900000 - 0x00007ffc62916000 	C:\Program Files\AVG\Antivirus\aswhook.dll
0x00007ffc7c480000 - 0x00007ffc7c53e000 	C:\WINDOWS\System32\KERNEL32.DLL
0x00007ffc7bc00000 - 0x00007ffc7bec8000 	C:\WINDOWS\System32\KERNELBASE.dll
0x00007ffc7bfe0000 - 0x00007ffc7c0e0000 	C:\WINDOWS\System32\ucrtbase.dll
0x00007ffc76d70000 - 0x00007ffc76d8a000 	C:\Users\Bence\.jdks\openjdk-17\bin\VCRUNTIME140.dll
0x00007ffc77070000 - 0x00007ffc77088000 	C:\Users\Bence\.jdks\openjdk-17\bin\jli.dll
0x00007ffc7de90000 - 0x00007ffc7e031000 	C:\WINDOWS\System32\USER32.dll
0x00007ffc7bae0000 - 0x00007ffc7bb02000 	C:\WINDOWS\System32\win32u.dll
0x00007ffc7db90000 - 0x00007ffc7dbbb000 	C:\WINDOWS\System32\GDI32.dll
0x00007ffc7bed0000 - 0x00007ffc7bfdb000 	C:\WINDOWS\System32\gdi32full.dll
0x00007ffc7c0e0000 - 0x00007ffc7c17d000 	C:\WINDOWS\System32\msvcp_win.dll
0x00007ffc6ab40000 - 0x00007ffc6adda000 	C:\WINDOWS\WinSxS\amd64_microsoft.windows.common-controls_6595b64144ccf1df_6.0.19041.1110_none_60b5254171f9507e\COMCTL32.dll
0x00007ffc7da90000 - 0x00007ffc7db2e000 	C:\WINDOWS\System32\msvcrt.dll
0x00007ffc7c3e0000 - 0x00007ffc7c410000 	C:\WINDOWS\System32\IMM32.DLL
0x00007ffc77590000 - 0x00007ffc7759c000 	C:\Users\Bence\.jdks\openjdk-17\bin\vcruntime140_1.dll
0x00007ffc57e30000 - 0x00007ffc57ebd000 	C:\Users\Bence\.jdks\openjdk-17\bin\msvcp140.dll
0x00007ffc0df20000 - 0x00007ffc0eade000 	C:\Users\Bence\.jdks\openjdk-17\bin\server\jvm.dll
0x00007ffc7e040000 - 0x00007ffc7e0ec000 	C:\WINDOWS\System32\ADVAPI32.dll
0x00007ffc7d0e0000 - 0x00007ffc7d17b000 	C:\WINDOWS\System32\sechost.dll
0x00007ffc7d820000 - 0x00007ffc7d94a000 	C:\WINDOWS\System32\RPCRT4.dll
0x00007ffc7c470000 - 0x00007ffc7c478000 	C:\WINDOWS\System32\PSAPI.DLL
0x00007ffc75fa0000 - 0x00007ffc75faa000 	C:\WINDOWS\SYSTEM32\VERSION.dll
0x00007ffc71f90000 - 0x00007ffc71f99000 	C:\WINDOWS\SYSTEM32\WSOCK32.dll
0x00007ffc6f940000 - 0x00007ffc6f967000 	C:\WINDOWS\SYSTEM32\WINMM.dll
0x00007ffc7de20000 - 0x00007ffc7de8b000 	C:\WINDOWS\System32\WS2_32.dll
0x00007ffc7a0f0000 - 0x00007ffc7a102000 	C:\WINDOWS\SYSTEM32\kernel.appcore.dll
0x00007ffc76da0000 - 0x00007ffc76daa000 	C:\Users\Bence\.jdks\openjdk-17\bin\jimage.dll
0x00007ffc74fd0000 - 0x00007ffc751b4000 	C:\WINDOWS\SYSTEM32\DBGHELP.DLL
0x00007ffc74c50000 - 0x00007ffc74c7c000 	C:\WINDOWS\SYSTEM32\dbgcore.DLL
0x00007ffc7bb70000 - 0x00007ffc7bbf3000 	C:\WINDOWS\System32\bcryptPrimitives.dll
0x00007ffc6bdb0000 - 0x00007ffc6bdd5000 	C:\Users\Bence\.jdks\openjdk-17\bin\java.dll
0x00007ffc56120000 - 0x00007ffc561f6000 	C:\Users\Bence\.jdks\openjdk-17\bin\svml.dll
0x00007ffc7c920000 - 0x00007ffc7d05f000 	C:\WINDOWS\System32\SHELL32.dll
0x00007ffc79930000 - 0x00007ffc7a0c0000 	C:\WINDOWS\SYSTEM32\windows.storage.dll
0x00007ffc7c540000 - 0x00007ffc7c895000 	C:\WINDOWS\System32\combase.dll
0x00007ffc7b2a0000 - 0x00007ffc7b2ce000 	C:\WINDOWS\SYSTEM32\Wldp.dll
0x00007ffc7d950000 - 0x00007ffc7d9fd000 	C:\WINDOWS\System32\SHCORE.dll
0x00007ffc7dbc0000 - 0x00007ffc7dc15000 	C:\WINDOWS\System32\shlwapi.dll
0x00007ffc7b790000 - 0x00007ffc7b7af000 	C:\WINDOWS\SYSTEM32\profapi.dll
0x00007ffc716d0000 - 0x00007ffc716e9000 	C:\Users\Bence\.jdks\openjdk-17\bin\net.dll
0x00007ffc73710000 - 0x00007ffc7381c000 	C:\WINDOWS\SYSTEM32\WINHTTP.dll
0x00007ffc7b000000 - 0x00007ffc7b06a000 	C:\WINDOWS\system32\mswsock.dll
0x00007ffc6fdd0000 - 0x00007ffc6fde5000 	C:\Users\Bence\.jdks\openjdk-17\bin\nio.dll
0x00007ffc6fd80000 - 0x00007ffc6fd98000 	C:\Users\Bence\.jdks\openjdk-17\bin\zip.dll
0x00007ffc721b0000 - 0x00007ffc721c0000 	C:\Users\Bence\.jdks\openjdk-17\bin\verify.dll
0x00007ffc72110000 - 0x00007ffc72119000 	C:\Users\Bence\.jdks\openjdk-17\bin\management.dll
0x00007ffc716a0000 - 0x00007ffc716ab000 	C:\Users\Bence\.jdks\openjdk-17\bin\management_ext.dll
0x00007ffc687a0000 - 0x00007ffc687b7000 	C:\WINDOWS\system32\napinsp.dll
0x00007ffc68780000 - 0x00007ffc6879b000 	C:\WINDOWS\system32\pnrpnsp.dll
0x00007ffc68760000 - 0x00007ffc68775000 	C:\WINDOWS\system32\wshbth.dll
0x00007ffc77450000 - 0x00007ffc7746d000 	C:\WINDOWS\system32\NLAapi.dll
0x00007ffc7aca0000 - 0x00007ffc7acdb000 	C:\WINDOWS\SYSTEM32\IPHLPAPI.DLL
0x00007ffc7acf0000 - 0x00007ffc7adbb000 	C:\WINDOWS\SYSTEM32\DNSAPI.dll
0x00007ffc7d260000 - 0x00007ffc7d268000 	C:\WINDOWS\System32\NSI.dll
0x00007ffc68740000 - 0x00007ffc68752000 	C:\WINDOWS\System32\winrnr.dll
0x00007ffc73630000 - 0x00007ffc7363a000 	C:\Windows\System32\rasadhlp.dll
0x00007ffc73550000 - 0x00007ffc735cf000 	C:\WINDOWS\System32\fwpuclnt.dll
0x00007ffc7bab0000 - 0x00007ffc7bad7000 	C:\WINDOWS\System32\bcrypt.dll
0x00007ffc7b1f0000 - 0x00007ffc7b208000 	C:\WINDOWS\SYSTEM32\CRYPTSP.dll
0x00007ffc7a910000 - 0x00007ffc7a944000 	C:\WINDOWS\system32\rsaenh.dll
0x00007ffc7b750000 - 0x00007ffc7b77e000 	C:\WINDOWS\SYSTEM32\USERENV.dll
0x00007ffc7b210000 - 0x00007ffc7b21c000 	C:\WINDOWS\SYSTEM32\CRYPTBASE.dll
0x00007ffc76300000 - 0x00007ffc76317000 	C:\WINDOWS\SYSTEM32\dhcpcsvc6.DLL
0x00007ffc75d90000 - 0x00007ffc75dad000 	C:\WINDOWS\SYSTEM32\dhcpcsvc.DLL
0x00007ffc709f0000 - 0x00007ffc709fe000 	C:\Users\Bence\.jdks\openjdk-17\bin\sunmscapi.dll
0x00007ffc7b900000 - 0x00007ffc7ba56000 	C:\WINDOWS\System32\CRYPT32.dll
0x00007ffc7b310000 - 0x00007ffc7b337000 	C:\WINDOWS\SYSTEM32\ncrypt.dll
0x00007ffc7b2d0000 - 0x00007ffc7b30b000 	C:\WINDOWS\SYSTEM32\NTASN1.dll
0x00007ffc6fc30000 - 0x00007ffc6fc37000 	C:\WINDOWS\system32\wshunix.dll
0x00007ffc7a540000 - 0x00007ffc7a573000 	C:\WINDOWS\SYSTEM32\ntmarta.dll
0x00007ffc641f0000 - 0x00007ffc6423b000 	E:\SzamBiztHF\backend\backend\jni-library\build\libs\main\jni-library.dll

dbghelp: loaded successfully - version: 4.0.5 - missing functions: none
symbol engine: initialized successfully - sym options: 0x614 - pdb path: .;C:\Users\Bence\.jdks\openjdk-17\bin;C:\WINDOWS\SYSTEM32;C:\Program Files\AVG\Antivirus;C:\WINDOWS\WinSxS\amd64_microsoft.windows.common-controls_6595b64144ccf1df_6.0.19041.1110_none_60b5254171f9507e;C:\Users\Bence\.jdks\openjdk-17\bin\server;E:\SzamBiztHF\backend\backend\jni-library\build\libs\main

VM Arguments:
jvm_args: -Djava.library.path=E:\SzamBiztHF\backend\backend\jni-library\build\libs\main -Dfile.encoding=windows-1250 -Duser.country=US -Duser.language=en -Duser.variant 
java_command: com.backend.backend.BackendApplication
java_class_path (initial): E:\SzamBiztHF\backend\backend\build\classes\java\main;E:\SzamBiztHF\backend\backend\build\resources\main;C:\Users\Bence\.gradle\caches\modules-2\files-2.1\org.springframework.boot\spring-boot-devtools\2.5.5\cd4c92b6039cad49b9586b668e905e430d3b3dac\spring-boot-devtools-2.5.5.jar;C:\Users\Bence\.gradle\caches\modules-2\files-2.1\org.springframework.boot\spring-boot-starter-data-jpa\2.5.5\5ec66dab8ad9dead3322e21d1bfafe29da89f360\spring-boot-starter-data-jpa-2.5.5.jar;C:\Users\Bence\.gradle\caches\modules-2\files-2.1\org.springframework.boot\spring-boot-starter-web\2.5.5\c09bf133d22c865d6ce4d67ff48aece7ff1defb1\spring-boot-starter-web-2.5.5.jar;C:\Users\Bence\.gradle\caches\modules-2\files-2.1\io.jsonwebtoken\jjwt-jackson\0.11.0\5e75dd9141e269f1a7dae24343664002ea7f9c62\jjwt-jackson-0.11.0.jar;C:\Users\Bence\.gradle\caches\modules-2\files-2.1\org.springframework.boot\spring-boot-starter-json\2.5.5\11923b2b5ca33c6c849952ed1bd47a77c9ec0a85\spring-boot-starter-json-2.5.5.jar;C:\Users\Bence\.gradle\caches\modules-2\files-2.1\com.fasterxml.jackson.datatype\jackson-datatype-jdk8\2.12.5\6b2f79547d217ad50dfc5b57af7444a3aa583b43\jackson-datatype-jdk8-2.12.5.jar;C:\Users\Bence\.gradle\caches\modules-2\files-2.1\com.fasterxml.jackson.datatype\jackson-datatype-jsr310\2.12.5\a0a9870b681a72789c5c6bdc380e45ab719c6aa3\jackson-datatype-jsr310-2.12.5.jar;C:\Users\Bence\.gradle\caches\modules-2\files-2.1\com.fasterxml.jackson.module\jackson-module-parameter-names\2.12.5\2c85c2036d0851425a260c01eb5f7ddbed1eeb00\jackson-module-parameter-names-2.12.5.jar;C:\Users\Bence\.gradle\caches\modules-2\files-2.1\com.fasterxml.jackson.core\jackson-databind\2.12.5\b064cf057f23d3d35390328c5030847efeffedde\jackson-databind-2.12.5.jar;C:\Users\Bence\.gradle\caches\modules-2\files-2.1\com.fasterxml.jackson.core\jackson-annotations\2.12.5\52d929d5bb21d0186fe24c09624cc3ee4bafc3b3\jackson-annotations-2.12.5.jar;C:\Users\Bence\.gradle\caches\modules-2\files-2.1\com.fasterxml.jackson
Launcher Type: SUN_STANDARD

[Global flags]
     intx CICompilerCount                          = 3                                         {product} {ergonomic}
     uint ConcGCThreads                            = 1                                         {product} {ergonomic}
     uint G1ConcRefinementThreads                  = 4                                         {product} {ergonomic}
   size_t G1HeapRegionSize                         = 2097152                                   {product} {ergonomic}
    uintx GCDrainStackTargetSize                   = 64                                        {product} {ergonomic}
   size_t InitialHeapSize                          = 268435456                                 {product} {ergonomic}
   size_t MarkStackSize                            = 4194304                                   {product} {ergonomic}
   size_t MaxHeapSize                              = 4280287232                                {product} {ergonomic}
   size_t MaxNewSize                               = 2566914048                                {product} {ergonomic}
   size_t MinHeapDeltaBytes                        = 2097152                                   {product} {ergonomic}
   size_t MinHeapSize                              = 8388608                                   {product} {ergonomic}
    uintx NonNMethodCodeHeapSize                   = 5832780                                {pd product} {ergonomic}
    uintx NonProfiledCodeHeapSize                  = 122912730                              {pd product} {ergonomic}
    uintx ProfiledCodeHeapSize                     = 122912730                              {pd product} {ergonomic}
    uintx ReservedCodeCacheSize                    = 251658240                              {pd product} {ergonomic}
     bool SegmentedCodeCache                       = true                                      {product} {ergonomic}
   size_t SoftMaxHeapSize                          = 4280287232                             {manageable} {ergonomic}
     bool UseCompressedClassPointers               = true                           {product lp64_product} {ergonomic}
     bool UseCompressedOops                        = true                           {product lp64_product} {ergonomic}
     bool UseG1GC                                  = true                                      {product} {ergonomic}
     bool UseLargePagesIndividualAllocation        = false                                  {pd product} {ergonomic}

Logging:
Log output configuration:
 #0: stdout all=warning uptime,level,tags
 #1: stderr all=off uptime,level,tags

Environment Variables:
JAVA_HOME=C:\Program Files\Java\jdk1.8.0_251
PATH=C:\Program Files\AdoptOpenJDK\jdk-15.0.2.7-hotspot\bin;C:\Program Files (x86)\Common Files\Oracle\Java\javapath;C:\WINDOWS\system32;C:\WINDOWS;C:\WINDOWS\System32\Wbem;C:\WINDOWS\System32\WindowsPowerShell\v1.0\;C:\Program Files (x86)\NVIDIA Corporation\PhysX\Common;C:\Program Files\dotnet\;C:\Program Files\Microsoft SQL Server\130\Tools\Binn\;C:\WINDOWS\System32\OpenSSH\;C:\Program Files\NVIDIA Corporation\NVIDIA NvDLISR;E:\Git\cmd;C:\WINDOWS\system32;C:\WINDOWS;C:\WINDOWS\System32\Wbem;C:\WINDOWS\System32\WindowsPowerShell\v1.0\;C:\WINDOWS\System32\OpenSSH\;C:\Program Files\Git\cmd;C:\Programs\apache-maven-3.6.3\bin;C:\Programs\protoc\bin;C:\Program Files\MySQL\MySQL Server 8.0\bin;C:\Program Files\Microsoft SQL Server\Client SDK\ODBC\170\Tools\Binn\;E:\python\Scripts\;E:\python\;C:\Users\Bence\AppData\Local\Microsoft\WindowsApps;C:\Users\Bence\.dotnet\tools;E:\PyCharm 2020.2.3\bin;;C:\Users\Bence\AppData\Local\Microsoft\WindowsApps;D:\IntelliJ IDEA Community Edition 2020.3.2\bin;;C:\Users\Bence\AppData\Local\Programs\Microsoft VS Code\bin;C:\Users\Bence\.dotnet\tools;
USERNAME=Bence
OS=Windows_NT
PROCESSOR_IDENTIFIER=Intel64 Family 6 Model 60 Stepping 3, GenuineIntel



---------------  S Y S T E M  ---------------

OS:
 Windows 10 , 64 bit Build 19041 (10.0.19041.1348)
OS uptime: 1 days 8:22 hours

CPU: total 4 (initial active 4) (4 cores per cpu, 1 threads per core) family 6 model 60 stepping 3 microcode 0x27, cx8, cmov, fxsr, mmx, sse, sse2, sse3, ssse3, sse4.1, sse4.2, popcnt, lzcnt, tsc, tscinvbit, avx, avx2, aes, erms, clmul, bmi1, bmi2, fma, vzeroupper, clflush

Memory: 4k page, system-wide physical 16322M (6135M free)
TotalPageFile size 25538M (AvailPageFile size 12031M)
current process WorkingSet (physical memory assigned to process): 254M, peak: 291M
current process commit charge ("private bytes"): 283M, peak: 398M

vm_info: OpenJDK 64-Bit Server VM (17+35-2724) for windows-amd64 JRE (17+35-2724), built on Aug  5 2021 23:26:02 by "mach5one" with MS VC++ 16.8 (VS2019)

END.
