#
# A fatal error has been detected by the Java Runtime Environment:
#
#  EXCEPTION_UNCAUGHT_CXX_EXCEPTION (0xe06d7363) at pc=0x00007ff8e6ed466c, pid=16948, tid=9172
#
# JRE version: OpenJDK Runtime Environment Temurin-17.0.1+12 (17.0.1+12) (build 17.0.1+12)
# Java VM: OpenJDK 64-Bit Server VM Temurin-17.0.1+12 (17.0.1+12, mixed mode, emulated-client, sharing, tiered, compressed oops, compressed class ptrs, g1 gc, windows-amd64)
# Problematic frame:
# C  [KERNELBASE.dll+0x4466c]
#
# No core dump will be written. Minidumps are not enabled by default on client versions of Windows
#
# If you would like to submit a bug report, please visit:
#   https://github.com/adoptium/adoptium-support/issues
# The crash happened outside the Java Virtual Machine in native code.
# See problematic frame for where to report the bug.
#

---------------  S U M M A R Y ------------

Command Line: -Dvisualvm.id=237080771436400 -Djava.library.path=c:\Users\Narcano\Documents\GitHub\SzamBiztHF\backend\backend\jni-library\build\libs\main" -XX:TieredStopAtLevel=1 -Xverify:none -Dspring.output.ansi.enabled=always -javaagent:C:\Program Files\JetBrains\IntelliJ IDEA 2020.3.3\lib\idea_rt.jar=19346:C:\Program Files\JetBrains\IntelliJ IDEA 2020.3.3\bin -Dcom.sun.management.jmxremote -Dspring.jmx.enabled=true -Dspring.liveBeansView.mbeanDomain -Dspring.application.admin.enabled=true -Dfile.encoding=UTF-8 com.backend.backend.BackendApplication

Host: AMD Ryzen 5 3600 6-Core Processor              , 12 cores, 15G,  Windows 10 , 64 bit Build 22000 (10.0.22000.318)
Time: Sat Nov 27 15:19:03 2021 Central Europe Standard Time elapsed time: 3.268815 seconds (0d 0h 0m 3s)

---------------  T H R E A D  ---------------

Current thread (0x0000016059c32ae0):  JavaThread "restartedMain" [_thread_in_native, id=9172, stack(0x00000046d3400000,0x00000046d3500000)]

Stack: [0x00000046d3400000,0x00000046d3500000],  sp=0x00000046d34fe050,  free space=1016k
Native frames: (J=compiled Java code, j=interpreted, Vv=VM code, C=native code)
C  [KERNELBASE.dll+0x4466c]
C  [jni-library.dll+0xf8f0]

Java frames: (J=compiled Java code, j=interpreted, Vv=VM code)
j  com.narcano.jni.CaffParser.CallParser(Ljava/lang/String;)[Lcom/narcano/jni/CIFF;+0
j  com.backend.backend.BackendApplication.run([Ljava/lang/String;)V+9
j  org.springframework.boot.SpringApplication.callRunner(Lorg/springframework/boot/CommandLineRunner;Lorg/springframework/boot/ApplicationArguments;)V+7
j  org.springframework.boot.SpringApplication.callRunners(Lorg/springframework/context/ApplicationContext;Lorg/springframework/boot/ApplicationArguments;)V+119
j  org.springframework.boot.SpringApplication.run([Ljava/lang/String;)Lorg/springframework/context/ConfigurableApplicationContext;+164
j  org.springframework.boot.SpringApplication.run([Ljava/lang/Class;[Ljava/lang/String;)Lorg/springframework/context/ConfigurableApplicationContext;+9
j  org.springframework.boot.SpringApplication.run(Ljava/lang/Class;[Ljava/lang/String;)Lorg/springframework/context/ConfigurableApplicationContext;+9
j  com.backend.backend.BackendApplication.main([Ljava/lang/String;)V+3
v  ~StubRoutines::call_stub
j  jdk.internal.reflect.NativeMethodAccessorImpl.invoke0(Ljava/lang/reflect/Method;Ljava/lang/Object;[Ljava/lang/Object;)Ljava/lang/Object;+0 java.base@17.0.1
j  jdk.internal.reflect.NativeMethodAccessorImpl.invoke(Ljava/lang/Object;[Ljava/lang/Object;)Ljava/lang/Object;+133 java.base@17.0.1
j  jdk.internal.reflect.DelegatingMethodAccessorImpl.invoke(Ljava/lang/Object;[Ljava/lang/Object;)Ljava/lang/Object;+6 java.base@17.0.1
j  java.lang.reflect.Method.invoke(Ljava/lang/Object;[Ljava/lang/Object;)Ljava/lang/Object;+59 java.base@17.0.1
j  org.springframework.boot.devtools.restart.RestartLauncher.run()V+42
v  ~StubRoutines::call_stub

siginfo: EXCEPTION_UNCAUGHT_CXX_EXCEPTION (0xe06d7363), ExceptionInformation=0x0000000019930520 0x00000046d34fe3d8 0x00007ff8acd739d0 0x00007ff8acd30000 


Register to memory mapping:

RIP=0x00007ff8e6ed466c KERNELBASE.dll
RAX=0x0 is NULL
RBX=0x00007ff8acd739d0 jni-library.dll
RCX=0x0055005c003a0043 is an unknown value
RDX=0x0073007200650073 is an unknown value
RSP=0x00000046d34fe050 is pointing into the stack for thread: 0x0000016059c32ae0
RBP=0x00000046d34fe810 is pointing into the stack for thread: 0x0000016059c32ae0
RSI=0x00000046d34fe3d8 is pointing into the stack for thread: 0x0000016059c32ae0
RDI=0x0000000019930520 is an unknown value
R8 =0x0075004800740069 is an unknown value
R9 =0x007a0053005c0062 is an unknown value
R10=0x00690042006d0061 is an unknown value
R11=0x004600480074007a is an unknown value
R12=0x0 is NULL
R13={method} {0x000001605e911f10} 'CallParser' '(Ljava/lang/String;)[Lcom/narcano/jni/CIFF;' in 'com/narcano/jni/CaffParser'
R14=0x00000046d34fe838 is pointing into the stack for thread: 0x0000016059c32ae0
R15=0x0000016059c32ae0 is a thread


Registers:
RAX=0x0000000000000000, RBX=0x00007ff8acd739d0, RCX=0x0055005c003a0043, RDX=0x0073007200650073
RSP=0x00000046d34fe050, RBP=0x00000046d34fe810, RSI=0x00000046d34fe3d8, RDI=0x0000000019930520
R8 =0x0075004800740069, R9 =0x007a0053005c0062, R10=0x00690042006d0061, R11=0x004600480074007a
R12=0x0000000000000000, R13=0x000001605e911f08, R14=0x00000046d34fe838, R15=0x0000016059c32ae0
RIP=0x00007ff8e6ed466c, EFLAGS=0x0000000000000202

Top of Stack: (sp=0x00000046d34fe050)
0x00000046d34fe050:   0000016059c32ae0 00007ff8acd739d0
0x00000046d34fe060:   00000046d34fe3d8 0000000000000000
0x00000046d34fe070:   00000081e06d7363 0000000000000000
0x00000046d34fe080:   00007ff8e6ed466c 00007ff800000004
0x00000046d34fe090:   0000000019930520 00000046d34fe3d8
0x00000046d34fe0a0:   00007ff8acd739d0 00007ff8acd30000
0x00000046d34fe0b0:   0000016000000000 00007ff8acd3f813
0x00000046d34fe0c0:   00000046d34fe178 00007ff800000000
0x00000046d34fe0d0:   00000046d34fe838 00007ff8e93fa4af
0x00000046d34fe0e0:   00000046d34fe150 00007ff8acd78000
0x00000046d34fe0f0:   00000046d34fe3d8 0000000019930520
0x00000046d34fe100:   00007ff8acd78000 00007ff8acd30000
0x00000046d34fe110:   0000757ff68fb438 00007ff8acd31601
0x00000046d34fe120:   00007ff8acd739d0 00007ff8acd3f8f0
0x00000046d34fe130:   00000046d34fe3d8 00007ff8acd627c8
0x00000046d34fe140:   00000046d34fe178 00007ff8acd3b753 

Instructions: (pc=0x00007ff8e6ed466c)
0x00007ff8e6ed456c:   48 21 75 48 4c 8d 45 48 41 b9 08 00 00 00 49 8b
0x00007ff8e6ed457c:   cd 41 8d 51 fd 48 ff 15 08 8a 1f 00 0f 1f 44 00
0x00007ff8e6ed458c:   00 8b f8 85 c0 78 86 be 01 00 00 00 e9 18 ff ff
0x00007ff8e6ed459c:   ff 85 f6 74 21 41 b9 08 00 00 00 4c 8d 45 38 49
0x00007ff8e6ed45ac:   8b cd 41 8d 51 fd 48 ff 15 d7 89 1f 00 0f 1f 44
0x00007ff8e6ed45bc:   00 00 48 8b 4d 38 48 ff 15 ef 83 1f 00 0f 1f 44
0x00007ff8e6ed45cc:   00 00 e9 4f ff ff ff cc cc cc cc cc 71 e1 d3 32
0x00007ff8e6ed45dc:   5b 07 d5 dd 65 48 8b 04 25 30 00 00 00 8b 40 68
0x00007ff8e6ed45ec:   c3 cc cc cc cc cc cc cc cc cc cc cc 71 18 d3 7a
0x00007ff8e6ed45fc:   1a 87 89 f9 48 81 ec d8 00 00 00 48 8b 05 42 39
0x00007ff8e6ed460c:   2e 00 48 33 c4 48 89 84 24 c0 00 00 00 48 83 64
0x00007ff8e6ed461c:   24 28 00 48 8d 05 da ff ff ff 83 e2 01 89 4c 24
0x00007ff8e6ed462c:   20 89 54 24 24 48 89 44 24 30 4d 85 c9 74 4f b8
0x00007ff8e6ed463c:   0f 00 00 00 48 8d 4c 24 40 44 3b c0 49 8b d1 41
0x00007ff8e6ed464c:   0f 46 c0 44 8b c0 44 89 44 24 38 49 c1 e0 03 e8
0x00007ff8e6ed465c:   17 35 07 00 48 8d 4c 24 20 48 ff 15 6c 84 1f 00
0x00007ff8e6ed466c:   0f 1f 44 00 00 48 8b 8c 24 c0 00 00 00 48 33 cc
0x00007ff8e6ed467c:   e8 9f b0 06 00 48 81 c4 d8 00 00 00 c3 cc 83 64
0x00007ff8e6ed468c:   24 38 00 eb cf cc cc cc cc cc cc cc 71 c2 5b 1e
0x00007ff8e6ed469c:   ed 06 b0 d2 48 89 5c 24 10 55 56 57 41 54 41 55
0x00007ff8e6ed46ac:   41 56 41 57 48 81 ec a0 03 00 00 48 8d 6c 24 50
0x00007ff8e6ed46bc:   48 83 e5 e0 48 8b 05 89 38 2e 00 48 33 c4 48 89
0x00007ff8e6ed46cc:   85 40 03 00 00 44 8b ea 44 89 45 2c 33 d2 48 89
0x00007ff8e6ed46dc:   4d 10 41 8b c1 48 8b d9 89 45 04 8b fa 48 85 c9
0x00007ff8e6ed46ec:   0f 84 5c 2a 09 00 85 c0 0f 84 c7 03 00 00 45 85
0x00007ff8e6ed46fc:   ed 8d 5a 37 41 0f 45 dd f7 c3 c8 ff ff ff 0f 85
0x00007ff8e6ed470c:   84 2e 09 00 44 8b e2 8d 72 01 8b ca 44 8b f3 41
0x00007ff8e6ed471c:   c1 ee 02 44 23 f6 f6 c3 21 41 0f 95 c4 f6 c3 11
0x00007ff8e6ed472c:   44 89 65 1c 0f 95 c1 44 89 65 28 89 4d 00 89 4d
0x00007ff8e6ed473c:   20 89 4d 24 45 85 e4 74 37 e8 d6 de ff ff 48 8b
0x00007ff8e6ed474c:   78 10 e8 e9 ab ff ff 33 d2 4c 8b f8 48 85 ff 74
0x00007ff8e6ed475c:   0f 44 8b 5f 4c 41 0f ba e3 10 0f 82 ec 29 09 00 


Stack slot to memory mapping:
stack at sp + 0 slots: 0x0000016059c32ae0 is a thread
stack at sp + 1 slots: 0x00007ff8acd739d0 jni-library.dll
stack at sp + 2 slots: 0x00000046d34fe3d8 is pointing into the stack for thread: 0x0000016059c32ae0
stack at sp + 3 slots: 0x0 is NULL
stack at sp + 4 slots: 0x00000081e06d7363 is an unknown value
stack at sp + 5 slots: 0x0 is NULL
stack at sp + 6 slots: 0x00007ff8e6ed466c KERNELBASE.dll
stack at sp + 7 slots: 0x00007ff800000004 is an unknown value


---------------  P R O C E S S  ---------------

Threads class SMR info:
_java_thread_list=0x000001605d492980, length=30, elements={
0x000001604144dd20, 0x00000160586d9d00, 0x00000160586dab70, 0x00000160586ed8e0,
0x00000160586ee550, 0x00000160586eff10, 0x00000160586f18d0, 0x00000160586f3340,
0x00000160586f64f0, 0x00000160591d46d0, 0x00000160591ff400, 0x00000160591ff910,
0x00000160595bac70, 0x00000160595bb140, 0x0000016059761670, 0x0000016059b33240,
0x0000016059c2d690, 0x0000016059c32ae0, 0x000001605abc1fc0, 0x000001605ac2fbb0,
0x000001605adee700, 0x000001605cc489a0, 0x000001605cc467f0, 0x000001605cc46cc0,
0x000001605cc45e50, 0x000001605cc45980, 0x000001605cc47660, 0x000001605cc48000,
0x000001605cc47190, 0x000001605cc47b30
}

Java Threads: ( => current thread )
  0x000001604144dd20 JavaThread "main" [_thread_blocked, id=2468, stack(0x00000046d1400000,0x00000046d1500000)]
  0x00000160586d9d00 JavaThread "Reference Handler" daemon [_thread_blocked, id=22268, stack(0x00000046d1b00000,0x00000046d1c00000)]
  0x00000160586dab70 JavaThread "Finalizer" daemon [_thread_blocked, id=19856, stack(0x00000046d1c00000,0x00000046d1d00000)]
  0x00000160586ed8e0 JavaThread "Signal Dispatcher" daemon [_thread_blocked, id=1480, stack(0x00000046d1d00000,0x00000046d1e00000)]
  0x00000160586ee550 JavaThread "Attach Listener" daemon [_thread_blocked, id=22988, stack(0x00000046d1e00000,0x00000046d1f00000)]
  0x00000160586eff10 JavaThread "Service Thread" daemon [_thread_blocked, id=25288, stack(0x00000046d1f00000,0x00000046d2000000)]
  0x00000160586f18d0 JavaThread "Monitor Deflation Thread" daemon [_thread_blocked, id=22848, stack(0x00000046d2000000,0x00000046d2100000)]
  0x00000160586f3340 JavaThread "C1 CompilerThread0" daemon [_thread_blocked, id=24948, stack(0x00000046d2100000,0x00000046d2200000)]
  0x00000160586f64f0 JavaThread "Sweeper thread" daemon [_thread_blocked, id=6256, stack(0x00000046d2200000,0x00000046d2300000)]
  0x00000160591d46d0 JavaThread "Common-Cleaner" daemon [_thread_blocked, id=8808, stack(0x00000046d2300000,0x00000046d2400000)]
  0x00000160591ff400 JavaThread "C1 CompilerThread1" daemon [_thread_blocked, id=26596, stack(0x00000046d2400000,0x00000046d2500000)]
  0x00000160591ff910 JavaThread "C1 CompilerThread2" daemon [_thread_blocked, id=6528, stack(0x00000046d2500000,0x00000046d2600000)]
  0x00000160595bac70 JavaThread "Monitor Ctrl-Break" daemon [_thread_in_native, id=2476, stack(0x00000046d2600000,0x00000046d2700000)]
  0x00000160595bb140 JavaThread "Notification Thread" daemon [_thread_blocked, id=24368, stack(0x00000046d2700000,0x00000046d2800000)]
  0x0000016059761670 JavaThread "RMI TCP Accept-0" daemon [_thread_in_native, id=26284, stack(0x00000046d2800000,0x00000046d2900000)]
  0x0000016059b33240 JavaThread "C1 CompilerThread3" daemon [_thread_blocked, id=1272, stack(0x00000046d2a00000,0x00000046d2b00000)]
  0x0000016059c2d690 JavaThread "Thread-0" [_thread_blocked, id=1580, stack(0x00000046d3300000,0x00000046d3400000)]
=>0x0000016059c32ae0 JavaThread "restartedMain" [_thread_in_native, id=9172, stack(0x00000046d3400000,0x00000046d3500000)]
  0x000001605abc1fc0 JavaThread "RMI TCP Connection(2)-172.30.128.1" daemon [_thread_in_native, id=11440, stack(0x00000046d3500000,0x00000046d3600000)]
  0x000001605ac2fbb0 JavaThread "RMI Scheduler(0)" daemon [_thread_blocked, id=17564, stack(0x00000046d3a00000,0x00000046d3b00000)]
  0x000001605adee700 JavaThread "HikariPool-1 housekeeper" daemon [_thread_blocked, id=22392, stack(0x00000046d3b00000,0x00000046d3c00000)]
  0x000001605cc489a0 JavaThread "HikariPool-1 connection adder" daemon [_thread_blocked, id=3516, stack(0x00000046d3c00000,0x00000046d3d00000)]
  0x000001605cc467f0 JavaThread "RMI TCP Connection(3)-172.30.128.1" daemon [_thread_in_native, id=14144, stack(0x00000046d3d00000,0x00000046d3e00000)]
  0x000001605cc46cc0 JavaThread "Catalina-utility-1" [_thread_blocked, id=22252, stack(0x00000046d3e00000,0x00000046d3f00000)]
  0x000001605cc45e50 JavaThread "Catalina-utility-2" [_thread_blocked, id=15080, stack(0x00000046d3f00000,0x00000046d4000000)]
  0x000001605cc45980 JavaThread "container-0" [_thread_blocked, id=23680, stack(0x00000046d4000000,0x00000046d4100000)]
  0x000001605cc47660 JavaThread "File Watcher" daemon [_thread_blocked, id=16868, stack(0x00000046d4100000,0x00000046d4200000)]
  0x000001605cc48000 JavaThread "Live Reload Server" daemon [_thread_in_native, id=5316, stack(0x00000046d4300000,0x00000046d4400000)]
  0x000001605cc47190 JavaThread "http-nio-8080-Poller" daemon [_thread_in_native, id=2076, stack(0x00000046d4200000,0x00000046d4300000)]
  0x000001605cc47b30 JavaThread "http-nio-8080-Acceptor" daemon [_thread_in_native, id=22096, stack(0x00000046d4400000,0x00000046d4500000)]

Other Threads:
  0x00000160586d4d00 VMThread "VM Thread" [stack: 0x00000046d1a00000,0x00000046d1b00000] [id=25584]
  0x00000160414c2dc0 WatcherThread [stack: 0x00000046d2900000,0x00000046d2a00000] [id=23436]
  0x000001603f1ce830 GCTaskThread "GC Thread#0" [stack: 0x00000046d1500000,0x00000046d1600000] [id=3888]
  0x0000016059bb9680 GCTaskThread "GC Thread#1" [stack: 0x00000046d2b00000,0x00000046d2c00000] [id=16464]
  0x0000016059b79fc0 GCTaskThread "GC Thread#2" [stack: 0x00000046d2c00000,0x00000046d2d00000] [id=2728]
  0x0000016059bb66c0 GCTaskThread "GC Thread#3" [stack: 0x00000046d2d00000,0x00000046d2e00000] [id=3208]
  0x0000016059bb6970 GCTaskThread "GC Thread#4" [stack: 0x00000046d2e00000,0x00000046d2f00000] [id=21720]
  0x0000016059bb6c20 GCTaskThread "GC Thread#5" [stack: 0x00000046d2f00000,0x00000046d3000000] [id=8648]
  0x0000016059bf7400 GCTaskThread "GC Thread#6" [stack: 0x00000046d3000000,0x00000046d3100000] [id=10476]
  0x0000016059bf76b0 GCTaskThread "GC Thread#7" [stack: 0x00000046d3100000,0x00000046d3200000] [id=18248]
  0x000001605a90df80 GCTaskThread "GC Thread#8" [stack: 0x00000046d3600000,0x00000046d3700000] [id=11232]
  0x000001605a928020 GCTaskThread "GC Thread#9" [stack: 0x00000046d3700000,0x00000046d3800000] [id=18356]
  0x00000160414adb00 ConcurrentGCThread "G1 Main Marker" [stack: 0x00000046d1600000,0x00000046d1700000] [id=25228]
  0x00000160414aebc0 ConcurrentGCThread "G1 Conc#0" [stack: 0x00000046d1700000,0x00000046d1800000] [id=11632]
  0x000001605a9bcc60 ConcurrentGCThread "G1 Conc#1" [stack: 0x00000046d3800000,0x00000046d3900000] [id=9676]
  0x000001605a92c4b0 ConcurrentGCThread "G1 Conc#2" [stack: 0x00000046d3900000,0x00000046d3a00000] [id=10472]
  0x00000160585930e0 ConcurrentGCThread "G1 Refine#0" [stack: 0x00000046d1800000,0x00000046d1900000] [id=7076]
  0x0000016059bb7350 ConcurrentGCThread "G1 Refine#1" [stack: 0x00000046d3200000,0x00000046d3300000] [id=6460]
  0x0000016058593b00 ConcurrentGCThread "G1 Service" [stack: 0x00000046d1900000,0x00000046d1a00000] [id=26440]

Threads with active compile tasks:

VM state: not at safepoint (normal execution)

VM Mutex/Monitor currently owned by a thread: None

Heap address: 0x0000000700e00000, size: 4082 MB, Compressed Oops mode: Zero based, Oop shift amount: 3

CDS archive(s) mapped at: [0x0000000800000000-0x0000000800bc0000-0x0000000800bc0000), size 12320768, SharedBaseAddress: 0x0000000800000000, ArchiveRelocationMode: 0.
Compressed class space mapped at: 0x0000000800c00000-0x0000000840c00000, reserved size: 1073741824
Narrow klass base: 0x0000000800000000, Narrow klass shift: 0, Narrow klass range: 0x100000000

GC Precious Log:
 CPUs: 12 total, 12 available
 Memory: 16320M
 Large Page Support: Disabled
 NUMA Support: Disabled
 Compressed Oops: Enabled (Zero based)
 Heap Region Size: 2M
 Heap Min Capacity: 8M
 Heap Initial Capacity: 256M
 Heap Max Capacity: 4082M
 Pre-touch: Disabled
 Parallel Workers: 10
 Concurrent Workers: 3
 Concurrent Refinement Workers: 10
 Periodic GC: Disabled

Heap:
 garbage-first heap   total 116736K, used 50860K [0x0000000700e00000, 0x0000000800000000)
  region size 2048K, 16 young (32768K), 3 survivors (6144K)
 Metaspace       used 56365K, committed 56832K, reserved 1097728K
  class space    used 7816K, committed 8064K, reserved 1048576K

Heap Regions: E=young(eden), S=young(survivor), O=old, HS=humongous(starts), HC=humongous(continues), CS=collection set, F=free, OA=open archive, CA=closed archive, TAMS=top-at-mark-start (previous, next)
|   0|0x0000000700e00000, 0x0000000701000000, 0x0000000701000000|100%| O|  |TAMS 0x0000000701000000, 0x0000000700e00000| Untracked 
|   1|0x0000000701000000, 0x0000000701200000, 0x0000000701200000|100%| O|  |TAMS 0x0000000701200000, 0x0000000701000000| Untracked 
|   2|0x0000000701200000, 0x0000000701400000, 0x0000000701400000|100%| O|  |TAMS 0x0000000701400000, 0x0000000701200000| Untracked 
|   3|0x0000000701400000, 0x0000000701600000, 0x0000000701600000|100%| O|  |TAMS 0x0000000701400000, 0x0000000701400000| Untracked 
|   4|0x0000000701600000, 0x0000000701800000, 0x0000000701800000|100%| O|  |TAMS 0x0000000701800000, 0x0000000701600000| Untracked 
|   5|0x0000000701800000, 0x0000000701a00000, 0x0000000701a00000|100%| O|  |TAMS 0x0000000701800000, 0x0000000701800000| Untracked 
|   6|0x0000000701a00000, 0x0000000701c00000, 0x0000000701c00000|100%| O|  |TAMS 0x0000000701a00000, 0x0000000701a00000| Untracked 
|   7|0x0000000701c00000, 0x0000000701e00000, 0x0000000701e00000|100%| O|  |TAMS 0x0000000701c00000, 0x0000000701c00000| Untracked 
|   8|0x0000000701e00000, 0x0000000701ea4600, 0x0000000702000000| 32%| O|  |TAMS 0x0000000701e00000, 0x0000000701e00000| Untracked 
|   9|0x0000000702000000, 0x0000000702200000, 0x0000000702200000|100%| O|  |TAMS 0x0000000702200000, 0x0000000702000000| Untracked 
|  10|0x0000000702200000, 0x0000000702400000, 0x0000000702400000|100%| O|  |TAMS 0x0000000702400000, 0x0000000702200000| Untracked 
|  11|0x0000000702400000, 0x0000000702400000, 0x0000000702600000|  0%| F|  |TAMS 0x0000000702400000, 0x0000000702400000| Untracked 
|  12|0x0000000702600000, 0x0000000702600000, 0x0000000702800000|  0%| F|  |TAMS 0x0000000702600000, 0x0000000702600000| Untracked 
|  13|0x0000000702800000, 0x0000000702800000, 0x0000000702a00000|  0%| F|  |TAMS 0x0000000702800000, 0x0000000702800000| Untracked 
|  14|0x0000000702a00000, 0x0000000702a00000, 0x0000000702c00000|  0%| F|  |TAMS 0x0000000702a00000, 0x0000000702a00000| Untracked 
|  15|0x0000000702c00000, 0x0000000702c00000, 0x0000000702e00000|  0%| F|  |TAMS 0x0000000702c00000, 0x0000000702c00000| Untracked 
|  16|0x0000000702e00000, 0x0000000702e00000, 0x0000000703000000|  0%| F|  |TAMS 0x0000000702e00000, 0x0000000702e00000| Untracked 
|  17|0x0000000703000000, 0x0000000703000000, 0x0000000703200000|  0%| F|  |TAMS 0x0000000703000000, 0x0000000703000000| Untracked 
|  18|0x0000000703200000, 0x0000000703200000, 0x0000000703400000|  0%| F|  |TAMS 0x0000000703200000, 0x0000000703200000| Untracked 
|  19|0x0000000703400000, 0x0000000703400000, 0x0000000703600000|  0%| F|  |TAMS 0x0000000703400000, 0x0000000703400000| Untracked 
|  20|0x0000000703600000, 0x0000000703600000, 0x0000000703800000|  0%| F|  |TAMS 0x0000000703600000, 0x0000000703600000| Untracked 
|  21|0x0000000703800000, 0x0000000703906dd8, 0x0000000703a00000| 51%| S|CS|TAMS 0x0000000703800000, 0x0000000703800000| Complete 
|  22|0x0000000703a00000, 0x0000000703c00000, 0x0000000703c00000|100%| S|CS|TAMS 0x0000000703a00000, 0x0000000703a00000| Complete 
|  23|0x0000000703c00000, 0x0000000703e00000, 0x0000000703e00000|100%| S|CS|TAMS 0x0000000703c00000, 0x0000000703c00000| Complete 
|  24|0x0000000703e00000, 0x0000000703e00000, 0x0000000704000000|  0%| F|  |TAMS 0x0000000703e00000, 0x0000000703e00000| Untracked 
|  25|0x0000000704000000, 0x0000000704000000, 0x0000000704200000|  0%| F|  |TAMS 0x0000000704000000, 0x0000000704000000| Untracked 
|  26|0x0000000704200000, 0x0000000704200000, 0x0000000704400000|  0%| F|  |TAMS 0x0000000704200000, 0x0000000704200000| Untracked 
|  27|0x0000000704400000, 0x0000000704400000, 0x0000000704600000|  0%| F|  |TAMS 0x0000000704400000, 0x0000000704400000| Untracked 
|  28|0x0000000704600000, 0x0000000704600000, 0x0000000704800000|  0%| F|  |TAMS 0x0000000704600000, 0x0000000704600000| Untracked 
|  29|0x0000000704800000, 0x0000000704800000, 0x0000000704a00000|  0%| F|  |TAMS 0x0000000704800000, 0x0000000704800000| Untracked 
|  30|0x0000000704a00000, 0x0000000704a00000, 0x0000000704c00000|  0%| F|  |TAMS 0x0000000704a00000, 0x0000000704a00000| Untracked 
|  31|0x0000000704c00000, 0x0000000704c00000, 0x0000000704e00000|  0%| F|  |TAMS 0x0000000704c00000, 0x0000000704c00000| Untracked 
|  32|0x0000000704e00000, 0x0000000704e00000, 0x0000000705000000|  0%| F|  |TAMS 0x0000000704e00000, 0x0000000704e00000| Untracked 
|  33|0x0000000705000000, 0x0000000705000000, 0x0000000705200000|  0%| F|  |TAMS 0x0000000705000000, 0x0000000705000000| Untracked 
|  34|0x0000000705200000, 0x0000000705200000, 0x0000000705400000|  0%| F|  |TAMS 0x0000000705200000, 0x0000000705200000| Untracked 
|  35|0x0000000705400000, 0x0000000705400000, 0x0000000705600000|  0%| F|  |TAMS 0x0000000705400000, 0x0000000705400000| Untracked 
|  36|0x0000000705600000, 0x0000000705600000, 0x0000000705800000|  0%| F|  |TAMS 0x0000000705600000, 0x0000000705600000| Untracked 
|  37|0x0000000705800000, 0x0000000705800000, 0x0000000705a00000|  0%| F|  |TAMS 0x0000000705800000, 0x0000000705800000| Untracked 
|  38|0x0000000705a00000, 0x0000000705a00000, 0x0000000705c00000|  0%| F|  |TAMS 0x0000000705a00000, 0x0000000705a00000| Untracked 
|  39|0x0000000705c00000, 0x0000000705c00000, 0x0000000705e00000|  0%| F|  |TAMS 0x0000000705c00000, 0x0000000705c00000| Untracked 
|  40|0x0000000705e00000, 0x0000000705e00000, 0x0000000706000000|  0%| F|  |TAMS 0x0000000705e00000, 0x0000000705e00000| Untracked 
|  41|0x0000000706000000, 0x0000000706000000, 0x0000000706200000|  0%| F|  |TAMS 0x0000000706000000, 0x0000000706000000| Untracked 
|  42|0x0000000706200000, 0x0000000706200000, 0x0000000706400000|  0%| F|  |TAMS 0x0000000706200000, 0x0000000706200000| Untracked 
|  43|0x0000000706400000, 0x0000000706400000, 0x0000000706600000|  0%| F|  |TAMS 0x0000000706400000, 0x0000000706400000| Untracked 
|  44|0x0000000706600000, 0x00000007066485a0, 0x0000000706800000| 14%| E|  |TAMS 0x0000000706600000, 0x0000000706600000| Complete 
|  45|0x0000000706800000, 0x0000000706a00000, 0x0000000706a00000|100%| E|CS|TAMS 0x0000000706800000, 0x0000000706800000| Complete 
|  46|0x0000000706a00000, 0x0000000706c00000, 0x0000000706c00000|100%| E|CS|TAMS 0x0000000706a00000, 0x0000000706a00000| Complete 
|  47|0x0000000706c00000, 0x0000000706e00000, 0x0000000706e00000|100%| E|CS|TAMS 0x0000000706c00000, 0x0000000706c00000| Complete 
|  48|0x0000000706e00000, 0x0000000707000000, 0x0000000707000000|100%| E|CS|TAMS 0x0000000706e00000, 0x0000000706e00000| Complete 
|  49|0x0000000707000000, 0x0000000707200000, 0x0000000707200000|100%| E|CS|TAMS 0x0000000707000000, 0x0000000707000000| Complete 
|  50|0x0000000707200000, 0x0000000707400000, 0x0000000707400000|100%| E|CS|TAMS 0x0000000707200000, 0x0000000707200000| Complete 
|  51|0x0000000707400000, 0x0000000707600000, 0x0000000707600000|100%| E|CS|TAMS 0x0000000707400000, 0x0000000707400000| Complete 
|  56|0x0000000707e00000, 0x0000000708000000, 0x0000000708000000|100%| E|CS|TAMS 0x0000000707e00000, 0x0000000707e00000| Complete 
|  57|0x0000000708000000, 0x0000000708200000, 0x0000000708200000|100%| E|CS|TAMS 0x0000000708000000, 0x0000000708000000| Complete 
|  58|0x0000000708200000, 0x0000000708400000, 0x0000000708400000|100%| E|CS|TAMS 0x0000000708200000, 0x0000000708200000| Complete 
|  59|0x0000000708400000, 0x0000000708600000, 0x0000000708600000|100%| E|CS|TAMS 0x0000000708400000, 0x0000000708400000| Complete 
| 127|0x0000000710c00000, 0x0000000710e00000, 0x0000000710e00000|100%| E|CS|TAMS 0x0000000710c00000, 0x0000000710c00000| Complete 

Card table byte_map: [0x000001604ca40000,0x000001604d240000] _byte_map_base: 0x0000016049239000

Marking Bits (Prev, Next): (CMBitMap*) 0x000001604149d2c0, (CMBitMap*) 0x000001604149d300
 Prev Bits: [0x000001604da40000, 0x0000016051a08000)
 Next Bits: [0x0000016051a10000, 0x00000160559d8000)

Polling page: 0x000001603f3f0000

Metaspace:

Usage:
  Non-class:     47.41 MB used.
      Class:      7.63 MB used.
       Both:     55.04 MB used.

Virtual space:
  Non-class space:       48.00 MB reserved,      47.62 MB (>99%) committed,  6 nodes.
      Class space:        1.00 GB reserved,       7.88 MB ( <1%) committed,  1 nodes.
             Both:        1.05 GB reserved,      55.50 MB (  5%) committed. 

Chunk freelists:
   Non-Class:  89.00 KB
       Class:  4.00 MB
        Both:  4.09 MB

MaxMetaspaceSize: unlimited
CompressedClassSpaceSize: 1.00 GB
Initial GC threshold: 21.00 MB
Current GC threshold: 59.00 MB
CDS: on
MetaspaceReclaimPolicy: balanced
 - commit_granule_bytes: 65536.
 - commit_granule_words: 8192.
 - virtual_space_node_default_size: 1048576.
 - enlarge_chunks_in_place: 1.
 - new_chunks_are_fully_committed: 0.
 - uncommit_free_chunks: 1.
 - use_allocation_guard: 0.
 - handle_deallocations: 1.


Internal statistics:

num_allocs_failed_limit: 6.
num_arena_births: 562.
num_arena_deaths: 0.
num_vsnodes_births: 7.
num_vsnodes_deaths: 0.
num_space_committed: 888.
num_space_uncommitted: 0.
num_chunks_returned_to_freelist: 6.
num_chunks_taken_from_freelist: 2662.
num_chunk_merges: 6.
num_chunk_splits: 1887.
num_chunks_enlarged: 1449.
num_purges: 0.
num_inconsistent_stats: 0.

CodeCache: size=49152Kb used=12128Kb max_used=12128Kb free=37023Kb
 bounds [0x0000016048f00000, 0x0000016049ae0000, 0x000001604bf00000]
 total_blobs=6447 nmethods=5808 adapters=562
 compilation: enabled
              stopped_count=0, restarted_count=0
 full_count=0

Compilation events (20 events):
Event: 3.259 Thread 0x0000016059b33240 nmethod 5797 0x0000016049ad3f90 code [0x0000016049ad4140, 0x0000016049ad43d8]
Event: 3.259 Thread 0x00000160591ff400 nmethod 5796 0x0000016049ad4510 code [0x0000016049ad4700, 0x0000016049ad4a98]
Event: 3.262 Thread 0x0000016059b33240 5798       1       jdk.internal.math.FDBigInteger::mult (64 bytes)
Event: 3.262 Thread 0x00000160586f3340 5799       1       jdk.internal.math.FDBigInteger::<init> (30 bytes)
Event: 3.262 Thread 0x00000160591ff400 5800       1       jdk.internal.math.FDBigInteger::trimLeadingZeros (57 bytes)
Event: 3.262 Thread 0x00000160591ff910 5801       1       jdk.internal.math.FDBigInteger::makeImmutable (6 bytes)
Event: 3.262 Thread 0x00000160591ff910 nmethod 5801 0x0000016049ad4c90 code [0x0000016049ad4e20, 0x0000016049ad4ef8]
Event: 3.262 Thread 0x0000016059b33240 nmethod 5798 0x0000016049ad4f90 code [0x0000016049ad5120, 0x0000016049ad52b8]
Event: 3.262 Thread 0x0000016059b33240 5802       1       jdk.internal.math.FDBigInteger::mult (44 bytes)
Event: 3.262 Thread 0x00000160586f3340 nmethod 5799 0x0000016049ad5410 code [0x0000016049ad55a0, 0x0000016049ad56e8]
Event: 3.262 Thread 0x00000160591ff400 nmethod 5800 0x0000016049ad5790 code [0x0000016049ad5920, 0x0000016049ad5a78]
Event: 3.262 Thread 0x0000016059b33240 nmethod 5802 0x0000016049ad5b90 code [0x0000016049ad5d40, 0x0000016049ad6018]
Event: 3.263 Thread 0x0000016059b33240 5803       1       java.util.IdentityHashMap::init (11 bytes)
Event: 3.263 Thread 0x0000016059b33240 nmethod 5803 0x0000016049ad6110 code [0x0000016049ad62a0, 0x0000016049ad6458]
Event: 3.263 Thread 0x00000160591ff910 5804       1       org.springframework.core.ResolvableType$DefaultVariableResolver::resolveVariable (9 bytes)
Event: 3.263 Thread 0x00000160586f3340 5805       1       org.springframework.core.ResolvableType::access$200 (6 bytes)
Event: 3.263 Thread 0x00000160591ff400 5806       1       org.springframework.core.ResolvableType::resolveVariable (186 bytes)
Event: 3.263 Thread 0x00000160586f3340 nmethod 5805 0x0000016049ad6510 code [0x0000016049ad66a0, 0x0000016049ad6768]
Event: 3.263 Thread 0x00000160591ff910 nmethod 5804 0x0000016049ad6810 code [0x0000016049ad69a0, 0x0000016049ad6a88]
Event: 3.264 Thread 0x00000160591ff400 nmethod 5806 0x0000016049ad6b90 code [0x0000016049ad6e60, 0x0000016049ad7698]

GC Heap History (20 events):
Event: 0.994 GC heap before
{Heap before GC invocations=2 (full 0):
 garbage-first heap   total 262144K, used 153251K [0x0000000700e00000, 0x0000000800000000)
  region size 2048K, 74 young (151552K), 1 survivors (2048K)
 Metaspace       used 21221K, committed 21504K, reserved 1073152K
  class space    used 2780K, committed 2944K, reserved 1048576K
}
Event: 0.997 GC heap after
{Heap after GC invocations=3 (full 0):
 garbage-first heap   total 262144K, used 12328K [0x0000000700e00000, 0x0000000800000000)
  region size 2048K, 3 young (6144K), 3 survivors (6144K)
 Metaspace       used 21221K, committed 21504K, reserved 1073152K
  class space    used 2780K, committed 2944K, reserved 1048576K
}
Event: 1.196 GC heap before
{Heap before GC invocations=4 (full 0):
 garbage-first heap   total 61440K, used 47144K [0x0000000700e00000, 0x0000000800000000)
  region size 2048K, 21 young (43008K), 3 survivors (6144K)
 Metaspace       used 25006K, committed 25280K, reserved 1073152K
  class space    used 3327K, committed 3456K, reserved 1048576K
}
Event: 1.200 GC heap after
{Heap after GC invocations=5 (full 0):
 garbage-first heap   total 61440K, used 13719K [0x0000000700e00000, 0x0000000800000000)
  region size 2048K, 4 young (8192K), 4 survivors (8192K)
 Metaspace       used 25006K, committed 25280K, reserved 1073152K
  class space    used 3327K, committed 3456K, reserved 1048576K
}
Event: 1.217 GC heap before
{Heap before GC invocations=5 (full 0):
 garbage-first heap   total 61440K, used 15767K [0x0000000700e00000, 0x0000000800000000)
  region size 2048K, 5 young (10240K), 4 survivors (8192K)
 Metaspace       used 25559K, committed 25856K, reserved 1073152K
  class space    used 3410K, committed 3584K, reserved 1048576K
}
Event: 1.221 GC heap after
{Heap after GC invocations=6 (full 0):
 garbage-first heap   total 61440K, used 14447K [0x0000000700e00000, 0x0000000800000000)
  region size 2048K, 1 young (2048K), 1 survivors (2048K)
 Metaspace       used 25559K, committed 25856K, reserved 1073152K
  class space    used 3410K, committed 3584K, reserved 1048576K
}
Event: 1.463 GC heap before
{Heap before GC invocations=6 (full 0):
 garbage-first heap   total 61440K, used 41071K [0x0000000700e00000, 0x0000000800000000)
  region size 2048K, 14 young (28672K), 1 survivors (2048K)
 Metaspace       used 28543K, committed 28928K, reserved 1081344K
  class space    used 3884K, committed 4096K, reserved 1048576K
}
Event: 1.465 GC heap after
{Heap after GC invocations=7 (full 0):
 garbage-first heap   total 161792K, used 15446K [0x0000000700e00000, 0x0000000800000000)
  region size 2048K, 2 young (4096K), 2 survivors (4096K)
 Metaspace       used 28543K, committed 28928K, reserved 1081344K
  class space    used 3884K, committed 4096K, reserved 1048576K
}
Event: 1.690 GC heap before
{Heap before GC invocations=7 (full 0):
 garbage-first heap   total 161792K, used 105558K [0x0000000700e00000, 0x0000000800000000)
  region size 2048K, 47 young (96256K), 2 survivors (4096K)
 Metaspace       used 31752K, committed 32128K, reserved 1081344K
  class space    used 4314K, committed 4480K, reserved 1048576K
}
Event: 1.693 GC heap after
{Heap after GC invocations=8 (full 0):
 garbage-first heap   total 161792K, used 17565K [0x0000000700e00000, 0x0000000800000000)
  region size 2048K, 3 young (6144K), 3 survivors (6144K)
 Metaspace       used 31752K, committed 32128K, reserved 1081344K
  class space    used 4314K, committed 4480K, reserved 1048576K
}
Event: 1.907 GC heap before
{Heap before GC invocations=8 (full 0):
 garbage-first heap   total 161792K, used 52381K [0x0000000700e00000, 0x0000000800000000)
  region size 2048K, 22 young (45056K), 3 survivors (6144K)
 Metaspace       used 35602K, committed 35968K, reserved 1081344K
  class space    used 4700K, committed 4928K, reserved 1048576K
}
Event: 1.911 GC heap after
{Heap after GC invocations=9 (full 0):
 garbage-first heap   total 161792K, used 19606K [0x0000000700e00000, 0x0000000800000000)
  region size 2048K, 4 young (8192K), 4 survivors (8192K)
 Metaspace       used 35602K, committed 35968K, reserved 1081344K
  class space    used 4700K, committed 4928K, reserved 1048576K
}
Event: 2.251 GC heap before
{Heap before GC invocations=10 (full 0):
 garbage-first heap   total 81920K, used 60566K [0x0000000700e00000, 0x0000000800000000)
  region size 2048K, 24 young (49152K), 4 survivors (8192K)
 Metaspace       used 43517K, committed 43968K, reserved 1089536K
  class space    used 5876K, committed 6080K, reserved 1048576K
}
Event: 2.255 GC heap after
{Heap after GC invocations=11 (full 0):
 garbage-first heap   total 81920K, used 21341K [0x0000000700e00000, 0x0000000800000000)
  region size 2048K, 2 young (4096K), 2 survivors (4096K)
 Metaspace       used 43517K, committed 43968K, reserved 1089536K
  class space    used 5876K, committed 6080K, reserved 1048576K
}
Event: 2.272 GC heap before
{Heap before GC invocations=11 (full 0):
 garbage-first heap   total 81920K, used 21341K [0x0000000700e00000, 0x0000000800000000)
  region size 2048K, 3 young (6144K), 2 survivors (4096K)
 Metaspace       used 43738K, committed 44160K, reserved 1089536K
  class space    used 5903K, committed 6080K, reserved 1048576K
}
Event: 2.275 GC heap after
{Heap after GC invocations=12 (full 0):
 garbage-first heap   total 81920K, used 21955K [0x0000000700e00000, 0x0000000800000000)
  region size 2048K, 1 young (2048K), 1 survivors (2048K)
 Metaspace       used 43738K, committed 44160K, reserved 1089536K
  class space    used 5903K, committed 6080K, reserved 1048576K
}
Event: 2.585 GC heap before
{Heap before GC invocations=12 (full 0):
 garbage-first heap   total 81920K, used 60867K [0x0000000700e00000, 0x0000000800000000)
  region size 2048K, 21 young (43008K), 1 survivors (2048K)
 Metaspace       used 49344K, committed 49728K, reserved 1097728K
  class space    used 6760K, committed 6976K, reserved 1048576K
}
Event: 2.587 GC heap after
{Heap after GC invocations=13 (full 0):
 garbage-first heap   total 116736K, used 23185K [0x0000000700e00000, 0x0000000800000000)
  region size 2048K, 1 young (2048K), 1 survivors (2048K)
 Metaspace       used 49344K, committed 49728K, reserved 1097728K
  class space    used 6760K, committed 6976K, reserved 1048576K
}
Event: 3.045 GC heap before
{Heap before GC invocations=13 (full 0):
 garbage-first heap   total 116736K, used 90769K [0x0000000700e00000, 0x0000000800000000)
  region size 2048K, 34 young (69632K), 1 survivors (2048K)
 Metaspace       used 54342K, committed 54784K, reserved 1097728K
  class space    used 7516K, committed 7680K, reserved 1048576K
}
Event: 3.049 GC heap after
{Heap after GC invocations=14 (full 0):
 garbage-first heap   total 116736K, used 26284K [0x0000000700e00000, 0x0000000800000000)
  region size 2048K, 3 young (6144K), 3 survivors (6144K)
 Metaspace       used 54342K, committed 54784K, reserved 1097728K
  class space    used 7516K, committed 7680K, reserved 1048576K
}

Deoptimization events (20 events):
Event: 0.365 Thread 0x000001604144dd20 DEOPT PACKING pc=0x00000160491d7a01 sp=0x00000046d14fdc40
Event: 0.365 Thread 0x000001604144dd20 DEOPT UNPACKING pc=0x0000016048f52b43 sp=0x00000046d14fd098 mode 3
Event: 0.687 Thread 0x0000016059c32ae0 DEOPT PACKING pc=0x00000160494961f9 sp=0x00000046d34fcbf0
Event: 0.687 Thread 0x0000016059c32ae0 DEOPT UNPACKING pc=0x0000016048f52b43 sp=0x00000046d34fc0d0 mode 3
Event: 1.262 Thread 0x0000016059c32ae0 DEOPT PACKING pc=0x00000160494d1254 sp=0x00000046d34fcf90
Event: 1.262 Thread 0x0000016059c32ae0 DEOPT UNPACKING pc=0x0000016048f52b43 sp=0x00000046d34fc4e8 mode 0
Event: 1.390 Thread 0x0000016059c32ae0 DEOPT PACKING pc=0x000001604972a481 sp=0x00000046d34fc590
Event: 1.390 Thread 0x0000016059c32ae0 DEOPT UNPACKING pc=0x0000016048f52b43 sp=0x00000046d34fba00 mode 3
Event: 1.622 Thread 0x0000016059c32ae0 DEOPT PACKING pc=0x00000160497b5765 sp=0x00000046d34fcc20
Event: 1.622 Thread 0x0000016059c32ae0 DEOPT UNPACKING pc=0x0000016048f52b43 sp=0x00000046d34fc188 mode 3
Event: 1.757 Thread 0x0000016059c32ae0 DEOPT PACKING pc=0x00000160495737d5 sp=0x00000046d34fb540
Event: 1.757 Thread 0x0000016059c32ae0 DEOPT UNPACKING pc=0x0000016048f52b43 sp=0x00000046d34faaa0 mode 3
Event: 1.814 Thread 0x0000016059c32ae0 DEOPT PACKING pc=0x00000160494a3889 sp=0x00000046d34fbb90
Event: 1.814 Thread 0x0000016059c32ae0 DEOPT UNPACKING pc=0x0000016048f52b43 sp=0x00000046d34fb020 mode 3
Event: 1.814 Thread 0x000001605adee700 DEOPT PACKING pc=0x000001604946199f sp=0x00000046d3bff310
Event: 1.814 Thread 0x000001605adee700 DEOPT UNPACKING pc=0x0000016048f52b43 sp=0x00000046d3bfe768 mode 3
Event: 2.565 Thread 0x0000016059c32ae0 DEOPT PACKING pc=0x00000160494a0362 sp=0x00000046d34fa0a0
Event: 2.565 Thread 0x0000016059c32ae0 DEOPT UNPACKING pc=0x0000016048f52b43 sp=0x00000046d34f95a8 mode 3
Event: 2.738 Thread 0x0000016059c32ae0 DEOPT PACKING pc=0x00000160499843f9 sp=0x00000046d34fb270
Event: 2.738 Thread 0x0000016059c32ae0 DEOPT UNPACKING pc=0x0000016048f52b43 sp=0x00000046d34fa750 mode 3

Classes unloaded (0 events):
No events

Classes redefined (0 events):
No events

Internal exceptions (20 events):
Event: 2.820 Thread 0x0000016059c32ae0 Exception <a 'java/lang/reflect/InvocationTargetException'{0x0000000705a46368}> (0x0000000705a46368) 
thrown [e:\jenkins\tmp\workspace\build\src\src\hotspot\share\runtime\reflection.cpp, line 1121]
Event: 2.829 Thread 0x0000016059c32ae0 Exception <a 'java/lang/ClassNotFoundException'{0x0000000705b58930}: java/lang/ObjectCustomizer> (0x0000000705b58930) 
thrown [e:\jenkins\tmp\workspace\build\src\src\hotspot\share\classfile\systemDictionary.cpp, line 256]
Event: 2.829 Thread 0x0000016059c32ae0 Exception <a 'java/lang/ClassNotFoundException'{0x0000000705b661d0}: com/backend/backend/Data/LogCustomizer> (0x0000000705b661d0) 
thrown [e:\jenkins\tmp\workspace\build\src\src\hotspot\share\classfile\systemDictionary.cpp, line 256]
Event: 2.895 Thread 0x0000016059c32ae0 Exception <a 'java/lang/ClassNotFoundException'{0x0000000704f87548}: java/lang/ObjectCustomizer> (0x0000000704f87548) 
thrown [e:\jenkins\tmp\workspace\build\src\src\hotspot\share\classfile\systemDictionary.cpp, line 256]
Event: 2.896 Thread 0x0000016059c32ae0 Exception <a 'java/lang/ClassNotFoundException'{0x0000000704f94618}: org/springframework/security/config/annotation/web/configuration/WebSecurityConfigurationCustomizer> (0x0000000704f94618) 
thrown [e:\jenkins\tmp\workspace\build\src\src\hotspot\share\classfile\systemDictionary.cpp, line 256]
Event: 2.896 Thread 0x0000016059c32ae0 Exception <a 'java/lang/ClassNotFoundException'{0x0000000704fa7988}: org/springframework/context/annotation/ImportAwareCustomizer> (0x0000000704fa7988) 
thrown [e:\jenkins\tmp\workspace\build\src\src\hotspot\share\classfile\systemDictionary.cpp, line 256]
Event: 2.896 Thread 0x0000016059c32ae0 Exception <a 'java/lang/ClassNotFoundException'{0x0000000704fb0e10}: org/springframework/beans/factory/AwareCustomizer> (0x0000000704fb0e10) 
thrown [e:\jenkins\tmp\workspace\build\src\src\hotspot\share\classfile\systemDictionary.cpp, line 256]
Event: 2.897 Thread 0x0000016059c32ae0 Exception <a 'java/lang/ClassNotFoundException'{0x0000000704fb9a28}: org/springframework/beans/factory/BeanClassLoaderAwareCustomizer> (0x0000000704fb9a28) 
thrown [e:\jenkins\tmp\workspace\build\src\src\hotspot\share\classfile\systemDictionary.cpp, line 256]
Event: 2.897 Thread 0x0000016059c32ae0 Exception <a 'java/lang/ClassNotFoundException'{0x0000000704fc2e90}: org/springframework/beans/factory/AwareCustomizer> (0x0000000704fc2e90) 
thrown [e:\jenkins\tmp\workspace\build\src\src\hotspot\share\classfile\systemDictionary.cpp, line 256]
Event: 3.064 Thread 0x0000016059c32ae0 Exception <a 'java/lang/IncompatibleClassChangeError'{0x00000007084b4e48}: Found class java.lang.Object, but interface was expected> (0x00000007084b4e48) 
thrown [e:\jenkins\tmp\workspace\build\src\src\hotspot\share\interpreter\linkResolver.cpp, line 833]
Event: 3.087 Thread 0x0000016059c32ae0 Exception <a 'java/lang/ClassNotFoundException'{0x000000070835d438}: java/lang/ObjectCustomizer> (0x000000070835d438) 
thrown [e:\jenkins\tmp\workspace\build\src\src\hotspot\share\classfile\systemDictionary.cpp, line 256]
Event: 3.088 Thread 0x0000016059c32ae0 Exception <a 'java/lang/ClassNotFoundException'{0x000000070836a508}: org/springframework/security/config/annotation/web/configuration/HttpSecurityConfigurationCustomizer> (0x000000070836a508) 
thrown [e:\jenkins\tmp\workspace\build\src\src\hotspot\share\classfile\systemDictionary.cpp, line 256]
Event: 3.095 Thread 0x0000016059c32ae0 Exception <a 'java/lang/NoSuchMethodError'{0x00000007083f4cd0}: 'java.lang.Object java.lang.invoke.DirectMethodHandle$Holder.invokeInterface(java.lang.Object, java.lang.Object, java.lang.Object, java.lang.Object)'> (0x00000007083f4cd0) 
thrown [e:\jenkins\tmp\workspace\build\src\src\hotspot\share\interpreter\linkResolver.cpp, line 766]
Event: 3.117 Thread 0x0000016059c32ae0 Exception <a 'java/lang/NoSuchMethodError'{0x0000000707e3e048}: 'void java.lang.invoke.DirectMethodHandle$Holder.invokeVirtual(java.lang.Object, java.lang.Object, int)'> (0x0000000707e3e048) 
thrown [e:\jenkins\tmp\workspace\build\src\src\hotspot\share\interpreter\linkResolver.cpp, line 766]
Event: 3.118 Thread 0x0000016059c32ae0 Exception <a 'java/lang/NoSuchMethodError'{0x0000000707e589f8}: 'void java.lang.invoke.DirectMethodHandle$Holder.invokeVirtual(java.lang.Object, java.lang.Object, long)'> (0x0000000707e589f8) 
thrown [e:\jenkins\tmp\workspace\build\src\src\hotspot\share\interpreter\linkResolver.cpp, line 766]
Event: 3.150 Thread 0x0000016059c32ae0 Exception <a 'java/lang/NoSuchMethodError'{0x000000070721f9d0}: 'int java.lang.invoke.DirectMethodHandle$Holder.invokeStaticInit(java.lang.Object, java.lang.Object, java.lang.Object, java.lang.Object)'> (0x000000070721f9d0) 
thrown [e:\jenkins\tmp\workspace\build\src\src\hotspot\share\interpreter\linkResolver.cpp, line 766]
Event: 3.228 Thread 0x0000016059c32ae0 Exception <a 'java/lang/NoSuchMethodError'{0x0000000706b52198}: 'java.lang.Object java.lang.invoke.DirectMethodHandle$Holder.invokeSpecial(java.lang.Object, java.lang.Object, int, java.lang.Object, int, java.lang.Object)'> (0x0000000706b52198) 
thrown [e:\jenkins\tmp\workspace\build\src\src\hotspot\share\interpreter\linkResolver.cpp, line 766]
Event: 3.229 Thread 0x0000016059c32ae0 Exception <a 'java/lang/NoSuchMethodError'{0x0000000706b5a240}: 'java.lang.Object java.lang.invoke.DirectMethodHandle$Holder.newInvokeSpecial(java.lang.Object, java.lang.Object, int, java.lang.Object, int)'> (0x0000000706b5a240) 
thrown [e:\jenkins\tmp\workspace\build\src\src\hotspot\share\interpreter\linkResolver.cpp, line 766]
Event: 3.229 Thread 0x0000016059c32ae0 Exception <a 'java/lang/NoSuchMethodError'{0x0000000706b5e340}: 'java.lang.Object java.lang.invoke.DirectMethodHandle$Holder.invokeSpecial(java.lang.Object, java.lang.Object, java.lang.Object, int, java.lang.Object, int)'> (0x0000000706b5e340) 
thrown [e:\jenkins\tmp\workspace\build\src\src\hotspot\share\interpreter\linkResolver.cpp, line 766]
Event: 3.229 Thread 0x0000016059c32ae0 Exception <a 'java/lang/NoSuchMethodError'{0x0000000706b69dd8}: 'void java.lang.invoke.DirectMethodHandle$Holder.invokeVirtual(java.lang.Object, java.lang.Object)'> (0x0000000706b69dd8) 
thrown [e:\jenkins\tmp\workspace\build\src\src\hotspot\share\interpreter\linkResolver.cpp, line 766]

VM Operations (20 events):
Event: 2.760 Executing VM operation: HandshakeAllThreads
Event: 2.760 Executing VM operation: HandshakeAllThreads done
Event: 2.774 Executing VM operation: HandshakeAllThreads
Event: 2.774 Executing VM operation: HandshakeAllThreads done
Event: 2.885 Executing VM operation: ICBufferFull
Event: 2.885 Executing VM operation: ICBufferFull done
Event: 2.912 Executing VM operation: HandshakeAllThreads
Event: 2.912 Executing VM operation: HandshakeAllThreads done
Event: 2.968 Executing VM operation: HandshakeAllThreads
Event: 2.968 Executing VM operation: HandshakeAllThreads done
Event: 2.982 Executing VM operation: HandshakeAllThreads
Event: 2.982 Executing VM operation: HandshakeAllThreads done
Event: 3.045 Executing VM operation: G1CollectForAllocation
Event: 3.049 Executing VM operation: G1CollectForAllocation done
Event: 3.070 Executing VM operation: HandshakeAllThreads
Event: 3.070 Executing VM operation: HandshakeAllThreads done
Event: 3.242 Executing VM operation: HandshakeAllThreads
Event: 3.242 Executing VM operation: HandshakeAllThreads done
Event: 3.262 Executing VM operation: HandshakeAllThreads
Event: 3.262 Executing VM operation: HandshakeAllThreads done

Events (20 events):
Event: 3.251 loading class java/nio/channels/Pipe$SinkChannel
Event: 3.251 loading class java/nio/channels/Pipe$SinkChannel done
Event: 3.251 loading class sun/nio/ch/SinkChannelImpl done
Event: 3.252 Thread 0x000001605cc47190 Thread added: 0x000001605cc47190
Event: 3.252 loading class java/nio/channels/spi/AbstractSelector$1
Event: 3.252 loading class java/nio/channels/spi/AbstractSelector$1 done
Event: 3.252 Thread 0x000001605cc47b30 Thread added: 0x000001605cc47b30
Event: 3.253 loading class java/util/TreeMap$ValueSpliterator
Event: 3.253 loading class java/util/TreeMap$TreeMapSpliterator
Event: 3.253 loading class java/util/TreeMap$TreeMapSpliterator done
Event: 3.253 loading class java/util/TreeMap$ValueSpliterator done
Event: 3.260 loading class com/sun/jmx/mbeanserver/StandardMBeanSupport
Event: 3.260 loading class com/sun/jmx/mbeanserver/StandardMBeanSupport done
Event: 3.260 loading class com/sun/jmx/mbeanserver/StandardMBeanIntrospector
Event: 3.260 loading class com/sun/jmx/mbeanserver/StandardMBeanIntrospector done
Event: 3.262 loading class jdk/internal/math/FDBigInteger
Event: 3.262 loading class jdk/internal/math/FDBigInteger done
Event: 3.266 Loaded shared library C:\Users\Narcano\Documents\GitHub\SzamBiztHF\backend\backend\jni-library\build\libs\main\jni-library.dll
Event: 3.266 loading class jdk/internal/loader/NativeLibraries$Unloader
Event: 3.266 loading class jdk/internal/loader/NativeLibraries$Unloader done


Dynamic libraries:
0x00007ff64a700000 - 0x00007ff64a70e000 	C:\Program Files\Eclipse Adoptium\jdk-17.0.1.12-hotspot\bin\java.exe
0x00007ff8e9380000 - 0x00007ff8e9587000 	C:\WINDOWS\SYSTEM32\ntdll.dll
0x00007ff8e9200000 - 0x00007ff8e92bd000 	C:\WINDOWS\System32\KERNEL32.DLL
0x00007ff8e6e90000 - 0x00007ff8e7204000 	C:\WINDOWS\System32\KERNELBASE.dll
0x00007ff8e6b70000 - 0x00007ff8e6c81000 	C:\WINDOWS\System32\ucrtbase.dll
0x00007ff8d9960000 - 0x00007ff8d9979000 	C:\Program Files\Eclipse Adoptium\jdk-17.0.1.12-hotspot\bin\VCRUNTIME140.dll
0x00007ff8db670000 - 0x00007ff8db688000 	C:\Program Files\Eclipse Adoptium\jdk-17.0.1.12-hotspot\bin\jli.dll
0x00007ff8e83f0000 - 0x00007ff8e859c000 	C:\WINDOWS\System32\USER32.dll
0x00007ff8d6480000 - 0x00007ff8d6725000 	C:\WINDOWS\WinSxS\amd64_microsoft.windows.common-controls_6595b64144ccf1df_6.0.22000.120_none_9d947278b86cc467\COMCTL32.dll
0x00007ff8e6d00000 - 0x00007ff8e6d26000 	C:\WINDOWS\System32\win32u.dll
0x00007ff8e73e0000 - 0x00007ff8e7483000 	C:\WINDOWS\System32\msvcrt.dll
0x00007ff8e7210000 - 0x00007ff8e7239000 	C:\WINDOWS\System32\GDI32.dll
0x00007ff8e69d0000 - 0x00007ff8e6ae2000 	C:\WINDOWS\System32\gdi32full.dll
0x00007ff8e6d30000 - 0x00007ff8e6dcd000 	C:\WINDOWS\System32\msvcp_win.dll
0x00007ff8e74a0000 - 0x00007ff8e74d1000 	C:\WINDOWS\System32\IMM32.DLL
0x00007ff8d9640000 - 0x00007ff8d964c000 	C:\Program Files\Eclipse Adoptium\jdk-17.0.1.12-hotspot\bin\vcruntime140_1.dll
0x00007ff8891a0000 - 0x00007ff889231000 	C:\Program Files\Eclipse Adoptium\jdk-17.0.1.12-hotspot\bin\msvcp140.dll
0x00007ff865100000 - 0x00007ff865d46000 	C:\Program Files\Eclipse Adoptium\jdk-17.0.1.12-hotspot\bin\server\jvm.dll
0x00007ff8e80c0000 - 0x00007ff8e816c000 	C:\WINDOWS\System32\ADVAPI32.dll
0x00007ff8e8350000 - 0x00007ff8e83ed000 	C:\WINDOWS\System32\sechost.dll
0x00007ff8e7240000 - 0x00007ff8e7361000 	C:\WINDOWS\System32\RPCRT4.dll
0x00007ff8e7860000 - 0x00007ff8e7868000 	C:\WINDOWS\System32\PSAPI.DLL
0x00007ff8e1110000 - 0x00007ff8e1143000 	C:\WINDOWS\SYSTEM32\WINMM.dll
0x00007ff8d5dc0000 - 0x00007ff8d5dc9000 	C:\WINDOWS\SYSTEM32\WSOCK32.dll
0x00007ff8de760000 - 0x00007ff8de76a000 	C:\WINDOWS\SYSTEM32\VERSION.dll
0x00007ff8e8e30000 - 0x00007ff8e8e9f000 	C:\WINDOWS\System32\WS2_32.dll
0x00007ff8e5920000 - 0x00007ff8e5938000 	C:\WINDOWS\SYSTEM32\kernel.appcore.dll
0x00007ff8d9630000 - 0x00007ff8d963a000 	C:\Program Files\Eclipse Adoptium\jdk-17.0.1.12-hotspot\bin\jimage.dll
0x00007ff8d03a0000 - 0x00007ff8d05c1000 	C:\WINDOWS\SYSTEM32\DBGHELP.DLL
0x00007ff8cfde0000 - 0x00007ff8cfe11000 	C:\WINDOWS\SYSTEM32\dbgcore.DLL
0x00007ff8e6af0000 - 0x00007ff8e6b70000 	C:\WINDOWS\System32\bcryptPrimitives.dll
0x00007ff8e2e40000 - 0x00007ff8e2e4e000 	C:\Program Files\Eclipse Adoptium\jdk-17.0.1.12-hotspot\bin\instrument.dll
0x00007ff8be910000 - 0x00007ff8be935000 	C:\Program Files\Eclipse Adoptium\jdk-17.0.1.12-hotspot\bin\java.dll
0x00007ff871880000 - 0x00007ff871956000 	C:\Program Files\Eclipse Adoptium\jdk-17.0.1.12-hotspot\bin\svml.dll
0x00007ff8e7910000 - 0x00007ff8e80ba000 	C:\WINDOWS\System32\SHELL32.dll
0x00007ff8e49a0000 - 0x00007ff8e5202000 	C:\WINDOWS\SYSTEM32\windows.storage.dll
0x00007ff8e74e0000 - 0x00007ff8e7858000 	C:\WINDOWS\System32\combase.dll
0x00007ff8e4830000 - 0x00007ff8e4996000 	C:\WINDOWS\SYSTEM32\wintypes.dll
0x00007ff8e85a0000 - 0x00007ff8e868a000 	C:\WINDOWS\System32\SHCORE.dll
0x00007ff8e81d0000 - 0x00007ff8e822d000 	C:\WINDOWS\System32\shlwapi.dll
0x00007ff8e6790000 - 0x00007ff8e67b1000 	C:\WINDOWS\SYSTEM32\profapi.dll
0x00007ff8c16e0000 - 0x00007ff8c16f8000 	C:\Program Files\Eclipse Adoptium\jdk-17.0.1.12-hotspot\bin\zip.dll
0x00007ff8d8ff0000 - 0x00007ff8d9009000 	C:\Program Files\Eclipse Adoptium\jdk-17.0.1.12-hotspot\bin\net.dll
0x00007ff8e19e0000 - 0x00007ff8e1aec000 	C:\WINDOWS\SYSTEM32\WINHTTP.dll
0x00007ff8e5d20000 - 0x00007ff8e5d87000 	C:\WINDOWS\system32\mswsock.dll
0x00007ff8d2a40000 - 0x00007ff8d2a55000 	C:\Program Files\Eclipse Adoptium\jdk-17.0.1.12-hotspot\bin\nio.dll
0x00007ff8d94f0000 - 0x00007ff8d950a000 	C:\Program Files\JetBrains\IntelliJ IDEA 2020.3.3\bin\breakgen64.dll
0x00007ff8e5490000 - 0x00007ff8e5577000 	C:\WINDOWS\SYSTEM32\DNSAPI.dll
0x00007ff8e5460000 - 0x00007ff8e548d000 	C:\WINDOWS\SYSTEM32\IPHLPAPI.DLL
0x00007ff8e7900000 - 0x00007ff8e7909000 	C:\WINDOWS\System32\NSI.dll
0x00007ff8df300000 - 0x00007ff8df30a000 	C:\Windows\System32\rasadhlp.dll
0x00007ff8dfda0000 - 0x00007ff8dfe21000 	C:\WINDOWS\System32\fwpuclnt.dll
0x00007ff8ccaf0000 - 0x00007ff8ccaf9000 	C:\Program Files\Eclipse Adoptium\jdk-17.0.1.12-hotspot\bin\management.dll
0x00007ff8cb7b0000 - 0x00007ff8cb7bb000 	C:\Program Files\Eclipse Adoptium\jdk-17.0.1.12-hotspot\bin\management_ext.dll
0x00007ff8e5ff0000 - 0x00007ff8e6008000 	C:\WINDOWS\SYSTEM32\CRYPTSP.dll
0x00007ff8e5880000 - 0x00007ff8e58b5000 	C:\WINDOWS\system32\rsaenh.dll
0x00007ff8e5dc0000 - 0x00007ff8e5de9000 	C:\WINDOWS\SYSTEM32\USERENV.dll
0x00007ff8e6130000 - 0x00007ff8e6157000 	C:\WINDOWS\SYSTEM32\bcrypt.dll
0x00007ff8e5f10000 - 0x00007ff8e5f1c000 	C:\WINDOWS\SYSTEM32\CRYPTBASE.dll
0x00007ff8e10a0000 - 0x00007ff8e10b9000 	C:\WINDOWS\SYSTEM32\dhcpcsvc6.DLL
0x00007ff8e2160000 - 0x00007ff8e217e000 	C:\WINDOWS\SYSTEM32\dhcpcsvc.DLL
0x00007ff8d91f0000 - 0x00007ff8d9207000 	C:\WINDOWS\system32\napinsp.dll
0x00007ff8d8ed0000 - 0x00007ff8d8eeb000 	C:\WINDOWS\system32\pnrpnsp.dll
0x00007ff8d2cf0000 - 0x00007ff8d2d02000 	C:\WINDOWS\System32\winrnr.dll
0x00007ff8b9fe0000 - 0x00007ff8b9ff5000 	C:\WINDOWS\system32\wshbth.dll
0x00007ff8d0310000 - 0x00007ff8d032f000 	C:\WINDOWS\system32\nlansp_c.dll
0x00007ff8d2c10000 - 0x00007ff8d2c1e000 	C:\Program Files\Eclipse Adoptium\jdk-17.0.1.12-hotspot\bin\sunmscapi.dll
0x00007ff8e6860000 - 0x00007ff8e69c2000 	C:\WINDOWS\System32\CRYPT32.dll
0x00007ff8e6100000 - 0x00007ff8e6128000 	C:\WINDOWS\SYSTEM32\ncrypt.dll
0x00007ff8e60a0000 - 0x00007ff8e60d7000 	C:\WINDOWS\SYSTEM32\NTASN1.dll
0x00007ff8c5390000 - 0x00007ff8c5398000 	C:\WINDOWS\system32\wshunix.dll
0x00007ff8acd30000 - 0x00007ff8acd7e000 	C:\Users\Narcano\Documents\GitHub\SzamBiztHF\backend\backend\jni-library\build\libs\main\jni-library.dll

dbghelp: loaded successfully - version: 4.0.5 - missing functions: none
symbol engine: initialized successfully - sym options: 0x614 - pdb path: .;C:\Program Files\Eclipse Adoptium\jdk-17.0.1.12-hotspot\bin;C:\WINDOWS\SYSTEM32;C:\WINDOWS\WinSxS\amd64_microsoft.windows.common-controls_6595b64144ccf1df_6.0.22000.120_none_9d947278b86cc467;C:\Program Files\Eclipse Adoptium\jdk-17.0.1.12-hotspot\bin\server;C:\Program Files\JetBrains\IntelliJ IDEA 2020.3.3\bin;C:\Users\Narcano\Documents\GitHub\SzamBiztHF\backend\backend\jni-library\build\libs\main

VM Arguments:
jvm_args: -Dvisualvm.id=237080771436400 -Djava.library.path=c:\Users\Narcano\Documents\GitHub\SzamBiztHF\backend\backend\jni-library\build\libs\main" -XX:TieredStopAtLevel=1 -Xverify:none -Dspring.output.ansi.enabled=always -javaagent:C:\Program Files\JetBrains\IntelliJ IDEA 2020.3.3\lib\idea_rt.jar=19346:C:\Program Files\JetBrains\IntelliJ IDEA 2020.3.3\bin -Dcom.sun.management.jmxremote -Dspring.jmx.enabled=true -Dspring.liveBeansView.mbeanDomain -Dspring.application.admin.enabled=true -Dfile.encoding=UTF-8 
java_command: com.backend.backend.BackendApplication
java_class_path (initial): C:\Users\Narcano\Documents\GitHub\SzamBiztHF\backend\backend\build\classes\java\main;C:\Users\Narcano\Documents\GitHub\SzamBiztHF\backend\backend\build\resources\main;C:\Users\Narcano\.gradle\caches\modules-2\files-2.1\io.jsonwebtoken\jjwt-api\0.11.0\ab6957d0515da6e23077c39534d5601ccfa024a1\jjwt-api-0.11.0.jar;C:\Users\Narcano\.gradle\caches\modules-2\files-2.1\org.springframework.boot\spring-boot-starter-data-jpa\2.5.5\5ec66dab8ad9dead3322e21d1bfafe29da89f360\spring-boot-starter-data-jpa-2.5.5.jar;C:\Users\Narcano\.gradle\caches\modules-2\files-2.1\org.springframework.boot\spring-boot-starter-web\2.5.5\c09bf133d22c865d6ce4d67ff48aece7ff1defb1\spring-boot-starter-web-2.5.5.jar;C:\Users\Narcano\.gradle\caches\modules-2\files-2.1\com.fasterxml.jackson.module\jackson-module-kotlin\2.12.5\9f8be96db441bf7c217db22a03efd6902c0da34e\jackson-module-kotlin-2.12.5.jar;C:\Users\Narcano\.gradle\caches\modules-2\files-2.1\org.springframework.boot\spring-boot-starter-security\2.5.5\30cec14d6be2595abeca39985c84b4d941c07cd4\spring-boot-starter-security-2.5.5.jar;C:\Users\Narcano\.gradle\caches\modules-2\files-2.1\org.jetbrains.kotlin\kotlin-stdlib-jdk8\1.5.31\ff5d99aecd328872494e8921b72bf6e3af97af3e\kotlin-stdlib-jdk8-1.5.31.jar;C:\Users\Narcano\.gradle\caches\modules-2\files-2.1\org.jetbrains.kotlin\kotlin-reflect\1.5.31\1523fcd842a47da0820cea772b19c51056fec8a9\kotlin-reflect-1.5.31.jar;C:\Users\Narcano\.gradle\caches\modules-2\files-2.1\org.springframework.boot\spring-boot-starter-validation\2.5.5\5d9a4fc7abc28d797418013787dbc6ff548d0767\spring-boot-starter-validation-2.5.5.jar;C:\Users\Narcano\Documents\GitHub\SzamBiztHF\backend\backend\jni-library\build\classes\java\main;C:\Users\Narcano\.gradle\caches\modules-2\files-2.1\org.springframework.boot\spring-boot-starter-aop\2.5.5\25b36a03046a5262089d1167e29086a62afd2e9f\spring-boot-starter-aop-2.5.5.jar;C:\Users\Narcano\.gradle\caches\modules-2\files-2.1\org.springframework.boot\spring-boot-starter-jdbc\
Launcher Type: SUN_STANDARD

[Global flags]
     intx CICompilerCount                          = 4                                         {product} {ergonomic}
     uint ConcGCThreads                            = 3                                         {product} {ergonomic}
     uint G1ConcRefinementThreads                  = 10                                        {product} {ergonomic}
   size_t G1HeapRegionSize                         = 2097152                                   {product} {ergonomic}
    uintx GCDrainStackTargetSize                   = 64                                        {product} {ergonomic}
   size_t InitialHeapSize                          = 268435456                                 {product} {ergonomic}
     bool ManagementServer                         = true                                      {product} {command line}
   size_t MarkStackSize                            = 4194304                                   {product} {ergonomic}
   size_t MaxHeapSize                              = 4280287232                                {product} {ergonomic}
   size_t MaxNewSize                               = 2566914048                                {product} {ergonomic}
   size_t MinHeapDeltaBytes                        = 2097152                                   {product} {ergonomic}
   size_t MinHeapSize                              = 8388608                                   {product} {ergonomic}
    uintx NonProfiledCodeHeapSize                  = 0                                      {pd product} {ergonomic}
     bool ProfileInterpreter                       = false                                  {pd product} {command line}
    uintx ProfiledCodeHeapSize                     = 0                                      {pd product} {ergonomic}
   size_t SoftMaxHeapSize                          = 4280287232                             {manageable} {ergonomic}
     intx TieredStopAtLevel                        = 1                                         {product} {command line}
     bool UseCompressedClassPointers               = true                           {product lp64_product} {ergonomic}
     bool UseCompressedOops                        = true                           {product lp64_product} {ergonomic}
     bool UseG1GC                                  = true                                      {product} {ergonomic}
     bool UseLargePagesIndividualAllocation        = false                                  {pd product} {ergonomic}

Logging:
Log output configuration:
 #0: stdout all=warning uptime,level,tags
 #1: stderr all=off uptime,level,tags

Environment Variables:
JAVA_HOME=C:\Program Files\Eclipse Adoptium\jdk-17.0.1.12-hotspot\
PATH=C:\Program Files\Eclipse Adoptium\jdk-17.0.1.12-hotspot\bin;C:\Program Files\Oculus\Support\oculus-runtime;C:\Program Files\Common Files\Oracle\Java\javapath;C:\Program Files (x86)\Common Files\Oracle\Java\javapath;C:\Windows\system32;C:\Windows;C:\Windows\System32\Wbem;C:\Windows\System32\WindowsPowerShell\v1.0\;C:\Windows\System32\OpenSSH\;C:\Program Files\NVIDIA Corporation\NVIDIA NvDLISR;C:\Program Files\Microsoft SQL Server\130\Tools\Binn\;C:\Users\Narcano\AppData\Local\Microsoft\WindowsApps;C:\Program Files (x86)\Nmap;C:\Users\Narcano\.dotnet\tools;C:\Users\Narcano\AppData\Local\Programs\Microsoft VS Code\bin;C:\Python27;C:\Python27\Scripts;C:\Users\Narcano\AppData\Local\CIRCLE;C:\cygwin64\bin;C:\Program Files\Calibre2\;C:\Program Files\nodejs\;C:\Program Files\nodejs;C:\Program Files (x86)\NVIDIA Corporation\PhysX\Common;C:\Program Files (x86)\Windows Kits\10\Windows Performance Toolkit\;C:\Program Files\Graphviz\bin;C:\Program Files\Java\jdk-16.0.1\bin;C:\Users\Narcano\Music;C:\WINDOWS\system32;C:\WINDOWS;C:\WINDOWS\System32\Wbem;C:\WINDOWS\System32\WindowsPowerShell\v1.0\;C:\WINDOWS\System32\OpenSSH\;D:\Program Files\MATLAB\R2021b\bin;C:\Program Files\MiKTeX\miktex\bin\x64\;C:\Program Files\Git\cmd;C:\WINDOWS\system32;C:\WINDOWS;C:\WINDOWS\System32\Wbem;C:\WINDOWS\System32\WindowsPowerShell\v1.0\;C:\WINDOWS\System32\OpenSSH\;C:\Users\Narcano\anaconda3;C:\Users\Narcano\anaconda3\Library\mingw-w64\bin;C:\Users\Narcano\anaconda3\Library\usr\bin;C:\Users\Narcano\anaconda3\Library\bin;C:\Users\Narcano\anaconda3\Scripts;C:\Users\Narcano\AppData\Local\Microsoft\WindowsApps;C:\Program Files (x86)\Nmap;C:\Users\Narcano\.dotnet\tools;C:\Users\Narcano\AppData\Local\Programs\Microsoft VS Code\bin;C:\Program Files (x86)\uppaal-4.1.24\bin-Windows;C:\Program Files\JetBrains\PyCharm 2021.1\bin;C:\Users\Narcano\AppData\Roaming\npm;C:\Program Files\nodejs;C:\Users\Narcano\AppData\Local\atom\bin;C:\Users\Narcano\AppData\Local\GitHubDesktop\bin;C:\Users\Narcano\AppData\Local
USERNAME=Narcano
OS=Windows_NT
PROCESSOR_IDENTIFIER=AMD64 Family 23 Model 113 Stepping 0, AuthenticAMD



---------------  S Y S T E M  ---------------

OS:
 Windows 10 , 64 bit Build 22000 (10.0.22000.318)
OS uptime: 2 days 17:51 hours
Hyper-V role detected

CPU: total 12 (initial active 12) (12 cores per cpu, 2 threads per core) family 23 model 113 stepping 0 microcode 0x0, cx8, cmov, fxsr, ht, mmx, 3dnowpref, sse, sse2, sse3, ssse3, sse4a, sse4.1, sse4.2, popcnt, lzcnt, tsc, tscinvbit, avx, avx2, aes, clmul, bmi1, bmi2, adx, sha, fma, vzeroupper, clflush, clflushopt, hv

Memory: 4k page, system-wide physical 16320M (1254M free)
TotalPageFile size 24795M (AvailPageFile size 4110M)
current process WorkingSet (physical memory assigned to process): 249M, peak: 253M
current process commit charge ("private bytes"): 297M, peak: 386M

vm_info: OpenJDK 64-Bit Server VM (17.0.1+12) for windows-amd64 JRE (17.0.1+12), built on Oct 20 2021 07:42:55 by "" with MS VC++ 16.7 (VS2019)

END.
