#
# A fatal error has been detected by the Java Runtime Environment:
#
#  EXCEPTION_UNCAUGHT_CXX_EXCEPTION (0xe06d7363) at pc=0x00007ff8e6ed466c, pid=22968, tid=1724
#
# JRE version: OpenJDK Runtime Environment Temurin-17.0.1+12 (17.0.1+12) (build 17.0.1+12)
# Java VM: OpenJDK 64-Bit Server VM Temurin-17.0.1+12 (17.0.1+12, mixed mode, emulated-client, sharing, tiered, compressed oops, compressed class ptrs, g1 gc, windows-amd64)
# Problematic frame:
# C  [KERNELBASE.dll+0x4466c]
#
# No core dump will be written. Minidumps are not enabled by default on client versions of Windows
#
# If you would like to submit a bug report, please visit:
#   https://github.com/adoptium/adoptium-support/issues
# The crash happened outside the Java Virtual Machine in native code.
# See problematic frame for where to report the bug.
#

---------------  S U M M A R Y ------------

Command Line: -Dvisualvm.id=237060039058100 -Djava.library.path=c:\Users\Narcano\Documents\GitHub\SzamBiztHF\backend\backend\jni-library\build\libs\main" -XX:TieredStopAtLevel=1 -Xverify:none -Dspring.output.ansi.enabled=always -javaagent:C:\Program Files\JetBrains\IntelliJ IDEA 2020.3.3\lib\idea_rt.jar=19316:C:\Program Files\JetBrains\IntelliJ IDEA 2020.3.3\bin -Dcom.sun.management.jmxremote -Dspring.jmx.enabled=true -Dspring.liveBeansView.mbeanDomain -Dspring.application.admin.enabled=true -Dfile.encoding=UTF-8 com.backend.backend.BackendApplication

Host: AMD Ryzen 5 3600 6-Core Processor              , 12 cores, 15G,  Windows 10 , 64 bit Build 22000 (10.0.22000.318)
Time: Sat Nov 27 15:18:42 2021 Central Europe Standard Time elapsed time: 3.214972 seconds (0d 0h 0m 3s)

---------------  T H R E A D  ---------------

Current thread (0x00000196ed3cf380):  JavaThread "restartedMain" [_thread_in_native, id=1724, stack(0x000000599e000000,0x000000599e100000)]

Stack: [0x000000599e000000,0x000000599e100000],  sp=0x000000599e0fdd10,  free space=1015k
Native frames: (J=compiled Java code, j=interpreted, Vv=VM code, C=native code)
C  [KERNELBASE.dll+0x4466c]
C  [jni-library.dll+0xf8f0]

Java frames: (J=compiled Java code, j=interpreted, Vv=VM code)
j  com.narcano.jni.CaffParser.CallParser(Ljava/lang/String;)[Lcom/narcano/jni/CIFF;+0
j  com.backend.backend.BackendApplication.run([Ljava/lang/String;)V+9
j  org.springframework.boot.SpringApplication.callRunner(Lorg/springframework/boot/CommandLineRunner;Lorg/springframework/boot/ApplicationArguments;)V+7
j  org.springframework.boot.SpringApplication.callRunners(Lorg/springframework/context/ApplicationContext;Lorg/springframework/boot/ApplicationArguments;)V+119
j  org.springframework.boot.SpringApplication.run([Ljava/lang/String;)Lorg/springframework/context/ConfigurableApplicationContext;+164
j  org.springframework.boot.SpringApplication.run([Ljava/lang/Class;[Ljava/lang/String;)Lorg/springframework/context/ConfigurableApplicationContext;+9
j  org.springframework.boot.SpringApplication.run(Ljava/lang/Class;[Ljava/lang/String;)Lorg/springframework/context/ConfigurableApplicationContext;+9
j  com.backend.backend.BackendApplication.main([Ljava/lang/String;)V+3
v  ~StubRoutines::call_stub
j  jdk.internal.reflect.NativeMethodAccessorImpl.invoke0(Ljava/lang/reflect/Method;Ljava/lang/Object;[Ljava/lang/Object;)Ljava/lang/Object;+0 java.base@17.0.1
j  jdk.internal.reflect.NativeMethodAccessorImpl.invoke(Ljava/lang/Object;[Ljava/lang/Object;)Ljava/lang/Object;+133 java.base@17.0.1
j  jdk.internal.reflect.DelegatingMethodAccessorImpl.invoke(Ljava/lang/Object;[Ljava/lang/Object;)Ljava/lang/Object;+6 java.base@17.0.1
j  java.lang.reflect.Method.invoke(Ljava/lang/Object;[Ljava/lang/Object;)Ljava/lang/Object;+59 java.base@17.0.1
j  org.springframework.boot.devtools.restart.RestartLauncher.run()V+42
v  ~StubRoutines::call_stub

siginfo: EXCEPTION_UNCAUGHT_CXX_EXCEPTION (0xe06d7363), ExceptionInformation=0x0000000019930520 0x000000599e0fe098 0x00007ff8acd539d0 0x00007ff8acd10000 


Register to memory mapping:

RIP=0x00007ff8e6ed466c KERNELBASE.dll
RAX=0x0 is NULL
RBX=0x00007ff8acd539d0 jni-library.dll
RCX=0x0055005c003a0043 is an unknown value
RDX=0x0073007200650073 is an unknown value
RSP=0x000000599e0fdd10 is pointing into the stack for thread: 0x00000196ed3cf380
RBP=0x000000599e0fe4d0 is pointing into the stack for thread: 0x00000196ed3cf380
RSI=0x000000599e0fe098 is pointing into the stack for thread: 0x00000196ed3cf380
RDI=0x0000000019930520 is an unknown value
R8 =0x0075004800740069 is an unknown value
R9 =0x007a0053005c0062 is an unknown value
R10=0x00690042006d0061 is an unknown value
R11=0x004600480074007a is an unknown value
R12=0x0 is NULL
R13={method} {0x00000196f20a1338} 'CallParser' '(Ljava/lang/String;)[Lcom/narcano/jni/CIFF;' in 'com/narcano/jni/CaffParser'
R14=0x000000599e0fe4f8 is pointing into the stack for thread: 0x00000196ed3cf380
R15=0x00000196ed3cf380 is a thread


Registers:
RAX=0x0000000000000000, RBX=0x00007ff8acd539d0, RCX=0x0055005c003a0043, RDX=0x0073007200650073
RSP=0x000000599e0fdd10, RBP=0x000000599e0fe4d0, RSI=0x000000599e0fe098, RDI=0x0000000019930520
R8 =0x0075004800740069, R9 =0x007a0053005c0062, R10=0x00690042006d0061, R11=0x004600480074007a
R12=0x0000000000000000, R13=0x00000196f20a1330, R14=0x000000599e0fe4f8, R15=0x00000196ed3cf380
RIP=0x00007ff8e6ed466c, EFLAGS=0x0000000000000206

Top of Stack: (sp=0x000000599e0fdd10)
0x000000599e0fdd10:   00000196ed3cf380 00007ff8acd539d0
0x000000599e0fdd20:   000000599e0fe098 0000000000000000
0x000000599e0fdd30:   00000081e06d7363 0000000000000000
0x000000599e0fdd40:   00007ff8e6ed466c 00007ff800000004
0x000000599e0fdd50:   0000000019930520 000000599e0fe098
0x000000599e0fdd60:   00007ff8acd539d0 00007ff8acd10000
0x000000599e0fdd70:   0000019600000000 00007ff8acd1f813
0x000000599e0fdd80:   000000599e0fde38 00007ff800000000
0x000000599e0fdd90:   000000599e0fe4f8 00007ff8e93fa4af
0x000000599e0fdda0:   000000599e0fde10 00007ff8acd58000
0x000000599e0fddb0:   000000599e0fe098 0000000019930520
0x000000599e0fddc0:   00007ff8acd58000 00007ff8acd10000
0x000000599e0fddd0:   0000abcb8b018c99 00007ff8acd11601
0x000000599e0fdde0:   00007ff8acd539d0 00007ff8acd1f8f0
0x000000599e0fddf0:   000000599e0fe098 00007ff8acd427d0
0x000000599e0fde00:   000000599e0fde38 00007ff8acd1b753 

Instructions: (pc=0x00007ff8e6ed466c)
0x00007ff8e6ed456c:   48 21 75 48 4c 8d 45 48 41 b9 08 00 00 00 49 8b
0x00007ff8e6ed457c:   cd 41 8d 51 fd 48 ff 15 08 8a 1f 00 0f 1f 44 00
0x00007ff8e6ed458c:   00 8b f8 85 c0 78 86 be 01 00 00 00 e9 18 ff ff
0x00007ff8e6ed459c:   ff 85 f6 74 21 41 b9 08 00 00 00 4c 8d 45 38 49
0x00007ff8e6ed45ac:   8b cd 41 8d 51 fd 48 ff 15 d7 89 1f 00 0f 1f 44
0x00007ff8e6ed45bc:   00 00 48 8b 4d 38 48 ff 15 ef 83 1f 00 0f 1f 44
0x00007ff8e6ed45cc:   00 00 e9 4f ff ff ff cc cc cc cc cc 71 e1 d3 32
0x00007ff8e6ed45dc:   5b 07 d5 dd 65 48 8b 04 25 30 00 00 00 8b 40 68
0x00007ff8e6ed45ec:   c3 cc cc cc cc cc cc cc cc cc cc cc 71 18 d3 7a
0x00007ff8e6ed45fc:   1a 87 89 f9 48 81 ec d8 00 00 00 48 8b 05 42 39
0x00007ff8e6ed460c:   2e 00 48 33 c4 48 89 84 24 c0 00 00 00 48 83 64
0x00007ff8e6ed461c:   24 28 00 48 8d 05 da ff ff ff 83 e2 01 89 4c 24
0x00007ff8e6ed462c:   20 89 54 24 24 48 89 44 24 30 4d 85 c9 74 4f b8
0x00007ff8e6ed463c:   0f 00 00 00 48 8d 4c 24 40 44 3b c0 49 8b d1 41
0x00007ff8e6ed464c:   0f 46 c0 44 8b c0 44 89 44 24 38 49 c1 e0 03 e8
0x00007ff8e6ed465c:   17 35 07 00 48 8d 4c 24 20 48 ff 15 6c 84 1f 00
0x00007ff8e6ed466c:   0f 1f 44 00 00 48 8b 8c 24 c0 00 00 00 48 33 cc
0x00007ff8e6ed467c:   e8 9f b0 06 00 48 81 c4 d8 00 00 00 c3 cc 83 64
0x00007ff8e6ed468c:   24 38 00 eb cf cc cc cc cc cc cc cc 71 c2 5b 1e
0x00007ff8e6ed469c:   ed 06 b0 d2 48 89 5c 24 10 55 56 57 41 54 41 55
0x00007ff8e6ed46ac:   41 56 41 57 48 81 ec a0 03 00 00 48 8d 6c 24 50
0x00007ff8e6ed46bc:   48 83 e5 e0 48 8b 05 89 38 2e 00 48 33 c4 48 89
0x00007ff8e6ed46cc:   85 40 03 00 00 44 8b ea 44 89 45 2c 33 d2 48 89
0x00007ff8e6ed46dc:   4d 10 41 8b c1 48 8b d9 89 45 04 8b fa 48 85 c9
0x00007ff8e6ed46ec:   0f 84 5c 2a 09 00 85 c0 0f 84 c7 03 00 00 45 85
0x00007ff8e6ed46fc:   ed 8d 5a 37 41 0f 45 dd f7 c3 c8 ff ff ff 0f 85
0x00007ff8e6ed470c:   84 2e 09 00 44 8b e2 8d 72 01 8b ca 44 8b f3 41
0x00007ff8e6ed471c:   c1 ee 02 44 23 f6 f6 c3 21 41 0f 95 c4 f6 c3 11
0x00007ff8e6ed472c:   44 89 65 1c 0f 95 c1 44 89 65 28 89 4d 00 89 4d
0x00007ff8e6ed473c:   20 89 4d 24 45 85 e4 74 37 e8 d6 de ff ff 48 8b
0x00007ff8e6ed474c:   78 10 e8 e9 ab ff ff 33 d2 4c 8b f8 48 85 ff 74
0x00007ff8e6ed475c:   0f 44 8b 5f 4c 41 0f ba e3 10 0f 82 ec 29 09 00 


Stack slot to memory mapping:
stack at sp + 0 slots: 0x00000196ed3cf380 is a thread
stack at sp + 1 slots: 0x00007ff8acd539d0 jni-library.dll
stack at sp + 2 slots: 0x000000599e0fe098 is pointing into the stack for thread: 0x00000196ed3cf380
stack at sp + 3 slots: 0x0 is NULL
stack at sp + 4 slots: 0x00000081e06d7363 is an unknown value
stack at sp + 5 slots: 0x0 is NULL
stack at sp + 6 slots: 0x00007ff8e6ed466c KERNELBASE.dll
stack at sp + 7 slots: 0x00007ff800000004 is an unknown value


---------------  P R O C E S S  ---------------

Threads class SMR info:
_java_thread_list=0x00000196f0a334b0, length=30, elements={
0x00000196d4c7da20, 0x00000196ebef9940, 0x00000196ebefa7b0, 0x00000196ebf0c620,
0x00000196ebf0f2a0, 0x00000196ebf10c60, 0x00000196ebf13040, 0x00000196ebf14eb0,
0x00000196ebf20db0, 0x00000196ebee6280, 0x00000196ec9d7b90, 0x00000196ec9da0b0,
0x00000196eccfe380, 0x00000196ecd8ae60, 0x00000196ed01f8a0, 0x00000196ed056ee0,
0x00000196ed37ebb0, 0x00000196ed3cf380, 0x00000196eed04040, 0x00000196eed249e0,
0x00000196ef24f890, 0x00000196eeee2df0, 0x00000196f041fa10, 0x00000196f0421220,
0x00000196f04203b0, 0x00000196f041f540, 0x00000196f04216f0, 0x00000196f0420d50,
0x00000196f0420880, 0x00000196f0421bc0
}

Java Threads: ( => current thread )
  0x00000196d4c7da20 JavaThread "main" [_thread_blocked, id=22616, stack(0x000000599c000000,0x000000599c100000)]
  0x00000196ebef9940 JavaThread "Reference Handler" daemon [_thread_blocked, id=11856, stack(0x000000599c700000,0x000000599c800000)]
  0x00000196ebefa7b0 JavaThread "Finalizer" daemon [_thread_blocked, id=22356, stack(0x000000599c800000,0x000000599c900000)]
  0x00000196ebf0c620 JavaThread "Signal Dispatcher" daemon [_thread_blocked, id=11368, stack(0x000000599c900000,0x000000599ca00000)]
  0x00000196ebf0f2a0 JavaThread "Attach Listener" daemon [_thread_blocked, id=23512, stack(0x000000599ca00000,0x000000599cb00000)]
  0x00000196ebf10c60 JavaThread "Service Thread" daemon [_thread_blocked, id=16228, stack(0x000000599cb00000,0x000000599cc00000)]
  0x00000196ebf13040 JavaThread "Monitor Deflation Thread" daemon [_thread_blocked, id=812, stack(0x000000599cc00000,0x000000599cd00000)]
  0x00000196ebf14eb0 JavaThread "C1 CompilerThread0" daemon [_thread_blocked, id=1868, stack(0x000000599cd00000,0x000000599ce00000)]
  0x00000196ebf20db0 JavaThread "Sweeper thread" daemon [_thread_blocked, id=20992, stack(0x000000599ce00000,0x000000599cf00000)]
  0x00000196ebee6280 JavaThread "Common-Cleaner" daemon [_thread_blocked, id=10696, stack(0x000000599cf00000,0x000000599d000000)]
  0x00000196ec9d7b90 JavaThread "C1 CompilerThread1" daemon [_thread_blocked, id=22708, stack(0x000000599d000000,0x000000599d100000)]
  0x00000196ec9da0b0 JavaThread "C1 CompilerThread2" daemon [_thread_blocked, id=3064, stack(0x000000599d100000,0x000000599d200000)]
  0x00000196eccfe380 JavaThread "Monitor Ctrl-Break" daemon [_thread_in_native, id=18584, stack(0x000000599d200000,0x000000599d300000)]
  0x00000196ecd8ae60 JavaThread "Notification Thread" daemon [_thread_blocked, id=21852, stack(0x000000599d300000,0x000000599d400000)]
  0x00000196ed01f8a0 JavaThread "RMI TCP Accept-0" daemon [_thread_in_native, id=17660, stack(0x000000599d400000,0x000000599d500000)]
  0x00000196ed056ee0 JavaThread "C1 CompilerThread3" daemon [_thread_blocked, id=9516, stack(0x000000599d600000,0x000000599d700000)]
  0x00000196ed37ebb0 JavaThread "Thread-0" [_thread_blocked, id=23528, stack(0x000000599df00000,0x000000599e000000)]
=>0x00000196ed3cf380 JavaThread "restartedMain" [_thread_in_native, id=1724, stack(0x000000599e000000,0x000000599e100000)]
  0x00000196eed04040 JavaThread "RMI TCP Connection(2)-172.30.128.1" daemon [_thread_in_native, id=20944, stack(0x000000599e100000,0x000000599e200000)]
  0x00000196eed249e0 JavaThread "RMI Scheduler(0)" daemon [_thread_blocked, id=20712, stack(0x000000599e600000,0x000000599e700000)]
  0x00000196ef24f890 JavaThread "RMI TCP Connection(3)-172.30.128.1" daemon [_thread_in_native, id=8076, stack(0x000000599e700000,0x000000599e800000)]
  0x00000196eeee2df0 JavaThread "HikariPool-1 housekeeper" daemon [_thread_blocked, id=17276, stack(0x000000599e800000,0x000000599e900000)]
  0x00000196f041fa10 JavaThread "HikariPool-1 connection adder" daemon [_thread_blocked, id=14000, stack(0x000000599e900000,0x000000599ea00000)]
  0x00000196f0421220 JavaThread "Catalina-utility-1" [_thread_blocked, id=17464, stack(0x000000599ea00000,0x000000599eb00000)]
  0x00000196f04203b0 JavaThread "Catalina-utility-2" [_thread_blocked, id=18156, stack(0x000000599eb00000,0x000000599ec00000)]
  0x00000196f041f540 JavaThread "container-0" [_thread_blocked, id=24484, stack(0x000000599ec00000,0x000000599ed00000)]
  0x00000196f04216f0 JavaThread "File Watcher" daemon [_thread_blocked, id=15964, stack(0x000000599ed00000,0x000000599ee00000)]
  0x00000196f0420d50 JavaThread "Live Reload Server" daemon [_thread_in_native, id=8320, stack(0x000000599ef00000,0x000000599f000000)]
  0x00000196f0420880 JavaThread "http-nio-8080-Poller" daemon [_thread_in_native, id=6924, stack(0x000000599ee00000,0x000000599ef00000)]
  0x00000196f0421bc0 JavaThread "http-nio-8080-Acceptor" daemon [_thread_in_native, id=22832, stack(0x000000599f000000,0x000000599f100000)]

Other Threads:
  0x00000196ebef4940 VMThread "VM Thread" [stack: 0x000000599c600000,0x000000599c700000] [id=25448]
  0x00000196ecf29b40 WatcherThread [stack: 0x000000599d500000,0x000000599d600000] [id=9808]
  0x00000196d2b6e7f0 GCTaskThread "GC Thread#0" [stack: 0x000000599c100000,0x000000599c200000] [id=21460]
  0x00000196ed2e2400 GCTaskThread "GC Thread#1" [stack: 0x000000599d700000,0x000000599d800000] [id=16648]
  0x00000196ed2f6480 GCTaskThread "GC Thread#2" [stack: 0x000000599d800000,0x000000599d900000] [id=13920]
  0x00000196ed2db1c0 GCTaskThread "GC Thread#3" [stack: 0x000000599d900000,0x000000599da00000] [id=24388]
  0x00000196ed3302b0 GCTaskThread "GC Thread#4" [stack: 0x000000599da00000,0x000000599db00000] [id=2520]
  0x00000196ed330560 GCTaskThread "GC Thread#5" [stack: 0x000000599db00000,0x000000599dc00000] [id=8980]
  0x00000196ed34ed50 GCTaskThread "GC Thread#6" [stack: 0x000000599dc00000,0x000000599dd00000] [id=24200]
  0x00000196ed34f410 GCTaskThread "GC Thread#7" [stack: 0x000000599dd00000,0x000000599de00000] [id=2460]
  0x00000196eea1bc80 GCTaskThread "GC Thread#8" [stack: 0x000000599e200000,0x000000599e300000] [id=11672]
  0x00000196eea771f0 GCTaskThread "GC Thread#9" [stack: 0x000000599e300000,0x000000599e400000] [id=9244]
  0x00000196d4cddbf0 ConcurrentGCThread "G1 Main Marker" [stack: 0x000000599c200000,0x000000599c300000] [id=17900]
  0x00000196d4cde510 ConcurrentGCThread "G1 Conc#0" [stack: 0x000000599c300000,0x000000599c400000] [id=21384]
  0x00000196eea60610 ConcurrentGCThread "G1 Conc#1" [stack: 0x000000599e400000,0x000000599e500000] [id=23220]
  0x00000196eea600b0 ConcurrentGCThread "G1 Conc#2" [stack: 0x000000599e500000,0x000000599e600000] [id=17116]
  0x00000196d4d39c80 ConcurrentGCThread "G1 Refine#0" [stack: 0x000000599c400000,0x000000599c500000] [id=20500]
  0x00000196ed359610 ConcurrentGCThread "G1 Refine#1" [stack: 0x000000599de00000,0x000000599df00000] [id=14640]
  0x00000196ebdb3820 ConcurrentGCThread "G1 Service" [stack: 0x000000599c500000,0x000000599c600000] [id=10112]

Threads with active compile tasks:

VM state: not at safepoint (normal execution)

VM Mutex/Monitor currently owned by a thread: None

Heap address: 0x0000000700e00000, size: 4082 MB, Compressed Oops mode: Zero based, Oop shift amount: 3

CDS archive(s) mapped at: [0x0000000800000000-0x0000000800bc0000-0x0000000800bc0000), size 12320768, SharedBaseAddress: 0x0000000800000000, ArchiveRelocationMode: 0.
Compressed class space mapped at: 0x0000000800c00000-0x0000000840c00000, reserved size: 1073741824
Narrow klass base: 0x0000000800000000, Narrow klass shift: 0, Narrow klass range: 0x100000000

GC Precious Log:
 CPUs: 12 total, 12 available
 Memory: 16320M
 Large Page Support: Disabled
 NUMA Support: Disabled
 Compressed Oops: Enabled (Zero based)
 Heap Region Size: 2M
 Heap Min Capacity: 8M
 Heap Initial Capacity: 256M
 Heap Max Capacity: 4082M
 Pre-touch: Disabled
 Parallel Workers: 10
 Concurrent Workers: 3
 Concurrent Refinement Workers: 10
 Periodic GC: Disabled

Heap:
 garbage-first heap   total 153600K, used 28505K [0x0000000700e00000, 0x0000000800000000)
  region size 2048K, 5 young (10240K), 4 survivors (8192K)
 Metaspace       used 56340K, committed 56768K, reserved 1097728K
  class space    used 7812K, committed 8000K, reserved 1048576K

Heap Regions: E=young(eden), S=young(survivor), O=old, HS=humongous(starts), HC=humongous(continues), CS=collection set, F=free, OA=open archive, CA=closed archive, TAMS=top-at-mark-start (previous, next)
|   0|0x0000000700e00000, 0x0000000701000000, 0x0000000701000000|100%| O|  |TAMS 0x0000000701000000, 0x0000000700e00000| Untracked 
|   1|0x0000000701000000, 0x0000000701200000, 0x0000000701200000|100%| O|  |TAMS 0x0000000701200000, 0x0000000701000000| Untracked 
|   2|0x0000000701200000, 0x0000000701400000, 0x0000000701400000|100%| O|  |TAMS 0x0000000701400000, 0x0000000701200000| Untracked 
|   3|0x0000000701400000, 0x0000000701600000, 0x0000000701600000|100%| O|  |TAMS 0x0000000701400000, 0x0000000701400000| Untracked 
|   4|0x0000000701600000, 0x0000000701800000, 0x0000000701800000|100%| O|  |TAMS 0x0000000701800000, 0x0000000701600000| Untracked 
|   5|0x0000000701800000, 0x0000000701a00000, 0x0000000701a00000|100%| O|  |TAMS 0x0000000701a00000, 0x0000000701800000| Untracked 
|   6|0x0000000701a00000, 0x0000000701c00000, 0x0000000701c00000|100%| O|  |TAMS 0x0000000701a00000, 0x0000000701a00000| Untracked 
|   7|0x0000000701c00000, 0x0000000701e00000, 0x0000000701e00000|100%| O|  |TAMS 0x0000000701c00000, 0x0000000701c00000| Untracked 
|   8|0x0000000701e00000, 0x0000000702000000, 0x0000000702000000|100%| O|  |TAMS 0x0000000701e00000, 0x0000000701e00000| Untracked 
|   9|0x0000000702000000, 0x00000007020ab600, 0x0000000702200000| 33%| O|  |TAMS 0x0000000702000000, 0x0000000702000000| Untracked 
|  10|0x0000000702200000, 0x0000000702400000, 0x0000000702400000|100%| O|  |TAMS 0x0000000702400000, 0x0000000702200000| Untracked 
|  11|0x0000000702400000, 0x0000000702400000, 0x0000000702600000|  0%| F|  |TAMS 0x0000000702400000, 0x0000000702400000| Untracked 
|  12|0x0000000702600000, 0x0000000702600000, 0x0000000702800000|  0%| F|  |TAMS 0x0000000702600000, 0x0000000702600000| Untracked 
|  13|0x0000000702800000, 0x0000000702800000, 0x0000000702a00000|  0%| F|  |TAMS 0x0000000702800000, 0x0000000702800000| Untracked 
|  14|0x0000000702a00000, 0x0000000702a00000, 0x0000000702c00000|  0%| F|  |TAMS 0x0000000702a00000, 0x0000000702a00000| Untracked 
|  15|0x0000000702c00000, 0x0000000702c00000, 0x0000000702e00000|  0%| F|  |TAMS 0x0000000702c00000, 0x0000000702c00000| Untracked 
|  16|0x0000000702e00000, 0x0000000702e00000, 0x0000000703000000|  0%| F|  |TAMS 0x0000000702e00000, 0x0000000702e00000| Untracked 
|  17|0x0000000703000000, 0x0000000703000000, 0x0000000703200000|  0%| F|  |TAMS 0x0000000703000000, 0x0000000703000000| Untracked 
|  18|0x0000000703200000, 0x0000000703200000, 0x0000000703400000|  0%| F|  |TAMS 0x0000000703200000, 0x0000000703200000| Untracked 
|  19|0x0000000703400000, 0x0000000703400000, 0x0000000703600000|  0%| F|  |TAMS 0x0000000703400000, 0x0000000703400000| Untracked 
|  20|0x0000000703600000, 0x0000000703600000, 0x0000000703800000|  0%| F|  |TAMS 0x0000000703600000, 0x0000000703600000| Untracked 
|  21|0x0000000703800000, 0x0000000703800000, 0x0000000703a00000|  0%| F|  |TAMS 0x0000000703800000, 0x0000000703800000| Untracked 
|  22|0x0000000703a00000, 0x0000000703a00000, 0x0000000703c00000|  0%| F|  |TAMS 0x0000000703a00000, 0x0000000703a00000| Untracked 
|  23|0x0000000703c00000, 0x0000000703c00000, 0x0000000703e00000|  0%| F|  |TAMS 0x0000000703c00000, 0x0000000703c00000| Untracked 
|  24|0x0000000703e00000, 0x0000000703e00000, 0x0000000704000000|  0%| F|  |TAMS 0x0000000703e00000, 0x0000000703e00000| Untracked 
|  25|0x0000000704000000, 0x0000000704000000, 0x0000000704200000|  0%| F|  |TAMS 0x0000000704000000, 0x0000000704000000| Untracked 
|  26|0x0000000704200000, 0x0000000704200000, 0x0000000704400000|  0%| F|  |TAMS 0x0000000704200000, 0x0000000704200000| Untracked 
|  27|0x0000000704400000, 0x000000070452b150, 0x0000000704600000| 58%| S|CS|TAMS 0x0000000704400000, 0x0000000704400000| Complete 
|  28|0x0000000704600000, 0x0000000704800000, 0x0000000704800000|100%| S|CS|TAMS 0x0000000704600000, 0x0000000704600000| Complete 
|  29|0x0000000704800000, 0x0000000704a00000, 0x0000000704a00000|100%| S|CS|TAMS 0x0000000704800000, 0x0000000704800000| Complete 
|  30|0x0000000704a00000, 0x0000000704c00000, 0x0000000704c00000|100%| S|CS|TAMS 0x0000000704a00000, 0x0000000704a00000| Complete 
|  31|0x0000000704c00000, 0x0000000704c00000, 0x0000000704e00000|  0%| F|  |TAMS 0x0000000704c00000, 0x0000000704c00000| Untracked 
|  32|0x0000000704e00000, 0x0000000704e00000, 0x0000000705000000|  0%| F|  |TAMS 0x0000000704e00000, 0x0000000704e00000| Untracked 
|  33|0x0000000705000000, 0x0000000705000000, 0x0000000705200000|  0%| F|  |TAMS 0x0000000705000000, 0x0000000705000000| Untracked 
|  34|0x0000000705200000, 0x0000000705200000, 0x0000000705400000|  0%| F|  |TAMS 0x0000000705200000, 0x0000000705200000| Untracked 
|  35|0x0000000705400000, 0x0000000705400000, 0x0000000705600000|  0%| F|  |TAMS 0x0000000705400000, 0x0000000705400000| Untracked 
|  36|0x0000000705600000, 0x0000000705600000, 0x0000000705800000|  0%| F|  |TAMS 0x0000000705600000, 0x0000000705600000| Untracked 
|  37|0x0000000705800000, 0x0000000705800000, 0x0000000705a00000|  0%| F|  |TAMS 0x0000000705800000, 0x0000000705800000| Untracked 
|  38|0x0000000705a00000, 0x0000000705a00000, 0x0000000705c00000|  0%| F|  |TAMS 0x0000000705a00000, 0x0000000705a00000| Untracked 
|  39|0x0000000705c00000, 0x0000000705c00000, 0x0000000705e00000|  0%| F|  |TAMS 0x0000000705c00000, 0x0000000705c00000| Untracked 
|  40|0x0000000705e00000, 0x0000000705e00000, 0x0000000706000000|  0%| F|  |TAMS 0x0000000705e00000, 0x0000000705e00000| Untracked 
|  41|0x0000000706000000, 0x0000000706000000, 0x0000000706200000|  0%| F|  |TAMS 0x0000000706000000, 0x0000000706000000| Untracked 
|  42|0x0000000706200000, 0x0000000706200000, 0x0000000706400000|  0%| F|  |TAMS 0x0000000706200000, 0x0000000706200000| Untracked 
|  43|0x0000000706400000, 0x0000000706400000, 0x0000000706600000|  0%| F|  |TAMS 0x0000000706400000, 0x0000000706400000| Untracked 
|  44|0x0000000706600000, 0x0000000706600000, 0x0000000706800000|  0%| F|  |TAMS 0x0000000706600000, 0x0000000706600000| Untracked 
|  45|0x0000000706800000, 0x0000000706800000, 0x0000000706a00000|  0%| F|  |TAMS 0x0000000706800000, 0x0000000706800000| Untracked 
|  46|0x0000000706a00000, 0x0000000706a00000, 0x0000000706c00000|  0%| F|  |TAMS 0x0000000706a00000, 0x0000000706a00000| Untracked 
|  47|0x0000000706c00000, 0x0000000706c00000, 0x0000000706e00000|  0%| F|  |TAMS 0x0000000706c00000, 0x0000000706c00000| Untracked 
|  48|0x0000000706e00000, 0x0000000706e00000, 0x0000000707000000|  0%| F|  |TAMS 0x0000000706e00000, 0x0000000706e00000| Untracked 
|  49|0x0000000707000000, 0x0000000707000000, 0x0000000707200000|  0%| F|  |TAMS 0x0000000707000000, 0x0000000707000000| Untracked 
|  50|0x0000000707200000, 0x0000000707200000, 0x0000000707400000|  0%| F|  |TAMS 0x0000000707200000, 0x0000000707200000| Untracked 
|  51|0x0000000707400000, 0x0000000707400000, 0x0000000707600000|  0%| F|  |TAMS 0x0000000707400000, 0x0000000707400000| Untracked 
|  52|0x0000000707600000, 0x0000000707600000, 0x0000000707800000|  0%| F|  |TAMS 0x0000000707600000, 0x0000000707600000| Untracked 
|  53|0x0000000707800000, 0x0000000707800000, 0x0000000707a00000|  0%| F|  |TAMS 0x0000000707800000, 0x0000000707800000| Untracked 
|  54|0x0000000707a00000, 0x0000000707a00000, 0x0000000707c00000|  0%| F|  |TAMS 0x0000000707a00000, 0x0000000707a00000| Untracked 
|  55|0x0000000707c00000, 0x0000000707c00000, 0x0000000707e00000|  0%| F|  |TAMS 0x0000000707c00000, 0x0000000707c00000| Untracked 
|  56|0x0000000707e00000, 0x0000000707e00000, 0x0000000708000000|  0%| F|  |TAMS 0x0000000707e00000, 0x0000000707e00000| Untracked 
|  57|0x0000000708000000, 0x0000000708000000, 0x0000000708200000|  0%| F|  |TAMS 0x0000000708000000, 0x0000000708000000| Untracked 
|  58|0x0000000708200000, 0x0000000708200000, 0x0000000708400000|  0%| F|  |TAMS 0x0000000708200000, 0x0000000708200000| Untracked 
|  59|0x0000000708400000, 0x0000000708400000, 0x0000000708600000|  0%| F|  |TAMS 0x0000000708400000, 0x0000000708400000| Untracked 
|  60|0x0000000708600000, 0x0000000708600000, 0x0000000708800000|  0%| F|  |TAMS 0x0000000708600000, 0x0000000708600000| Untracked 
|  61|0x0000000708800000, 0x0000000708800000, 0x0000000708a00000|  0%| F|  |TAMS 0x0000000708800000, 0x0000000708800000| Untracked 
|  62|0x0000000708a00000, 0x0000000708a00000, 0x0000000708c00000|  0%| F|  |TAMS 0x0000000708a00000, 0x0000000708a00000| Untracked 
|  63|0x0000000708c00000, 0x0000000708c00000, 0x0000000708e00000|  0%| F|  |TAMS 0x0000000708c00000, 0x0000000708c00000| Untracked 
|  64|0x0000000708e00000, 0x0000000708e00000, 0x0000000709000000|  0%| F|  |TAMS 0x0000000708e00000, 0x0000000708e00000| Untracked 
|  65|0x0000000709000000, 0x0000000709000000, 0x0000000709200000|  0%| F|  |TAMS 0x0000000709000000, 0x0000000709000000| Untracked 
|  66|0x0000000709200000, 0x0000000709200000, 0x0000000709400000|  0%| F|  |TAMS 0x0000000709200000, 0x0000000709200000| Untracked 
|  67|0x0000000709400000, 0x0000000709400000, 0x0000000709600000|  0%| F|  |TAMS 0x0000000709400000, 0x0000000709400000| Untracked 
|  68|0x0000000709600000, 0x0000000709600000, 0x0000000709800000|  0%| F|  |TAMS 0x0000000709600000, 0x0000000709600000| Untracked 
|  69|0x0000000709800000, 0x0000000709800000, 0x0000000709a00000|  0%| F|  |TAMS 0x0000000709800000, 0x0000000709800000| Untracked 
|  70|0x0000000709a00000, 0x0000000709a00000, 0x0000000709c00000|  0%| F|  |TAMS 0x0000000709a00000, 0x0000000709a00000| Untracked 
|  71|0x0000000709c00000, 0x0000000709c00000, 0x0000000709e00000|  0%| F|  |TAMS 0x0000000709c00000, 0x0000000709c00000| Untracked 
|  72|0x0000000709e00000, 0x0000000709e00000, 0x000000070a000000|  0%| F|  |TAMS 0x0000000709e00000, 0x0000000709e00000| Untracked 
|  73|0x000000070a000000, 0x000000070a000000, 0x000000070a200000|  0%| F|  |TAMS 0x000000070a000000, 0x000000070a000000| Untracked 
| 127|0x0000000710c00000, 0x0000000710d8cc48, 0x0000000710e00000| 77%| E|  |TAMS 0x0000000710c00000, 0x0000000710c00000| Complete 

Card table byte_map: [0x00000196e0260000,0x00000196e0a60000] _byte_map_base: 0x00000196dca59000

Marking Bits (Prev, Next): (CMBitMap*) 0x00000196d4ccd3b0, (CMBitMap*) 0x00000196d4ccd3f0
 Prev Bits: [0x00000196e1260000, 0x00000196e5228000)
 Next Bits: [0x00000196e5230000, 0x00000196e91f8000)

Polling page: 0x00000196d2c50000

Metaspace:

Usage:
  Non-class:     47.39 MB used.
      Class:      7.63 MB used.
       Both:     55.02 MB used.

Virtual space:
  Non-class space:       48.00 MB reserved,      47.62 MB (>99%) committed,  6 nodes.
      Class space:        1.00 GB reserved,       7.81 MB ( <1%) committed,  1 nodes.
             Both:        1.05 GB reserved,      55.44 MB (  5%) committed. 

Chunk freelists:
   Non-Class:  32.00 KB
       Class:  1.00 KB
        Both:  33.00 KB

MaxMetaspaceSize: unlimited
CompressedClassSpaceSize: 1.00 GB
Initial GC threshold: 21.00 MB
Current GC threshold: 59.06 MB
CDS: on
MetaspaceReclaimPolicy: balanced
 - commit_granule_bytes: 65536.
 - commit_granule_words: 8192.
 - virtual_space_node_default_size: 1048576.
 - enlarge_chunks_in_place: 1.
 - new_chunks_are_fully_committed: 0.
 - uncommit_free_chunks: 1.
 - use_allocation_guard: 0.
 - handle_deallocations: 1.


Internal statistics:

num_allocs_failed_limit: 6.
num_arena_births: 558.
num_arena_deaths: 0.
num_vsnodes_births: 7.
num_vsnodes_deaths: 0.
num_space_committed: 887.
num_space_uncommitted: 0.
num_chunks_returned_to_freelist: 6.
num_chunks_taken_from_freelist: 2676.
num_chunk_merges: 6.
num_chunk_splits: 1879.
num_chunks_enlarged: 1438.
num_purges: 0.
num_inconsistent_stats: 0.

CodeCache: size=49152Kb used=11985Kb max_used=11985Kb free=37166Kb
 bounds [0x00000196dc730000, 0x00000196dd2f0000, 0x00000196df730000]
 total_blobs=6380 nmethods=5741 adapters=562
 compilation: enabled
              stopped_count=0, restarted_count=0
 full_count=0

Compilation events (20 events):
Event: 3.205 Thread 0x00000196ebf14eb0 nmethod 5732 0x00000196dd2e0a90 code [0x00000196dd2e0c40, 0x00000196dd2e0ed8]
Event: 3.205 Thread 0x00000196ed056ee0 nmethod 5731 0x00000196dd2e1010 code [0x00000196dd2e1200, 0x00000196dd2e1598]
Event: 3.209 Thread 0x00000196ed056ee0 5733       1       jdk.internal.math.FDBigInteger::mult (64 bytes)
Event: 3.209 Thread 0x00000196ec9d7b90 5734       1       jdk.internal.math.FDBigInteger::<init> (30 bytes)
Event: 3.209 Thread 0x00000196ec9da0b0 5735       1       jdk.internal.math.FDBigInteger::trimLeadingZeros (57 bytes)
Event: 3.209 Thread 0x00000196ebf14eb0 5736       1       jdk.internal.math.FDBigInteger::makeImmutable (6 bytes)
Event: 3.209 Thread 0x00000196ebf14eb0 nmethod 5736 0x00000196dd2e1790 code [0x00000196dd2e1920, 0x00000196dd2e19f8]
Event: 3.209 Thread 0x00000196ebf14eb0 5737       1       jdk.internal.math.FDBigInteger::mult (44 bytes)
Event: 3.209 Thread 0x00000196ec9d7b90 nmethod 5734 0x00000196dd2e1a90 code [0x00000196dd2e1c20, 0x00000196dd2e1d68]
Event: 3.209 Thread 0x00000196ed056ee0 nmethod 5733 0x00000196dd2e1e10 code [0x00000196dd2e1fa0, 0x00000196dd2e2138]
Event: 3.209 Thread 0x00000196ec9da0b0 nmethod 5735 0x00000196dd2e2290 code [0x00000196dd2e2420, 0x00000196dd2e2578]
Event: 3.209 Thread 0x00000196ebf14eb0 nmethod 5737 0x00000196dd2e2690 code [0x00000196dd2e2840, 0x00000196dd2e2b18]
Event: 3.210 Thread 0x00000196ebf14eb0 5738       1       java.util.IdentityHashMap::init (11 bytes)
Event: 3.210 Thread 0x00000196ec9d7b90 5739       1       org.springframework.core.ResolvableType$DefaultVariableResolver::resolveVariable (9 bytes)
Event: 3.210 Thread 0x00000196ebf14eb0 nmethod 5738 0x00000196dd2e2c10 code [0x00000196dd2e2da0, 0x00000196dd2e2f58]
Event: 3.210 Thread 0x00000196ebf14eb0 5740       1       org.springframework.core.ResolvableType::access$200 (6 bytes)
Event: 3.210 Thread 0x00000196ec9da0b0 5741       1       org.springframework.core.ResolvableType::resolveVariable (186 bytes)
Event: 3.210 Thread 0x00000196ebf14eb0 nmethod 5740 0x00000196dd2e3010 code [0x00000196dd2e31a0, 0x00000196dd2e3268]
Event: 3.210 Thread 0x00000196ec9d7b90 nmethod 5739 0x00000196dd2e3310 code [0x00000196dd2e34a0, 0x00000196dd2e3588]
Event: 3.211 Thread 0x00000196ec9da0b0 nmethod 5741 0x00000196dd2e3690 code [0x00000196dd2e3960, 0x00000196dd2e4198]

GC Heap History (20 events):
Event: 0.418 GC heap before
{Heap before GC invocations=1 (full 0):
 garbage-first heap   total 262144K, used 29586K [0x0000000700e00000, 0x0000000800000000)
  region size 2048K, 14 young (28672K), 2 survivors (4096K)
 Metaspace       used 6578K, committed 6784K, reserved 1056768K
  class space    used 795K, committed 896K, reserved 1048576K
}
Event: 0.421 GC heap after
{Heap after GC invocations=2 (full 0):
 garbage-first heap   total 262144K, used 7947K [0x0000000700e00000, 0x0000000800000000)
  region size 2048K, 1 young (2048K), 1 survivors (2048K)
 Metaspace       used 6578K, committed 6784K, reserved 1056768K
  class space    used 795K, committed 896K, reserved 1048576K
}
Event: 0.955 GC heap before
{Heap before GC invocations=2 (full 0):
 garbage-first heap   total 262144K, used 155403K [0x0000000700e00000, 0x0000000800000000)
  region size 2048K, 75 young (153600K), 1 survivors (2048K)
 Metaspace       used 21228K, committed 21504K, reserved 1073152K
  class space    used 2779K, committed 2944K, reserved 1048576K
}
Event: 0.959 GC heap after
{Heap after GC invocations=3 (full 0):
 garbage-first heap   total 262144K, used 12438K [0x0000000700e00000, 0x0000000800000000)
  region size 2048K, 3 young (6144K), 3 survivors (6144K)
 Metaspace       used 21228K, committed 21504K, reserved 1073152K
  class space    used 2779K, committed 2944K, reserved 1048576K
}
Event: 1.145 GC heap before
{Heap before GC invocations=4 (full 0):
 garbage-first heap   total 61440K, used 45206K [0x0000000700e00000, 0x0000000800000000)
  region size 2048K, 20 young (40960K), 3 survivors (6144K)
 Metaspace       used 24963K, committed 25280K, reserved 1073152K
  class space    used 3314K, committed 3456K, reserved 1048576K
}
Event: 1.149 GC heap after
{Heap after GC invocations=5 (full 0):
 garbage-first heap   total 61440K, used 13877K [0x0000000700e00000, 0x0000000800000000)
  region size 2048K, 4 young (8192K), 4 survivors (8192K)
 Metaspace       used 24963K, committed 25280K, reserved 1073152K
  class space    used 3314K, committed 3456K, reserved 1048576K
}
Event: 1.168 GC heap before
{Heap before GC invocations=5 (full 0):
 garbage-first heap   total 61440K, used 15925K [0x0000000700e00000, 0x0000000800000000)
  region size 2048K, 5 young (10240K), 4 survivors (8192K)
 Metaspace       used 25106K, committed 25408K, reserved 1073152K
  class space    used 3342K, committed 3456K, reserved 1048576K
}
Event: 1.172 GC heap after
{Heap after GC invocations=6 (full 0):
 garbage-first heap   total 161792K, used 14439K [0x0000000700e00000, 0x0000000800000000)
  region size 2048K, 1 young (2048K), 1 survivors (2048K)
 Metaspace       used 25106K, committed 25408K, reserved 1073152K
  class space    used 3342K, committed 3456K, reserved 1048576K
}
Event: 1.640 GC heap before
{Heap before GC invocations=6 (full 0):
 garbage-first heap   total 161792K, used 106599K [0x0000000700e00000, 0x0000000800000000)
  region size 2048K, 47 young (96256K), 1 survivors (2048K)
 Metaspace       used 31755K, committed 32128K, reserved 1081344K
  class space    used 4314K, committed 4480K, reserved 1048576K
}
Event: 1.643 GC heap after
{Heap after GC invocations=7 (full 0):
 garbage-first heap   total 161792K, used 17620K [0x0000000700e00000, 0x0000000800000000)
  region size 2048K, 3 young (6144K), 3 survivors (6144K)
 Metaspace       used 31755K, committed 32128K, reserved 1081344K
  class space    used 4314K, committed 4480K, reserved 1048576K
}
Event: 1.857 GC heap before
{Heap before GC invocations=7 (full 0):
 garbage-first heap   total 161792K, used 79060K [0x0000000700e00000, 0x0000000800000000)
  region size 2048K, 35 young (71680K), 3 survivors (6144K)
 Metaspace       used 35675K, committed 36096K, reserved 1081344K
  class space    used 4700K, committed 4928K, reserved 1048576K
}
Event: 1.860 GC heap after
{Heap after GC invocations=8 (full 0):
 garbage-first heap   total 161792K, used 19584K [0x0000000700e00000, 0x0000000800000000)
  region size 2048K, 4 young (8192K), 4 survivors (8192K)
 Metaspace       used 35675K, committed 36096K, reserved 1081344K
  class space    used 4700K, committed 4928K, reserved 1048576K
}
Event: 2.199 GC heap before
{Heap before GC invocations=9 (full 0):
 garbage-first heap   total 81920K, used 60544K [0x0000000700e00000, 0x0000000800000000)
  region size 2048K, 24 young (49152K), 4 survivors (8192K)
 Metaspace       used 43520K, committed 43968K, reserved 1089536K
  class space    used 5876K, committed 6080K, reserved 1048576K
}
Event: 2.203 GC heap after
{Heap after GC invocations=10 (full 0):
 garbage-first heap   total 81920K, used 21502K [0x0000000700e00000, 0x0000000800000000)
  region size 2048K, 3 young (6144K), 3 survivors (6144K)
 Metaspace       used 43520K, committed 43968K, reserved 1089536K
  class space    used 5876K, committed 6080K, reserved 1048576K
}
Event: 2.219 GC heap before
{Heap before GC invocations=10 (full 0):
 garbage-first heap   total 81920K, used 21502K [0x0000000700e00000, 0x0000000800000000)
  region size 2048K, 4 young (8192K), 3 survivors (6144K)
 Metaspace       used 43740K, committed 44160K, reserved 1089536K
  class space    used 5903K, committed 6080K, reserved 1048576K
}
Event: 2.222 GC heap after
{Heap after GC invocations=11 (full 0):
 garbage-first heap   total 81920K, used 21988K [0x0000000700e00000, 0x0000000800000000)
  region size 2048K, 1 young (2048K), 1 survivors (2048K)
 Metaspace       used 43740K, committed 44160K, reserved 1089536K
  class space    used 5903K, committed 6080K, reserved 1048576K
}
Event: 2.532 GC heap before
{Heap before GC invocations=11 (full 0):
 garbage-first heap   total 81920K, used 60900K [0x0000000700e00000, 0x0000000800000000)
  region size 2048K, 21 young (43008K), 1 survivors (2048K)
 Metaspace       used 49496K, committed 49856K, reserved 1097728K
  class space    used 6792K, committed 6976K, reserved 1048576K
}
Event: 2.534 GC heap after
{Heap after GC invocations=12 (full 0):
 garbage-first heap   total 153600K, used 23061K [0x0000000700e00000, 0x0000000800000000)
  region size 2048K, 1 young (2048K), 1 survivors (2048K)
 Metaspace       used 49496K, committed 49856K, reserved 1097728K
  class space    used 6792K, committed 6976K, reserved 1048576K
}
Event: 3.194 GC heap before
{Heap before GC invocations=12 (full 0):
 garbage-first heap   total 153600K, used 113173K [0x0000000700e00000, 0x0000000800000000)
  region size 2048K, 45 young (92160K), 1 survivors (2048K)
 Metaspace       used 56234K, committed 56640K, reserved 1097728K
  class space    used 7793K, committed 8000K, reserved 1048576K
}
Event: 3.198 GC heap after
{Heap after GC invocations=13 (full 0):
 garbage-first heap   total 153600K, used 28505K [0x0000000700e00000, 0x0000000800000000)
  region size 2048K, 4 young (8192K), 4 survivors (8192K)
 Metaspace       used 56234K, committed 56640K, reserved 1097728K
  class space    used 7793K, committed 8000K, reserved 1048576K
}

Deoptimization events (20 events):
Event: 0.370 Thread 0x00000196d4c7da20 DEOPT PACKING pc=0x00000196dca07981 sp=0x000000599c0fd9b0
Event: 0.370 Thread 0x00000196d4c7da20 DEOPT UNPACKING pc=0x00000196dc782b43 sp=0x000000599c0fce08 mode 3
Event: 0.680 Thread 0x00000196ed3cf380 DEOPT PACKING pc=0x00000196dccc1bf9 sp=0x000000599e0fc8b0
Event: 0.680 Thread 0x00000196ed3cf380 DEOPT UNPACKING pc=0x00000196dc782b43 sp=0x000000599e0fbd90 mode 3
Event: 1.216 Thread 0x00000196ed3cf380 DEOPT PACKING pc=0x00000196dccfd254 sp=0x000000599e0fcc50
Event: 1.216 Thread 0x00000196ed3cf380 DEOPT UNPACKING pc=0x00000196dc782b43 sp=0x000000599e0fc1a8 mode 0
Event: 1.346 Thread 0x00000196ed3cf380 DEOPT PACKING pc=0x00000196dcf51601 sp=0x000000599e0fc250
Event: 1.346 Thread 0x00000196ed3cf380 DEOPT UNPACKING pc=0x00000196dc782b43 sp=0x000000599e0fb6c0 mode 3
Event: 1.581 Thread 0x00000196ed3cf380 DEOPT PACKING pc=0x00000196dcfdd965 sp=0x000000599e0fc8e0
Event: 1.581 Thread 0x00000196ed3cf380 DEOPT UNPACKING pc=0x00000196dc782b43 sp=0x000000599e0fbe48 mode 3
Event: 1.708 Thread 0x00000196ed3cf380 DEOPT PACKING pc=0x00000196dcda9555 sp=0x000000599e0fb200
Event: 1.708 Thread 0x00000196ed3cf380 DEOPT UNPACKING pc=0x00000196dc782b43 sp=0x000000599e0fa760 mode 3
Event: 1.766 Thread 0x00000196ed3cf380 DEOPT PACKING pc=0x00000196dcccf609 sp=0x000000599e0fb850
Event: 1.766 Thread 0x00000196ed3cf380 DEOPT UNPACKING pc=0x00000196dc782b43 sp=0x000000599e0face0 mode 3
Event: 1.766 Thread 0x00000196eeee2df0 DEOPT PACKING pc=0x00000196dcc8da9f sp=0x000000599e8ff2b0
Event: 1.766 Thread 0x00000196eeee2df0 DEOPT UNPACKING pc=0x00000196dc782b43 sp=0x000000599e8fe708 mode 3
Event: 2.681 Thread 0x00000196ed3cf380 DEOPT PACKING pc=0x00000196dd1ac379 sp=0x000000599e0faf30
Event: 2.681 Thread 0x00000196ed3cf380 DEOPT UNPACKING pc=0x00000196dc782b43 sp=0x000000599e0fa410 mode 3
Event: 2.991 Thread 0x00000196ed3cf380 DEOPT PACKING pc=0x00000196dccccae2 sp=0x000000599e0f70a0
Event: 2.991 Thread 0x00000196ed3cf380 DEOPT UNPACKING pc=0x00000196dc782b43 sp=0x000000599e0f65a8 mode 3

Classes unloaded (0 events):
No events

Classes redefined (0 events):
No events

Internal exceptions (20 events):
Event: 2.763 Thread 0x00000196ed3cf380 Exception <a 'java/lang/reflect/InvocationTargetException'{0x0000000707e33b00}> (0x0000000707e33b00) 
thrown [e:\jenkins\tmp\workspace\build\src\src\hotspot\share\runtime\reflection.cpp, line 1121]
Event: 2.772 Thread 0x00000196ed3cf380 Exception <a 'java/lang/ClassNotFoundException'{0x0000000707f3d5c8}: java/lang/ObjectCustomizer> (0x0000000707f3d5c8) 
thrown [e:\jenkins\tmp\workspace\build\src\src\hotspot\share\classfile\systemDictionary.cpp, line 256]
Event: 2.773 Thread 0x00000196ed3cf380 Exception <a 'java/lang/ClassNotFoundException'{0x0000000707f4ae68}: com/backend/backend/Data/LogCustomizer> (0x0000000707f4ae68) 
thrown [e:\jenkins\tmp\workspace\build\src\src\hotspot\share\classfile\systemDictionary.cpp, line 256]
Event: 2.839 Thread 0x00000196ed3cf380 Exception <a 'java/lang/ClassNotFoundException'{0x0000000707366178}: java/lang/ObjectCustomizer> (0x0000000707366178) 
thrown [e:\jenkins\tmp\workspace\build\src\src\hotspot\share\classfile\systemDictionary.cpp, line 256]
Event: 2.839 Thread 0x00000196ed3cf380 Exception <a 'java/lang/ClassNotFoundException'{0x0000000707373248}: org/springframework/security/config/annotation/web/configuration/WebSecurityConfigurationCustomizer> (0x0000000707373248) 
thrown [e:\jenkins\tmp\workspace\build\src\src\hotspot\share\classfile\systemDictionary.cpp, line 256]
Event: 2.840 Thread 0x00000196ed3cf380 Exception <a 'java/lang/ClassNotFoundException'{0x00000007073865b8}: org/springframework/context/annotation/ImportAwareCustomizer> (0x00000007073865b8) 
thrown [e:\jenkins\tmp\workspace\build\src\src\hotspot\share\classfile\systemDictionary.cpp, line 256]
Event: 2.840 Thread 0x00000196ed3cf380 Exception <a 'java/lang/ClassNotFoundException'{0x000000070738fa40}: org/springframework/beans/factory/AwareCustomizer> (0x000000070738fa40) 
thrown [e:\jenkins\tmp\workspace\build\src\src\hotspot\share\classfile\systemDictionary.cpp, line 256]
Event: 2.840 Thread 0x00000196ed3cf380 Exception <a 'java/lang/ClassNotFoundException'{0x0000000707398658}: org/springframework/beans/factory/BeanClassLoaderAwareCustomizer> (0x0000000707398658) 
thrown [e:\jenkins\tmp\workspace\build\src\src\hotspot\share\classfile\systemDictionary.cpp, line 256]
Event: 2.840 Thread 0x00000196ed3cf380 Exception <a 'java/lang/ClassNotFoundException'{0x00000007073a1ac0}: org/springframework/beans/factory/AwareCustomizer> (0x00000007073a1ac0) 
thrown [e:\jenkins\tmp\workspace\build\src\src\hotspot\share\classfile\systemDictionary.cpp, line 256]
Event: 3.001 Thread 0x00000196ed3cf380 Exception <a 'java/lang/IncompatibleClassChangeError'{0x00000007061681b8}: Found class java.lang.Object, but interface was expected> (0x00000007061681b8) 
thrown [e:\jenkins\tmp\workspace\build\src\src\hotspot\share\interpreter\linkResolver.cpp, line 833]
Event: 3.025 Thread 0x00000196ed3cf380 Exception <a 'java/lang/ClassNotFoundException'{0x0000000705c0deb8}: java/lang/ObjectCustomizer> (0x0000000705c0deb8) 
thrown [e:\jenkins\tmp\workspace\build\src\src\hotspot\share\classfile\systemDictionary.cpp, line 256]
Event: 3.026 Thread 0x00000196ed3cf380 Exception <a 'java/lang/ClassNotFoundException'{0x0000000705c1af88}: org/springframework/security/config/annotation/web/configuration/HttpSecurityConfigurationCustomizer> (0x0000000705c1af88) 
thrown [e:\jenkins\tmp\workspace\build\src\src\hotspot\share\classfile\systemDictionary.cpp, line 256]
Event: 3.032 Thread 0x00000196ed3cf380 Exception <a 'java/lang/NoSuchMethodError'{0x0000000705ca51d0}: 'java.lang.Object java.lang.invoke.DirectMethodHandle$Holder.invokeInterface(java.lang.Object, java.lang.Object, java.lang.Object, java.lang.Object)'> (0x0000000705ca51d0) 
thrown [e:\jenkins\tmp\workspace\build\src\src\hotspot\share\interpreter\linkResolver.cpp, line 766]
Event: 3.055 Thread 0x00000196ed3cf380 Exception <a 'java/lang/NoSuchMethodError'{0x0000000705aedf18}: 'void java.lang.invoke.DirectMethodHandle$Holder.invokeVirtual(java.lang.Object, java.lang.Object, int)'> (0x0000000705aedf18) 
thrown [e:\jenkins\tmp\workspace\build\src\src\hotspot\share\interpreter\linkResolver.cpp, line 766]
Event: 3.056 Thread 0x00000196ed3cf380 Exception <a 'java/lang/NoSuchMethodError'{0x0000000705b08ae0}: 'void java.lang.invoke.DirectMethodHandle$Holder.invokeVirtual(java.lang.Object, java.lang.Object, long)'> (0x0000000705b08ae0) 
thrown [e:\jenkins\tmp\workspace\build\src\src\hotspot\share\interpreter\linkResolver.cpp, line 766]
Event: 3.090 Thread 0x00000196ed3cf380 Exception <a 'java/lang/NoSuchMethodError'{0x00000007056ca438}: 'int java.lang.invoke.DirectMethodHandle$Holder.invokeStaticInit(java.lang.Object, java.lang.Object, java.lang.Object, java.lang.Object)'> (0x00000007056ca438) 
thrown [e:\jenkins\tmp\workspace\build\src\src\hotspot\share\interpreter\linkResolver.cpp, line 766]
Event: 3.170 Thread 0x00000196ed3cf380 Exception <a 'java/lang/NoSuchMethodError'{0x0000000704c7dda0}: 'java.lang.Object java.lang.invoke.DirectMethodHandle$Holder.invokeSpecial(java.lang.Object, java.lang.Object, int, java.lang.Object, int, java.lang.Object)'> (0x0000000704c7dda0) 
thrown [e:\jenkins\tmp\workspace\build\src\src\hotspot\share\interpreter\linkResolver.cpp, line 766]
Event: 3.171 Thread 0x00000196ed3cf380 Exception <a 'java/lang/NoSuchMethodError'{0x0000000704c85e48}: 'java.lang.Object java.lang.invoke.DirectMethodHandle$Holder.newInvokeSpecial(java.lang.Object, java.lang.Object, int, java.lang.Object, int)'> (0x0000000704c85e48) 
thrown [e:\jenkins\tmp\workspace\build\src\src\hotspot\share\interpreter\linkResolver.cpp, line 766]
Event: 3.171 Thread 0x00000196ed3cf380 Exception <a 'java/lang/NoSuchMethodError'{0x0000000704c89f48}: 'java.lang.Object java.lang.invoke.DirectMethodHandle$Holder.invokeSpecial(java.lang.Object, java.lang.Object, java.lang.Object, int, java.lang.Object, int)'> (0x0000000704c89f48) 
thrown [e:\jenkins\tmp\workspace\build\src\src\hotspot\share\interpreter\linkResolver.cpp, line 766]
Event: 3.171 Thread 0x00000196ed3cf380 Exception <a 'java/lang/NoSuchMethodError'{0x0000000704c959e0}: 'void java.lang.invoke.DirectMethodHandle$Holder.invokeVirtual(java.lang.Object, java.lang.Object)'> (0x0000000704c959e0) 
thrown [e:\jenkins\tmp\workspace\build\src\src\hotspot\share\interpreter\linkResolver.cpp, line 766]

VM Operations (20 events):
Event: 2.717 Executing VM operation: HandshakeAllThreads
Event: 2.717 Executing VM operation: HandshakeAllThreads done
Event: 2.717 Executing VM operation: HandshakeAllThreads
Event: 2.717 Executing VM operation: HandshakeAllThreads done
Event: 2.823 Executing VM operation: ICBufferFull
Event: 2.823 Executing VM operation: ICBufferFull done
Event: 2.857 Executing VM operation: HandshakeAllThreads
Event: 2.857 Executing VM operation: HandshakeAllThreads done
Event: 2.913 Executing VM operation: HandshakeAllThreads
Event: 2.913 Executing VM operation: HandshakeAllThreads done
Event: 2.928 Executing VM operation: HandshakeAllThreads
Event: 2.928 Executing VM operation: HandshakeAllThreads done
Event: 3.008 Executing VM operation: HandshakeAllThreads
Event: 3.008 Executing VM operation: HandshakeAllThreads done
Event: 3.184 Executing VM operation: HandshakeAllThreads
Event: 3.184 Executing VM operation: HandshakeAllThreads done
Event: 3.194 Executing VM operation: G1CollectForAllocation
Event: 3.198 Executing VM operation: G1CollectForAllocation done
Event: 3.208 Executing VM operation: HandshakeAllThreads
Event: 3.208 Executing VM operation: HandshakeAllThreads done

Events (20 events):
Event: 3.193 loading class java/nio/channels/Pipe$SinkChannel
Event: 3.193 loading class java/nio/channels/Pipe$SinkChannel done
Event: 3.193 loading class sun/nio/ch/SinkChannelImpl done
Event: 3.194 Thread 0x00000196f0420880 Thread added: 0x00000196f0420880
Event: 3.194 loading class java/nio/channels/spi/AbstractSelector$1
Event: 3.198 loading class java/nio/channels/spi/AbstractSelector$1 done
Event: 3.199 Thread 0x00000196f0421bc0 Thread added: 0x00000196f0421bc0
Event: 3.199 loading class java/util/TreeMap$ValueSpliterator
Event: 3.199 loading class java/util/TreeMap$TreeMapSpliterator
Event: 3.199 loading class java/util/TreeMap$TreeMapSpliterator done
Event: 3.199 loading class java/util/TreeMap$ValueSpliterator done
Event: 3.206 loading class com/sun/jmx/mbeanserver/StandardMBeanSupport
Event: 3.206 loading class com/sun/jmx/mbeanserver/StandardMBeanSupport done
Event: 3.206 loading class com/sun/jmx/mbeanserver/StandardMBeanIntrospector
Event: 3.207 loading class com/sun/jmx/mbeanserver/StandardMBeanIntrospector done
Event: 3.208 loading class jdk/internal/math/FDBigInteger
Event: 3.209 loading class jdk/internal/math/FDBigInteger done
Event: 3.212 Loaded shared library C:\Users\Narcano\Documents\GitHub\SzamBiztHF\backend\backend\jni-library\build\libs\main\jni-library.dll
Event: 3.213 loading class jdk/internal/loader/NativeLibraries$Unloader
Event: 3.213 loading class jdk/internal/loader/NativeLibraries$Unloader done


Dynamic libraries:
0x00007ff64a700000 - 0x00007ff64a70e000 	C:\Program Files\Eclipse Adoptium\jdk-17.0.1.12-hotspot\bin\java.exe
0x00007ff8e9380000 - 0x00007ff8e9587000 	C:\WINDOWS\SYSTEM32\ntdll.dll
0x00007ff8e9200000 - 0x00007ff8e92bd000 	C:\WINDOWS\System32\KERNEL32.DLL
0x00007ff8e6e90000 - 0x00007ff8e7204000 	C:\WINDOWS\System32\KERNELBASE.dll
0x00007ff8e6b70000 - 0x00007ff8e6c81000 	C:\WINDOWS\System32\ucrtbase.dll
0x00007ff8db670000 - 0x00007ff8db688000 	C:\Program Files\Eclipse Adoptium\jdk-17.0.1.12-hotspot\bin\jli.dll
0x00007ff8d9960000 - 0x00007ff8d9979000 	C:\Program Files\Eclipse Adoptium\jdk-17.0.1.12-hotspot\bin\VCRUNTIME140.dll
0x00007ff8e83f0000 - 0x00007ff8e859c000 	C:\WINDOWS\System32\USER32.dll
0x00007ff8e6d00000 - 0x00007ff8e6d26000 	C:\WINDOWS\System32\win32u.dll
0x00007ff8d6480000 - 0x00007ff8d6725000 	C:\WINDOWS\WinSxS\amd64_microsoft.windows.common-controls_6595b64144ccf1df_6.0.22000.120_none_9d947278b86cc467\COMCTL32.dll
0x00007ff8e7210000 - 0x00007ff8e7239000 	C:\WINDOWS\System32\GDI32.dll
0x00007ff8e73e0000 - 0x00007ff8e7483000 	C:\WINDOWS\System32\msvcrt.dll
0x00007ff8e69d0000 - 0x00007ff8e6ae2000 	C:\WINDOWS\System32\gdi32full.dll
0x00007ff8e6d30000 - 0x00007ff8e6dcd000 	C:\WINDOWS\System32\msvcp_win.dll
0x00007ff8e74a0000 - 0x00007ff8e74d1000 	C:\WINDOWS\System32\IMM32.DLL
0x00007ff8d9640000 - 0x00007ff8d964c000 	C:\Program Files\Eclipse Adoptium\jdk-17.0.1.12-hotspot\bin\vcruntime140_1.dll
0x00007ff8891a0000 - 0x00007ff889231000 	C:\Program Files\Eclipse Adoptium\jdk-17.0.1.12-hotspot\bin\msvcp140.dll
0x00007ff865100000 - 0x00007ff865d46000 	C:\Program Files\Eclipse Adoptium\jdk-17.0.1.12-hotspot\bin\server\jvm.dll
0x00007ff8e80c0000 - 0x00007ff8e816c000 	C:\WINDOWS\System32\ADVAPI32.dll
0x00007ff8e8350000 - 0x00007ff8e83ed000 	C:\WINDOWS\System32\sechost.dll
0x00007ff8e7240000 - 0x00007ff8e7361000 	C:\WINDOWS\System32\RPCRT4.dll
0x00007ff8e7860000 - 0x00007ff8e7868000 	C:\WINDOWS\System32\PSAPI.DLL
0x00007ff8e1110000 - 0x00007ff8e1143000 	C:\WINDOWS\SYSTEM32\WINMM.dll
0x00007ff8de760000 - 0x00007ff8de76a000 	C:\WINDOWS\SYSTEM32\VERSION.dll
0x00007ff8d5dc0000 - 0x00007ff8d5dc9000 	C:\WINDOWS\SYSTEM32\WSOCK32.dll
0x00007ff8e8e30000 - 0x00007ff8e8e9f000 	C:\WINDOWS\System32\WS2_32.dll
0x00007ff8e5920000 - 0x00007ff8e5938000 	C:\WINDOWS\SYSTEM32\kernel.appcore.dll
0x00007ff8d9630000 - 0x00007ff8d963a000 	C:\Program Files\Eclipse Adoptium\jdk-17.0.1.12-hotspot\bin\jimage.dll
0x00007ff8d03a0000 - 0x00007ff8d05c1000 	C:\WINDOWS\SYSTEM32\DBGHELP.DLL
0x00007ff8cfde0000 - 0x00007ff8cfe11000 	C:\WINDOWS\SYSTEM32\dbgcore.DLL
0x00007ff8e6af0000 - 0x00007ff8e6b70000 	C:\WINDOWS\System32\bcryptPrimitives.dll
0x00007ff8e2e40000 - 0x00007ff8e2e4e000 	C:\Program Files\Eclipse Adoptium\jdk-17.0.1.12-hotspot\bin\instrument.dll
0x00007ff8be910000 - 0x00007ff8be935000 	C:\Program Files\Eclipse Adoptium\jdk-17.0.1.12-hotspot\bin\java.dll
0x00007ff871880000 - 0x00007ff871956000 	C:\Program Files\Eclipse Adoptium\jdk-17.0.1.12-hotspot\bin\svml.dll
0x00007ff8e7910000 - 0x00007ff8e80ba000 	C:\WINDOWS\System32\SHELL32.dll
0x00007ff8e49a0000 - 0x00007ff8e5202000 	C:\WINDOWS\SYSTEM32\windows.storage.dll
0x00007ff8e74e0000 - 0x00007ff8e7858000 	C:\WINDOWS\System32\combase.dll
0x00007ff8e4830000 - 0x00007ff8e4996000 	C:\WINDOWS\SYSTEM32\wintypes.dll
0x00007ff8e85a0000 - 0x00007ff8e868a000 	C:\WINDOWS\System32\SHCORE.dll
0x00007ff8e81d0000 - 0x00007ff8e822d000 	C:\WINDOWS\System32\shlwapi.dll
0x00007ff8e6790000 - 0x00007ff8e67b1000 	C:\WINDOWS\SYSTEM32\profapi.dll
0x00007ff8c16e0000 - 0x00007ff8c16f8000 	C:\Program Files\Eclipse Adoptium\jdk-17.0.1.12-hotspot\bin\zip.dll
0x00007ff8d8ff0000 - 0x00007ff8d9009000 	C:\Program Files\Eclipse Adoptium\jdk-17.0.1.12-hotspot\bin\net.dll
0x00007ff8e19e0000 - 0x00007ff8e1aec000 	C:\WINDOWS\SYSTEM32\WINHTTP.dll
0x00007ff8e5d20000 - 0x00007ff8e5d87000 	C:\WINDOWS\system32\mswsock.dll
0x00007ff8d2a40000 - 0x00007ff8d2a55000 	C:\Program Files\Eclipse Adoptium\jdk-17.0.1.12-hotspot\bin\nio.dll
0x00007ff8acd60000 - 0x00007ff8acd7a000 	C:\Program Files\JetBrains\IntelliJ IDEA 2020.3.3\bin\breakgen64.dll
0x00007ff8e5490000 - 0x00007ff8e5577000 	C:\WINDOWS\SYSTEM32\DNSAPI.dll
0x00007ff8e5460000 - 0x00007ff8e548d000 	C:\WINDOWS\SYSTEM32\IPHLPAPI.DLL
0x00007ff8e7900000 - 0x00007ff8e7909000 	C:\WINDOWS\System32\NSI.dll
0x00007ff8df300000 - 0x00007ff8df30a000 	C:\Windows\System32\rasadhlp.dll
0x00007ff8dfda0000 - 0x00007ff8dfe21000 	C:\WINDOWS\System32\fwpuclnt.dll
0x00007ff8ccaf0000 - 0x00007ff8ccaf9000 	C:\Program Files\Eclipse Adoptium\jdk-17.0.1.12-hotspot\bin\management.dll
0x00007ff8cb7b0000 - 0x00007ff8cb7bb000 	C:\Program Files\Eclipse Adoptium\jdk-17.0.1.12-hotspot\bin\management_ext.dll
0x00007ff8e5ff0000 - 0x00007ff8e6008000 	C:\WINDOWS\SYSTEM32\CRYPTSP.dll
0x00007ff8e5880000 - 0x00007ff8e58b5000 	C:\WINDOWS\system32\rsaenh.dll
0x00007ff8e5dc0000 - 0x00007ff8e5de9000 	C:\WINDOWS\SYSTEM32\USERENV.dll
0x00007ff8e6130000 - 0x00007ff8e6157000 	C:\WINDOWS\SYSTEM32\bcrypt.dll
0x00007ff8e5f10000 - 0x00007ff8e5f1c000 	C:\WINDOWS\SYSTEM32\CRYPTBASE.dll
0x00007ff8e10a0000 - 0x00007ff8e10b9000 	C:\WINDOWS\SYSTEM32\dhcpcsvc6.DLL
0x00007ff8e2160000 - 0x00007ff8e217e000 	C:\WINDOWS\SYSTEM32\dhcpcsvc.DLL
0x00007ff8d91f0000 - 0x00007ff8d9207000 	C:\WINDOWS\system32\napinsp.dll
0x00007ff8d8ed0000 - 0x00007ff8d8eeb000 	C:\WINDOWS\system32\pnrpnsp.dll
0x00007ff8d2cf0000 - 0x00007ff8d2d02000 	C:\WINDOWS\System32\winrnr.dll
0x00007ff8b9fe0000 - 0x00007ff8b9ff5000 	C:\WINDOWS\system32\wshbth.dll
0x00007ff8d0310000 - 0x00007ff8d032f000 	C:\WINDOWS\system32\nlansp_c.dll
0x00007ff8d2c10000 - 0x00007ff8d2c1e000 	C:\Program Files\Eclipse Adoptium\jdk-17.0.1.12-hotspot\bin\sunmscapi.dll
0x00007ff8e6860000 - 0x00007ff8e69c2000 	C:\WINDOWS\System32\CRYPT32.dll
0x00007ff8e6100000 - 0x00007ff8e6128000 	C:\WINDOWS\SYSTEM32\ncrypt.dll
0x00007ff8e60a0000 - 0x00007ff8e60d7000 	C:\WINDOWS\SYSTEM32\NTASN1.dll
0x00007ff8c5390000 - 0x00007ff8c5398000 	C:\WINDOWS\system32\wshunix.dll
0x00007ff8acd10000 - 0x00007ff8acd5e000 	C:\Users\Narcano\Documents\GitHub\SzamBiztHF\backend\backend\jni-library\build\libs\main\jni-library.dll

dbghelp: loaded successfully - version: 4.0.5 - missing functions: none
symbol engine: initialized successfully - sym options: 0x614 - pdb path: .;C:\Program Files\Eclipse Adoptium\jdk-17.0.1.12-hotspot\bin;C:\WINDOWS\SYSTEM32;C:\WINDOWS\WinSxS\amd64_microsoft.windows.common-controls_6595b64144ccf1df_6.0.22000.120_none_9d947278b86cc467;C:\Program Files\Eclipse Adoptium\jdk-17.0.1.12-hotspot\bin\server;C:\Program Files\JetBrains\IntelliJ IDEA 2020.3.3\bin;C:\Users\Narcano\Documents\GitHub\SzamBiztHF\backend\backend\jni-library\build\libs\main

VM Arguments:
jvm_args: -Dvisualvm.id=237060039058100 -Djava.library.path=c:\Users\Narcano\Documents\GitHub\SzamBiztHF\backend\backend\jni-library\build\libs\main" -XX:TieredStopAtLevel=1 -Xverify:none -Dspring.output.ansi.enabled=always -javaagent:C:\Program Files\JetBrains\IntelliJ IDEA 2020.3.3\lib\idea_rt.jar=19316:C:\Program Files\JetBrains\IntelliJ IDEA 2020.3.3\bin -Dcom.sun.management.jmxremote -Dspring.jmx.enabled=true -Dspring.liveBeansView.mbeanDomain -Dspring.application.admin.enabled=true -Dfile.encoding=UTF-8 
java_command: com.backend.backend.BackendApplication
java_class_path (initial): C:\Users\Narcano\Documents\GitHub\SzamBiztHF\backend\backend\build\classes\java\main;C:\Users\Narcano\Documents\GitHub\SzamBiztHF\backend\backend\build\resources\main;C:\Users\Narcano\.gradle\caches\modules-2\files-2.1\io.jsonwebtoken\jjwt-api\0.11.0\ab6957d0515da6e23077c39534d5601ccfa024a1\jjwt-api-0.11.0.jar;C:\Users\Narcano\.gradle\caches\modules-2\files-2.1\org.springframework.boot\spring-boot-starter-data-jpa\2.5.5\5ec66dab8ad9dead3322e21d1bfafe29da89f360\spring-boot-starter-data-jpa-2.5.5.jar;C:\Users\Narcano\.gradle\caches\modules-2\files-2.1\org.springframework.boot\spring-boot-starter-web\2.5.5\c09bf133d22c865d6ce4d67ff48aece7ff1defb1\spring-boot-starter-web-2.5.5.jar;C:\Users\Narcano\.gradle\caches\modules-2\files-2.1\com.fasterxml.jackson.module\jackson-module-kotlin\2.12.5\9f8be96db441bf7c217db22a03efd6902c0da34e\jackson-module-kotlin-2.12.5.jar;C:\Users\Narcano\.gradle\caches\modules-2\files-2.1\org.springframework.boot\spring-boot-starter-security\2.5.5\30cec14d6be2595abeca39985c84b4d941c07cd4\spring-boot-starter-security-2.5.5.jar;C:\Users\Narcano\.gradle\caches\modules-2\files-2.1\org.jetbrains.kotlin\kotlin-stdlib-jdk8\1.5.31\ff5d99aecd328872494e8921b72bf6e3af97af3e\kotlin-stdlib-jdk8-1.5.31.jar;C:\Users\Narcano\.gradle\caches\modules-2\files-2.1\org.jetbrains.kotlin\kotlin-reflect\1.5.31\1523fcd842a47da0820cea772b19c51056fec8a9\kotlin-reflect-1.5.31.jar;C:\Users\Narcano\.gradle\caches\modules-2\files-2.1\org.springframework.boot\spring-boot-starter-validation\2.5.5\5d9a4fc7abc28d797418013787dbc6ff548d0767\spring-boot-starter-validation-2.5.5.jar;C:\Users\Narcano\Documents\GitHub\SzamBiztHF\backend\backend\jni-library\build\classes\java\main;C:\Users\Narcano\.gradle\caches\modules-2\files-2.1\org.springframework.boot\spring-boot-starter-aop\2.5.5\25b36a03046a5262089d1167e29086a62afd2e9f\spring-boot-starter-aop-2.5.5.jar;C:\Users\Narcano\.gradle\caches\modules-2\files-2.1\org.springframework.boot\spring-boot-starter-jdbc\
Launcher Type: SUN_STANDARD

[Global flags]
     intx CICompilerCount                          = 4                                         {product} {ergonomic}
     uint ConcGCThreads                            = 3                                         {product} {ergonomic}
     uint G1ConcRefinementThreads                  = 10                                        {product} {ergonomic}
   size_t G1HeapRegionSize                         = 2097152                                   {product} {ergonomic}
    uintx GCDrainStackTargetSize                   = 64                                        {product} {ergonomic}
   size_t InitialHeapSize                          = 268435456                                 {product} {ergonomic}
     bool ManagementServer                         = true                                      {product} {command line}
   size_t MarkStackSize                            = 4194304                                   {product} {ergonomic}
   size_t MaxHeapSize                              = 4280287232                                {product} {ergonomic}
   size_t MaxNewSize                               = 2566914048                                {product} {ergonomic}
   size_t MinHeapDeltaBytes                        = 2097152                                   {product} {ergonomic}
   size_t MinHeapSize                              = 8388608                                   {product} {ergonomic}
    uintx NonProfiledCodeHeapSize                  = 0                                      {pd product} {ergonomic}
     bool ProfileInterpreter                       = false                                  {pd product} {command line}
    uintx ProfiledCodeHeapSize                     = 0                                      {pd product} {ergonomic}
   size_t SoftMaxHeapSize                          = 4280287232                             {manageable} {ergonomic}
     intx TieredStopAtLevel                        = 1                                         {product} {command line}
     bool UseCompressedClassPointers               = true                           {product lp64_product} {ergonomic}
     bool UseCompressedOops                        = true                           {product lp64_product} {ergonomic}
     bool UseG1GC                                  = true                                      {product} {ergonomic}
     bool UseLargePagesIndividualAllocation        = false                                  {pd product} {ergonomic}

Logging:
Log output configuration:
 #0: stdout all=warning uptime,level,tags
 #1: stderr all=off uptime,level,tags

Environment Variables:
JAVA_HOME=C:\Program Files\Eclipse Adoptium\jdk-17.0.1.12-hotspot\
PATH=C:\Program Files\Eclipse Adoptium\jdk-17.0.1.12-hotspot\bin;C:\Program Files\Oculus\Support\oculus-runtime;C:\Program Files\Common Files\Oracle\Java\javapath;C:\Program Files (x86)\Common Files\Oracle\Java\javapath;C:\Windows\system32;C:\Windows;C:\Windows\System32\Wbem;C:\Windows\System32\WindowsPowerShell\v1.0\;C:\Windows\System32\OpenSSH\;C:\Program Files\NVIDIA Corporation\NVIDIA NvDLISR;C:\Program Files\Microsoft SQL Server\130\Tools\Binn\;C:\Users\Narcano\AppData\Local\Microsoft\WindowsApps;C:\Program Files (x86)\Nmap;C:\Users\Narcano\.dotnet\tools;C:\Users\Narcano\AppData\Local\Programs\Microsoft VS Code\bin;C:\Python27;C:\Python27\Scripts;C:\Users\Narcano\AppData\Local\CIRCLE;C:\cygwin64\bin;C:\Program Files\Calibre2\;C:\Program Files\nodejs\;C:\Program Files\nodejs;C:\Program Files (x86)\NVIDIA Corporation\PhysX\Common;C:\Program Files (x86)\Windows Kits\10\Windows Performance Toolkit\;C:\Program Files\Graphviz\bin;C:\Program Files\Java\jdk-16.0.1\bin;C:\Users\Narcano\Music;C:\WINDOWS\system32;C:\WINDOWS;C:\WINDOWS\System32\Wbem;C:\WINDOWS\System32\WindowsPowerShell\v1.0\;C:\WINDOWS\System32\OpenSSH\;D:\Program Files\MATLAB\R2021b\bin;C:\Program Files\MiKTeX\miktex\bin\x64\;C:\Program Files\Git\cmd;C:\WINDOWS\system32;C:\WINDOWS;C:\WINDOWS\System32\Wbem;C:\WINDOWS\System32\WindowsPowerShell\v1.0\;C:\WINDOWS\System32\OpenSSH\;C:\Users\Narcano\anaconda3;C:\Users\Narcano\anaconda3\Library\mingw-w64\bin;C:\Users\Narcano\anaconda3\Library\usr\bin;C:\Users\Narcano\anaconda3\Library\bin;C:\Users\Narcano\anaconda3\Scripts;C:\Users\Narcano\AppData\Local\Microsoft\WindowsApps;C:\Program Files (x86)\Nmap;C:\Users\Narcano\.dotnet\tools;C:\Users\Narcano\AppData\Local\Programs\Microsoft VS Code\bin;C:\Program Files (x86)\uppaal-4.1.24\bin-Windows;C:\Program Files\JetBrains\PyCharm 2021.1\bin;C:\Users\Narcano\AppData\Roaming\npm;C:\Program Files\nodejs;C:\Users\Narcano\AppData\Local\atom\bin;C:\Users\Narcano\AppData\Local\GitHubDesktop\bin;C:\Users\Narcano\AppData\Local
USERNAME=Narcano
OS=Windows_NT
PROCESSOR_IDENTIFIER=AMD64 Family 23 Model 113 Stepping 0, AuthenticAMD



---------------  S Y S T E M  ---------------

OS:
 Windows 10 , 64 bit Build 22000 (10.0.22000.318)
OS uptime: 2 days 17:50 hours
Hyper-V role detected

CPU: total 12 (initial active 12) (12 cores per cpu, 2 threads per core) family 23 model 113 stepping 0 microcode 0x0, cx8, cmov, fxsr, ht, mmx, 3dnowpref, sse, sse2, sse3, ssse3, sse4a, sse4.1, sse4.2, popcnt, lzcnt, tsc, tscinvbit, avx, avx2, aes, clmul, bmi1, bmi2, adx, sha, fma, vzeroupper, clflush, clflushopt, hv

Memory: 4k page, system-wide physical 16320M (1185M free)
TotalPageFile size 24795M (AvailPageFile size 3854M)
current process WorkingSet (physical memory assigned to process): 284M, peak: 284M
current process commit charge ("private bytes"): 334M, peak: 386M

vm_info: OpenJDK 64-Bit Server VM (17.0.1+12) for windows-amd64 JRE (17.0.1+12), built on Oct 20 2021 07:42:55 by "" with MS VC++ 16.7 (VS2019)

END.
