#
# A fatal error has been detected by the Java Runtime Environment:
#
#  EXCEPTION_UNCAUGHT_CXX_EXCEPTION (0xe06d7363) at pc=0x00007fff83874f69, pid=12816, tid=9644
#
# JRE version: OpenJDK Runtime Environment (17.0+35) (build 17+35-2724)
# Java VM: OpenJDK 64-Bit Server VM (17+35-2724, mixed mode, sharing, tiered, compressed oops, compressed class ptrs, g1 gc, windows-amd64)
# Problematic frame:
# C  [KERNELBASE.dll+0x34f69]
#
# No core dump will be written. Minidumps are not enabled by default on client versions of Windows
#
# If you would like to submit a bug report, please visit:
#   https://bugreport.java.com/bugreport/crash.jsp
# The crash happened outside the Java Virtual Machine in native code.
# See problematic frame for where to report the bug.
#

---------------  S U M M A R Y ------------

Command Line: -Djava.library.path=e:\SzamBiztHF\backend\backend\jni-library\build\libs\main -javaagent:E:\IntelliJ IDEA Community Edition 2020.3.2\lib\idea_rt.jar=53302:E:\IntelliJ IDEA Community Edition 2020.3.2\bin -Dfile.encoding=UTF-8 com.backend.backend.BackendApplication

Host: Intel(R) Core(TM) i5-4590 CPU @ 3.30GHz, 4 cores, 15G,  Windows 10 , 64 bit Build 19041 (10.0.19041.1348)
Time: Sun Nov 28 11:11:47 2021 Central Europe Standard Time elapsed time: 15.402620 seconds (0d 0h 0m 15s)

---------------  T H R E A D  ---------------

Current thread (0x000002462fd099f0):  JavaThread "http-nio-8080-exec-3" daemon [_thread_in_native, id=9644, stack(0x000000608fe00000,0x000000608ff00000)]

Stack: [0x000000608fe00000,0x000000608ff00000],  sp=0x000000608fefacf0,  free space=1003k
Native frames: (J=compiled Java code, j=interpreted, Vv=VM code, C=native code)
C  [KERNELBASE.dll+0x34f69]
C  [jni-library.dll+0xf8f0]

Java frames: (J=compiled Java code, j=interpreted, Vv=VM code)
j  com.narcano.jni.CaffParser.CallParser(Ljava/lang/String;)[Lcom/narcano/jni/CIFF;+0
j  com.backend.backend.Controller.CaffController.getAllCaff()Lorg/springframework/http/ResponseEntity;+39
j  com.backend.backend.Controller.CaffController$$FastClassBySpringCGLIB$$5be4e08b.invoke(ILjava/lang/Object;[Ljava/lang/Object;)Ljava/lang/Object;+118
j  org.springframework.cglib.proxy.MethodProxy.invoke(Ljava/lang/Object;[Ljava/lang/Object;)Ljava/lang/Object;+19
j  org.springframework.aop.framework.CglibAopProxy$CglibMethodInvocation.invokeJoinpoint()Ljava/lang/Object;+19
j  org.springframework.aop.framework.ReflectiveMethodInvocation.proceed()Ljava/lang/Object;+19
j  org.springframework.aop.framework.CglibAopProxy$CglibMethodInvocation.proceed()Ljava/lang/Object;+1
j  org.springframework.security.access.intercept.aopalliance.MethodSecurityInterceptor.invoke(Lorg/aopalliance/intercept/MethodInvocation;)Ljava/lang/Object;+7
j  org.springframework.aop.framework.ReflectiveMethodInvocation.proceed()Ljava/lang/Object;+120
j  org.springframework.aop.framework.CglibAopProxy$CglibMethodInvocation.proceed()Ljava/lang/Object;+1
j  org.springframework.aop.framework.CglibAopProxy$DynamicAdvisedInterceptor.intercept(Ljava/lang/Object;Ljava/lang/reflect/Method;[Ljava/lang/Object;Lorg/springframework/cglib/proxy/MethodProxy;)Ljava/lang/Object;+133
j  com.backend.backend.Controller.CaffController$$EnhancerBySpringCGLIB$$9e5505ff.getAllCaff()Lorg/springframework/http/ResponseEntity;+31
v  ~StubRoutines::call_stub
J 2822  jdk.internal.reflect.NativeMethodAccessorImpl.invoke0(Ljava/lang/reflect/Method;Ljava/lang/Object;[Ljava/lang/Object;)Ljava/lang/Object; java.base@17 (0 bytes) @ 0x0000024615bda427 [0x0000024615bda3a0+0x0000000000000087]
J 2821 c1 jdk.internal.reflect.NativeMethodAccessorImpl.invoke(Ljava/lang/Object;[Ljava/lang/Object;)Ljava/lang/Object; java.base@17 (137 bytes) @ 0x000002460eb12d6c [0x000002460eb12360+0x0000000000000a0c]
J 4743 c2 jdk.internal.reflect.DelegatingMethodAccessorImpl.invoke(Ljava/lang/Object;[Ljava/lang/Object;)Ljava/lang/Object; java.base@17 (10 bytes) @ 0x0000024615c3fcc8 [0x0000024615c3fc80+0x0000000000000048]
J 2438 c1 java.lang.reflect.Method.invoke(Ljava/lang/Object;[Ljava/lang/Object;)Ljava/lang/Object; java.base@17 (65 bytes) @ 0x000002460ea0f644 [0x000002460ea0f300+0x0000000000000344]
j  org.springframework.web.method.support.InvocableHandlerMethod.doInvoke([Ljava/lang/Object;)Ljava/lang/Object;+28
j  org.springframework.web.method.support.InvocableHandlerMethod.invokeForRequest(Lorg/springframework/web/context/request/NativeWebRequest;Lorg/springframework/web/method/support/ModelAndViewContainer;[Ljava/lang/Object;)Ljava/lang/Object;+54
j  org.springframework.web.servlet.mvc.method.annotation.ServletInvocableHandlerMethod.invokeAndHandle(Lorg/springframework/web/context/request/ServletWebRequest;Lorg/springframework/web/method/support/ModelAndViewContainer;[Ljava/lang/Object;)V+4
j  org.springframework.web.servlet.mvc.method.annotation.RequestMappingHandlerAdapter.invokeHandlerMethod(Ljavax/servlet/http/HttpServletRequest;Ljavax/servlet/http/HttpServletResponse;Lorg/springframework/web/method/HandlerMethod;)Lorg/springframework/web/servlet/ModelAndView;+244
j  org.springframework.web.servlet.mvc.method.annotation.RequestMappingHandlerAdapter.handleInternal(Ljavax/servlet/http/HttpServletRequest;Ljavax/servlet/http/HttpServletResponse;Lorg/springframework/web/method/HandlerMethod;)Lorg/springframework/web/servlet/ModelAndView;+81
j  org.springframework.web.servlet.mvc.method.AbstractHandlerMethodAdapter.handle(Ljavax/servlet/http/HttpServletRequest;Ljavax/servlet/http/HttpServletResponse;Ljava/lang/Object;)Lorg/springframework/web/servlet/ModelAndView;+7
j  org.springframework.web.servlet.DispatcherServlet.doDispatch(Ljavax/servlet/http/HttpServletRequest;Ljavax/servlet/http/HttpServletResponse;)V+259
j  org.springframework.web.servlet.DispatcherServlet.doService(Ljavax/servlet/http/HttpServletRequest;Ljavax/servlet/http/HttpServletResponse;)V+241
j  org.springframework.web.servlet.FrameworkServlet.processRequest(Ljavax/servlet/http/HttpServletRequest;Ljavax/servlet/http/HttpServletResponse;)V+71
j  org.springframework.web.servlet.FrameworkServlet.doGet(Ljavax/servlet/http/HttpServletRequest;Ljavax/servlet/http/HttpServletResponse;)V+3
j  javax.servlet.http.HttpServlet.service(Ljavax/servlet/http/HttpServletRequest;Ljavax/servlet/http/HttpServletResponse;)V+35
j  org.springframework.web.servlet.FrameworkServlet.service(Ljavax/servlet/http/HttpServletRequest;Ljavax/servlet/http/HttpServletResponse;)V+33
j  javax.servlet.http.HttpServlet.service(Ljavax/servlet/ServletRequest;Ljavax/servlet/ServletResponse;)V+36
j  org.apache.catalina.core.ApplicationFilterChain.internalDoFilter(Ljavax/servlet/ServletRequest;Ljavax/servlet/ServletResponse;)V+304
j  org.apache.catalina.core.ApplicationFilterChain.doFilter(Ljavax/servlet/ServletRequest;Ljavax/servlet/ServletResponse;)V+99
j  org.apache.tomcat.websocket.server.WsFilter.doFilter(Ljavax/servlet/ServletRequest;Ljavax/servlet/ServletResponse;Ljavax/servlet/FilterChain;)V+21
j  org.apache.catalina.core.ApplicationFilterChain.internalDoFilter(Ljavax/servlet/ServletRequest;Ljavax/servlet/ServletResponse;)V+135
j  org.apache.catalina.core.ApplicationFilterChain.doFilter(Ljavax/servlet/ServletRequest;Ljavax/servlet/ServletResponse;)V+99
j  org.springframework.web.filter.OncePerRequestFilter.doFilter(Ljavax/servlet/ServletRequest;Ljavax/servlet/ServletResponse;Ljavax/servlet/FilterChain;)V+122
j  org.apache.catalina.core.ApplicationFilterChain.internalDoFilter(Ljavax/servlet/ServletRequest;Ljavax/servlet/ServletResponse;)V+135
j  org.apache.catalina.core.ApplicationFilterChain.doFilter(Ljavax/servlet/ServletRequest;Ljavax/servlet/ServletResponse;)V+99
j  org.springframework.security.web.FilterChainProxy$VirtualFilterChain.doFilter(Ljavax/servlet/ServletRequest;Ljavax/servlet/ServletResponse;)V+52
j  org.springframework.security.web.access.intercept.FilterSecurityInterceptor.invoke(Lorg/springframework/security/web/FilterInvocation;)V+79
j  org.springframework.security.web.access.intercept.FilterSecurityInterceptor.doFilter(Ljavax/servlet/ServletRequest;Ljavax/servlet/ServletResponse;Ljavax/servlet/FilterChain;)V+11
j  org.springframework.security.web.FilterChainProxy$VirtualFilterChain.doFilter(Ljavax/servlet/ServletRequest;Ljavax/servlet/ServletResponse;)V+136
j  org.springframework.security.web.access.ExceptionTranslationFilter.doFilter(Ljavax/servlet/http/HttpServletRequest;Ljavax/servlet/http/HttpServletResponse;Ljavax/servlet/FilterChain;)V+3
j  org.springframework.security.web.access.ExceptionTranslationFilter.doFilter(Ljavax/servlet/ServletRequest;Ljavax/servlet/ServletResponse;Ljavax/servlet/FilterChain;)V+10
j  org.springframework.security.web.FilterChainProxy$VirtualFilterChain.doFilter(Ljavax/servlet/ServletRequest;Ljavax/servlet/ServletResponse;)V+136
j  org.springframework.security.web.session.SessionManagementFilter.doFilter(Ljavax/servlet/http/HttpServletRequest;Ljavax/servlet/http/HttpServletResponse;Ljavax/servlet/FilterChain;)V+210
j  org.springframework.security.web.session.SessionManagementFilter.doFilter(Ljavax/servlet/ServletRequest;Ljavax/servlet/ServletResponse;Ljavax/servlet/FilterChain;)V+10
j  org.springframework.security.web.FilterChainProxy$VirtualFilterChain.doFilter(Ljavax/servlet/ServletRequest;Ljavax/servlet/ServletResponse;)V+136
j  org.springframework.security.web.authentication.AnonymousAuthenticationFilter.doFilter(Ljavax/servlet/ServletRequest;Ljavax/servlet/ServletResponse;Ljavax/servlet/FilterChain;)V+105
j  org.springframework.security.web.FilterChainProxy$VirtualFilterChain.doFilter(Ljavax/servlet/ServletRequest;Ljavax/servlet/ServletResponse;)V+136
j  org.springframework.security.web.servletapi.SecurityContextHolderAwareRequestFilter.doFilter(Ljavax/servlet/ServletRequest;Ljavax/servlet/ServletResponse;Ljavax/servlet/FilterChain;)V+19
j  org.springframework.security.web.FilterChainProxy$VirtualFilterChain.doFilter(Ljavax/servlet/ServletRequest;Ljavax/servlet/ServletResponse;)V+136
j  org.springframework.security.web.savedrequest.RequestCacheAwareFilter.doFilter(Ljavax/servlet/ServletRequest;Ljavax/servlet/ServletResponse;Ljavax/servlet/FilterChain;)V+32
j  org.springframework.security.web.FilterChainProxy$VirtualFilterChain.doFilter(Ljavax/servlet/ServletRequest;Ljavax/servlet/ServletResponse;)V+136
j  com.backend.backend.Security.Auth.AuthTokenFilter.doFilterInternal(Ljavax/servlet/http/HttpServletRequest;Ljavax/servlet/http/HttpServletResponse;Ljavax/servlet/FilterChain;)V+111
j  org.springframework.web.filter.OncePerRequestFilter.doFilter(Ljavax/servlet/ServletRequest;Ljavax/servlet/ServletResponse;Ljavax/servlet/FilterChain;)V+147
j  org.springframework.security.web.FilterChainProxy$VirtualFilterChain.doFilter(Ljavax/servlet/ServletRequest;Ljavax/servlet/ServletResponse;)V+136
j  org.springframework.security.web.authentication.logout.LogoutFilter.doFilter(Ljavax/servlet/http/HttpServletRequest;Ljavax/servlet/http/HttpServletResponse;Ljavax/servlet/FilterChain;)V+77
j  org.springframework.security.web.authentication.logout.LogoutFilter.doFilter(Ljavax/servlet/ServletRequest;Ljavax/servlet/ServletResponse;Ljavax/servlet/FilterChain;)V+10
j  org.springframework.security.web.FilterChainProxy$VirtualFilterChain.doFilter(Ljavax/servlet/ServletRequest;Ljavax/servlet/ServletResponse;)V+136
j  org.springframework.web.filter.CorsFilter.doFilterInternal(Ljavax/servlet/http/HttpServletRequest;Ljavax/servlet/http/HttpServletResponse;Ljavax/servlet/FilterChain;)V+43
j  org.springframework.web.filter.OncePerRequestFilter.doFilter(Ljavax/servlet/ServletRequest;Ljavax/servlet/ServletResponse;Ljavax/servlet/FilterChain;)V+147
j  org.springframework.security.web.FilterChainProxy$VirtualFilterChain.doFilter(Ljavax/servlet/ServletRequest;Ljavax/servlet/ServletResponse;)V+136
j  org.springframework.security.web.header.HeaderWriterFilter.doHeadersAfter(Ljavax/servlet/http/HttpServletRequest;Ljavax/servlet/http/HttpServletResponse;Ljavax/servlet/FilterChain;)V+29
j  org.springframework.security.web.header.HeaderWriterFilter.doFilterInternal(Ljavax/servlet/http/HttpServletRequest;Ljavax/servlet/http/HttpServletResponse;Ljavax/servlet/FilterChain;)V+21
j  org.springframework.web.filter.OncePerRequestFilter.doFilter(Ljavax/servlet/ServletRequest;Ljavax/servlet/ServletResponse;Ljavax/servlet/FilterChain;)V+147
j  org.springframework.security.web.FilterChainProxy$VirtualFilterChain.doFilter(Ljavax/servlet/ServletRequest;Ljavax/servlet/ServletResponse;)V+136
j  org.springframework.security.web.context.SecurityContextPersistenceFilter.doFilter(Ljavax/servlet/http/HttpServletRequest;Ljavax/servlet/http/HttpServletResponse;Ljavax/servlet/FilterChain;)V+181
j  org.springframework.security.web.context.SecurityContextPersistenceFilter.doFilter(Ljavax/servlet/ServletRequest;Ljavax/servlet/ServletResponse;Ljavax/servlet/FilterChain;)V+10
j  org.springframework.security.web.FilterChainProxy$VirtualFilterChain.doFilter(Ljavax/servlet/ServletRequest;Ljavax/servlet/ServletResponse;)V+136
j  org.springframework.security.web.context.request.async.WebAsyncManagerIntegrationFilter.doFilterInternal(Ljavax/servlet/http/HttpServletRequest;Ljavax/servlet/http/HttpServletResponse;Ljavax/servlet/FilterChain;)V+42
j  org.springframework.web.filter.OncePerRequestFilter.doFilter(Ljavax/servlet/ServletRequest;Ljavax/servlet/ServletResponse;Ljavax/servlet/FilterChain;)V+147
j  org.springframework.security.web.FilterChainProxy$VirtualFilterChain.doFilter(Ljavax/servlet/ServletRequest;Ljavax/servlet/ServletResponse;)V+136
j  org.springframework.security.web.FilterChainProxy.doFilterInternal(Ljavax/servlet/ServletRequest;Ljavax/servlet/ServletResponse;Ljavax/servlet/FilterChain;)V+148
j  org.springframework.security.web.FilterChainProxy.doFilter(Ljavax/servlet/ServletRequest;Ljavax/servlet/ServletResponse;Ljavax/servlet/FilterChain;)V+48
j  org.springframework.web.filter.DelegatingFilterProxy.invokeDelegate(Ljavax/servlet/Filter;Ljavax/servlet/ServletRequest;Ljavax/servlet/ServletResponse;Ljavax/servlet/FilterChain;)V+5
j  org.springframework.web.filter.DelegatingFilterProxy.doFilter(Ljavax/servlet/ServletRequest;Ljavax/servlet/ServletResponse;Ljavax/servlet/FilterChain;)V+85
j  org.apache.catalina.core.ApplicationFilterChain.internalDoFilter(Ljavax/servlet/ServletRequest;Ljavax/servlet/ServletResponse;)V+135
j  org.apache.catalina.core.ApplicationFilterChain.doFilter(Ljavax/servlet/ServletRequest;Ljavax/servlet/ServletResponse;)V+99
j  org.springframework.web.filter.RequestContextFilter.doFilterInternal(Ljavax/servlet/http/HttpServletRequest;Ljavax/servlet/http/HttpServletResponse;Ljavax/servlet/FilterChain;)V+21
j  org.springframework.web.filter.OncePerRequestFilter.doFilter(Ljavax/servlet/ServletRequest;Ljavax/servlet/ServletResponse;Ljavax/servlet/FilterChain;)V+147
j  org.apache.catalina.core.ApplicationFilterChain.internalDoFilter(Ljavax/servlet/ServletRequest;Ljavax/servlet/ServletResponse;)V+135
j  org.apache.catalina.core.ApplicationFilterChain.doFilter(Ljavax/servlet/ServletRequest;Ljavax/servlet/ServletResponse;)V+99
j  org.springframework.web.filter.FormContentFilter.doFilterInternal(Ljavax/servlet/http/HttpServletRequest;Ljavax/servlet/http/HttpServletResponse;Ljavax/servlet/FilterChain;)V+38
j  org.springframework.web.filter.OncePerRequestFilter.doFilter(Ljavax/servlet/ServletRequest;Ljavax/servlet/ServletResponse;Ljavax/servlet/FilterChain;)V+147
j  org.apache.catalina.core.ApplicationFilterChain.internalDoFilter(Ljavax/servlet/ServletRequest;Ljavax/servlet/ServletResponse;)V+135
j  org.apache.catalina.core.ApplicationFilterChain.doFilter(Ljavax/servlet/ServletRequest;Ljavax/servlet/ServletResponse;)V+99
j  org.springframework.web.filter.CharacterEncodingFilter.doFilterInternal(Ljavax/servlet/http/HttpServletRequest;Ljavax/servlet/http/HttpServletResponse;Ljavax/servlet/FilterChain;)V+53
j  org.springframework.web.filter.OncePerRequestFilter.doFilter(Ljavax/servlet/ServletRequest;Ljavax/servlet/ServletResponse;Ljavax/servlet/FilterChain;)V+147
j  org.apache.catalina.core.ApplicationFilterChain.internalDoFilter(Ljavax/servlet/ServletRequest;Ljavax/servlet/ServletResponse;)V+135
j  org.apache.catalina.core.ApplicationFilterChain.doFilter(Ljavax/servlet/ServletRequest;Ljavax/servlet/ServletResponse;)V+99
j  org.apache.catalina.core.StandardWrapperValve.invoke(Lorg/apache/catalina/connector/Request;Lorg/apache/catalina/connector/Response;)V+694
j  org.apache.catalina.core.StandardContextValve.invoke(Lorg/apache/catalina/connector/Request;Lorg/apache/catalina/connector/Response;)V+169
j  org.apache.catalina.authenticator.AuthenticatorBase.invoke(Lorg/apache/catalina/connector/Request;Lorg/apache/catalina/connector/Response;)V+260
j  org.apache.catalina.core.StandardHostValve.invoke(Lorg/apache/catalina/connector/Request;Lorg/apache/catalina/connector/Response;)V+128
j  org.apache.catalina.valves.ErrorReportValve.invoke(Lorg/apache/catalina/connector/Request;Lorg/apache/catalina/connector/Response;)V+6
j  org.apache.catalina.core.StandardEngineValve.invoke(Lorg/apache/catalina/connector/Request;Lorg/apache/catalina/connector/Response;)V+59
j  org.apache.catalina.connector.CoyoteAdapter.service(Lorg/apache/coyote/Request;Lorg/apache/coyote/Response;)V+199
j  org.apache.coyote.http11.Http11Processor.service(Lorg/apache/tomcat/util/net/SocketWrapperBase;)Lorg/apache/tomcat/util/net/AbstractEndpoint$Handler$SocketState;+737
j  org.apache.coyote.AbstractProcessorLight.process(Lorg/apache/tomcat/util/net/SocketWrapperBase;Lorg/apache/tomcat/util/net/SocketEvent;)Lorg/apache/tomcat/util/net/AbstractEndpoint$Handler$SocketState;+170
j  org.apache.coyote.AbstractProtocol$ConnectionHandler.process(Lorg/apache/tomcat/util/net/SocketWrapperBase;Lorg/apache/tomcat/util/net/SocketEvent;)Lorg/apache/tomcat/util/net/AbstractEndpoint$Handler$SocketState;+505
j  org.apache.tomcat.util.net.NioEndpoint$SocketProcessor.doRun()V+216
j  org.apache.tomcat.util.net.SocketProcessorBase.run()V+21
j  org.apache.tomcat.util.threads.ThreadPoolExecutor.runWorker(Lorg/apache/tomcat/util/threads/ThreadPoolExecutor$Worker;)V+92
j  org.apache.tomcat.util.threads.ThreadPoolExecutor$Worker.run()V+5
j  org.apache.tomcat.util.threads.TaskThread$WrappingRunnable.run()V+4
j  java.lang.Thread.run()V+11 java.base@17
v  ~StubRoutines::call_stub

siginfo: EXCEPTION_UNCAUGHT_CXX_EXCEPTION (0xe06d7363), ExceptionInformation=0x0000000019930520 0x000000608fefb078 0x00007fff6d881b70 0x00007fff6d840000 


Register to memory mapping:

RIP=0x00007fff83874f69 KERNELBASE.dll
RAX=0x0 is NULL
RBX=0x00007fff6d881b70 jni-library.dll
RCX=0x00000060020800c8 is an unknown value
RDX=0x000000608fefa5f0 is pointing into the stack for thread: 0x000002462fd099f0
RSP=0x000000608fefacf0 is pointing into the stack for thread: 0x000002462fd099f0
RBP=0x000000608fefb4b0 is pointing into the stack for thread: 0x000002462fd099f0
RSI=0x000000608fefb078 is pointing into the stack for thread: 0x000002462fd099f0
RDI=0x0000000019930520 is an unknown value
R8 =0x0042006d0061007a is an unknown value
R9 =0x00480074007a0069 is an unknown value
R10=0x00610062005c0046 is an unknown value
R11=0x006e0065006b0063 is an unknown value
R12=0x0 is NULL
R13={method} {0x0000024633384388} 'CallParser' '(Ljava/lang/String;)[Lcom/narcano/jni/CIFF;' in 'com/narcano/jni/CaffParser'
R14=0x000000608fefb4d8 is pointing into the stack for thread: 0x000002462fd099f0
R15=0x000002462fd099f0 is a thread


Registers:
RAX=0x0000000000000000, RBX=0x00007fff6d881b70, RCX=0x00000060020800c8, RDX=0x000000608fefa5f0
RSP=0x000000608fefacf0, RBP=0x000000608fefb4b0, RSI=0x000000608fefb078, RDI=0x0000000019930520
R8 =0x0042006d0061007a, R9 =0x00480074007a0069, R10=0x00610062005c0046, R11=0x006e0065006b0063
R12=0x0000000000000000, R13=0x0000024633384380, R14=0x000000608fefb4d8, R15=0x000002462fd099f0
RIP=0x00007fff83874f69, EFLAGS=0x0000000000000202

Top of Stack: (sp=0x000000608fefacf0)
0x000000608fefacf0:   000002462fd099f0 00007fff6d881b70
0x000000608fefad00:   000000608fefb078 0000000000000000
0x000000608fefad10:   00000001e06d7363 0000000000000000
0x000000608fefad20:   00007fff83874f69 00007fff00000004
0x000000608fefad30:   0000000019930520 000000608fefb078
0x000000608fefad40:   00007fff6d881b70 00007fff6d840000
0x000000608fefad50:   0000024633384380 0000000000000000
0x000000608fefad60:   000000608fefb078 000000608fefb4b0
0x000000608fefad70:   000000608fefadf0 00007fff85d04a5f
0x000000608fefad80:   0000000019930520 00007fff00000000
0x000000608fefad90:   0000024633384380 0000000000000000
0x000000608fefada0:   00007fff6d886000 00007fff6d840000
0x000000608fefadb0:   00007a339e683984 00007fff6d841601
0x000000608fefadc0:   00007fff6d881b70 00007fff6d84f8f0
0x000000608fefadd0:   000000608fefb078 00007fff6d8707a8
0x000000608fefade0:   000000608fefae18 00007fff6d84b753 

Instructions: (pc=0x00007fff83874f69)
0x00007fff83874e69:   d8 21 00 00 41 0f 44 c0 89 43 24 8b 41 18 89 43
0x00007fff83874e79:   28 65 48 8b 04 25 60 00 00 00 48 8b 48 20 39 79
0x00007fff83874e89:   08 7c 36 41 b9 40 00 00 00 48 89 7c 24 20 4c 8d
0x00007fff83874e99:   44 24 30 48 83 c9 ff 41 8d 51 e5 48 ff 15 6d 9d
0x00007fff83874ea9:   18 00 0f 1f 44 00 00 85 c0 0f 88 7f ef 06 00 81
0x00007fff83874eb9:   7c 24 54 33 00 03 00 72 0f 48 8b 9c 24 80 00 00
0x00007fff83874ec9:   00 48 83 c4 70 5f c3 cc 89 7b 2c eb ec cc cc cc
0x00007fff83874ed9:   cc cc cc cc cc cc cc 65 48 8b 04 25 30 00 00 00
0x00007fff83874ee9:   8b 40 68 c3 cc cc cc cc cc cc cc cc cc cc cc cc
0x00007fff83874ef9:   cc cc cc cc cc cc cc 48 81 ec d8 00 00 00 48 8b
0x00007fff83874f09:   05 62 5f 25 00 48 33 c4 48 89 84 24 c0 00 00 00
0x00007fff83874f19:   48 83 64 24 28 00 48 8d 05 da ff ff ff 83 e2 01
0x00007fff83874f29:   89 4c 24 20 89 54 24 24 48 89 44 24 30 4d 85 c9
0x00007fff83874f39:   74 4c b8 0f 00 00 00 48 8d 4c 24 40 44 3b c0 49
0x00007fff83874f49:   8b d1 44 0f 47 c0 44 89 44 24 38 49 c1 e0 03 e8
0x00007fff83874f59:   1a d5 05 00 48 8d 4c 24 20 48 ff 15 8f 9d 18 00
0x00007fff83874f69:   0f 1f 44 00 00 48 8b 8c 24 c0 00 00 00 48 33 cc
0x00007fff83874f79:   e8 52 97 05 00 48 81 c4 d8 00 00 00 c3 cc 83 64
0x00007fff83874f89:   24 38 00 eb cf cc cc cc cc cc cc cc cc cc cc cc
0x00007fff83874f99:   cc cc cc cc cc cc cc 40 53 48 83 ec 30 48 8b d1
0x00007fff83874fa9:   48 8d 4c 24 20 e8 e5 cc ff ff 85 c0 74 26 48 8b
0x00007fff83874fb9:   4c 24 28 e8 8f 6f ff ff 48 8d 4c 24 20 8b d8 48
0x00007fff83874fc9:   ff 15 81 95 18 00 0f 1f 44 00 00 8b c3 48 83 c4
0x00007fff83874fd9:   30 5b c3 cc 83 c8 ff eb f4 cc cc cc cc cc cc cc
0x00007fff83874fe9:   cc cc cc cc cc cc cc 48 8b c4 48 89 58 10 48 89
0x00007fff83874ff9:   70 18 57 48 83 ec 60 0f 57 c0 0f 11 40 b8 48 8d
0x00007fff83875009:   35 a2 f5 18 00 33 db 48 85 c9 48 0f 45 f1 48 8b
0x00007fff83875019:   d6 48 8d 48 c8 48 ff 15 b3 9b 18 00 0f 1f 44 00
0x00007fff83875029:   00 8b f8 89 44 24 70 85 c0 78 1f 41 b0 01 48 8d
0x00007fff83875039:   54 24 30 48 8d 4c 24 20 48 ff 15 30 95 18 00 0f
0x00007fff83875049:   1f 44 00 00 8b f8 89 44 24 70 85 ff 0f 88 e9 ed
0x00007fff83875059:   06 00 48 83 c8 ff 48 8b c8 48 ff c1 66 39 1c 4e 


Stack slot to memory mapping:
stack at sp + 0 slots: 0x000002462fd099f0 is a thread
stack at sp + 1 slots: 0x00007fff6d881b70 jni-library.dll
stack at sp + 2 slots: 0x000000608fefb078 is pointing into the stack for thread: 0x000002462fd099f0
stack at sp + 3 slots: 0x0 is NULL
stack at sp + 4 slots: 0x00000001e06d7363 is an unknown value
stack at sp + 5 slots: 0x0 is NULL
stack at sp + 6 slots: 0x00007fff83874f69 KERNELBASE.dll
stack at sp + 7 slots: 0x00007fff00000004 is an unknown value


---------------  P R O C E S S  ---------------

Threads class SMR info:
_java_thread_list=0x0000024630003010, length=24, elements={
0x0000024628c40040, 0x0000024628c40eb0, 0x0000024628c57660, 0x0000024628c58120,
0x0000024628c5aae0, 0x0000024628c5b490, 0x0000024628c5c170, 0x00000246298380c0,
0x0000024628c8e8b0, 0x00000246298cf760, 0x0000024629a9e0d0, 0x0000024629a5b5b0,
0x000002462d19f120, 0x0000024629deba30, 0x000002462c9e5040, 0x000002462f41dc70,
0x000002462fd0ad30, 0x000002462fd09050, 0x000002462fd09520, 0x000002462fd0b6d0,
0x000002462fd0ca10, 0x000002462fd0a860, 0x000002462fd0c070, 0x000002462fd099f0
}

Java Threads: ( => current thread )
  0x0000024628c40040 JavaThread "Reference Handler" daemon [_thread_blocked, id=2924, stack(0x000000608eb00000,0x000000608ec00000)]
  0x0000024628c40eb0 JavaThread "Finalizer" daemon [_thread_blocked, id=720, stack(0x000000608ec00000,0x000000608ed00000)]
  0x0000024628c57660 JavaThread "Signal Dispatcher" daemon [_thread_blocked, id=14420, stack(0x000000608ed00000,0x000000608ee00000)]
  0x0000024628c58120 JavaThread "Attach Listener" daemon [_thread_blocked, id=15016, stack(0x000000608ee00000,0x000000608ef00000)]
  0x0000024628c5aae0 JavaThread "Service Thread" daemon [_thread_blocked, id=16528, stack(0x000000608ef00000,0x000000608f000000)]
  0x0000024628c5b490 JavaThread "Monitor Deflation Thread" daemon [_thread_blocked, id=8656, stack(0x000000608f000000,0x000000608f100000)]
  0x0000024628c5c170 JavaThread "C2 CompilerThread0" daemon [_thread_blocked, id=16412, stack(0x000000608f100000,0x000000608f200000)]
  0x00000246298380c0 JavaThread "C1 CompilerThread0" daemon [_thread_blocked, id=15220, stack(0x000000608f200000,0x000000608f300000)]
  0x0000024628c8e8b0 JavaThread "Sweeper thread" daemon [_thread_blocked, id=15348, stack(0x000000608f300000,0x000000608f400000)]
  0x00000246298cf760 JavaThread "Common-Cleaner" daemon [_thread_blocked, id=4092, stack(0x000000608f400000,0x000000608f500000)]
  0x0000024629a9e0d0 JavaThread "Monitor Ctrl-Break" daemon [_thread_in_native, id=9608, stack(0x000000608f500000,0x000000608f600000)]
  0x0000024629a5b5b0 JavaThread "Notification Thread" daemon [_thread_blocked, id=18324, stack(0x000000608f600000,0x000000608f700000)]
  0x000002462d19f120 JavaThread "HikariPool-1 housekeeper" daemon [_thread_blocked, id=15280, stack(0x000000608ff00000,0x0000006090000000)]
  0x0000024629deba30 JavaThread "Catalina-utility-1" [_thread_blocked, id=17620, stack(0x0000006090100000,0x0000006090200000)]
  0x000002462c9e5040 JavaThread "Catalina-utility-2" [_thread_blocked, id=18116, stack(0x0000006090200000,0x0000006090300000)]
  0x000002462f41dc70 JavaThread "container-0" [_thread_blocked, id=16676, stack(0x0000006090300000,0x0000006090400000)]
  0x000002462fd0ad30 JavaThread "File Watcher" daemon [_thread_blocked, id=18244, stack(0x0000006090400000,0x0000006090500000)]
  0x000002462fd09050 JavaThread "Live Reload Server" daemon [_thread_in_native, id=17404, stack(0x0000006090600000,0x0000006090700000)]
  0x000002462fd09520 JavaThread "http-nio-8080-Poller" daemon [_thread_in_native, id=15904, stack(0x0000006090500000,0x0000006090600000)]
  0x000002462fd0b6d0 JavaThread "http-nio-8080-Acceptor" daemon [_thread_in_native, id=11296, stack(0x0000006090700000,0x0000006090800000)]
  0x000002462fd0ca10 JavaThread "DestroyJavaVM" [_thread_blocked, id=9572, stack(0x000000608e300000,0x000000608e400000)]
  0x000002462fd0a860 JavaThread "http-nio-8080-exec-1" daemon [_thread_blocked, id=7272, stack(0x000000608f800000,0x000000608f900000)]
  0x000002462fd0c070 JavaThread "http-nio-8080-exec-2" daemon [_thread_blocked, id=1308, stack(0x000000608fd00000,0x000000608fe00000)]
=>0x000002462fd099f0 JavaThread "http-nio-8080-exec-3" daemon [_thread_in_native, id=9644, stack(0x000000608fe00000,0x000000608ff00000)]

Other Threads:
  0x0000024628c39fe0 VMThread "VM Thread" [stack: 0x000000608ea00000,0x000000608eb00000] [id=15744]
  0x0000024606846280 WatcherThread [stack: 0x000000608f700000,0x000000608f800000] [id=6148]
  0x0000024606829830 GCTaskThread "GC Thread#0" [stack: 0x000000608e500000,0x000000608e600000] [id=3176]
  0x000002462a23dbf0 GCTaskThread "GC Thread#1" [stack: 0x000000608f900000,0x000000608fa00000] [id=15256]
  0x000002462a23dea0 GCTaskThread "GC Thread#2" [stack: 0x000000608fa00000,0x000000608fb00000] [id=14356]
  0x000002462a276530 GCTaskThread "GC Thread#3" [stack: 0x000000608fb00000,0x000000608fc00000] [id=7976]
  0x000002460683a750 ConcurrentGCThread "G1 Main Marker" [stack: 0x000000608e600000,0x000000608e700000] [id=10488]
  0x000002460683c910 ConcurrentGCThread "G1 Conc#0" [stack: 0x000000608e700000,0x000000608e800000] [id=10372]
  0x000002460689e700 ConcurrentGCThread "G1 Refine#0" [stack: 0x000000608e800000,0x000000608e900000] [id=3112]
  0x000002462a457bc0 ConcurrentGCThread "G1 Refine#1" [stack: 0x000000608fc00000,0x000000608fd00000] [id=704]
  0x0000024628af6640 ConcurrentGCThread "G1 Service" [stack: 0x000000608e900000,0x000000608ea00000] [id=4188]

Threads with active compile tasks:

VM state: not at safepoint (normal execution)

VM Mutex/Monitor currently owned by a thread: None

Heap address: 0x0000000700e00000, size: 4082 MB, Compressed Oops mode: Zero based, Oop shift amount: 3

CDS archive(s) mapped at: [0x0000000800000000-0x0000000800bc0000-0x0000000800bc0000), size 12320768, SharedBaseAddress: 0x0000000800000000, ArchiveRelocationMode: 0.
Compressed class space mapped at: 0x0000000800c00000-0x0000000840c00000, reserved size: 1073741824
Narrow klass base: 0x0000000800000000, Narrow klass shift: 0, Narrow klass range: 0x100000000

GC Precious Log:
 CPUs: 4 total, 4 available
 Memory: 16322M
 Large Page Support: Disabled
 NUMA Support: Disabled
 Compressed Oops: Enabled (Zero based)
 Heap Region Size: 2M
 Heap Min Capacity: 8M
 Heap Initial Capacity: 256M
 Heap Max Capacity: 4082M
 Pre-touch: Disabled
 Parallel Workers: 4
 Concurrent Workers: 1
 Concurrent Refinement Workers: 4
 Periodic GC: Disabled

Heap:
 garbage-first heap   total 94208K, used 41934K [0x0000000700e00000, 0x0000000800000000)
  region size 2048K, 11 young (22528K), 3 survivors (6144K)
 Metaspace       used 69597K, committed 69952K, reserved 1114112K
  class space    used 9239K, committed 9408K, reserved 1048576K

Heap Regions: E=young(eden), S=young(survivor), O=old, HS=humongous(starts), HC=humongous(continues), CS=collection set, F=free, OA=open archive, CA=closed archive, TAMS=top-at-mark-start (previous, next)
|   0|0x0000000700e00000, 0x0000000701000000, 0x0000000701000000|100%| O|  |TAMS 0x0000000701000000, 0x0000000700e00000| Untracked 
|   1|0x0000000701000000, 0x0000000701200000, 0x0000000701200000|100%| O|  |TAMS 0x0000000701200000, 0x0000000701000000| Untracked 
|   2|0x0000000701200000, 0x00000007013f1e00, 0x0000000701400000| 97%| O|  |TAMS 0x00000007013f1e00, 0x0000000701200000| Untracked 
|   3|0x0000000701400000, 0x0000000701600000, 0x0000000701600000|100%| O|  |TAMS 0x0000000701560c00, 0x0000000701400000| Untracked 
|   4|0x0000000701600000, 0x0000000701800000, 0x0000000701800000|100%| O|  |TAMS 0x0000000701800000, 0x0000000701600000| Untracked 
|   5|0x0000000701800000, 0x0000000701a00000, 0x0000000701a00000|100%| O|  |TAMS 0x0000000701a00000, 0x0000000701800000| Untracked 
|   6|0x0000000701a00000, 0x0000000701c00000, 0x0000000701c00000|100%| O|  |TAMS 0x0000000701c00000, 0x0000000701a00000| Untracked 
|   7|0x0000000701c00000, 0x0000000701e00000, 0x0000000701e00000|100%| O|  |TAMS 0x0000000701e00000, 0x0000000701c00000| Untracked 
|   8|0x0000000701e00000, 0x0000000702000000, 0x0000000702000000|100%| O|  |TAMS 0x0000000702000000, 0x0000000701e00000| Untracked 
|   9|0x0000000702000000, 0x0000000702200000, 0x0000000702200000|100%| O|  |TAMS 0x0000000702200000, 0x0000000702000000| Untracked 
|  10|0x0000000702200000, 0x0000000702400000, 0x0000000702400000|100%| O|  |TAMS 0x0000000702400000, 0x0000000702200000| Untracked 
|  11|0x0000000702400000, 0x000000070255c400, 0x0000000702600000| 68%| O|  |TAMS 0x0000000702400000, 0x0000000702400000| Untracked 
|  12|0x0000000702600000, 0x0000000702600000, 0x0000000702800000|  0%| F|  |TAMS 0x0000000702600000, 0x0000000702600000| Untracked 
|  13|0x0000000702800000, 0x0000000702800000, 0x0000000702a00000|  0%| F|  |TAMS 0x0000000702800000, 0x0000000702800000| Untracked 
|  14|0x0000000702a00000, 0x0000000702a00000, 0x0000000702c00000|  0%| F|  |TAMS 0x0000000702a00000, 0x0000000702a00000| Untracked 
|  15|0x0000000702c00000, 0x0000000702c00000, 0x0000000702e00000|  0%| F|  |TAMS 0x0000000702c00000, 0x0000000702c00000| Untracked 
|  16|0x0000000702e00000, 0x0000000702e00000, 0x0000000703000000|  0%| F|  |TAMS 0x0000000702e00000, 0x0000000702e00000| Untracked 
|  17|0x0000000703000000, 0x0000000703000000, 0x0000000703200000|  0%| F|  |TAMS 0x0000000703000000, 0x0000000703000000| Untracked 
|  18|0x0000000703200000, 0x00000007033a5820, 0x0000000703400000| 82%| S|CS|TAMS 0x0000000703200000, 0x0000000703200000| Complete 
|  19|0x0000000703400000, 0x0000000703600000, 0x0000000703600000|100%| S|CS|TAMS 0x0000000703400000, 0x0000000703400000| Complete 
|  20|0x0000000703600000, 0x0000000703800000, 0x0000000703800000|100%| S|CS|TAMS 0x0000000703600000, 0x0000000703600000| Complete 
|  21|0x0000000703800000, 0x0000000703800000, 0x0000000703a00000|  0%| F|  |TAMS 0x0000000703800000, 0x0000000703800000| Untracked 
|  22|0x0000000703a00000, 0x0000000703a00000, 0x0000000703c00000|  0%| F|  |TAMS 0x0000000703a00000, 0x0000000703a00000| Untracked 
|  23|0x0000000703c00000, 0x0000000703c00000, 0x0000000703e00000|  0%| F|  |TAMS 0x0000000703c00000, 0x0000000703c00000| Untracked 
|  24|0x0000000703e00000, 0x0000000703e00000, 0x0000000704000000|  0%| F|  |TAMS 0x0000000703e00000, 0x0000000703e00000| Untracked 
|  25|0x0000000704000000, 0x0000000704000000, 0x0000000704200000|  0%| F|  |TAMS 0x0000000704000000, 0x0000000704000000| Untracked 
|  26|0x0000000704200000, 0x0000000704200000, 0x0000000704400000|  0%| F|  |TAMS 0x0000000704200000, 0x0000000704200000| Untracked 
|  27|0x0000000704400000, 0x0000000704400000, 0x0000000704600000|  0%| F|  |TAMS 0x0000000704400000, 0x0000000704400000| Untracked 
|  28|0x0000000704600000, 0x0000000704600000, 0x0000000704800000|  0%| F|  |TAMS 0x0000000704600000, 0x0000000704600000| Untracked 
|  29|0x0000000704800000, 0x0000000704800000, 0x0000000704a00000|  0%| F|  |TAMS 0x0000000704800000, 0x0000000704800000| Untracked 
|  30|0x0000000704a00000, 0x0000000704a00000, 0x0000000704c00000|  0%| F|  |TAMS 0x0000000704a00000, 0x0000000704a00000| Untracked 
|  31|0x0000000704c00000, 0x0000000704c00000, 0x0000000704e00000|  0%| F|  |TAMS 0x0000000704c00000, 0x0000000704c00000| Untracked 
|  32|0x0000000704e00000, 0x0000000704e00000, 0x0000000705000000|  0%| F|  |TAMS 0x0000000704e00000, 0x0000000704e00000| Untracked 
|  33|0x0000000705000000, 0x0000000705000000, 0x0000000705200000|  0%| F|  |TAMS 0x0000000705000000, 0x0000000705000000| Untracked 
|  34|0x0000000705200000, 0x0000000705200000, 0x0000000705400000|  0%| F|  |TAMS 0x0000000705200000, 0x0000000705200000| Untracked 
|  35|0x0000000705400000, 0x0000000705400000, 0x0000000705600000|  0%| F|  |TAMS 0x0000000705400000, 0x0000000705400000| Untracked 
|  36|0x0000000705600000, 0x0000000705600000, 0x0000000705800000|  0%| F|  |TAMS 0x0000000705600000, 0x0000000705600000| Untracked 
|  37|0x0000000705800000, 0x0000000705800000, 0x0000000705a00000|  0%| F|  |TAMS 0x0000000705800000, 0x0000000705800000| Untracked 
|  38|0x0000000705a00000, 0x0000000705ab1440, 0x0000000705c00000| 34%| E|  |TAMS 0x0000000705a00000, 0x0000000705a00000| Complete 
|  39|0x0000000705c00000, 0x0000000705e00000, 0x0000000705e00000|100%| E|CS|TAMS 0x0000000705c00000, 0x0000000705c00000| Complete 
|  40|0x0000000705e00000, 0x0000000706000000, 0x0000000706000000|100%| E|CS|TAMS 0x0000000705e00000, 0x0000000705e00000| Complete 
|  41|0x0000000706000000, 0x0000000706200000, 0x0000000706200000|100%| E|CS|TAMS 0x0000000706000000, 0x0000000706000000| Complete 
|  68|0x0000000709600000, 0x0000000709800000, 0x0000000709800000|100%| E|CS|TAMS 0x0000000709600000, 0x0000000709600000| Complete 
|  69|0x0000000709800000, 0x0000000709a00000, 0x0000000709a00000|100%| E|CS|TAMS 0x0000000709800000, 0x0000000709800000| Complete 
|  70|0x0000000709a00000, 0x0000000709c00000, 0x0000000709c00000|100%| E|  |TAMS 0x0000000709a00000, 0x0000000709a00000| Complete 
| 127|0x0000000710c00000, 0x0000000710e00000, 0x0000000710e00000|100%| E|CS|TAMS 0x0000000710c00000, 0x0000000710c00000| Complete 

Card table byte_map: [0x000002461d7c0000,0x000002461dfc0000] _byte_map_base: 0x0000024619fb9000

Marking Bits (Prev, Next): (CMBitMap*) 0x0000024606829e80, (CMBitMap*) 0x0000024606829e40
 Prev Bits: [0x0000024622790000, 0x0000024626758000)
 Next Bits: [0x000002461e7c0000, 0x0000024622788000)

Polling page: 0x0000024605fa0000

Metaspace:

Usage:
  Non-class:     58.94 MB used.
      Class:      9.02 MB used.
       Both:     67.97 MB used.

Virtual space:
  Non-class space:       64.00 MB reserved,      59.12 MB ( 92%) committed,  8 nodes.
      Class space:        1.00 GB reserved,       9.19 MB ( <1%) committed,  1 nodes.
             Both:        1.06 GB reserved,      68.31 MB (  6%) committed. 

Chunk freelists:
   Non-Class:  462.00 KB
       Class:  2.85 MB
        Both:  3.30 MB

MaxMetaspaceSize: unlimited
CompressedClassSpaceSize: 1.00 GB
Initial GC threshold: 21.00 MB
Current GC threshold: 98.75 MB
CDS: on
MetaspaceReclaimPolicy: balanced
 - commit_granule_bytes: 65536.
 - commit_granule_words: 8192.
 - virtual_space_node_default_size: 1048576.
 - enlarge_chunks_in_place: 1.
 - new_chunks_are_fully_committed: 0.
 - uncommit_free_chunks: 1.
 - use_allocation_guard: 0.
 - handle_deallocations: 1.


Internal statistics:

num_allocs_failed_limit: 9.
num_arena_births: 476.
num_arena_deaths: 0.
num_vsnodes_births: 9.
num_vsnodes_deaths: 0.
num_space_committed: 1093.
num_space_uncommitted: 0.
num_chunks_returned_to_freelist: 9.
num_chunks_taken_from_freelist: 3012.
num_chunk_merges: 9.
num_chunk_splits: 2200.
num_chunks_enlarged: 1785.
num_purges: 0.
num_inconsistent_stats: 0.

CodeHeap 'non-profiled nmethods': size=120000Kb used=3669Kb max_used=3669Kb free=116330Kb
 bounds [0x0000024615a90000, 0x0000024615e30000, 0x000002461cfc0000]
CodeHeap 'profiled nmethods': size=120000Kb used=10807Kb max_used=10807Kb free=109192Kb
 bounds [0x000002460e560000, 0x000002460eff0000, 0x0000024615a90000]
CodeHeap 'non-nmethods': size=5760Kb used=1339Kb max_used=1384Kb free=4420Kb
 bounds [0x000002460dfc0000, 0x000002460e230000, 0x000002460e560000]
 total_blobs=6373 nmethods=5702 adapters=582
 compilation: enabled
              stopped_count=0, restarted_count=0
 full_count=0

Compilation events (20 events):
Event: 15.373 Thread 0x00000246298380c0 6422       3       antlr.collections.impl.BitSet::wordNumber (5 bytes)
Event: 15.373 Thread 0x00000246298380c0 nmethod 6422 0x000002460efec110 code [0x000002460efec2a0, 0x000002460efec398]
Event: 15.373 Thread 0x00000246298380c0 6423       3       antlr.TokenQueue::elementAt (17 bytes)
Event: 15.373 Thread 0x00000246298380c0 nmethod 6423 0x000002460efec410 code [0x000002460efec5a0, 0x000002460efec6f8]
Event: 15.373 Thread 0x0000024628c5c170 nmethod 6411 0x0000024615e23790 code [0x0000024615e23900, 0x0000024615e23a78]
Event: 15.373 Thread 0x00000246298380c0 6424       1       antlr.CommonAST::setText (6 bytes)
Event: 15.373 Thread 0x00000246298380c0 nmethod 6424 0x0000024615e23b90 code [0x0000024615e23d20, 0x0000024615e23e38]
Event: 15.373 Thread 0x00000246298380c0 6425       1       antlr.CommonAST::setType (6 bytes)
Event: 15.373 Thread 0x00000246298380c0 nmethod 6425 0x0000024615e23e90 code [0x0000024615e24020, 0x0000024615e240f8]
Event: 15.379 Thread 0x00000246298380c0 6426       3       java.util.ArrayDeque::addLast (51 bytes)
Event: 15.380 Thread 0x00000246298380c0 nmethod 6426 0x000002460efec810 code [0x000002460efec9e0, 0x000002460efeceb8]
Event: 15.384 Thread 0x00000246298380c0 6427       3       org.jboss.logging.Logger::isDebugEnabled (8 bytes)
Event: 15.385 Thread 0x00000246298380c0 nmethod 6427 0x000002460e8cc010 code [0x000002460e8cc1c0, 0x000002460e8cc488]
Event: 15.385 Thread 0x00000246298380c0 6428   !   3       com.zaxxer.hikari.pool.HikariProxyResultSet::getString (18 bytes)
Event: 15.385 Thread 0x00000246298380c0 nmethod 6428 0x000002460efed090 code [0x000002460efed240, 0x000002460efed4f8]
Event: 15.385 Thread 0x00000246298380c0 6429   !   3       org.h2.jdbc.JdbcResultSet::getString (23 bytes)
Event: 15.385 Thread 0x0000024628c5c170 6431       4       org.springframework.core.ResolvableType::resolveType (151 bytes)
Event: 15.385 Thread 0x00000246298380c0 nmethod 6429 0x000002460efed690 code [0x000002460efed880, 0x000002460efedd08]
Event: 15.385 Thread 0x00000246298380c0 6430       1       org.hibernate.engine.jdbc.internal.JdbcCoordinatorImpl::getLogicalConnection (5 bytes)
Event: 15.385 Thread 0x00000246298380c0 nmethod 6430 0x0000024615e24190 code [0x0000024615e24320, 0x0000024615e243f8]

GC Heap History (20 events):
Event: 3.962 GC heap before
{Heap before GC invocations=7 (full 0):
 garbage-first heap   total 51200K, used 34823K [0x0000000700e00000, 0x0000000800000000)
  region size 2048K, 12 young (24576K), 2 survivors (4096K)
 Metaspace       used 32064K, committed 32384K, reserved 1081344K
  class space    used 4078K, committed 4224K, reserved 1048576K
}
Event: 3.968 GC heap after
{Heap after GC invocations=8 (full 0):
 garbage-first heap   total 157696K, used 16671K [0x0000000700e00000, 0x0000000800000000)
  region size 2048K, 2 young (4096K), 2 survivors (4096K)
 Metaspace       used 32064K, committed 32384K, reserved 1081344K
  class space    used 4078K, committed 4224K, reserved 1048576K
}
Event: 4.434 GC heap before
{Heap before GC invocations=8 (full 0):
 garbage-first heap   total 157696K, used 104735K [0x0000000700e00000, 0x0000000800000000)
  region size 2048K, 46 young (94208K), 2 survivors (4096K)
 Metaspace       used 34968K, committed 35264K, reserved 1081344K
  class space    used 4424K, committed 4544K, reserved 1048576K
}
Event: 4.442 GC heap after
{Heap after GC invocations=9 (full 0):
 garbage-first heap   total 157696K, used 18167K [0x0000000700e00000, 0x0000000800000000)
  region size 2048K, 3 young (6144K), 3 survivors (6144K)
 Metaspace       used 34968K, committed 35264K, reserved 1081344K
  class space    used 4424K, committed 4544K, reserved 1048576K
}
Event: 4.630 GC heap before
{Heap before GC invocations=9 (full 0):
 garbage-first heap   total 157696K, used 28407K [0x0000000700e00000, 0x0000000800000000)
  region size 2048K, 9 young (18432K), 3 survivors (6144K)
 Metaspace       used 35812K, committed 36096K, reserved 1081344K
  class space    used 4519K, committed 4672K, reserved 1048576K
}
Event: 4.637 GC heap after
{Heap after GC invocations=10 (full 0):
 garbage-first heap   total 157696K, used 18148K [0x0000000700e00000, 0x0000000800000000)
  region size 2048K, 3 young (6144K), 3 survivors (6144K)
 Metaspace       used 35812K, committed 36096K, reserved 1081344K
  class space    used 4519K, committed 4672K, reserved 1048576K
}
Event: 5.607 GC heap before
{Heap before GC invocations=11 (full 0):
 garbage-first heap   total 75776K, used 57060K [0x0000000700e00000, 0x0000000800000000)
  region size 2048K, 22 young (45056K), 3 survivors (6144K)
 Metaspace       used 44012K, committed 44288K, reserved 1089536K
  class space    used 5711K, committed 5824K, reserved 1048576K
}
Event: 5.613 GC heap after
{Heap after GC invocations=12 (full 0):
 garbage-first heap   total 75776K, used 20693K [0x0000000700e00000, 0x0000000800000000)
  region size 2048K, 3 young (6144K), 3 survivors (6144K)
 Metaspace       used 44012K, committed 44288K, reserved 1089536K
  class space    used 5711K, committed 5824K, reserved 1048576K
}
Event: 5.664 GC heap before
{Heap before GC invocations=12 (full 0):
 garbage-first heap   total 75776K, used 20693K [0x0000000700e00000, 0x0000000800000000)
  region size 2048K, 4 young (8192K), 3 survivors (6144K)
 Metaspace       used 44439K, committed 44800K, reserved 1089536K
  class space    used 5779K, committed 5952K, reserved 1048576K
}
Event: 5.669 GC heap after
{Heap after GC invocations=13 (full 0):
 garbage-first heap   total 75776K, used 21095K [0x0000000700e00000, 0x0000000800000000)
  region size 2048K, 1 young (2048K), 1 survivors (2048K)
 Metaspace       used 44439K, committed 44800K, reserved 1089536K
  class space    used 5779K, committed 5952K, reserved 1048576K
}
Event: 6.727 GC heap before
{Heap before GC invocations=13 (full 0):
 garbage-first heap   total 75776K, used 55911K [0x0000000700e00000, 0x0000000800000000)
  region size 2048K, 19 young (38912K), 1 survivors (2048K)
 Metaspace       used 52741K, committed 53120K, reserved 1097728K
  class space    used 7016K, committed 7232K, reserved 1048576K
}
Event: 6.730 GC heap after
{Heap after GC invocations=14 (full 0):
 garbage-first heap   total 75776K, used 22001K [0x0000000700e00000, 0x0000000800000000)
  region size 2048K, 1 young (2048K), 1 survivors (2048K)
 Metaspace       used 52741K, committed 53120K, reserved 1097728K
  class space    used 7016K, committed 7232K, reserved 1048576K
}
Event: 7.422 GC heap before
{Heap before GC invocations=14 (full 0):
 garbage-first heap   total 75776K, used 56817K [0x0000000700e00000, 0x0000000800000000)
  region size 2048K, 19 young (38912K), 1 survivors (2048K)
 Metaspace       used 57050K, committed 57344K, reserved 1105920K
  class space    used 7591K, committed 7744K, reserved 1048576K
}
Event: 7.427 GC heap after
{Heap after GC invocations=15 (full 0):
 garbage-first heap   total 75776K, used 23876K [0x0000000700e00000, 0x0000000800000000)
  region size 2048K, 2 young (4096K), 2 survivors (4096K)
 Metaspace       used 57050K, committed 57344K, reserved 1105920K
  class space    used 7591K, committed 7744K, reserved 1048576K
}
Event: 8.006 GC heap before
{Heap before GC invocations=15 (full 0):
 garbage-first heap   total 75776K, used 58692K [0x0000000700e00000, 0x0000000800000000)
  region size 2048K, 19 young (38912K), 2 survivors (4096K)
 Metaspace       used 59491K, committed 59840K, reserved 1105920K
  class space    used 7918K, committed 8064K, reserved 1048576K
}
Event: 8.012 GC heap after
{Heap after GC invocations=16 (full 0):
 garbage-first heap   total 75776K, used 25207K [0x0000000700e00000, 0x0000000800000000)
  region size 2048K, 2 young (4096K), 2 survivors (4096K)
 Metaspace       used 59491K, committed 59840K, reserved 1105920K
  class space    used 7918K, committed 8064K, reserved 1048576K
}
Event: 8.174 GC heap before
{Heap before GC invocations=16 (full 0):
 garbage-first heap   total 75776K, used 31351K [0x0000000700e00000, 0x0000000800000000)
  region size 2048K, 6 young (12288K), 2 survivors (4096K)
 Metaspace       used 60297K, committed 60608K, reserved 1105920K
  class space    used 8022K, committed 8192K, reserved 1048576K
}
Event: 8.179 GC heap after
{Heap after GC invocations=17 (full 0):
 garbage-first heap   total 94208K, used 25749K [0x0000000700e00000, 0x0000000800000000)
  region size 2048K, 1 young (2048K), 1 survivors (2048K)
 Metaspace       used 60297K, committed 60608K, reserved 1105920K
  class space    used 8022K, committed 8192K, reserved 1048576K
}
Event: 11.573 GC heap before
{Heap before GC invocations=18 (full 0):
 garbage-first heap   total 94208K, used 72853K [0x0000000700e00000, 0x0000000800000000)
  region size 2048K, 25 young (51200K), 1 survivors (2048K)
 Metaspace       used 66332K, committed 66688K, reserved 1114112K
  class space    used 8841K, committed 9024K, reserved 1048576K
}
Event: 11.579 GC heap after
{Heap after GC invocations=19 (full 0):
 garbage-first heap   total 94208K, used 29646K [0x0000000700e00000, 0x0000000800000000)
  region size 2048K, 3 young (6144K), 3 survivors (6144K)
 Metaspace       used 66332K, committed 66688K, reserved 1114112K
  class space    used 8841K, committed 9024K, reserved 1048576K
}

Deoptimization events (20 events):
Event: 11.951 Thread 0x000002462fd0a860 DEOPT PACKING pc=0x000002460ef75f63 sp=0x000000608f8fbd50
Event: 11.951 Thread 0x000002462fd0a860 DEOPT UNPACKING pc=0x000002460e012b43 sp=0x000000608f8fb1d8 mode 0
Event: 12.008 Thread 0x000002462fd0a860 Uncommon trap: trap_request=0xffffff45 fr.pc=0x0000024615e07b00 relative=0x0000000000000160
Event: 12.008 Thread 0x000002462fd0a860 Uncommon trap: reason=unstable_if action=reinterpret pc=0x0000024615e07b00 method=org.apache.tomcat.util.http.fileupload.MultipartStream.findSeparator()I @ 55 c2
Event: 12.008 Thread 0x000002462fd0a860 DEOPT PACKING pc=0x0000024615e07b00 sp=0x000000608f8fbd60
Event: 12.008 Thread 0x000002462fd0a860 DEOPT UNPACKING pc=0x000002460e0123a3 sp=0x000000608f8fbcf0 mode 2
Event: 12.058 Thread 0x000002462fd0a860 DEOPT PACKING pc=0x000002460ec98c59 sp=0x000000608f8fa500
Event: 12.058 Thread 0x000002462fd0a860 DEOPT UNPACKING pc=0x000002460e012b43 sp=0x000000608f8f9a10 mode 0
Event: 12.138 Thread 0x000002462fd0a860 Uncommon trap: trap_request=0xffffff45 fr.pc=0x0000024615b89c24 relative=0x0000000000000084
Event: 12.138 Thread 0x000002462fd0a860 Uncommon trap: reason=unstable_if action=reinterpret pc=0x0000024615b89c24 method=java.util.LinkedHashMap.afterNodeInsertion(Z)V @ 18 c2
Event: 12.138 Thread 0x000002462fd0a860 DEOPT PACKING pc=0x0000024615b89c24 sp=0x000000608f8f9be0
Event: 12.138 Thread 0x000002462fd0a860 DEOPT UNPACKING pc=0x000002460e0123a3 sp=0x000000608f8f9b60 mode 2
Event: 12.451 Thread 0x000002462c9e5040 Uncommon trap: trap_request=0xffffff45 fr.pc=0x0000024615e08bf4 relative=0x0000000000000174
Event: 12.451 Thread 0x000002462c9e5040 Uncommon trap: reason=unstable_if action=reinterpret pc=0x0000024615e08bf4 method=java.util.concurrent.locks.ReentrantLock$NonfairSync.initialTryLock()Z @ 25 c2
Event: 12.451 Thread 0x000002462c9e5040 DEOPT PACKING pc=0x0000024615e08bf4 sp=0x00000060902ff3b0
Event: 12.451 Thread 0x000002462c9e5040 DEOPT UNPACKING pc=0x000002460e0123a3 sp=0x00000060902ff350 mode 2
Event: 15.385 Thread 0x000002462fd099f0 Uncommon trap: trap_request=0xffffffde fr.pc=0x0000024615e180f0 relative=0x00000000000006f0
Event: 15.385 Thread 0x000002462fd099f0 Uncommon trap: reason=class_check action=maybe_recompile pc=0x0000024615e180f0 method=org.springframework.core.ResolvableType.resolveType()Lorg/springframework/core/ResolvableType; @ 131 c2
Event: 15.385 Thread 0x000002462fd099f0 DEOPT PACKING pc=0x0000024615e180f0 sp=0x000000608fefa670
Event: 15.385 Thread 0x000002462fd099f0 DEOPT UNPACKING pc=0x000002460e0123a3 sp=0x000000608fefa5b8 mode 2

Classes unloaded (0 events):
No events

Classes redefined (0 events):
No events

Internal exceptions (20 events):
Event: 8.877 Thread 0x000002462a22b9b0 Exception <a 'java/lang/ClassNotFoundException'{0x000000070592d580}: org/springframework/security/config/annotation/web/configuration/HttpSecurityConfigurationCustomizer> (0x000000070592d580) 
thrown [t:\workspace\open\src\hotspot\share\classfile\systemDictionary.cpp, line 256]
Event: 8.906 Thread 0x000002462a22b9b0 Exception <a 'java/lang/NoSuchMethodError'{0x00000007059bc108}: 'java.lang.Object java.lang.invoke.DirectMethodHandle$Holder.invokeInterface(java.lang.Object, java.lang.Object, java.lang.Object, java.lang.Object)'> (0x00000007059bc108) 
thrown [t:\workspace\open\src\hotspot\share\interpreter\linkResolver.cpp, line 766]
Event: 8.965 Thread 0x000002462a22b9b0 Exception <a 'java/lang/NoSuchMethodError'{0x00000007057f6c18}: 'void java.lang.invoke.DirectMethodHandle$Holder.invokeVirtual(java.lang.Object, java.lang.Object, int)'> (0x00000007057f6c18) 
thrown [t:\workspace\open\src\hotspot\share\interpreter\linkResolver.cpp, line 766]
Event: 8.968 Thread 0x000002462a22b9b0 Exception <a 'java/lang/NoSuchMethodError'{0x0000000705411ac0}: 'void java.lang.invoke.DirectMethodHandle$Holder.invokeVirtual(java.lang.Object, java.lang.Object, long)'> (0x0000000705411ac0) 
thrown [t:\workspace\open\src\hotspot\share\interpreter\linkResolver.cpp, line 766]
Event: 9.047 Thread 0x000002462a22b9b0 Exception <a 'java/lang/NoSuchMethodError'{0x0000000705050200}: 'int java.lang.invoke.DirectMethodHandle$Holder.invokeStaticInit(java.lang.Object, java.lang.Object, java.lang.Object, java.lang.Object)'> (0x0000000705050200) 
thrown [t:\workspace\open\src\hotspot\share\interpreter\linkResolver.cpp, line 766]
Event: 9.337 Thread 0x000002462a22b9b0 Exception <a 'java/lang/NoSuchMethodError'{0x0000000704996308}: 'java.lang.Object java.lang.invoke.DirectMethodHandle$Holder.invokeSpecial(java.lang.Object, java.lang.Object, int, java.lang.Object, int, java.lang.Object)'> (0x0000000704996308) 
thrown [t:\workspace\open\src\hotspot\share\interpreter\linkResolver.cpp, line 766]
Event: 9.338 Thread 0x000002462a22b9b0 Exception <a 'java/lang/NoSuchMethodError'{0x000000070499e3b0}: 'java.lang.Object java.lang.invoke.DirectMethodHandle$Holder.newInvokeSpecial(java.lang.Object, java.lang.Object, int, java.lang.Object, int)'> (0x000000070499e3b0) 
thrown [t:\workspace\open\src\hotspot\share\interpreter\linkResolver.cpp, line 766]
Event: 9.339 Thread 0x000002462a22b9b0 Exception <a 'java/lang/NoSuchMethodError'{0x00000007049a24b0}: 'java.lang.Object java.lang.invoke.DirectMethodHandle$Holder.invokeSpecial(java.lang.Object, java.lang.Object, java.lang.Object, int, java.lang.Object, int)'> (0x00000007049a24b0) 
thrown [t:\workspace\open\src\hotspot\share\interpreter\linkResolver.cpp, line 766]
Event: 9.341 Thread 0x000002462a22b9b0 Exception <a 'java/lang/NoSuchMethodError'{0x00000007049ad240}: 'void java.lang.invoke.DirectMethodHandle$Holder.invokeVirtual(java.lang.Object, java.lang.Object)'> (0x00000007049ad240) 
thrown [t:\workspace\open\src\hotspot\share\interpreter\linkResolver.cpp, line 766]
Event: 9.484 Thread 0x000002462a22b9b0 Exception <a 'java/lang/ClassNotFoundException'{0x00000007045053e8}: java/lang/ObjectCustomizer> (0x00000007045053e8) 
thrown [t:\workspace\open\src\hotspot\share\classfile\systemDictionary.cpp, line 256]
Event: 9.485 Thread 0x000002462a22b9b0 Exception <a 'java/lang/ClassNotFoundException'{0x0000000704510e78}: com/backend/backend/Data/RoleCustomizer> (0x0000000704510e78) 
thrown [t:\workspace\open\src\hotspot\share\classfile\systemDictionary.cpp, line 256]
Event: 9.791 Thread 0x000002462a22b9b0 Exception <a 'java/lang/ClassNotFoundException'{0x00000007040db1a0}: java/lang/ObjectCustomizer> (0x00000007040db1a0) 
thrown [t:\workspace\open\src\hotspot\share\classfile\systemDictionary.cpp, line 256]
Event: 9.792 Thread 0x000002462a22b9b0 Exception <a 'java/lang/ClassNotFoundException'{0x00000007040e6c30}: com/backend/backend/Data/UserCustomizer> (0x00000007040e6c30) 
thrown [t:\workspace\open\src\hotspot\share\classfile\systemDictionary.cpp, line 256]
Event: 11.598 Thread 0x000002462fd0a860 Exception <a 'sun/nio/fs/WindowsException'{0x0000000710cb6ba0}> (0x0000000710cb6ba0) 
thrown [t:\workspace\open\src\hotspot\share\prims\jni.cpp, line 516]
Event: 11.846 Thread 0x000002462fd0a860 Exception <a 'java/lang/NoSuchMethodError'{0x0000000709746928}: 'java.lang.Object java.lang.invoke.DirectMethodHandle$Holder.invokeStaticInit(java.lang.Object, java.lang.Object, java.lang.Object, java.lang.Object, java.lang.Object, java.lang.Object)'> (0x0000000709746928) 
thrown [t:\workspace\open\src\hotspot\share\interpreter\linkResolver.cpp, line 766]
Event: 12.080 Thread 0x000002462fd0a860 Exception <a 'java/lang/NoSuchMethodError'{0x0000000705c53b90}: 'java.lang.Object java.lang.invoke.DirectMethodHandle$Holder.invokeStatic(java.lang.Object, int, java.lang.Object)'> (0x0000000705c53b90) 
thrown [t:\workspace\open\src\hotspot\share\interpreter\linkResolver.cpp, line 766]
Event: 12.105 Thread 0x000002462fd0a860 Exception <a 'java/lang/ClassNotFoundException'{0x0000000705c71498}: java/lang/ObjectCustomizer> (0x0000000705c71498) 
thrown [t:\workspace\open\src\hotspot\share\classfile\systemDictionary.cpp, line 256]
Event: 12.110 Thread 0x000002462fd0a860 Exception <a 'java/lang/ClassNotFoundException'{0x0000000705c82738}: com/backend/backend/Data/CaffCustomizer> (0x0000000705c82738) 
thrown [t:\workspace\open\src\hotspot\share\classfile\systemDictionary.cpp, line 256]
Event: 12.131 Thread 0x000002462fd0a860 Exception <a 'java/lang/ClassNotFoundException'{0x0000000705cbf8a8}: java/lang/ObjectCustomizer> (0x0000000705cbf8a8) 
thrown [t:\workspace\open\src\hotspot\share\classfile\systemDictionary.cpp, line 256]
Event: 12.133 Thread 0x000002462fd0a860 Exception <a 'java/lang/ClassNotFoundException'{0x0000000705cd0088}: com/backend/backend/Data/LogCustomizer> (0x0000000705cd0088) 
thrown [t:\workspace\open\src\hotspot\share\classfile\systemDictionary.cpp, line 256]

VM Operations (20 events):
Event: 11.455 Executing VM operation: HandshakeAllThreads
Event: 11.457 Executing VM operation: HandshakeAllThreads done
Event: 11.573 Executing VM operation: G1CollectForAllocation
Event: 11.579 Executing VM operation: G1CollectForAllocation done
Event: 11.599 Executing VM operation: HandshakeAllThreads
Event: 11.600 Executing VM operation: HandshakeAllThreads done
Event: 11.605 Executing VM operation: HandshakeAllThreads
Event: 11.605 Executing VM operation: HandshakeAllThreads done
Event: 12.025 Executing VM operation: HandshakeAllThreads
Event: 12.025 Executing VM operation: HandshakeAllThreads done
Event: 12.153 Executing VM operation: HandshakeAllThreads
Event: 12.153 Executing VM operation: HandshakeAllThreads done
Event: 13.153 Executing VM operation: Cleanup
Event: 13.153 Executing VM operation: Cleanup done
Event: 14.154 Executing VM operation: Cleanup
Event: 14.154 Executing VM operation: Cleanup done
Event: 15.154 Executing VM operation: Cleanup
Event: 15.154 Executing VM operation: Cleanup done
Event: 15.373 Executing VM operation: HandshakeAllThreads
Event: 15.373 Executing VM operation: HandshakeAllThreads done

Events (20 events):
Event: 12.082 loading class java/time/zone/ZoneOffsetTransitionRule$1
Event: 12.082 loading class java/time/zone/ZoneOffsetTransitionRule$1 done
Event: 12.083 loading class java/time/format/DateTimeFormatterBuilder$ReducedPrinterParser
Event: 12.083 loading class java/time/format/DateTimeFormatterBuilder$ReducedPrinterParser done
Event: 12.100 loading class java/lang/ObjectCustomizer
Event: 12.100 loading class java/lang/ObjectCustomizer done
Event: 12.105 loading class java/lang/ObjectCustomizer
Event: 12.105 loading class java/lang/ObjectCustomizer done
Event: 12.127 loading class java/lang/ObjectCustomizer
Event: 12.127 loading class java/lang/ObjectCustomizer done
Event: 12.131 loading class java/lang/ObjectCustomizer
Event: 12.131 loading class java/lang/ObjectCustomizer done
Event: 12.146 loading class java/time/format/DateTimeFormatterBuilder$ZoneTextPrinterParser
Event: 12.146 loading class java/time/format/DateTimeFormatterBuilder$ZoneTextPrinterParser done
Event: 12.303 Thread 0x0000024629f6efa0 Thread exited: 0x0000024629f6efa0
Event: 15.360 Thread 0x000002462fd099f0 Thread added: 0x000002462fd099f0
Event: 15.377 Thread 0x0000024628c8e8b0 flushing nmethod 0x000002460e8cc010
Event: 15.389 Loaded shared library E:\SzamBiztHF\backend\backend\jni-library\build\libs\main\jni-library.dll
Event: 15.389 loading class jdk/internal/loader/NativeLibraries$Unloader
Event: 15.390 loading class jdk/internal/loader/NativeLibraries$Unloader done


Dynamic libraries:
0x00007ff762d60000 - 0x00007ff762d6e000 	C:\Users\Bence\.jdks\openjdk-17\bin\java.exe
0x00007fff85cd0000 - 0x00007fff85ec5000 	C:\WINDOWS\SYSTEM32\ntdll.dll
0x00007fff78030000 - 0x00007fff78046000 	C:\Program Files\AVG\Antivirus\aswhook.dll
0x00007fff848c0000 - 0x00007fff8497e000 	C:\WINDOWS\System32\KERNEL32.DLL
0x00007fff83840000 - 0x00007fff83b08000 	C:\WINDOWS\System32\KERNELBASE.dll
0x00007fff83470000 - 0x00007fff83570000 	C:\WINDOWS\System32\ucrtbase.dll
0x00007fff79c80000 - 0x00007fff79c98000 	C:\Users\Bence\.jdks\openjdk-17\bin\jli.dll
0x00007fff84340000 - 0x00007fff844e1000 	C:\WINDOWS\System32\USER32.dll
0x00007fff833f0000 - 0x00007fff83412000 	C:\WINDOWS\System32\win32u.dll
0x00007fff84310000 - 0x00007fff8433b000 	C:\WINDOWS\System32\GDI32.dll
0x00007fff836d0000 - 0x00007fff837db000 	C:\WINDOWS\System32\gdi32full.dll
0x00007fff83bd0000 - 0x00007fff83c6d000 	C:\WINDOWS\System32\msvcp_win.dll
0x00007fff79c60000 - 0x00007fff79c7a000 	C:\Users\Bence\.jdks\openjdk-17\bin\VCRUNTIME140.dll
0x00007fff77a00000 - 0x00007fff77c9a000 	C:\WINDOWS\WinSxS\amd64_microsoft.windows.common-controls_6595b64144ccf1df_6.0.19041.1110_none_60b5254171f9507e\COMCTL32.dll
0x00007fff85280000 - 0x00007fff8531e000 	C:\WINDOWS\System32\msvcrt.dll
0x00007fff84230000 - 0x00007fff84260000 	C:\WINDOWS\System32\IMM32.DLL
0x00007fff79c50000 - 0x00007fff79c5c000 	C:\Users\Bence\.jdks\openjdk-17\bin\vcruntime140_1.dll
0x00007fff6da40000 - 0x00007fff6dacd000 	C:\Users\Bence\.jdks\openjdk-17\bin\msvcp140.dll
0x00007fff086e0000 - 0x00007fff0929e000 	C:\Users\Bence\.jdks\openjdk-17\bin\server\jvm.dll
0x00007fff84260000 - 0x00007fff8430c000 	C:\WINDOWS\System32\ADVAPI32.dll
0x00007fff85bf0000 - 0x00007fff85c8b000 	C:\WINDOWS\System32\sechost.dll
0x00007fff85930000 - 0x00007fff85a5a000 	C:\WINDOWS\System32\RPCRT4.dll
0x00007fff85a60000 - 0x00007fff85a68000 	C:\WINDOWS\System32\PSAPI.DLL
0x00007fff71ce0000 - 0x00007fff71ce9000 	C:\WINDOWS\SYSTEM32\WSOCK32.dll
0x00007fff85b80000 - 0x00007fff85beb000 	C:\WINDOWS\System32\WS2_32.dll
0x00007fff7a450000 - 0x00007fff7a477000 	C:\WINDOWS\SYSTEM32\WINMM.dll
0x00007fff7cea0000 - 0x00007fff7ceaa000 	C:\WINDOWS\SYSTEM32\VERSION.dll
0x00007fff81c90000 - 0x00007fff81ca2000 	C:\WINDOWS\SYSTEM32\kernel.appcore.dll
0x00007fff79b80000 - 0x00007fff79b8a000 	C:\Users\Bence\.jdks\openjdk-17\bin\jimage.dll
0x00007fff7ae00000 - 0x00007fff7afe4000 	C:\WINDOWS\SYSTEM32\DBGHELP.DLL
0x00007fff7add0000 - 0x00007fff7adfc000 	C:\WINDOWS\SYSTEM32\dbgcore.DLL
0x00007fff83b10000 - 0x00007fff83b93000 	C:\WINDOWS\System32\bcryptPrimitives.dll
0x00007fff79620000 - 0x00007fff7962e000 	C:\Users\Bence\.jdks\openjdk-17\bin\instrument.dll
0x00007fff790e0000 - 0x00007fff79105000 	C:\Users\Bence\.jdks\openjdk-17\bin\java.dll
0x00007fff6d960000 - 0x00007fff6da36000 	C:\Users\Bence\.jdks\openjdk-17\bin\svml.dll
0x00007fff84a60000 - 0x00007fff8519f000 	C:\WINDOWS\System32\SHELL32.dll
0x00007fff814d0000 - 0x00007fff81c60000 	C:\WINDOWS\SYSTEM32\windows.storage.dll
0x00007fff85450000 - 0x00007fff857a5000 	C:\WINDOWS\System32\combase.dll
0x00007fff82e40000 - 0x00007fff82e6e000 	C:\WINDOWS\SYSTEM32\Wldp.dll
0x00007fff85880000 - 0x00007fff8592d000 	C:\WINDOWS\System32\SHCORE.dll
0x00007fff84510000 - 0x00007fff84565000 	C:\WINDOWS\System32\shlwapi.dll
0x00007fff83330000 - 0x00007fff8334f000 	C:\WINDOWS\SYSTEM32\profapi.dll
0x00007fff78dd0000 - 0x00007fff78de8000 	C:\Users\Bence\.jdks\openjdk-17\bin\zip.dll
0x00007fff790c0000 - 0x00007fff790d9000 	C:\Users\Bence\.jdks\openjdk-17\bin\net.dll
0x00007fff79970000 - 0x00007fff79a7c000 	C:\WINDOWS\SYSTEM32\WINHTTP.dll
0x00007fff82ba0000 - 0x00007fff82c0a000 	C:\WINDOWS\system32\mswsock.dll
0x00007fff790a0000 - 0x00007fff790b5000 	C:\Users\Bence\.jdks\openjdk-17\bin\nio.dll
0x00007fff6d890000 - 0x00007fff6d8aa000 	E:\IntelliJ IDEA Community Edition 2020.3.2\bin\breakgen64.dll
0x00007fff78dc0000 - 0x00007fff78dd0000 	C:\Users\Bence\.jdks\openjdk-17\bin\verify.dll
0x00007fff78db0000 - 0x00007fff78db9000 	C:\Users\Bence\.jdks\openjdk-17\bin\management.dll
0x00007fff78da0000 - 0x00007fff78dab000 	C:\Users\Bence\.jdks\openjdk-17\bin\management_ext.dll
0x00007fff6d050000 - 0x00007fff6d067000 	C:\WINDOWS\system32\napinsp.dll
0x00007fff6d030000 - 0x00007fff6d04b000 	C:\WINDOWS\system32\pnrpnsp.dll
0x00007fff6c6e0000 - 0x00007fff6c6f5000 	C:\WINDOWS\system32\wshbth.dll
0x00007fff7ec50000 - 0x00007fff7ec6d000 	C:\WINDOWS\system32\NLAapi.dll
0x00007fff82840000 - 0x00007fff8287b000 	C:\WINDOWS\SYSTEM32\IPHLPAPI.DLL
0x00007fff82890000 - 0x00007fff8295b000 	C:\WINDOWS\SYSTEM32\DNSAPI.dll
0x00007fff844f0000 - 0x00007fff844f8000 	C:\WINDOWS\System32\NSI.dll
0x00007fff6c6c0000 - 0x00007fff6c6d2000 	C:\WINDOWS\System32\winrnr.dll
0x00007fff79530000 - 0x00007fff7953a000 	C:\Windows\System32\rasadhlp.dll
0x00007fff79410000 - 0x00007fff7948f000 	C:\WINDOWS\System32\fwpuclnt.dll
0x00007fff83ba0000 - 0x00007fff83bc7000 	C:\WINDOWS\System32\bcrypt.dll
0x00007fff82d90000 - 0x00007fff82da8000 	C:\WINDOWS\SYSTEM32\CRYPTSP.dll
0x00007fff824b0000 - 0x00007fff824e4000 	C:\WINDOWS\system32\rsaenh.dll
0x00007fff832f0000 - 0x00007fff8331e000 	C:\WINDOWS\SYSTEM32\USERENV.dll
0x00007fff82db0000 - 0x00007fff82dbc000 	C:\WINDOWS\SYSTEM32\CRYPTBASE.dll
0x00007fff7cd00000 - 0x00007fff7cd17000 	C:\WINDOWS\SYSTEM32\dhcpcsvc6.DLL
0x00007fff7ca80000 - 0x00007fff7ca9d000 	C:\WINDOWS\SYSTEM32\dhcpcsvc.DLL
0x00007fff78d90000 - 0x00007fff78d9e000 	C:\Users\Bence\.jdks\openjdk-17\bin\sunmscapi.dll
0x00007fff83570000 - 0x00007fff836c6000 	C:\WINDOWS\System32\CRYPT32.dll
0x00007fff82eb0000 - 0x00007fff82ed7000 	C:\WINDOWS\SYSTEM32\ncrypt.dll
0x00007fff82e70000 - 0x00007fff82eab000 	C:\WINDOWS\SYSTEM32\NTASN1.dll
0x00007fff78aa0000 - 0x00007fff78aa7000 	C:\WINDOWS\system32\wshunix.dll
0x00007fff820e0000 - 0x00007fff82113000 	C:\WINDOWS\SYSTEM32\ntmarta.dll
0x00007fff6d840000 - 0x00007fff6d88b000 	E:\SzamBiztHF\backend\backend\jni-library\build\libs\main\jni-library.dll

dbghelp: loaded successfully - version: 4.0.5 - missing functions: none
symbol engine: initialized successfully - sym options: 0x614 - pdb path: .;C:\Users\Bence\.jdks\openjdk-17\bin;C:\WINDOWS\SYSTEM32;C:\Program Files\AVG\Antivirus;C:\WINDOWS\WinSxS\amd64_microsoft.windows.common-controls_6595b64144ccf1df_6.0.19041.1110_none_60b5254171f9507e;C:\Users\Bence\.jdks\openjdk-17\bin\server;E:\IntelliJ IDEA Community Edition 2020.3.2\bin;E:\SzamBiztHF\backend\backend\jni-library\build\libs\main

VM Arguments:
jvm_args: -Djava.library.path=e:\SzamBiztHF\backend\backend\jni-library\build\libs\main -javaagent:E:\IntelliJ IDEA Community Edition 2020.3.2\lib\idea_rt.jar=53302:E:\IntelliJ IDEA Community Edition 2020.3.2\bin -Dfile.encoding=UTF-8 
java_command: com.backend.backend.BackendApplication
java_class_path (initial): E:\SzamBiztHF\backend\backend\out\production\classes;E:\SzamBiztHF\backend\backend\out\production\resources;C:\Gradle\gradle-7.3\bin\caches\modules-2\files-2.1\io.jsonwebtoken\jjwt-api\0.11.0\ab6957d0515da6e23077c39534d5601ccfa024a1\jjwt-api-0.11.0.jar;C:\Gradle\gradle-7.3\bin\caches\modules-2\files-2.1\org.springframework.boot\spring-boot-starter-data-jpa\2.5.5\5ec66dab8ad9dead3322e21d1bfafe29da89f360\spring-boot-starter-data-jpa-2.5.5.jar;C:\Gradle\gradle-7.3\bin\caches\modules-2\files-2.1\org.springframework.boot\spring-boot-starter-web\2.5.5\c09bf133d22c865d6ce4d67ff48aece7ff1defb1\spring-boot-starter-web-2.5.5.jar;C:\Gradle\gradle-7.3\bin\caches\modules-2\files-2.1\com.fasterxml.jackson.module\jackson-module-kotlin\2.12.5\9f8be96db441bf7c217db22a03efd6902c0da34e\jackson-module-kotlin-2.12.5.jar;C:\Gradle\gradle-7.3\bin\caches\modules-2\files-2.1\org.springframework.boot\spring-boot-starter-security\2.5.5\30cec14d6be2595abeca39985c84b4d941c07cd4\spring-boot-starter-security-2.5.5.jar;C:\Gradle\gradle-7.3\bin\caches\modules-2\files-2.1\org.jetbrains.kotlin\kotlin-stdlib-jdk8\1.5.31\ff5d99aecd328872494e8921b72bf6e3af97af3e\kotlin-stdlib-jdk8-1.5.31.jar;C:\Gradle\gradle-7.3\bin\caches\modules-2\files-2.1\org.jetbrains.kotlin\kotlin-reflect\1.5.31\1523fcd842a47da0820cea772b19c51056fec8a9\kotlin-reflect-1.5.31.jar;C:\Gradle\gradle-7.3\bin\caches\modules-2\files-2.1\org.springframework.boot\spring-boot-starter-validation\2.5.5\5d9a4fc7abc28d797418013787dbc6ff548d0767\spring-boot-starter-validation-2.5.5.jar;E:\SzamBiztHF\backend\backend\jni-library\out\production\classes;C:\Gradle\gradle-7.3\bin\caches\modules-2\files-2.1\org.springframework.boot\spring-boot-starter-aop\2.5.5\25b36a03046a5262089d1167e29086a62afd2e9f\spring-boot-starter-aop-2.5.5.jar;C:\Gradle\gradle-7.3\bin\caches\modules-2\files-2.1\org.springframework.boot\spring-boot-starter-jdbc\2.5.5\937cf9e02eeefa8f2e4c4dade226e5c4482c3207\spring-boot-starter-jdbc-2.5.5.jar;C:\Gradle
Launcher Type: SUN_STANDARD

[Global flags]
     intx CICompilerCount                          = 3                                         {product} {ergonomic}
     uint ConcGCThreads                            = 1                                         {product} {ergonomic}
     uint G1ConcRefinementThreads                  = 4                                         {product} {ergonomic}
   size_t G1HeapRegionSize                         = 2097152                                   {product} {ergonomic}
    uintx GCDrainStackTargetSize                   = 64                                        {product} {ergonomic}
   size_t InitialHeapSize                          = 268435456                                 {product} {ergonomic}
   size_t MarkStackSize                            = 4194304                                   {product} {ergonomic}
   size_t MaxHeapSize                              = 4280287232                                {product} {ergonomic}
   size_t MaxNewSize                               = 2566914048                                {product} {ergonomic}
   size_t MinHeapDeltaBytes                        = 2097152                                   {product} {ergonomic}
   size_t MinHeapSize                              = 8388608                                   {product} {ergonomic}
    uintx NonNMethodCodeHeapSize                   = 5832780                                {pd product} {ergonomic}
    uintx NonProfiledCodeHeapSize                  = 122912730                              {pd product} {ergonomic}
    uintx ProfiledCodeHeapSize                     = 122912730                              {pd product} {ergonomic}
    uintx ReservedCodeCacheSize                    = 251658240                              {pd product} {ergonomic}
     bool SegmentedCodeCache                       = true                                      {product} {ergonomic}
   size_t SoftMaxHeapSize                          = 4280287232                             {manageable} {ergonomic}
     bool UseCompressedClassPointers               = true                           {product lp64_product} {ergonomic}
     bool UseCompressedOops                        = true                           {product lp64_product} {ergonomic}
     bool UseG1GC                                  = true                                      {product} {ergonomic}
     bool UseLargePagesIndividualAllocation        = false                                  {pd product} {ergonomic}

Logging:
Log output configuration:
 #0: stdout all=warning uptime,level,tags
 #1: stderr all=off uptime,level,tags

Environment Variables:
JAVA_HOME=C:\Program Files\Java\jdk-13
PATH=C:\Program Files\Common Files\Oracle\Java\javapath;C:\Gradle\gradle-7.3\bin;C:\Program Files\AdoptOpenJDK\jdk-15.0.2.7-hotspot\bin;C:\Program Files (x86)\Common Files\Oracle\Java\javapath;C:\WINDOWS\system32;C:\WINDOWS;C:\WINDOWS\System32\Wbem;C:\WINDOWS\System32\WindowsPowerShell\v1.0\;C:\Program Files (x86)\NVIDIA Corporation\PhysX\Common;C:\Program Files\dotnet\;C:\Program Files\Microsoft SQL Server\130\Tools\Binn\;C:\WINDOWS\System32\OpenSSH\;C:\Program Files\NVIDIA Corporation\NVIDIA NvDLISR;E:\Git\cmd;C:\WINDOWS\system32;C:\WINDOWS;C:\WINDOWS\System32\Wbem;C:\WINDOWS\System32\WindowsPowerShell\v1.0\;C:\WINDOWS\System32\OpenSSH\;C:\Program Files\Git\cmd;C:\Programs\apache-maven-3.6.3\bin;C:\Programs\protoc\bin;C:\Program Files\MySQL\MySQL Server 8.0\bin;C:\Program Files\Microsoft SQL Server\Client SDK\ODBC\170\Tools\Binn\;E:\python\Scripts\;E:\python\;C:\Users\Bence\AppData\Local\Microsoft\WindowsApps;C:\Users\Bence\.dotnet\tools;E:\PyCharm 2020.2.3\bin;;C:\Users\Bence\AppData\Local\Microsoft\WindowsApps;D:\IntelliJ IDEA Community Edition 2020.3.2\bin;;C:\Users\Bence\AppData\Local\Programs\Microsoft VS Code\bin;C:\Users\Bence\.dotnet\tools;
USERNAME=Bence
OS=Windows_NT
PROCESSOR_IDENTIFIER=Intel64 Family 6 Model 60 Stepping 3, GenuineIntel



---------------  S Y S T E M  ---------------

OS:
 Windows 10 , 64 bit Build 19041 (10.0.19041.1348)
OS uptime: 0 days 14:29 hours

CPU: total 4 (initial active 4) (4 cores per cpu, 1 threads per core) family 6 model 60 stepping 3 microcode 0x27, cx8, cmov, fxsr, mmx, sse, sse2, sse3, ssse3, sse4.1, sse4.2, popcnt, lzcnt, tsc, tscinvbit, avx, avx2, aes, erms, clmul, bmi1, bmi2, fma, vzeroupper, clflush

Memory: 4k page, system-wide physical 16322M (6744M free)
TotalPageFile size 25026M (AvailPageFile size 12651M)
current process WorkingSet (physical memory assigned to process): 270M, peak: 293M
current process commit charge ("private bytes"): 300M, peak: 396M

vm_info: OpenJDK 64-Bit Server VM (17+35-2724) for windows-amd64 JRE (17+35-2724), built on Aug  5 2021 23:26:02 by "mach5one" with MS VC++ 16.8 (VS2019)

END.
