#
# A fatal error has been detected by the Java Runtime Environment:
#
#  EXCEPTION_UNCAUGHT_CXX_EXCEPTION (0xe06d7363) at pc=0x00007ffc7bc34f69, pid=14940, tid=8088
#
# JRE version: OpenJDK Runtime Environment (17.0+35) (build 17+35-2724)
# Java VM: OpenJDK 64-Bit Server VM (17+35-2724, mixed mode, sharing, tiered, compressed oops, compressed class ptrs, g1 gc, windows-amd64)
# Problematic frame:
# C  [KERNELBASE.dll+0x34f69]
#
# No core dump will be written. Minidumps are not enabled by default on client versions of Windows
#
# If you would like to submit a bug report, please visit:
#   https://bugreport.java.com/bugreport/crash.jsp
# The crash happened outside the Java Virtual Machine in native code.
# See problematic frame for where to report the bug.
#

---------------  S U M M A R Y ------------

Command Line: -Djava.library.path=E:\SzamBiztHF\backend\backend\jni-library\build\libs\main -Dfile.encoding=windows-1250 -Duser.country=US -Duser.language=en -Duser.variant com.backend.backend.BackendApplication -XshowSettings:properties -version

Host: Intel(R) Core(TM) i5-4590 CPU @ 3.30GHz, 4 cores, 15G,  Windows 10 , 64 bit Build 19041 (10.0.19041.1348)
Time: Sat Nov 27 17:30:46 2021 Central Europe Standard Time elapsed time: 13.491418 seconds (0d 0h 0m 13s)

---------------  T H R E A D  ---------------

Current thread (0x00000209e69c2ed0):  JavaThread "http-nio-8080-exec-3" daemon [_thread_in_native, id=8088, stack(0x000000743e100000,0x000000743e200000)]

Stack: [0x000000743e100000,0x000000743e200000],  sp=0x000000743e1faf10,  free space=1003k
Native frames: (J=compiled Java code, j=interpreted, Vv=VM code, C=native code)
C  [KERNELBASE.dll+0x34f69]
C  [jni-library.dll+0xf8f0]

Java frames: (J=compiled Java code, j=interpreted, Vv=VM code)
j  com.narcano.jni.CaffParser.CallParser(Ljava/lang/String;)[Lcom/narcano/jni/CIFF;+0
j  com.backend.backend.Controller.CaffController.getAllCaff()Lorg/springframework/http/ResponseEntity;+54
j  com.backend.backend.Controller.CaffController$$FastClassBySpringCGLIB$$5be4e08b.invoke(ILjava/lang/Object;[Ljava/lang/Object;)Ljava/lang/Object;+88
j  org.springframework.cglib.proxy.MethodProxy.invoke(Ljava/lang/Object;[Ljava/lang/Object;)Ljava/lang/Object;+19
j  org.springframework.aop.framework.CglibAopProxy$CglibMethodInvocation.invokeJoinpoint()Ljava/lang/Object;+19
j  org.springframework.aop.framework.ReflectiveMethodInvocation.proceed()Ljava/lang/Object;+19
j  org.springframework.aop.framework.CglibAopProxy$CglibMethodInvocation.proceed()Ljava/lang/Object;+1
j  org.springframework.security.access.intercept.aopalliance.MethodSecurityInterceptor.invoke(Lorg/aopalliance/intercept/MethodInvocation;)Ljava/lang/Object;+7
j  org.springframework.aop.framework.ReflectiveMethodInvocation.proceed()Ljava/lang/Object;+120
j  org.springframework.aop.framework.CglibAopProxy$CglibMethodInvocation.proceed()Ljava/lang/Object;+1
j  org.springframework.aop.framework.CglibAopProxy$DynamicAdvisedInterceptor.intercept(Ljava/lang/Object;Ljava/lang/reflect/Method;[Ljava/lang/Object;Lorg/springframework/cglib/proxy/MethodProxy;)Ljava/lang/Object;+133
j  com.backend.backend.Controller.CaffController$$EnhancerBySpringCGLIB$$7820855.getAllCaff()Lorg/springframework/http/ResponseEntity;+31
v  ~StubRoutines::call_stub
J 2744  jdk.internal.reflect.NativeMethodAccessorImpl.invoke0(Ljava/lang/reflect/Method;Ljava/lang/Object;[Ljava/lang/Object;)Ljava/lang/Object; java.base@17 (0 bytes) @ 0x00000209cf3d6aa7 [0x00000209cf3d6a20+0x0000000000000087]
J 2743 c1 jdk.internal.reflect.NativeMethodAccessorImpl.invoke(Ljava/lang/Object;[Ljava/lang/Object;)Ljava/lang/Object; java.base@17 (137 bytes) @ 0x00000209c82fbd6c [0x00000209c82fb360+0x0000000000000a0c]
J 2240 c1 jdk.internal.reflect.DelegatingMethodAccessorImpl.invoke(Ljava/lang/Object;[Ljava/lang/Object;)Ljava/lang/Object; java.base@17 (10 bytes) @ 0x00000209c81b1d4c [0x00000209c81b1c40+0x000000000000010c]
J 2339 c1 java.lang.reflect.Method.invoke(Ljava/lang/Object;[Ljava/lang/Object;)Ljava/lang/Object; java.base@17 (65 bytes) @ 0x00000209c81e7544 [0x00000209c81e7200+0x0000000000000344]
j  org.springframework.web.method.support.InvocableHandlerMethod.doInvoke([Ljava/lang/Object;)Ljava/lang/Object;+28
j  org.springframework.web.method.support.InvocableHandlerMethod.invokeForRequest(Lorg/springframework/web/context/request/NativeWebRequest;Lorg/springframework/web/method/support/ModelAndViewContainer;[Ljava/lang/Object;)Ljava/lang/Object;+54
j  org.springframework.web.servlet.mvc.method.annotation.ServletInvocableHandlerMethod.invokeAndHandle(Lorg/springframework/web/context/request/ServletWebRequest;Lorg/springframework/web/method/support/ModelAndViewContainer;[Ljava/lang/Object;)V+4
j  org.springframework.web.servlet.mvc.method.annotation.RequestMappingHandlerAdapter.invokeHandlerMethod(Ljavax/servlet/http/HttpServletRequest;Ljavax/servlet/http/HttpServletResponse;Lorg/springframework/web/method/HandlerMethod;)Lorg/springframework/web/servlet/ModelAndView;+244
j  org.springframework.web.servlet.mvc.method.annotation.RequestMappingHandlerAdapter.handleInternal(Ljavax/servlet/http/HttpServletRequest;Ljavax/servlet/http/HttpServletResponse;Lorg/springframework/web/method/HandlerMethod;)Lorg/springframework/web/servlet/ModelAndView;+81
j  org.springframework.web.servlet.mvc.method.AbstractHandlerMethodAdapter.handle(Ljavax/servlet/http/HttpServletRequest;Ljavax/servlet/http/HttpServletResponse;Ljava/lang/Object;)Lorg/springframework/web/servlet/ModelAndView;+7
j  org.springframework.web.servlet.DispatcherServlet.doDispatch(Ljavax/servlet/http/HttpServletRequest;Ljavax/servlet/http/HttpServletResponse;)V+259
j  org.springframework.web.servlet.DispatcherServlet.doService(Ljavax/servlet/http/HttpServletRequest;Ljavax/servlet/http/HttpServletResponse;)V+241
j  org.springframework.web.servlet.FrameworkServlet.processRequest(Ljavax/servlet/http/HttpServletRequest;Ljavax/servlet/http/HttpServletResponse;)V+71
j  org.springframework.web.servlet.FrameworkServlet.doGet(Ljavax/servlet/http/HttpServletRequest;Ljavax/servlet/http/HttpServletResponse;)V+3
j  javax.servlet.http.HttpServlet.service(Ljavax/servlet/http/HttpServletRequest;Ljavax/servlet/http/HttpServletResponse;)V+35
j  org.springframework.web.servlet.FrameworkServlet.service(Ljavax/servlet/http/HttpServletRequest;Ljavax/servlet/http/HttpServletResponse;)V+33
j  javax.servlet.http.HttpServlet.service(Ljavax/servlet/ServletRequest;Ljavax/servlet/ServletResponse;)V+36
j  org.apache.catalina.core.ApplicationFilterChain.internalDoFilter(Ljavax/servlet/ServletRequest;Ljavax/servlet/ServletResponse;)V+304
j  org.apache.catalina.core.ApplicationFilterChain.doFilter(Ljavax/servlet/ServletRequest;Ljavax/servlet/ServletResponse;)V+99
j  org.apache.tomcat.websocket.server.WsFilter.doFilter(Ljavax/servlet/ServletRequest;Ljavax/servlet/ServletResponse;Ljavax/servlet/FilterChain;)V+21
j  org.apache.catalina.core.ApplicationFilterChain.internalDoFilter(Ljavax/servlet/ServletRequest;Ljavax/servlet/ServletResponse;)V+135
j  org.apache.catalina.core.ApplicationFilterChain.doFilter(Ljavax/servlet/ServletRequest;Ljavax/servlet/ServletResponse;)V+99
j  org.springframework.web.filter.OncePerRequestFilter.doFilter(Ljavax/servlet/ServletRequest;Ljavax/servlet/ServletResponse;Ljavax/servlet/FilterChain;)V+122
j  org.apache.catalina.core.ApplicationFilterChain.internalDoFilter(Ljavax/servlet/ServletRequest;Ljavax/servlet/ServletResponse;)V+135
j  org.apache.catalina.core.ApplicationFilterChain.doFilter(Ljavax/servlet/ServletRequest;Ljavax/servlet/ServletResponse;)V+99
j  org.springframework.security.web.FilterChainProxy$VirtualFilterChain.doFilter(Ljavax/servlet/ServletRequest;Ljavax/servlet/ServletResponse;)V+52
j  org.springframework.security.web.access.intercept.FilterSecurityInterceptor.invoke(Lorg/springframework/security/web/FilterInvocation;)V+79
j  org.springframework.security.web.access.intercept.FilterSecurityInterceptor.doFilter(Ljavax/servlet/ServletRequest;Ljavax/servlet/ServletResponse;Ljavax/servlet/FilterChain;)V+11
j  org.springframework.security.web.FilterChainProxy$VirtualFilterChain.doFilter(Ljavax/servlet/ServletRequest;Ljavax/servlet/ServletResponse;)V+136
j  org.springframework.security.web.access.ExceptionTranslationFilter.doFilter(Ljavax/servlet/http/HttpServletRequest;Ljavax/servlet/http/HttpServletResponse;Ljavax/servlet/FilterChain;)V+3
j  org.springframework.security.web.access.ExceptionTranslationFilter.doFilter(Ljavax/servlet/ServletRequest;Ljavax/servlet/ServletResponse;Ljavax/servlet/FilterChain;)V+10
j  org.springframework.security.web.FilterChainProxy$VirtualFilterChain.doFilter(Ljavax/servlet/ServletRequest;Ljavax/servlet/ServletResponse;)V+136
j  org.springframework.security.web.session.SessionManagementFilter.doFilter(Ljavax/servlet/http/HttpServletRequest;Ljavax/servlet/http/HttpServletResponse;Ljavax/servlet/FilterChain;)V+210
j  org.springframework.security.web.session.SessionManagementFilter.doFilter(Ljavax/servlet/ServletRequest;Ljavax/servlet/ServletResponse;Ljavax/servlet/FilterChain;)V+10
j  org.springframework.security.web.FilterChainProxy$VirtualFilterChain.doFilter(Ljavax/servlet/ServletRequest;Ljavax/servlet/ServletResponse;)V+136
j  org.springframework.security.web.authentication.AnonymousAuthenticationFilter.doFilter(Ljavax/servlet/ServletRequest;Ljavax/servlet/ServletResponse;Ljavax/servlet/FilterChain;)V+105
j  org.springframework.security.web.FilterChainProxy$VirtualFilterChain.doFilter(Ljavax/servlet/ServletRequest;Ljavax/servlet/ServletResponse;)V+136
j  org.springframework.security.web.servletapi.SecurityContextHolderAwareRequestFilter.doFilter(Ljavax/servlet/ServletRequest;Ljavax/servlet/ServletResponse;Ljavax/servlet/FilterChain;)V+19
j  org.springframework.security.web.FilterChainProxy$VirtualFilterChain.doFilter(Ljavax/servlet/ServletRequest;Ljavax/servlet/ServletResponse;)V+136
j  org.springframework.security.web.savedrequest.RequestCacheAwareFilter.doFilter(Ljavax/servlet/ServletRequest;Ljavax/servlet/ServletResponse;Ljavax/servlet/FilterChain;)V+32
j  org.springframework.security.web.FilterChainProxy$VirtualFilterChain.doFilter(Ljavax/servlet/ServletRequest;Ljavax/servlet/ServletResponse;)V+136
j  com.backend.backend.Security.Auth.AuthTokenFilter.doFilterInternal(Ljavax/servlet/http/HttpServletRequest;Ljavax/servlet/http/HttpServletResponse;Ljavax/servlet/FilterChain;)V+111
j  org.springframework.web.filter.OncePerRequestFilter.doFilter(Ljavax/servlet/ServletRequest;Ljavax/servlet/ServletResponse;Ljavax/servlet/FilterChain;)V+147
j  org.springframework.security.web.FilterChainProxy$VirtualFilterChain.doFilter(Ljavax/servlet/ServletRequest;Ljavax/servlet/ServletResponse;)V+136
j  org.springframework.security.web.authentication.logout.LogoutFilter.doFilter(Ljavax/servlet/http/HttpServletRequest;Ljavax/servlet/http/HttpServletResponse;Ljavax/servlet/FilterChain;)V+77
j  org.springframework.security.web.authentication.logout.LogoutFilter.doFilter(Ljavax/servlet/ServletRequest;Ljavax/servlet/ServletResponse;Ljavax/servlet/FilterChain;)V+10
j  org.springframework.security.web.FilterChainProxy$VirtualFilterChain.doFilter(Ljavax/servlet/ServletRequest;Ljavax/servlet/ServletResponse;)V+136
j  org.springframework.web.filter.CorsFilter.doFilterInternal(Ljavax/servlet/http/HttpServletRequest;Ljavax/servlet/http/HttpServletResponse;Ljavax/servlet/FilterChain;)V+43
j  org.springframework.web.filter.OncePerRequestFilter.doFilter(Ljavax/servlet/ServletRequest;Ljavax/servlet/ServletResponse;Ljavax/servlet/FilterChain;)V+147
j  org.springframework.security.web.FilterChainProxy$VirtualFilterChain.doFilter(Ljavax/servlet/ServletRequest;Ljavax/servlet/ServletResponse;)V+136
j  org.springframework.security.web.header.HeaderWriterFilter.doHeadersAfter(Ljavax/servlet/http/HttpServletRequest;Ljavax/servlet/http/HttpServletResponse;Ljavax/servlet/FilterChain;)V+29
j  org.springframework.security.web.header.HeaderWriterFilter.doFilterInternal(Ljavax/servlet/http/HttpServletRequest;Ljavax/servlet/http/HttpServletResponse;Ljavax/servlet/FilterChain;)V+21
j  org.springframework.web.filter.OncePerRequestFilter.doFilter(Ljavax/servlet/ServletRequest;Ljavax/servlet/ServletResponse;Ljavax/servlet/FilterChain;)V+147
j  org.springframework.security.web.FilterChainProxy$VirtualFilterChain.doFilter(Ljavax/servlet/ServletRequest;Ljavax/servlet/ServletResponse;)V+136
j  org.springframework.security.web.context.SecurityContextPersistenceFilter.doFilter(Ljavax/servlet/http/HttpServletRequest;Ljavax/servlet/http/HttpServletResponse;Ljavax/servlet/FilterChain;)V+181
j  org.springframework.security.web.context.SecurityContextPersistenceFilter.doFilter(Ljavax/servlet/ServletRequest;Ljavax/servlet/ServletResponse;Ljavax/servlet/FilterChain;)V+10
j  org.springframework.security.web.FilterChainProxy$VirtualFilterChain.doFilter(Ljavax/servlet/ServletRequest;Ljavax/servlet/ServletResponse;)V+136
j  org.springframework.security.web.context.request.async.WebAsyncManagerIntegrationFilter.doFilterInternal(Ljavax/servlet/http/HttpServletRequest;Ljavax/servlet/http/HttpServletResponse;Ljavax/servlet/FilterChain;)V+42
j  org.springframework.web.filter.OncePerRequestFilter.doFilter(Ljavax/servlet/ServletRequest;Ljavax/servlet/ServletResponse;Ljavax/servlet/FilterChain;)V+147
j  org.springframework.security.web.FilterChainProxy$VirtualFilterChain.doFilter(Ljavax/servlet/ServletRequest;Ljavax/servlet/ServletResponse;)V+136
j  org.springframework.security.web.FilterChainProxy.doFilterInternal(Ljavax/servlet/ServletRequest;Ljavax/servlet/ServletResponse;Ljavax/servlet/FilterChain;)V+148
j  org.springframework.security.web.FilterChainProxy.doFilter(Ljavax/servlet/ServletRequest;Ljavax/servlet/ServletResponse;Ljavax/servlet/FilterChain;)V+48
j  org.springframework.web.filter.DelegatingFilterProxy.invokeDelegate(Ljavax/servlet/Filter;Ljavax/servlet/ServletRequest;Ljavax/servlet/ServletResponse;Ljavax/servlet/FilterChain;)V+5
j  org.springframework.web.filter.DelegatingFilterProxy.doFilter(Ljavax/servlet/ServletRequest;Ljavax/servlet/ServletResponse;Ljavax/servlet/FilterChain;)V+85
j  org.apache.catalina.core.ApplicationFilterChain.internalDoFilter(Ljavax/servlet/ServletRequest;Ljavax/servlet/ServletResponse;)V+135
j  org.apache.catalina.core.ApplicationFilterChain.doFilter(Ljavax/servlet/ServletRequest;Ljavax/servlet/ServletResponse;)V+99
j  org.springframework.web.filter.RequestContextFilter.doFilterInternal(Ljavax/servlet/http/HttpServletRequest;Ljavax/servlet/http/HttpServletResponse;Ljavax/servlet/FilterChain;)V+21
j  org.springframework.web.filter.OncePerRequestFilter.doFilter(Ljavax/servlet/ServletRequest;Ljavax/servlet/ServletResponse;Ljavax/servlet/FilterChain;)V+147
j  org.apache.catalina.core.ApplicationFilterChain.internalDoFilter(Ljavax/servlet/ServletRequest;Ljavax/servlet/ServletResponse;)V+135
j  org.apache.catalina.core.ApplicationFilterChain.doFilter(Ljavax/servlet/ServletRequest;Ljavax/servlet/ServletResponse;)V+99
j  org.springframework.web.filter.FormContentFilter.doFilterInternal(Ljavax/servlet/http/HttpServletRequest;Ljavax/servlet/http/HttpServletResponse;Ljavax/servlet/FilterChain;)V+38
j  org.springframework.web.filter.OncePerRequestFilter.doFilter(Ljavax/servlet/ServletRequest;Ljavax/servlet/ServletResponse;Ljavax/servlet/FilterChain;)V+147
j  org.apache.catalina.core.ApplicationFilterChain.internalDoFilter(Ljavax/servlet/ServletRequest;Ljavax/servlet/ServletResponse;)V+135
j  org.apache.catalina.core.ApplicationFilterChain.doFilter(Ljavax/servlet/ServletRequest;Ljavax/servlet/ServletResponse;)V+99
j  org.springframework.web.filter.CharacterEncodingFilter.doFilterInternal(Ljavax/servlet/http/HttpServletRequest;Ljavax/servlet/http/HttpServletResponse;Ljavax/servlet/FilterChain;)V+53
j  org.springframework.web.filter.OncePerRequestFilter.doFilter(Ljavax/servlet/ServletRequest;Ljavax/servlet/ServletResponse;Ljavax/servlet/FilterChain;)V+147
j  org.apache.catalina.core.ApplicationFilterChain.internalDoFilter(Ljavax/servlet/ServletRequest;Ljavax/servlet/ServletResponse;)V+135
j  org.apache.catalina.core.ApplicationFilterChain.doFilter(Ljavax/servlet/ServletRequest;Ljavax/servlet/ServletResponse;)V+99
j  org.apache.catalina.core.StandardWrapperValve.invoke(Lorg/apache/catalina/connector/Request;Lorg/apache/catalina/connector/Response;)V+694
j  org.apache.catalina.core.StandardContextValve.invoke(Lorg/apache/catalina/connector/Request;Lorg/apache/catalina/connector/Response;)V+169
j  org.apache.catalina.authenticator.AuthenticatorBase.invoke(Lorg/apache/catalina/connector/Request;Lorg/apache/catalina/connector/Response;)V+260
j  org.apache.catalina.core.StandardHostValve.invoke(Lorg/apache/catalina/connector/Request;Lorg/apache/catalina/connector/Response;)V+128
j  org.apache.catalina.valves.ErrorReportValve.invoke(Lorg/apache/catalina/connector/Request;Lorg/apache/catalina/connector/Response;)V+6
j  org.apache.catalina.core.StandardEngineValve.invoke(Lorg/apache/catalina/connector/Request;Lorg/apache/catalina/connector/Response;)V+59
j  org.apache.catalina.connector.CoyoteAdapter.service(Lorg/apache/coyote/Request;Lorg/apache/coyote/Response;)V+199
j  org.apache.coyote.http11.Http11Processor.service(Lorg/apache/tomcat/util/net/SocketWrapperBase;)Lorg/apache/tomcat/util/net/AbstractEndpoint$Handler$SocketState;+737
j  org.apache.coyote.AbstractProcessorLight.process(Lorg/apache/tomcat/util/net/SocketWrapperBase;Lorg/apache/tomcat/util/net/SocketEvent;)Lorg/apache/tomcat/util/net/AbstractEndpoint$Handler$SocketState;+170
j  org.apache.coyote.AbstractProtocol$ConnectionHandler.process(Lorg/apache/tomcat/util/net/SocketWrapperBase;Lorg/apache/tomcat/util/net/SocketEvent;)Lorg/apache/tomcat/util/net/AbstractEndpoint$Handler$SocketState;+505
j  org.apache.tomcat.util.net.NioEndpoint$SocketProcessor.doRun()V+216
j  org.apache.tomcat.util.net.SocketProcessorBase.run()V+21
j  org.apache.tomcat.util.threads.ThreadPoolExecutor.runWorker(Lorg/apache/tomcat/util/threads/ThreadPoolExecutor$Worker;)V+92
j  org.apache.tomcat.util.threads.ThreadPoolExecutor$Worker.run()V+5
j  org.apache.tomcat.util.threads.TaskThread$WrappingRunnable.run()V+4
j  java.lang.Thread.run()V+11 java.base@17
v  ~StubRoutines::call_stub

siginfo: EXCEPTION_UNCAUGHT_CXX_EXCEPTION (0xe06d7363), ExceptionInformation=0x0000000019930520 0x000000743e1fb298 0x00007ffc6a8d1b70 0x00007ffc6a890000 


Register to memory mapping:

RIP=0x00007ffc7bc34f69 KERNELBASE.dll
RAX=0x00000209e987fe30 points into unknown readable memory: 0x4f001a004e000900 | 00 09 00 4e 00 1a 00 4f
RBX=0x00007ffc6a8d1b70 jni-library.dll
RCX=0x00000209e987fe40 points into unknown readable memory: 0x00000209e9f2df50 | 50 df f2 e9 09 02 00 00
RDX=0x0 is NULL
RSP=0x000000743e1faf10 is pointing into the stack for thread: 0x00000209e69c2ed0
RBP=0x000000743e1fb6d0 is pointing into the stack for thread: 0x00000209e69c2ed0
RSI=0x000000743e1fb298 is pointing into the stack for thread: 0x00000209e69c2ed0
RDI=0x0000000019930520 is an unknown value
R8 =0x00000209bddf0000 points into unknown readable memory: 0x0000000000000000 | 00 00 00 00 00 00 00 00
R9 =0x00000003007a0069 is an unknown value
R10=0x00610062005c0046 is an unknown value
R11=0x006e0065006b0063 is an unknown value
R12=0x0 is NULL
R13={method} {0x00000209ee3cf988} 'CallParser' '(Ljava/lang/String;)[Lcom/narcano/jni/CIFF;' in 'com/narcano/jni/CaffParser'
R14=0x000000743e1fb6f8 is pointing into the stack for thread: 0x00000209e69c2ed0
R15=0x00000209e69c2ed0 is a thread


Registers:
RAX=0x00000209e987fe30, RBX=0x00007ffc6a8d1b70, RCX=0x00000209e987fe40, RDX=0x0000000000000000
RSP=0x000000743e1faf10, RBP=0x000000743e1fb6d0, RSI=0x000000743e1fb298, RDI=0x0000000019930520
R8 =0x00000209bddf0000, R9 =0x00000003007a0069, R10=0x00610062005c0046, R11=0x006e0065006b0063
R12=0x0000000000000000, R13=0x00000209ee3cf980, R14=0x000000743e1fb6f8, R15=0x00000209e69c2ed0
RIP=0x00007ffc7bc34f69, EFLAGS=0x0000000000000206

Top of Stack: (sp=0x000000743e1faf10)
0x000000743e1faf10:   00000209e69c2ed0 00007ffc6a8d1b70
0x000000743e1faf20:   000000743e1fb298 0000000000000000
0x000000743e1faf30:   00000001e06d7363 0000000000000000
0x000000743e1faf40:   00007ffc7bc34f69 00007ffc00000004
0x000000743e1faf50:   0000000019930520 000000743e1fb298
0x000000743e1faf60:   00007ffc6a8d1b70 00007ffc6a890000
0x000000743e1faf70:   00000209ee3cf980 0000000000000000
0x000000743e1faf80:   000000743e1fb298 000000743e1fb6d0
0x000000743e1faf90:   000000743e1fb010 00007ffc7e164a5f
0x000000743e1fafa0:   0000000019930520 00007ffc00000000
0x000000743e1fafb0:   00000209ee3cf980 0000000000000000
0x000000743e1fafc0:   00007ffc6a8d6000 00007ffc6a890000
0x000000743e1fafd0:   00003eeb2aa83c2b 00007ffc6a891601
0x000000743e1fafe0:   00007ffc6a8d1b70 00007ffc6a89f8f0
0x000000743e1faff0:   000000743e1fb298 00007ffc6a8c07a8
0x000000743e1fb000:   000000743e1fb038 00007ffc6a89b753 

Instructions: (pc=0x00007ffc7bc34f69)
0x00007ffc7bc34e69:   d8 21 00 00 41 0f 44 c0 89 43 24 8b 41 18 89 43
0x00007ffc7bc34e79:   28 65 48 8b 04 25 60 00 00 00 48 8b 48 20 39 79
0x00007ffc7bc34e89:   08 7c 36 41 b9 40 00 00 00 48 89 7c 24 20 4c 8d
0x00007ffc7bc34e99:   44 24 30 48 83 c9 ff 41 8d 51 e5 48 ff 15 6d 9d
0x00007ffc7bc34ea9:   18 00 0f 1f 44 00 00 85 c0 0f 88 7f ef 06 00 81
0x00007ffc7bc34eb9:   7c 24 54 33 00 03 00 72 0f 48 8b 9c 24 80 00 00
0x00007ffc7bc34ec9:   00 48 83 c4 70 5f c3 cc 89 7b 2c eb ec cc cc cc
0x00007ffc7bc34ed9:   cc cc cc cc cc cc cc 65 48 8b 04 25 30 00 00 00
0x00007ffc7bc34ee9:   8b 40 68 c3 cc cc cc cc cc cc cc cc cc cc cc cc
0x00007ffc7bc34ef9:   cc cc cc cc cc cc cc 48 81 ec d8 00 00 00 48 8b
0x00007ffc7bc34f09:   05 62 5f 25 00 48 33 c4 48 89 84 24 c0 00 00 00
0x00007ffc7bc34f19:   48 83 64 24 28 00 48 8d 05 da ff ff ff 83 e2 01
0x00007ffc7bc34f29:   89 4c 24 20 89 54 24 24 48 89 44 24 30 4d 85 c9
0x00007ffc7bc34f39:   74 4c b8 0f 00 00 00 48 8d 4c 24 40 44 3b c0 49
0x00007ffc7bc34f49:   8b d1 44 0f 47 c0 44 89 44 24 38 49 c1 e0 03 e8
0x00007ffc7bc34f59:   1a d5 05 00 48 8d 4c 24 20 48 ff 15 8f 9d 18 00
0x00007ffc7bc34f69:   0f 1f 44 00 00 48 8b 8c 24 c0 00 00 00 48 33 cc
0x00007ffc7bc34f79:   e8 52 97 05 00 48 81 c4 d8 00 00 00 c3 cc 83 64
0x00007ffc7bc34f89:   24 38 00 eb cf cc cc cc cc cc cc cc cc cc cc cc
0x00007ffc7bc34f99:   cc cc cc cc cc cc cc 40 53 48 83 ec 30 48 8b d1
0x00007ffc7bc34fa9:   48 8d 4c 24 20 e8 e5 cc ff ff 85 c0 74 26 48 8b
0x00007ffc7bc34fb9:   4c 24 28 e8 8f 6f ff ff 48 8d 4c 24 20 8b d8 48
0x00007ffc7bc34fc9:   ff 15 81 95 18 00 0f 1f 44 00 00 8b c3 48 83 c4
0x00007ffc7bc34fd9:   30 5b c3 cc 83 c8 ff eb f4 cc cc cc cc cc cc cc
0x00007ffc7bc34fe9:   cc cc cc cc cc cc cc 48 8b c4 48 89 58 10 48 89
0x00007ffc7bc34ff9:   70 18 57 48 83 ec 60 0f 57 c0 0f 11 40 b8 48 8d
0x00007ffc7bc35009:   35 a2 f5 18 00 33 db 48 85 c9 48 0f 45 f1 48 8b
0x00007ffc7bc35019:   d6 48 8d 48 c8 48 ff 15 b3 9b 18 00 0f 1f 44 00
0x00007ffc7bc35029:   00 8b f8 89 44 24 70 85 c0 78 1f 41 b0 01 48 8d
0x00007ffc7bc35039:   54 24 30 48 8d 4c 24 20 48 ff 15 30 95 18 00 0f
0x00007ffc7bc35049:   1f 44 00 00 8b f8 89 44 24 70 85 ff 0f 88 e9 ed
0x00007ffc7bc35059:   06 00 48 83 c8 ff 48 8b c8 48 ff c1 66 39 1c 4e 


Stack slot to memory mapping:
stack at sp + 0 slots: 0x00000209e69c2ed0 is a thread
stack at sp + 1 slots: 0x00007ffc6a8d1b70 jni-library.dll
stack at sp + 2 slots: 0x000000743e1fb298 is pointing into the stack for thread: 0x00000209e69c2ed0
stack at sp + 3 slots: 0x0 is NULL
stack at sp + 4 slots: 0x00000001e06d7363 is an unknown value
stack at sp + 5 slots: 0x0 is NULL
stack at sp + 6 slots: 0x00007ffc7bc34f69 KERNELBASE.dll
stack at sp + 7 slots: 0x00007ffc00000004 is an unknown value


---------------  P R O C E S S  ---------------

Threads class SMR info:
_java_thread_list=0x00000209e61c3a70, length=23, elements={
0x00000209e244d970, 0x00000209e244e8b0, 0x00000209e2463530, 0x00000209e24641b0,
0x00000209e2466b70, 0x00000209e2467520, 0x00000209e24682b0, 0x00000209e2468d50,
0x00000209e3041e80, 0x00000209e3103510, 0x00000209e3113690, 0x00000209e3c83510,
0x00000209e3c81360, 0x00000209e3c81830, 0x00000209e3c839e0, 0x00000209e3c821d0,
0x00000209e69c4bb0, 0x00000209e69c2a00, 0x00000209e69c5a20, 0x00000209e69c5080,
0x00000209e69c2530, 0x00000209e69c5550, 0x00000209e69c2ed0
}

Java Threads: ( => current thread )
  0x00000209e244d970 JavaThread "Reference Handler" daemon [_thread_blocked, id=17092, stack(0x000000743cf00000,0x000000743d000000)]
  0x00000209e244e8b0 JavaThread "Finalizer" daemon [_thread_blocked, id=15076, stack(0x000000743d000000,0x000000743d100000)]
  0x00000209e2463530 JavaThread "Signal Dispatcher" daemon [_thread_blocked, id=4420, stack(0x000000743d100000,0x000000743d200000)]
  0x00000209e24641b0 JavaThread "Attach Listener" daemon [_thread_blocked, id=3608, stack(0x000000743d200000,0x000000743d300000)]
  0x00000209e2466b70 JavaThread "Service Thread" daemon [_thread_blocked, id=1760, stack(0x000000743d300000,0x000000743d400000)]
  0x00000209e2467520 JavaThread "Monitor Deflation Thread" daemon [_thread_blocked, id=1736, stack(0x000000743d400000,0x000000743d500000)]
  0x00000209e24682b0 JavaThread "C2 CompilerThread0" daemon [_thread_blocked, id=13012, stack(0x000000743d500000,0x000000743d600000)]
  0x00000209e2468d50 JavaThread "C1 CompilerThread0" daemon [_thread_blocked, id=13244, stack(0x000000743d600000,0x000000743d700000)]
  0x00000209e3041e80 JavaThread "Sweeper thread" daemon [_thread_blocked, id=12996, stack(0x000000743d700000,0x000000743d800000)]
  0x00000209e3103510 JavaThread "Notification Thread" daemon [_thread_blocked, id=15872, stack(0x000000743d800000,0x000000743d900000)]
  0x00000209e3113690 JavaThread "Common-Cleaner" daemon [_thread_blocked, id=14008, stack(0x000000743da00000,0x000000743db00000)]
  0x00000209e3c83510 JavaThread "HikariPool-1 housekeeper" daemon [_thread_blocked, id=12672, stack(0x000000743e300000,0x000000743e400000)]
  0x00000209e3c81360 JavaThread "Catalina-utility-1" [_thread_blocked, id=17104, stack(0x000000743e500000,0x000000743e600000)]
  0x00000209e3c81830 JavaThread "Catalina-utility-2" [_thread_blocked, id=11168, stack(0x000000743e600000,0x000000743e700000)]
  0x00000209e3c839e0 JavaThread "container-0" [_thread_blocked, id=5588, stack(0x000000743e700000,0x000000743e800000)]
  0x00000209e3c821d0 JavaThread "File Watcher" daemon [_thread_blocked, id=6972, stack(0x000000743e800000,0x000000743e900000)]
  0x00000209e69c4bb0 JavaThread "Live Reload Server" daemon [_thread_in_native, id=6484, stack(0x000000743ea00000,0x000000743eb00000)]
  0x00000209e69c2a00 JavaThread "http-nio-8080-Poller" daemon [_thread_in_native, id=18888, stack(0x000000743e900000,0x000000743ea00000)]
  0x00000209e69c5a20 JavaThread "http-nio-8080-Acceptor" daemon [_thread_in_native, id=5684, stack(0x000000743eb00000,0x000000743ec00000)]
  0x00000209e69c5080 JavaThread "DestroyJavaVM" [_thread_blocked, id=4444, stack(0x000000743c700000,0x000000743c800000)]
  0x00000209e69c2530 JavaThread "http-nio-8080-exec-1" daemon [_thread_blocked, id=15864, stack(0x000000743dc00000,0x000000743dd00000)]
  0x00000209e69c5550 JavaThread "http-nio-8080-exec-2" daemon [_thread_blocked, id=3372, stack(0x000000743e000000,0x000000743e100000)]
=>0x00000209e69c2ed0 JavaThread "http-nio-8080-exec-3" daemon [_thread_in_native, id=8088, stack(0x000000743e100000,0x000000743e200000)]

Other Threads:
  0x00000209e2447840 VMThread "VM Thread" [stack: 0x000000743ce00000,0x000000743cf00000] [id=5068]
  0x00000209e310ba10 WatcherThread [stack: 0x000000743d900000,0x000000743da00000] [id=18056]
  0x00000209c0038280 GCTaskThread "GC Thread#0" [stack: 0x000000743c900000,0x000000743ca00000] [id=19072]
  0x00000209e39156f0 GCTaskThread "GC Thread#1" [stack: 0x000000743dd00000,0x000000743de00000] [id=13204]
  0x00000209e37fb120 GCTaskThread "GC Thread#2" [stack: 0x000000743de00000,0x000000743df00000] [id=14608]
  0x00000209e378d2d0 GCTaskThread "GC Thread#3" [stack: 0x000000743df00000,0x000000743e000000] [id=8116]
  0x00000209c00490d0 ConcurrentGCThread "G1 Main Marker" [stack: 0x000000743ca00000,0x000000743cb00000] [id=11716]
  0x00000209c0049bb0 ConcurrentGCThread "G1 Conc#0" [stack: 0x000000743cb00000,0x000000743cc00000] [id=12740]
  0x00000209e23024c0 ConcurrentGCThread "G1 Refine#0" [stack: 0x000000743cc00000,0x000000743cd00000] [id=11488]
  0x00000209e7d86d10 ConcurrentGCThread "G1 Refine#1" [stack: 0x000000743e200000,0x000000743e300000] [id=11052]
  0x00000209c00aba70 ConcurrentGCThread "G1 Service" [stack: 0x000000743cd00000,0x000000743ce00000] [id=4264]

Threads with active compile tasks:

VM state: not at safepoint (normal execution)

VM Mutex/Monitor currently owned by a thread: None

Heap address: 0x0000000700e00000, size: 4082 MB, Compressed Oops mode: Zero based, Oop shift amount: 3

CDS archive(s) mapped at: [0x0000000800000000-0x0000000800bc0000-0x0000000800bc0000), size 12320768, SharedBaseAddress: 0x0000000800000000, ArchiveRelocationMode: 0.
Compressed class space mapped at: 0x0000000800c00000-0x0000000840c00000, reserved size: 1073741824
Narrow klass base: 0x0000000800000000, Narrow klass shift: 0, Narrow klass range: 0x100000000

GC Precious Log:
 CPUs: 4 total, 4 available
 Memory: 16322M
 Large Page Support: Disabled
 NUMA Support: Disabled
 Compressed Oops: Enabled (Zero based)
 Heap Region Size: 2M
 Heap Min Capacity: 8M
 Heap Initial Capacity: 256M
 Heap Max Capacity: 4082M
 Pre-touch: Disabled
 Parallel Workers: 4
 Concurrent Workers: 1
 Concurrent Refinement Workers: 4
 Periodic GC: Disabled

Heap:
 garbage-first heap   total 133120K, used 86388K [0x0000000700e00000, 0x0000000800000000)
  region size 2048K, 32 young (65536K), 1 survivors (2048K)
 Metaspace       used 69433K, committed 69824K, reserved 1114112K
  class space    used 9224K, committed 9408K, reserved 1048576K

Heap Regions: E=young(eden), S=young(survivor), O=old, HS=humongous(starts), HC=humongous(continues), CS=collection set, F=free, OA=open archive, CA=closed archive, TAMS=top-at-mark-start (previous, next)
|   0|0x0000000700e00000, 0x0000000701000000, 0x0000000701000000|100%| O|  |TAMS 0x0000000701000000, 0x0000000700e00000| Untracked 
|   1|0x0000000701000000, 0x0000000701200000, 0x0000000701200000|100%| O|  |TAMS 0x0000000701200000, 0x0000000701000000| Untracked 
|   2|0x0000000701200000, 0x00000007013cb200, 0x0000000701400000| 89%| O|  |TAMS 0x00000007013cb200, 0x0000000701200000| Untracked 
|   3|0x0000000701400000, 0x0000000701600000, 0x0000000701600000|100%| O|  |TAMS 0x0000000701400000, 0x0000000701400000| Untracked 
|   4|0x0000000701600000, 0x0000000701600000, 0x0000000701800000|  0%| F|  |TAMS 0x0000000701600000, 0x0000000701600000| Untracked 
|   5|0x0000000701800000, 0x0000000701a00000, 0x0000000701a00000|100%| O|  |TAMS 0x0000000701a00000, 0x0000000701800000| Untracked 
|   6|0x0000000701a00000, 0x0000000701c00000, 0x0000000701c00000|100%| O|  |TAMS 0x0000000701c00000, 0x0000000701a00000| Untracked 
|   7|0x0000000701c00000, 0x0000000701e00000, 0x0000000701e00000|100%| O|  |TAMS 0x0000000701e00000, 0x0000000701c00000| Untracked 
|   8|0x0000000701e00000, 0x0000000702000000, 0x0000000702000000|100%| O|  |TAMS 0x0000000702000000, 0x0000000701e00000| Untracked 
|   9|0x0000000702000000, 0x0000000702200000, 0x0000000702200000|100%| O|  |TAMS 0x0000000702200000, 0x0000000702000000| Untracked 
|  10|0x0000000702200000, 0x0000000702400000, 0x0000000702400000|100%| O|  |TAMS 0x00000007023f6800, 0x0000000702200000| Untracked 
|  11|0x0000000702400000, 0x0000000702600000, 0x0000000702600000|100%| O|  |TAMS 0x0000000702400000, 0x0000000702400000| Untracked 
|  12|0x0000000702600000, 0x000000070273fa00, 0x0000000702800000| 62%| O|  |TAMS 0x0000000702600000, 0x0000000702600000| Untracked 
|  13|0x0000000702800000, 0x0000000702800000, 0x0000000702a00000|  0%| F|  |TAMS 0x0000000702800000, 0x0000000702800000| Untracked 
|  14|0x0000000702a00000, 0x0000000702a00000, 0x0000000702c00000|  0%| F|  |TAMS 0x0000000702a00000, 0x0000000702a00000| Untracked 
|  15|0x0000000702c00000, 0x0000000702c00000, 0x0000000702e00000|  0%| F|  |TAMS 0x0000000702c00000, 0x0000000702c00000| Untracked 
|  16|0x0000000702e00000, 0x0000000702e00000, 0x0000000703000000|  0%| F|  |TAMS 0x0000000702e00000, 0x0000000702e00000| Untracked 
|  17|0x0000000703000000, 0x0000000703000000, 0x0000000703200000|  0%| F|  |TAMS 0x0000000703000000, 0x0000000703000000| Untracked 
|  18|0x0000000703200000, 0x0000000703200000, 0x0000000703400000|  0%| F|  |TAMS 0x0000000703200000, 0x0000000703200000| Untracked 
|  19|0x0000000703400000, 0x00000007035525f8, 0x0000000703600000| 66%| S|CS|TAMS 0x0000000703400000, 0x0000000703400000| Complete 
|  20|0x0000000703600000, 0x0000000703600000, 0x0000000703800000|  0%| F|  |TAMS 0x0000000703600000, 0x0000000703600000| Untracked 
|  21|0x0000000703800000, 0x0000000703800000, 0x0000000703a00000|  0%| F|  |TAMS 0x0000000703800000, 0x0000000703800000| Untracked 
|  22|0x0000000703a00000, 0x0000000703a00000, 0x0000000703c00000|  0%| F|  |TAMS 0x0000000703a00000, 0x0000000703a00000| Untracked 
|  23|0x0000000703c00000, 0x0000000703c00000, 0x0000000703e00000|  0%| F|  |TAMS 0x0000000703c00000, 0x0000000703c00000| Untracked 
|  24|0x0000000703e00000, 0x0000000703e00000, 0x0000000704000000|  0%| F|  |TAMS 0x0000000703e00000, 0x0000000703e00000| Untracked 
|  25|0x0000000704000000, 0x0000000704000000, 0x0000000704200000|  0%| F|  |TAMS 0x0000000704000000, 0x0000000704000000| Untracked 
|  26|0x0000000704200000, 0x0000000704200000, 0x0000000704400000|  0%| F|  |TAMS 0x0000000704200000, 0x0000000704200000| Untracked 
|  27|0x0000000704400000, 0x0000000704400000, 0x0000000704600000|  0%| F|  |TAMS 0x0000000704400000, 0x0000000704400000| Untracked 
|  28|0x0000000704600000, 0x0000000704600000, 0x0000000704800000|  0%| F|  |TAMS 0x0000000704600000, 0x0000000704600000| Untracked 
|  29|0x0000000704800000, 0x0000000704800000, 0x0000000704a00000|  0%| F|  |TAMS 0x0000000704800000, 0x0000000704800000| Untracked 
|  30|0x0000000704a00000, 0x0000000704a00000, 0x0000000704c00000|  0%| F|  |TAMS 0x0000000704a00000, 0x0000000704a00000| Untracked 
|  31|0x0000000704c00000, 0x0000000704c00000, 0x0000000704e00000|  0%| F|  |TAMS 0x0000000704c00000, 0x0000000704c00000| Untracked 
|  32|0x0000000704e00000, 0x0000000704e00000, 0x0000000705000000|  0%| F|  |TAMS 0x0000000704e00000, 0x0000000704e00000| Untracked 
|  33|0x0000000705000000, 0x0000000705000000, 0x0000000705200000|  0%| F|  |TAMS 0x0000000705000000, 0x0000000705000000| Untracked 
|  34|0x0000000705200000, 0x0000000705400000, 0x0000000705400000|100%| E|  |TAMS 0x0000000705200000, 0x0000000705200000| Complete 
|  35|0x0000000705400000, 0x0000000705600000, 0x0000000705600000|100%| E|CS|TAMS 0x0000000705400000, 0x0000000705400000| Complete 
|  36|0x0000000705600000, 0x0000000705800000, 0x0000000705800000|100%| E|CS|TAMS 0x0000000705600000, 0x0000000705600000| Complete 
|  37|0x0000000705800000, 0x0000000705a00000, 0x0000000705a00000|100%| E|CS|TAMS 0x0000000705800000, 0x0000000705800000| Complete 
|  38|0x0000000705a00000, 0x0000000705c00000, 0x0000000705c00000|100%| E|CS|TAMS 0x0000000705a00000, 0x0000000705a00000| Complete 
|  39|0x0000000705c00000, 0x0000000705e00000, 0x0000000705e00000|100%| E|CS|TAMS 0x0000000705c00000, 0x0000000705c00000| Complete 
|  40|0x0000000705e00000, 0x0000000706000000, 0x0000000706000000|100%| E|CS|TAMS 0x0000000705e00000, 0x0000000705e00000| Complete 
|  41|0x0000000706000000, 0x0000000706200000, 0x0000000706200000|100%| E|CS|TAMS 0x0000000706000000, 0x0000000706000000| Complete 
|  42|0x0000000706200000, 0x0000000706400000, 0x0000000706400000|100%| E|CS|TAMS 0x0000000706200000, 0x0000000706200000| Complete 
|  43|0x0000000706400000, 0x0000000706600000, 0x0000000706600000|100%| E|CS|TAMS 0x0000000706400000, 0x0000000706400000| Complete 
|  44|0x0000000706600000, 0x0000000706800000, 0x0000000706800000|100%| E|CS|TAMS 0x0000000706600000, 0x0000000706600000| Complete 
|  45|0x0000000706800000, 0x0000000706a00000, 0x0000000706a00000|100%| E|CS|TAMS 0x0000000706800000, 0x0000000706800000| Complete 
|  46|0x0000000706a00000, 0x0000000706c00000, 0x0000000706c00000|100%| E|CS|TAMS 0x0000000706a00000, 0x0000000706a00000| Complete 
|  47|0x0000000706c00000, 0x0000000706e00000, 0x0000000706e00000|100%| E|CS|TAMS 0x0000000706c00000, 0x0000000706c00000| Complete 
|  48|0x0000000706e00000, 0x0000000707000000, 0x0000000707000000|100%| E|CS|TAMS 0x0000000706e00000, 0x0000000706e00000| Complete 
|  49|0x0000000707000000, 0x0000000707200000, 0x0000000707200000|100%| E|CS|TAMS 0x0000000707000000, 0x0000000707000000| Complete 
|  50|0x0000000707200000, 0x0000000707400000, 0x0000000707400000|100%| E|CS|TAMS 0x0000000707200000, 0x0000000707200000| Complete 
|  51|0x0000000707400000, 0x0000000707600000, 0x0000000707600000|100%| E|CS|TAMS 0x0000000707400000, 0x0000000707400000| Complete 
|  52|0x0000000707600000, 0x0000000707800000, 0x0000000707800000|100%| E|CS|TAMS 0x0000000707600000, 0x0000000707600000| Complete 
|  53|0x0000000707800000, 0x0000000707a00000, 0x0000000707a00000|100%| E|CS|TAMS 0x0000000707800000, 0x0000000707800000| Complete 
|  54|0x0000000707a00000, 0x0000000707c00000, 0x0000000707c00000|100%| E|CS|TAMS 0x0000000707a00000, 0x0000000707a00000| Complete 
|  55|0x0000000707c00000, 0x0000000707e00000, 0x0000000707e00000|100%| E|CS|TAMS 0x0000000707c00000, 0x0000000707c00000| Complete 
|  56|0x0000000707e00000, 0x0000000708000000, 0x0000000708000000|100%| E|CS|TAMS 0x0000000707e00000, 0x0000000707e00000| Complete 
|  57|0x0000000708000000, 0x0000000708200000, 0x0000000708200000|100%| E|CS|TAMS 0x0000000708000000, 0x0000000708000000| Complete 
|  58|0x0000000708200000, 0x0000000708400000, 0x0000000708400000|100%| E|CS|TAMS 0x0000000708200000, 0x0000000708200000| Complete 
|  59|0x0000000708400000, 0x0000000708600000, 0x0000000708600000|100%| E|CS|TAMS 0x0000000708400000, 0x0000000708400000| Complete 
|  60|0x0000000708600000, 0x0000000708800000, 0x0000000708800000|100%| E|CS|TAMS 0x0000000708600000, 0x0000000708600000| Complete 
|  67|0x0000000709400000, 0x0000000709600000, 0x0000000709600000|100%| E|CS|TAMS 0x0000000709400000, 0x0000000709400000| Complete 
|  68|0x0000000709600000, 0x0000000709800000, 0x0000000709800000|100%| E|CS|TAMS 0x0000000709600000, 0x0000000709600000| Complete 
|  69|0x0000000709800000, 0x0000000709a00000, 0x0000000709a00000|100%| E|CS|TAMS 0x0000000709800000, 0x0000000709800000| Complete 
| 127|0x0000000710c00000, 0x0000000710e00000, 0x0000000710e00000|100%| E|CS|TAMS 0x0000000710c00000, 0x0000000710c00000| Complete 

Card table byte_map: [0x00000209d6fd0000,0x00000209d77d0000] _byte_map_base: 0x00000209d37c9000

Marking Bits (Prev, Next): (CMBitMap*) 0x00000209c00388d0, (CMBitMap*) 0x00000209c0038890
 Prev Bits: [0x00000209dbfa0000, 0x00000209dff68000)
 Next Bits: [0x00000209d7fd0000, 0x00000209dbf98000)

Polling page: 0x00000209bdf30000

Metaspace:

Usage:
  Non-class:     58.80 MB used.
      Class:      9.01 MB used.
       Both:     67.81 MB used.

Virtual space:
  Non-class space:       64.00 MB reserved,      59.00 MB ( 92%) committed,  8 nodes.
      Class space:        1.00 GB reserved,       9.19 MB ( <1%) committed,  1 nodes.
             Both:        1.06 GB reserved,      68.19 MB (  6%) committed. 

Chunk freelists:
   Non-Class:  206.00 KB
       Class:  2.76 MB
        Both:  2.96 MB

MaxMetaspaceSize: unlimited
CompressedClassSpaceSize: 1.00 GB
Initial GC threshold: 21.00 MB
Current GC threshold: 88.44 MB
CDS: on
MetaspaceReclaimPolicy: balanced
 - commit_granule_bytes: 65536.
 - commit_granule_words: 8192.
 - virtual_space_node_default_size: 1048576.
 - enlarge_chunks_in_place: 1.
 - new_chunks_are_fully_committed: 0.
 - uncommit_free_chunks: 1.
 - use_allocation_guard: 0.
 - handle_deallocations: 1.


Internal statistics:

num_allocs_failed_limit: 9.
num_arena_births: 478.
num_arena_deaths: 0.
num_vsnodes_births: 9.
num_vsnodes_deaths: 0.
num_space_committed: 1091.
num_space_uncommitted: 0.
num_chunks_returned_to_freelist: 9.
num_chunks_taken_from_freelist: 3043.
num_chunk_merges: 9.
num_chunk_splits: 2200.
num_chunks_enlarged: 1771.
num_purges: 0.
num_inconsistent_stats: 0.

CodeHeap 'non-profiled nmethods': size=120000Kb used=3501Kb max_used=3501Kb free=116498Kb
 bounds [0x00000209cf2a0000, 0x00000209cf610000, 0x00000209d67d0000]
CodeHeap 'profiled nmethods': size=120000Kb used=10294Kb max_used=10294Kb free=109705Kb
 bounds [0x00000209c7d70000, 0x00000209c8780000, 0x00000209cf2a0000]
CodeHeap 'non-nmethods': size=5760Kb used=1336Kb max_used=1385Kb free=4423Kb
 bounds [0x00000209c77d0000, 0x00000209c7a40000, 0x00000209c7d70000]
 total_blobs=6213 nmethods=5543 adapters=582
 compilation: enabled
              stopped_count=0, restarted_count=0
 full_count=0

Compilation events (20 events):
Event: 13.472 Thread 0x00000209e2468d50 6274       3       java.util.StringTokenizer::skipDelimiters (116 bytes)
Event: 13.473 Thread 0x00000209e2468d50 nmethod 6274 0x00000209c877aa10 code [0x00000209c877acc0, 0x00000209c877ba68]
Event: 13.473 Thread 0x00000209e2468d50 6276       3       antlr.collections.impl.BitSet::member (38 bytes)
Event: 13.473 Thread 0x00000209e2468d50 nmethod 6276 0x00000209c877bf90 code [0x00000209c877c140, 0x00000209c877c418]
Event: 13.473 Thread 0x00000209e2468d50 6275       1       antlr.CharScanner::getCaseSensitiveLiterals (5 bytes)
Event: 13.473 Thread 0x00000209e2468d50 nmethod 6275 0x00000209cf60a690 code [0x00000209cf60a820, 0x00000209cf60a8f8]
Event: 13.473 Thread 0x00000209e2468d50 6277       1       antlr.CommonAST::setText (6 bytes)
Event: 13.473 Thread 0x00000209e2468d50 nmethod 6277 0x00000209cf60a990 code [0x00000209cf60ab20, 0x00000209cf60ac38]
Event: 13.473 Thread 0x00000209e2468d50 6278       1       antlr.CommonAST::setType (6 bytes)
Event: 13.473 Thread 0x00000209e2468d50 nmethod 6278 0x00000209cf60ac90 code [0x00000209cf60ae20, 0x00000209cf60aef8]
Event: 13.479 Thread 0x00000209e2468d50 6279       3       org.jboss.logging.Logger::isDebugEnabled (8 bytes)
Event: 13.479 Thread 0x00000209e2468d50 nmethod 6279 0x00000209c877c590 code [0x00000209c877c740, 0x00000209c877ca08]
Event: 13.479 Thread 0x00000209e2468d50 6280       1       org.h2.value.ValueCollectionBase::getList (5 bytes)
Event: 13.479 Thread 0x00000209e2468d50 nmethod 6280 0x00000209cf60af90 code [0x00000209cf60b120, 0x00000209cf60b1f8]
Event: 13.479 Thread 0x00000209e2468d50 6281   !   3       com.zaxxer.hikari.pool.HikariProxyResultSet::getString (18 bytes)
Event: 13.480 Thread 0x00000209e2468d50 nmethod 6281 0x00000209c877cb90 code [0x00000209c877cd40, 0x00000209c877cff8]
Event: 13.480 Thread 0x00000209e2468d50 6282   !   3       org.h2.jdbc.JdbcResultSet::getString (23 bytes)
Event: 13.480 Thread 0x00000209e2468d50 nmethod 6282 0x00000209c877d190 code [0x00000209c877d380, 0x00000209c877d808]
Event: 13.480 Thread 0x00000209e2468d50 6283       1       org.hibernate.engine.jdbc.internal.JdbcCoordinatorImpl::getLogicalConnection (5 bytes)
Event: 13.480 Thread 0x00000209e2468d50 nmethod 6283 0x00000209cf60b290 code [0x00000209cf60b420, 0x00000209cf60b4f8]

GC Heap History (20 events):
Event: 2.717 GC heap before
{Heap before GC invocations=6 (full 0):
 garbage-first heap   total 49152K, used 33392K [0x0000000700e00000, 0x0000000800000000)
  region size 2048K, 14 young (28672K), 4 survivors (8192K)
 Metaspace       used 28662K, committed 28992K, reserved 1081344K
  class space    used 3620K, committed 3776K, reserved 1048576K
}
Event: 2.724 GC heap after
{Heap after GC invocations=7 (full 0):
 garbage-first heap   total 49152K, used 14435K [0x0000000700e00000, 0x0000000800000000)
  region size 2048K, 2 young (4096K), 2 survivors (4096K)
 Metaspace       used 28662K, committed 28992K, reserved 1081344K
  class space    used 3620K, committed 3776K, reserved 1048576K
}
Event: 3.094 GC heap before
{Heap before GC invocations=7 (full 0):
 garbage-first heap   total 49152K, used 32867K [0x0000000700e00000, 0x0000000800000000)
  region size 2048K, 11 young (22528K), 2 survivors (4096K)
 Metaspace       used 31839K, committed 32192K, reserved 1081344K
  class space    used 4116K, committed 4288K, reserved 1048576K
}
Event: 3.100 GC heap after
{Heap after GC invocations=8 (full 0):
 garbage-first heap   total 155648K, used 16495K [0x0000000700e00000, 0x0000000800000000)
  region size 2048K, 2 young (4096K), 2 survivors (4096K)
 Metaspace       used 31839K, committed 32192K, reserved 1081344K
  class space    used 4116K, committed 4288K, reserved 1048576K
}
Event: 3.453 GC heap before
{Heap before GC invocations=8 (full 0):
 garbage-first heap   total 155648K, used 102511K [0x0000000700e00000, 0x0000000800000000)
  region size 2048K, 45 young (92160K), 2 survivors (4096K)
 Metaspace       used 34632K, committed 34944K, reserved 1081344K
  class space    used 4399K, committed 4544K, reserved 1048576K
}
Event: 3.459 GC heap after
{Heap after GC invocations=9 (full 0):
 garbage-first heap   total 155648K, used 17766K [0x0000000700e00000, 0x0000000800000000)
  region size 2048K, 3 young (6144K), 3 survivors (6144K)
 Metaspace       used 34632K, committed 34944K, reserved 1081344K
  class space    used 4399K, committed 4544K, reserved 1048576K
}
Event: 3.610 GC heap before
{Heap before GC invocations=9 (full 0):
 garbage-first heap   total 155648K, used 28006K [0x0000000700e00000, 0x0000000800000000)
  region size 2048K, 9 young (18432K), 3 survivors (6144K)
 Metaspace       used 35851K, committed 36096K, reserved 1081344K
  class space    used 4532K, committed 4672K, reserved 1048576K
}
Event: 3.614 GC heap after
{Heap after GC invocations=10 (full 0):
 garbage-first heap   total 155648K, used 18290K [0x0000000700e00000, 0x0000000800000000)
  region size 2048K, 3 young (6144K), 3 survivors (6144K)
 Metaspace       used 35851K, committed 36096K, reserved 1081344K
  class space    used 4532K, committed 4672K, reserved 1048576K
}
Event: 4.466 GC heap before
{Heap before GC invocations=11 (full 0):
 garbage-first heap   total 75776K, used 57202K [0x0000000700e00000, 0x0000000800000000)
  region size 2048K, 22 young (45056K), 3 survivors (6144K)
 Metaspace       used 44914K, committed 45248K, reserved 1089536K
  class space    used 5897K, committed 6080K, reserved 1048576K
}
Event: 4.473 GC heap after
{Heap after GC invocations=12 (full 0):
 garbage-first heap   total 75776K, used 20875K [0x0000000700e00000, 0x0000000800000000)
  region size 2048K, 3 young (6144K), 3 survivors (6144K)
 Metaspace       used 44914K, committed 45248K, reserved 1089536K
  class space    used 5897K, committed 6080K, reserved 1048576K
}
Event: 4.519 GC heap before
{Heap before GC invocations=12 (full 0):
 garbage-first heap   total 75776K, used 20875K [0x0000000700e00000, 0x0000000800000000)
  region size 2048K, 4 young (8192K), 3 survivors (6144K)
 Metaspace       used 45575K, committed 45952K, reserved 1089536K
  class space    used 5969K, committed 6144K, reserved 1048576K
}
Event: 4.524 GC heap after
{Heap after GC invocations=13 (full 0):
 garbage-first heap   total 75776K, used 20819K [0x0000000700e00000, 0x0000000800000000)
  region size 2048K, 1 young (2048K), 1 survivors (2048K)
 Metaspace       used 45575K, committed 45952K, reserved 1089536K
  class space    used 5969K, committed 6144K, reserved 1048576K
}
Event: 5.390 GC heap before
{Heap before GC invocations=13 (full 0):
 garbage-first heap   total 75776K, used 55635K [0x0000000700e00000, 0x0000000800000000)
  region size 2048K, 19 young (38912K), 1 survivors (2048K)
 Metaspace       used 53772K, committed 54080K, reserved 1097728K
  class space    used 7182K, committed 7296K, reserved 1048576K
}
Event: 5.393 GC heap after
{Heap after GC invocations=14 (full 0):
 garbage-first heap   total 75776K, used 21953K [0x0000000700e00000, 0x0000000800000000)
  region size 2048K, 1 young (2048K), 1 survivors (2048K)
 Metaspace       used 53772K, committed 54080K, reserved 1097728K
  class space    used 7182K, committed 7296K, reserved 1048576K
}
Event: 5.930 GC heap before
{Heap before GC invocations=15 (full 0):
 garbage-first heap   total 75776K, used 56769K [0x0000000700e00000, 0x0000000800000000)
  region size 2048K, 19 young (38912K), 1 survivors (2048K)
 Metaspace       used 57662K, committed 58048K, reserved 1105920K
  class space    used 7733K, committed 7936K, reserved 1048576K
}
Event: 5.934 GC heap after
{Heap after GC invocations=16 (full 0):
 garbage-first heap   total 75776K, used 24091K [0x0000000700e00000, 0x0000000800000000)
  region size 2048K, 2 young (4096K), 2 survivors (4096K)
 Metaspace       used 57662K, committed 58048K, reserved 1105920K
  class space    used 7733K, committed 7936K, reserved 1048576K
}
Event: 5.983 GC heap before
{Heap before GC invocations=16 (full 0):
 garbage-first heap   total 75776K, used 26139K [0x0000000700e00000, 0x0000000800000000)
  region size 2048K, 3 young (6144K), 2 survivors (4096K)
 Metaspace       used 57899K, committed 58304K, reserved 1105920K
  class space    used 7764K, committed 7936K, reserved 1048576K
}
Event: 5.991 GC heap after
{Heap after GC invocations=17 (full 0):
 garbage-first heap   total 75776K, used 24065K [0x0000000700e00000, 0x0000000800000000)
  region size 2048K, 1 young (2048K), 1 survivors (2048K)
 Metaspace       used 57899K, committed 58304K, reserved 1105920K
  class space    used 7764K, committed 7936K, reserved 1048576K
}
Event: 6.363 GC heap before
{Heap before GC invocations=17 (full 0):
 garbage-first heap   total 75776K, used 56833K [0x0000000700e00000, 0x0000000800000000)
  region size 2048K, 17 young (34816K), 1 survivors (2048K)
 Metaspace       used 59978K, committed 60288K, reserved 1105920K
  class space    used 8029K, committed 8192K, reserved 1048576K
}
Event: 6.366 GC heap after
{Heap after GC invocations=18 (full 0):
 garbage-first heap   total 133120K, used 24948K [0x0000000700e00000, 0x0000000800000000)
  region size 2048K, 1 young (2048K), 1 survivors (2048K)
 Metaspace       used 59978K, committed 60288K, reserved 1105920K
  class space    used 8029K, committed 8192K, reserved 1048576K
}

Deoptimization events (20 events):
Event: 11.181 Thread 0x00000209e69c5550 DEOPT PACKING pc=0x00000209cf30c104 sp=0x000000743e0fb8f0
Event: 11.181 Thread 0x00000209e69c5550 DEOPT UNPACKING pc=0x00000209c78223a3 sp=0x000000743e0fb860 mode 2
Event: 11.212 Thread 0x00000209e69c5550 DEOPT PACKING pc=0x00000209c87327e3 sp=0x000000743e0fbba0
Event: 11.212 Thread 0x00000209e69c5550 DEOPT UNPACKING pc=0x00000209c7822b43 sp=0x000000743e0fb028 mode 0
Event: 11.212 Thread 0x00000209e69c5550 DEOPT PACKING pc=0x00000209c87327e3 sp=0x000000743e0fbba0
Event: 11.212 Thread 0x00000209e69c5550 DEOPT UNPACKING pc=0x00000209c7822b43 sp=0x000000743e0fb028 mode 0
Event: 11.213 Thread 0x00000209e69c5550 DEOPT PACKING pc=0x00000209c87327e3 sp=0x000000743e0fbba0
Event: 11.213 Thread 0x00000209e69c5550 DEOPT UNPACKING pc=0x00000209c7822b43 sp=0x000000743e0fb028 mode 0
Event: 11.213 Thread 0x00000209e69c5550 DEOPT PACKING pc=0x00000209c87327e3 sp=0x000000743e0fbba0
Event: 11.213 Thread 0x00000209e69c5550 DEOPT UNPACKING pc=0x00000209c7822b43 sp=0x000000743e0fb028 mode 0
Event: 11.249 Thread 0x00000209e69c5550 Uncommon trap: trap_request=0xffffff45 fr.pc=0x00000209cf5d20f8 relative=0x0000000000000158
Event: 11.249 Thread 0x00000209e69c5550 Uncommon trap: reason=unstable_if action=reinterpret pc=0x00000209cf5d20f8 method=org.apache.tomcat.util.http.fileupload.MultipartStream.findSeparator()I @ 55 c2
Event: 11.249 Thread 0x00000209e69c5550 DEOPT PACKING pc=0x00000209cf5d20f8 sp=0x000000743e0fbc20
Event: 11.249 Thread 0x00000209e69c5550 DEOPT UNPACKING pc=0x00000209c78223a3 sp=0x000000743e0fbbb0 mode 2
Event: 11.307 Thread 0x00000209e69c5550 DEOPT PACKING pc=0x00000209c8481659 sp=0x000000743e0fa3a0
Event: 11.307 Thread 0x00000209e69c5550 DEOPT UNPACKING pc=0x00000209c7822b43 sp=0x000000743e0f98b0 mode 0
Event: 11.367 Thread 0x00000209e69c5550 Uncommon trap: trap_request=0xffffff45 fr.pc=0x00000209cf39d524 relative=0x0000000000000084
Event: 11.367 Thread 0x00000209e69c5550 Uncommon trap: reason=unstable_if action=reinterpret pc=0x00000209cf39d524 method=java.util.LinkedHashMap.afterNodeInsertion(Z)V @ 18 c2
Event: 11.367 Thread 0x00000209e69c5550 DEOPT PACKING pc=0x00000209cf39d524 sp=0x000000743e0f9a80
Event: 11.367 Thread 0x00000209e69c5550 DEOPT UNPACKING pc=0x00000209c78223a3 sp=0x000000743e0f9a00 mode 2

Classes unloaded (0 events):
No events

Classes redefined (0 events):
No events

Internal exceptions (20 events):
Event: 6.622 Thread 0x00000209e3f1fd70 Exception <a 'java/lang/ClassNotFoundException'{0x00000007081ca700}: org/springframework/security/config/annotation/web/configuration/HttpSecurityConfigurationCustomizer> (0x00000007081ca700) 
thrown [t:\workspace\open\src\hotspot\share\classfile\systemDictionary.cpp, line 256]
Event: 6.639 Thread 0x00000209e3f1fd70 Exception <a 'java/lang/NoSuchMethodError'{0x0000000707e53408}: 'java.lang.Object java.lang.invoke.DirectMethodHandle$Holder.invokeInterface(java.lang.Object, java.lang.Object, java.lang.Object, java.lang.Object)'> (0x0000000707e53408) 
thrown [t:\workspace\open\src\hotspot\share\interpreter\linkResolver.cpp, line 766]
Event: 6.687 Thread 0x00000209e3f1fd70 Exception <a 'java/lang/NoSuchMethodError'{0x0000000707c70930}: 'void java.lang.invoke.DirectMethodHandle$Holder.invokeVirtual(java.lang.Object, java.lang.Object, int)'> (0x0000000707c70930) 
thrown [t:\workspace\open\src\hotspot\share\interpreter\linkResolver.cpp, line 766]
Event: 6.689 Thread 0x00000209e3f1fd70 Exception <a 'java/lang/NoSuchMethodError'{0x0000000707c8b2e0}: 'void java.lang.invoke.DirectMethodHandle$Holder.invokeVirtual(java.lang.Object, java.lang.Object, long)'> (0x0000000707c8b2e0) 
thrown [t:\workspace\open\src\hotspot\share\interpreter\linkResolver.cpp, line 766]
Event: 6.761 Thread 0x00000209e3f1fd70 Exception <a 'java/lang/NoSuchMethodError'{0x00000007078913e0}: 'int java.lang.invoke.DirectMethodHandle$Holder.invokeStaticInit(java.lang.Object, java.lang.Object, java.lang.Object, java.lang.Object)'> (0x00000007078913e0) 
thrown [t:\workspace\open\src\hotspot\share\interpreter\linkResolver.cpp, line 766]
Event: 6.873 Thread 0x00000209e3f1fd70 Exception <a 'java/lang/NoSuchMethodError'{0x0000000707004a20}: 'java.lang.Object java.lang.invoke.DirectMethodHandle$Holder.invokeSpecial(java.lang.Object, java.lang.Object, int, java.lang.Object, int, java.lang.Object)'> (0x0000000707004a20) 
thrown [t:\workspace\open\src\hotspot\share\interpreter\linkResolver.cpp, line 766]
Event: 6.873 Thread 0x00000209e3f1fd70 Exception <a 'java/lang/NoSuchMethodError'{0x000000070700cac8}: 'java.lang.Object java.lang.invoke.DirectMethodHandle$Holder.newInvokeSpecial(java.lang.Object, java.lang.Object, int, java.lang.Object, int)'> (0x000000070700cac8) 
thrown [t:\workspace\open\src\hotspot\share\interpreter\linkResolver.cpp, line 766]
Event: 6.873 Thread 0x00000209e3f1fd70 Exception <a 'java/lang/NoSuchMethodError'{0x0000000707010bc8}: 'java.lang.Object java.lang.invoke.DirectMethodHandle$Holder.invokeSpecial(java.lang.Object, java.lang.Object, java.lang.Object, int, java.lang.Object, int)'> (0x0000000707010bc8) 
thrown [t:\workspace\open\src\hotspot\share\interpreter\linkResolver.cpp, line 766]
Event: 6.875 Thread 0x00000209e3f1fd70 Exception <a 'java/lang/NoSuchMethodError'{0x000000070701afa8}: 'void java.lang.invoke.DirectMethodHandle$Holder.invokeVirtual(java.lang.Object, java.lang.Object)'> (0x000000070701afa8) 
thrown [t:\workspace\open\src\hotspot\share\interpreter\linkResolver.cpp, line 766]
Event: 7.000 Thread 0x00000209e3f1fd70 Exception <a 'java/lang/ClassNotFoundException'{0x0000000706f966d8}: java/lang/ObjectCustomizer> (0x0000000706f966d8) 
thrown [t:\workspace\open\src\hotspot\share\classfile\systemDictionary.cpp, line 256]
Event: 7.001 Thread 0x00000209e3f1fd70 Exception <a 'java/lang/ClassNotFoundException'{0x0000000706fa07a8}: com/backend/backend/Data/RoleCustomizer> (0x0000000706fa07a8) 
thrown [t:\workspace\open\src\hotspot\share\classfile\systemDictionary.cpp, line 256]
Event: 7.139 Thread 0x00000209e3f1fd70 Exception <a 'java/lang/ClassNotFoundException'{0x0000000706b42458}: java/lang/ObjectCustomizer> (0x0000000706b42458) 
thrown [t:\workspace\open\src\hotspot\share\classfile\systemDictionary.cpp, line 256]
Event: 7.140 Thread 0x00000209e3f1fd70 Exception <a 'java/lang/ClassNotFoundException'{0x0000000706b4c528}: com/backend/backend/Data/UserCustomizer> (0x0000000706b4c528) 
thrown [t:\workspace\open\src\hotspot\share\classfile\systemDictionary.cpp, line 256]
Event: 10.929 Thread 0x00000209e69c5550 Exception <a 'sun/nio/fs/WindowsException'{0x0000000705e59ee0}> (0x0000000705e59ee0) 
thrown [t:\workspace\open\src\hotspot\share\prims\jni.cpp, line 516]
Event: 11.123 Thread 0x00000209e69c5550 Exception <a 'java/lang/NoSuchMethodError'{0x000000070587d700}: 'java.lang.Object java.lang.invoke.DirectMethodHandle$Holder.invokeStaticInit(java.lang.Object, java.lang.Object, java.lang.Object, java.lang.Object, java.lang.Object, java.lang.Object)'> (0x000000070587d700) 
thrown [t:\workspace\open\src\hotspot\share\interpreter\linkResolver.cpp, line 766]
Event: 11.330 Thread 0x00000209e69c5550 Exception <a 'java/lang/NoSuchMethodError'{0x0000000705517488}: 'java.lang.Object java.lang.invoke.DirectMethodHandle$Holder.invokeStatic(java.lang.Object, int, java.lang.Object)'> (0x0000000705517488) 
thrown [t:\workspace\open\src\hotspot\share\interpreter\linkResolver.cpp, line 766]
Event: 11.347 Thread 0x00000209e69c5550 Exception <a 'java/lang/ClassNotFoundException'{0x0000000705533220}: java/lang/ObjectCustomizer> (0x0000000705533220) 
thrown [t:\workspace\open\src\hotspot\share\classfile\systemDictionary.cpp, line 256]
Event: 11.349 Thread 0x00000209e69c5550 Exception <a 'java/lang/ClassNotFoundException'{0x0000000705542b00}: com/backend/backend/Data/CaffCustomizer> (0x0000000705542b00) 
thrown [t:\workspace\open\src\hotspot\share\classfile\systemDictionary.cpp, line 256]
Event: 11.361 Thread 0x00000209e69c5550 Exception <a 'java/lang/ClassNotFoundException'{0x000000070557f390}: java/lang/ObjectCustomizer> (0x000000070557f390) 
thrown [t:\workspace\open\src\hotspot\share\classfile\systemDictionary.cpp, line 256]
Event: 11.362 Thread 0x00000209e69c5550 Exception <a 'java/lang/ClassNotFoundException'{0x000000070558e170}: com/backend/backend/Data/LogCustomizer> (0x000000070558e170) 
thrown [t:\workspace\open\src\hotspot\share\classfile\systemDictionary.cpp, line 256]

VM Operations (20 events):
Event: 8.999 Executing VM operation: Cleanup
Event: 8.999 Executing VM operation: Cleanup done
Event: 10.799 Executing VM operation: HandshakeAllThreads
Event: 10.799 Executing VM operation: HandshakeAllThreads done
Event: 10.799 Executing VM operation: Cleanup
Event: 10.799 Executing VM operation: Cleanup done
Event: 10.830 Executing VM operation: HandshakeAllThreads
Event: 10.830 Executing VM operation: HandshakeAllThreads done
Event: 10.929 Executing VM operation: HandshakeAllThreads
Event: 10.929 Executing VM operation: HandshakeAllThreads done
Event: 10.934 Executing VM operation: HandshakeAllThreads
Event: 10.934 Executing VM operation: HandshakeAllThreads done
Event: 11.276 Executing VM operation: HandshakeAllThreads
Event: 11.276 Executing VM operation: HandshakeAllThreads done
Event: 11.347 Executing VM operation: ICBufferFull
Event: 11.347 Executing VM operation: ICBufferFull done
Event: 11.378 Executing VM operation: HandshakeAllThreads
Event: 11.379 Executing VM operation: HandshakeAllThreads done
Event: 12.385 Executing VM operation: Cleanup
Event: 12.385 Executing VM operation: Cleanup done

Events (20 events):
Event: 11.331 loading class java/time/format/DateTimeFormatterBuilder$ReducedPrinterParser done
Event: 11.346 loading class java/lang/ObjectCustomizer
Event: 11.346 loading class java/lang/ObjectCustomizer done
Event: 11.347 loading class java/lang/ObjectCustomizer
Event: 11.347 loading class java/lang/ObjectCustomizer done
Event: 11.360 loading class java/lang/ObjectCustomizer
Event: 11.360 loading class java/lang/ObjectCustomizer done
Event: 11.361 loading class java/lang/ObjectCustomizer
Event: 11.361 loading class java/lang/ObjectCustomizer done
Event: 11.372 loading class java/time/format/DateTimeFormatterBuilder$ZoneTextPrinterParser
Event: 11.372 loading class java/time/format/DateTimeFormatterBuilder$ZoneTextPrinterParser done
Event: 11.408 loading class sun/nio/cs/ISO_8859_1$Encoder
Event: 11.408 loading class sun/nio/cs/ISO_8859_1$Encoder done
Event: 11.408 loading class sun/nio/cs/Surrogate$Parser
Event: 11.408 loading class sun/nio/cs/Surrogate$Parser done
Event: 11.408 loading class sun/nio/cs/Surrogate
Event: 11.408 loading class sun/nio/cs/Surrogate done
Event: 11.568 Thread 0x00000209e4831fe0 Thread exited: 0x00000209e4831fe0
Event: 13.459 Thread 0x00000209e69c2ed0 Thread added: 0x00000209e69c2ed0
Event: 13.482 Loaded shared library E:\SzamBiztHF\backend\backend\jni-library\build\libs\main\jni-library.dll


Dynamic libraries:
0x00007ff644670000 - 0x00007ff64467e000 	C:\Users\Bence\.jdks\openjdk-17\bin\java.exe
0x00007ffc7e130000 - 0x00007ffc7e325000 	C:\WINDOWS\SYSTEM32\ntdll.dll
0x00007ffc62900000 - 0x00007ffc62916000 	C:\Program Files\AVG\Antivirus\aswhook.dll
0x00007ffc7c480000 - 0x00007ffc7c53e000 	C:\WINDOWS\System32\KERNEL32.DLL
0x00007ffc7bc00000 - 0x00007ffc7bec8000 	C:\WINDOWS\System32\KERNELBASE.dll
0x00007ffc7bfe0000 - 0x00007ffc7c0e0000 	C:\WINDOWS\System32\ucrtbase.dll
0x00007ffc77070000 - 0x00007ffc77088000 	C:\Users\Bence\.jdks\openjdk-17\bin\jli.dll
0x00007ffc7de90000 - 0x00007ffc7e031000 	C:\WINDOWS\System32\USER32.dll
0x00007ffc7bae0000 - 0x00007ffc7bb02000 	C:\WINDOWS\System32\win32u.dll
0x00007ffc7db90000 - 0x00007ffc7dbbb000 	C:\WINDOWS\System32\GDI32.dll
0x00007ffc7bed0000 - 0x00007ffc7bfdb000 	C:\WINDOWS\System32\gdi32full.dll
0x00007ffc7c0e0000 - 0x00007ffc7c17d000 	C:\WINDOWS\System32\msvcp_win.dll
0x00007ffc76d70000 - 0x00007ffc76d8a000 	C:\Users\Bence\.jdks\openjdk-17\bin\VCRUNTIME140.dll
0x00007ffc6ab40000 - 0x00007ffc6adda000 	C:\WINDOWS\WinSxS\amd64_microsoft.windows.common-controls_6595b64144ccf1df_6.0.19041.1110_none_60b5254171f9507e\COMCTL32.dll
0x00007ffc7da90000 - 0x00007ffc7db2e000 	C:\WINDOWS\System32\msvcrt.dll
0x00007ffc7c3e0000 - 0x00007ffc7c410000 	C:\WINDOWS\System32\IMM32.DLL
0x00007ffc77590000 - 0x00007ffc7759c000 	C:\Users\Bence\.jdks\openjdk-17\bin\vcruntime140_1.dll
0x00007ffc57e30000 - 0x00007ffc57ebd000 	C:\Users\Bence\.jdks\openjdk-17\bin\msvcp140.dll
0x00007ffc0df20000 - 0x00007ffc0eade000 	C:\Users\Bence\.jdks\openjdk-17\bin\server\jvm.dll
0x00007ffc7e040000 - 0x00007ffc7e0ec000 	C:\WINDOWS\System32\ADVAPI32.dll
0x00007ffc7d0e0000 - 0x00007ffc7d17b000 	C:\WINDOWS\System32\sechost.dll
0x00007ffc7d820000 - 0x00007ffc7d94a000 	C:\WINDOWS\System32\RPCRT4.dll
0x00007ffc7c470000 - 0x00007ffc7c478000 	C:\WINDOWS\System32\PSAPI.DLL
0x00007ffc71f90000 - 0x00007ffc71f99000 	C:\WINDOWS\SYSTEM32\WSOCK32.dll
0x00007ffc7de20000 - 0x00007ffc7de8b000 	C:\WINDOWS\System32\WS2_32.dll
0x00007ffc6f940000 - 0x00007ffc6f967000 	C:\WINDOWS\SYSTEM32\WINMM.dll
0x00007ffc75fa0000 - 0x00007ffc75faa000 	C:\WINDOWS\SYSTEM32\VERSION.dll
0x00007ffc7a0f0000 - 0x00007ffc7a102000 	C:\WINDOWS\SYSTEM32\kernel.appcore.dll
0x00007ffc76da0000 - 0x00007ffc76daa000 	C:\Users\Bence\.jdks\openjdk-17\bin\jimage.dll
0x00007ffc74fd0000 - 0x00007ffc751b4000 	C:\WINDOWS\SYSTEM32\DBGHELP.DLL
0x00007ffc74c50000 - 0x00007ffc74c7c000 	C:\WINDOWS\SYSTEM32\dbgcore.DLL
0x00007ffc7bb70000 - 0x00007ffc7bbf3000 	C:\WINDOWS\System32\bcryptPrimitives.dll
0x00007ffc6bdb0000 - 0x00007ffc6bdd5000 	C:\Users\Bence\.jdks\openjdk-17\bin\java.dll
0x00007ffc56120000 - 0x00007ffc561f6000 	C:\Users\Bence\.jdks\openjdk-17\bin\svml.dll
0x00007ffc7c920000 - 0x00007ffc7d05f000 	C:\WINDOWS\System32\SHELL32.dll
0x00007ffc79930000 - 0x00007ffc7a0c0000 	C:\WINDOWS\SYSTEM32\windows.storage.dll
0x00007ffc7c540000 - 0x00007ffc7c895000 	C:\WINDOWS\System32\combase.dll
0x00007ffc7b2a0000 - 0x00007ffc7b2ce000 	C:\WINDOWS\SYSTEM32\Wldp.dll
0x00007ffc7d950000 - 0x00007ffc7d9fd000 	C:\WINDOWS\System32\SHCORE.dll
0x00007ffc7dbc0000 - 0x00007ffc7dc15000 	C:\WINDOWS\System32\shlwapi.dll
0x00007ffc7b790000 - 0x00007ffc7b7af000 	C:\WINDOWS\SYSTEM32\profapi.dll
0x00007ffc716d0000 - 0x00007ffc716e9000 	C:\Users\Bence\.jdks\openjdk-17\bin\net.dll
0x00007ffc73710000 - 0x00007ffc7381c000 	C:\WINDOWS\SYSTEM32\WINHTTP.dll
0x00007ffc7b000000 - 0x00007ffc7b06a000 	C:\WINDOWS\system32\mswsock.dll
0x00007ffc6fdd0000 - 0x00007ffc6fde5000 	C:\Users\Bence\.jdks\openjdk-17\bin\nio.dll
0x00007ffc6fd80000 - 0x00007ffc6fd98000 	C:\Users\Bence\.jdks\openjdk-17\bin\zip.dll
0x00007ffc721b0000 - 0x00007ffc721c0000 	C:\Users\Bence\.jdks\openjdk-17\bin\verify.dll
0x00007ffc72110000 - 0x00007ffc72119000 	C:\Users\Bence\.jdks\openjdk-17\bin\management.dll
0x00007ffc716a0000 - 0x00007ffc716ab000 	C:\Users\Bence\.jdks\openjdk-17\bin\management_ext.dll
0x00007ffc687a0000 - 0x00007ffc687b7000 	C:\WINDOWS\system32\napinsp.dll
0x00007ffc68780000 - 0x00007ffc6879b000 	C:\WINDOWS\system32\pnrpnsp.dll
0x00007ffc68760000 - 0x00007ffc68775000 	C:\WINDOWS\system32\wshbth.dll
0x00007ffc77450000 - 0x00007ffc7746d000 	C:\WINDOWS\system32\NLAapi.dll
0x00007ffc7aca0000 - 0x00007ffc7acdb000 	C:\WINDOWS\SYSTEM32\IPHLPAPI.DLL
0x00007ffc7acf0000 - 0x00007ffc7adbb000 	C:\WINDOWS\SYSTEM32\DNSAPI.dll
0x00007ffc7d260000 - 0x00007ffc7d268000 	C:\WINDOWS\System32\NSI.dll
0x00007ffc68740000 - 0x00007ffc68752000 	C:\WINDOWS\System32\winrnr.dll
0x00007ffc73630000 - 0x00007ffc7363a000 	C:\Windows\System32\rasadhlp.dll
0x00007ffc73550000 - 0x00007ffc735cf000 	C:\WINDOWS\System32\fwpuclnt.dll
0x00007ffc7bab0000 - 0x00007ffc7bad7000 	C:\WINDOWS\System32\bcrypt.dll
0x00007ffc7b1f0000 - 0x00007ffc7b208000 	C:\WINDOWS\SYSTEM32\CRYPTSP.dll
0x00007ffc7a910000 - 0x00007ffc7a944000 	C:\WINDOWS\system32\rsaenh.dll
0x00007ffc7b750000 - 0x00007ffc7b77e000 	C:\WINDOWS\SYSTEM32\USERENV.dll
0x00007ffc7b210000 - 0x00007ffc7b21c000 	C:\WINDOWS\SYSTEM32\CRYPTBASE.dll
0x00007ffc76300000 - 0x00007ffc76317000 	C:\WINDOWS\SYSTEM32\dhcpcsvc6.DLL
0x00007ffc75d90000 - 0x00007ffc75dad000 	C:\WINDOWS\SYSTEM32\dhcpcsvc.DLL
0x00007ffc709f0000 - 0x00007ffc709fe000 	C:\Users\Bence\.jdks\openjdk-17\bin\sunmscapi.dll
0x00007ffc7b900000 - 0x00007ffc7ba56000 	C:\WINDOWS\System32\CRYPT32.dll
0x00007ffc7b310000 - 0x00007ffc7b337000 	C:\WINDOWS\SYSTEM32\ncrypt.dll
0x00007ffc7b2d0000 - 0x00007ffc7b30b000 	C:\WINDOWS\SYSTEM32\NTASN1.dll
0x00007ffc6fc30000 - 0x00007ffc6fc37000 	C:\WINDOWS\system32\wshunix.dll
0x00007ffc7a540000 - 0x00007ffc7a573000 	C:\WINDOWS\SYSTEM32\ntmarta.dll
0x00007ffc6a890000 - 0x00007ffc6a8db000 	E:\SzamBiztHF\backend\backend\jni-library\build\libs\main\jni-library.dll

dbghelp: loaded successfully - version: 4.0.5 - missing functions: none
symbol engine: initialized successfully - sym options: 0x614 - pdb path: .;C:\Users\Bence\.jdks\openjdk-17\bin;C:\WINDOWS\SYSTEM32;C:\Program Files\AVG\Antivirus;C:\WINDOWS\WinSxS\amd64_microsoft.windows.common-controls_6595b64144ccf1df_6.0.19041.1110_none_60b5254171f9507e;C:\Users\Bence\.jdks\openjdk-17\bin\server;E:\SzamBiztHF\backend\backend\jni-library\build\libs\main

VM Arguments:
jvm_args: -Djava.library.path=E:\SzamBiztHF\backend\backend\jni-library\build\libs\main -Dfile.encoding=windows-1250 -Duser.country=US -Duser.language=en -Duser.variant 
java_command: com.backend.backend.BackendApplication -XshowSettings:properties -version
java_class_path (initial): E:\SzamBiztHF\backend\backend\build\classes\java\main;E:\SzamBiztHF\backend\backend\build\resources\main;C:\Users\Bence\.gradle\caches\modules-2\files-2.1\org.springframework.boot\spring-boot-devtools\2.5.5\cd4c92b6039cad49b9586b668e905e430d3b3dac\spring-boot-devtools-2.5.5.jar;C:\Users\Bence\.gradle\caches\modules-2\files-2.1\org.springframework.boot\spring-boot-starter-data-jpa\2.5.5\5ec66dab8ad9dead3322e21d1bfafe29da89f360\spring-boot-starter-data-jpa-2.5.5.jar;C:\Users\Bence\.gradle\caches\modules-2\files-2.1\org.springframework.boot\spring-boot-starter-web\2.5.5\c09bf133d22c865d6ce4d67ff48aece7ff1defb1\spring-boot-starter-web-2.5.5.jar;C:\Users\Bence\.gradle\caches\modules-2\files-2.1\io.jsonwebtoken\jjwt-jackson\0.11.0\5e75dd9141e269f1a7dae24343664002ea7f9c62\jjwt-jackson-0.11.0.jar;C:\Users\Bence\.gradle\caches\modules-2\files-2.1\org.springframework.boot\spring-boot-starter-json\2.5.5\11923b2b5ca33c6c849952ed1bd47a77c9ec0a85\spring-boot-starter-json-2.5.5.jar;C:\Users\Bence\.gradle\caches\modules-2\files-2.1\com.fasterxml.jackson.datatype\jackson-datatype-jdk8\2.12.5\6b2f79547d217ad50dfc5b57af7444a3aa583b43\jackson-datatype-jdk8-2.12.5.jar;C:\Users\Bence\.gradle\caches\modules-2\files-2.1\com.fasterxml.jackson.datatype\jackson-datatype-jsr310\2.12.5\a0a9870b681a72789c5c6bdc380e45ab719c6aa3\jackson-datatype-jsr310-2.12.5.jar;C:\Users\Bence\.gradle\caches\modules-2\files-2.1\com.fasterxml.jackson.module\jackson-module-parameter-names\2.12.5\2c85c2036d0851425a260c01eb5f7ddbed1eeb00\jackson-module-parameter-names-2.12.5.jar;C:\Users\Bence\.gradle\caches\modules-2\files-2.1\com.fasterxml.jackson.core\jackson-databind\2.12.5\b064cf057f23d3d35390328c5030847efeffedde\jackson-databind-2.12.5.jar;C:\Users\Bence\.gradle\caches\modules-2\files-2.1\com.fasterxml.jackson.core\jackson-annotations\2.12.5\52d929d5bb21d0186fe24c09624cc3ee4bafc3b3\jackson-annotations-2.12.5.jar;C:\Users\Bence\.gradle\caches\modules-2\files-2.1\com.fasterxml.jackson
Launcher Type: SUN_STANDARD

[Global flags]
     intx CICompilerCount                          = 3                                         {product} {ergonomic}
     uint ConcGCThreads                            = 1                                         {product} {ergonomic}
     uint G1ConcRefinementThreads                  = 4                                         {product} {ergonomic}
   size_t G1HeapRegionSize                         = 2097152                                   {product} {ergonomic}
    uintx GCDrainStackTargetSize                   = 64                                        {product} {ergonomic}
   size_t InitialHeapSize                          = 268435456                                 {product} {ergonomic}
   size_t MarkStackSize                            = 4194304                                   {product} {ergonomic}
   size_t MaxHeapSize                              = 4280287232                                {product} {ergonomic}
   size_t MaxNewSize                               = 2566914048                                {product} {ergonomic}
   size_t MinHeapDeltaBytes                        = 2097152                                   {product} {ergonomic}
   size_t MinHeapSize                              = 8388608                                   {product} {ergonomic}
    uintx NonNMethodCodeHeapSize                   = 5832780                                {pd product} {ergonomic}
    uintx NonProfiledCodeHeapSize                  = 122912730                              {pd product} {ergonomic}
    uintx ProfiledCodeHeapSize                     = 122912730                              {pd product} {ergonomic}
    uintx ReservedCodeCacheSize                    = 251658240                              {pd product} {ergonomic}
     bool SegmentedCodeCache                       = true                                      {product} {ergonomic}
   size_t SoftMaxHeapSize                          = 4280287232                             {manageable} {ergonomic}
     bool UseCompressedClassPointers               = true                           {product lp64_product} {ergonomic}
     bool UseCompressedOops                        = true                           {product lp64_product} {ergonomic}
     bool UseG1GC                                  = true                                      {product} {ergonomic}
     bool UseLargePagesIndividualAllocation        = false                                  {pd product} {ergonomic}

Logging:
Log output configuration:
 #0: stdout all=warning uptime,level,tags
 #1: stderr all=off uptime,level,tags

Environment Variables:
JAVA_HOME=C:\Program Files\Java\jdk1.8.0_251
PATH=C:\Program Files\AdoptOpenJDK\jdk-15.0.2.7-hotspot\bin;C:\Program Files (x86)\Common Files\Oracle\Java\javapath;C:\WINDOWS\system32;C:\WINDOWS;C:\WINDOWS\System32\Wbem;C:\WINDOWS\System32\WindowsPowerShell\v1.0\;C:\Program Files (x86)\NVIDIA Corporation\PhysX\Common;C:\Program Files\dotnet\;C:\Program Files\Microsoft SQL Server\130\Tools\Binn\;C:\WINDOWS\System32\OpenSSH\;C:\Program Files\NVIDIA Corporation\NVIDIA NvDLISR;E:\Git\cmd;C:\WINDOWS\system32;C:\WINDOWS;C:\WINDOWS\System32\Wbem;C:\WINDOWS\System32\WindowsPowerShell\v1.0\;C:\WINDOWS\System32\OpenSSH\;C:\Program Files\Git\cmd;C:\Programs\apache-maven-3.6.3\bin;C:\Programs\protoc\bin;C:\Program Files\MySQL\MySQL Server 8.0\bin;C:\Program Files\Microsoft SQL Server\Client SDK\ODBC\170\Tools\Binn\;E:\python\Scripts\;E:\python\;C:\Users\Bence\AppData\Local\Microsoft\WindowsApps;C:\Users\Bence\.dotnet\tools;E:\PyCharm 2020.2.3\bin;;C:\Users\Bence\AppData\Local\Microsoft\WindowsApps;D:\IntelliJ IDEA Community Edition 2020.3.2\bin;;C:\Users\Bence\AppData\Local\Programs\Microsoft VS Code\bin;C:\Users\Bence\.dotnet\tools;
USERNAME=Bence
OS=Windows_NT
PROCESSOR_IDENTIFIER=Intel64 Family 6 Model 60 Stepping 3, GenuineIntel



---------------  S Y S T E M  ---------------

OS:
 Windows 10 , 64 bit Build 19041 (10.0.19041.1348)
OS uptime: 1 days 8:20 hours

CPU: total 4 (initial active 4) (4 cores per cpu, 1 threads per core) family 6 model 60 stepping 3 microcode 0x27, cx8, cmov, fxsr, mmx, sse, sse2, sse3, ssse3, sse4.1, sse4.2, popcnt, lzcnt, tsc, tscinvbit, avx, avx2, aes, erms, clmul, bmi1, bmi2, fma, vzeroupper, clflush

Memory: 4k page, system-wide physical 16322M (6364M free)
TotalPageFile size 25538M (AvailPageFile size 12442M)
current process WorkingSet (physical memory assigned to process): 306M, peak: 319M
current process commit charge ("private bytes"): 344M, peak: 395M

vm_info: OpenJDK 64-Bit Server VM (17+35-2724) for windows-amd64 JRE (17+35-2724), built on Aug  5 2021 23:26:02 by "mach5one" with MS VC++ 16.8 (VS2019)

END.
