#
# A fatal error has been detected by the Java Runtime Environment:
#
#  EXCEPTION_UNCAUGHT_CXX_EXCEPTION (0xe06d7363) at pc=0x00007ffc7bc34f69, pid=12012, tid=12260
#
# JRE version: OpenJDK Runtime Environment (17.0+35) (build 17+35-2724)
# Java VM: OpenJDK 64-Bit Server VM (17+35-2724, mixed mode, sharing, tiered, compressed oops, compressed class ptrs, g1 gc, windows-amd64)
# Problematic frame:
# C  [KERNELBASE.dll+0x34f69]
#
# No core dump will be written. Minidumps are not enabled by default on client versions of Windows
#
# If you would like to submit a bug report, please visit:
#   https://bugreport.java.com/bugreport/crash.jsp
# The crash happened outside the Java Virtual Machine in native code.
# See problematic frame for where to report the bug.
#

---------------  S U M M A R Y ------------

Command Line: -Djava.library.path=E:\SzamBiztHF\backend\backend\jni-library\build\libs\main -Dfile.encoding=windows-1250 -Duser.country=US -Duser.language=en -Duser.variant com.backend.backend.BackendApplication -XshowSettings:properties -version

Host: Intel(R) Core(TM) i5-4590 CPU @ 3.30GHz, 4 cores, 15G,  Windows 10 , 64 bit Build 19041 (10.0.19041.1348)
Time: Sat Nov 27 17:29:56 2021 Central Europe Standard Time elapsed time: 16.333935 seconds (0d 0h 0m 16s)

---------------  T H R E A D  ---------------

Current thread (0x000001fb468a43a0):  JavaThread "http-nio-8080-exec-3" daemon [_thread_in_native, id=12260, stack(0x000000d34d900000,0x000000d34da00000)]

Stack: [0x000000d34d900000,0x000000d34da00000],  sp=0x000000d34d9faaa0,  free space=1002k
Native frames: (J=compiled Java code, j=interpreted, Vv=VM code, C=native code)
C  [KERNELBASE.dll+0x34f69]
C  [jni-library.dll+0xf8f0]

Java frames: (J=compiled Java code, j=interpreted, Vv=VM code)
j  com.narcano.jni.CaffParser.CallParser(Ljava/lang/String;)[Lcom/narcano/jni/CIFF;+0
j  com.backend.backend.Controller.CaffController.getAllCaff()Lorg/springframework/http/ResponseEntity;+54
j  com.backend.backend.Controller.CaffController$$FastClassBySpringCGLIB$$5be4e08b.invoke(ILjava/lang/Object;[Ljava/lang/Object;)Ljava/lang/Object;+72
j  org.springframework.cglib.proxy.MethodProxy.invoke(Ljava/lang/Object;[Ljava/lang/Object;)Ljava/lang/Object;+19
j  org.springframework.aop.framework.CglibAopProxy$CglibMethodInvocation.invokeJoinpoint()Ljava/lang/Object;+19
j  org.springframework.aop.framework.ReflectiveMethodInvocation.proceed()Ljava/lang/Object;+19
j  org.springframework.aop.framework.CglibAopProxy$CglibMethodInvocation.proceed()Ljava/lang/Object;+1
j  org.springframework.security.access.intercept.aopalliance.MethodSecurityInterceptor.invoke(Lorg/aopalliance/intercept/MethodInvocation;)Ljava/lang/Object;+7
j  org.springframework.aop.framework.ReflectiveMethodInvocation.proceed()Ljava/lang/Object;+120
j  org.springframework.aop.framework.CglibAopProxy$CglibMethodInvocation.proceed()Ljava/lang/Object;+1
j  org.springframework.aop.framework.CglibAopProxy$DynamicAdvisedInterceptor.intercept(Ljava/lang/Object;Ljava/lang/reflect/Method;[Ljava/lang/Object;Lorg/springframework/cglib/proxy/MethodProxy;)Ljava/lang/Object;+133
j  com.backend.backend.Controller.CaffController$$EnhancerBySpringCGLIB$$dbd241cd.getAllCaff()Lorg/springframework/http/ResponseEntity;+31
v  ~StubRoutines::call_stub
J 2704  jdk.internal.reflect.NativeMethodAccessorImpl.invoke0(Ljava/lang/reflect/Method;Ljava/lang/Object;[Ljava/lang/Object;)Ljava/lang/Object; java.base@17 (0 bytes) @ 0x000001fb302218a7 [0x000001fb30221820+0x0000000000000087]
J 2703 c1 jdk.internal.reflect.NativeMethodAccessorImpl.invoke(Ljava/lang/Object;[Ljava/lang/Object;)Ljava/lang/Object; java.base@17 (137 bytes) @ 0x000001fb29136f6c [0x000001fb29136560+0x0000000000000a0c]
J 4781 c2 java.lang.reflect.Method.invoke(Ljava/lang/Object;[Ljava/lang/Object;)Ljava/lang/Object; java.base@17 (65 bytes) @ 0x000001fb30217614 [0x000001fb30217380+0x0000000000000294]
j  org.springframework.web.method.support.InvocableHandlerMethod.doInvoke([Ljava/lang/Object;)Ljava/lang/Object;+28
j  org.springframework.web.method.support.InvocableHandlerMethod.invokeForRequest(Lorg/springframework/web/context/request/NativeWebRequest;Lorg/springframework/web/method/support/ModelAndViewContainer;[Ljava/lang/Object;)Ljava/lang/Object;+54
j  org.springframework.web.servlet.mvc.method.annotation.ServletInvocableHandlerMethod.invokeAndHandle(Lorg/springframework/web/context/request/ServletWebRequest;Lorg/springframework/web/method/support/ModelAndViewContainer;[Ljava/lang/Object;)V+4
j  org.springframework.web.servlet.mvc.method.annotation.RequestMappingHandlerAdapter.invokeHandlerMethod(Ljavax/servlet/http/HttpServletRequest;Ljavax/servlet/http/HttpServletResponse;Lorg/springframework/web/method/HandlerMethod;)Lorg/springframework/web/servlet/ModelAndView;+244
j  org.springframework.web.servlet.mvc.method.annotation.RequestMappingHandlerAdapter.handleInternal(Ljavax/servlet/http/HttpServletRequest;Ljavax/servlet/http/HttpServletResponse;Lorg/springframework/web/method/HandlerMethod;)Lorg/springframework/web/servlet/ModelAndView;+81
j  org.springframework.web.servlet.mvc.method.AbstractHandlerMethodAdapter.handle(Ljavax/servlet/http/HttpServletRequest;Ljavax/servlet/http/HttpServletResponse;Ljava/lang/Object;)Lorg/springframework/web/servlet/ModelAndView;+7
j  org.springframework.web.servlet.DispatcherServlet.doDispatch(Ljavax/servlet/http/HttpServletRequest;Ljavax/servlet/http/HttpServletResponse;)V+259
j  org.springframework.web.servlet.DispatcherServlet.doService(Ljavax/servlet/http/HttpServletRequest;Ljavax/servlet/http/HttpServletResponse;)V+241
j  org.springframework.web.servlet.FrameworkServlet.processRequest(Ljavax/servlet/http/HttpServletRequest;Ljavax/servlet/http/HttpServletResponse;)V+71
j  org.springframework.web.servlet.FrameworkServlet.doGet(Ljavax/servlet/http/HttpServletRequest;Ljavax/servlet/http/HttpServletResponse;)V+3
j  javax.servlet.http.HttpServlet.service(Ljavax/servlet/http/HttpServletRequest;Ljavax/servlet/http/HttpServletResponse;)V+35
j  org.springframework.web.servlet.FrameworkServlet.service(Ljavax/servlet/http/HttpServletRequest;Ljavax/servlet/http/HttpServletResponse;)V+33
j  javax.servlet.http.HttpServlet.service(Ljavax/servlet/ServletRequest;Ljavax/servlet/ServletResponse;)V+36
j  org.apache.catalina.core.ApplicationFilterChain.internalDoFilter(Ljavax/servlet/ServletRequest;Ljavax/servlet/ServletResponse;)V+304
j  org.apache.catalina.core.ApplicationFilterChain.doFilter(Ljavax/servlet/ServletRequest;Ljavax/servlet/ServletResponse;)V+99
j  org.apache.tomcat.websocket.server.WsFilter.doFilter(Ljavax/servlet/ServletRequest;Ljavax/servlet/ServletResponse;Ljavax/servlet/FilterChain;)V+21
j  org.apache.catalina.core.ApplicationFilterChain.internalDoFilter(Ljavax/servlet/ServletRequest;Ljavax/servlet/ServletResponse;)V+135
j  org.apache.catalina.core.ApplicationFilterChain.doFilter(Ljavax/servlet/ServletRequest;Ljavax/servlet/ServletResponse;)V+99
j  org.springframework.web.filter.OncePerRequestFilter.doFilter(Ljavax/servlet/ServletRequest;Ljavax/servlet/ServletResponse;Ljavax/servlet/FilterChain;)V+122
j  org.apache.catalina.core.ApplicationFilterChain.internalDoFilter(Ljavax/servlet/ServletRequest;Ljavax/servlet/ServletResponse;)V+135
j  org.apache.catalina.core.ApplicationFilterChain.doFilter(Ljavax/servlet/ServletRequest;Ljavax/servlet/ServletResponse;)V+99
j  org.springframework.security.web.FilterChainProxy$VirtualFilterChain.doFilter(Ljavax/servlet/ServletRequest;Ljavax/servlet/ServletResponse;)V+52
j  org.springframework.security.web.access.intercept.FilterSecurityInterceptor.invoke(Lorg/springframework/security/web/FilterInvocation;)V+79
j  org.springframework.security.web.access.intercept.FilterSecurityInterceptor.doFilter(Ljavax/servlet/ServletRequest;Ljavax/servlet/ServletResponse;Ljavax/servlet/FilterChain;)V+11
j  org.springframework.security.web.FilterChainProxy$VirtualFilterChain.doFilter(Ljavax/servlet/ServletRequest;Ljavax/servlet/ServletResponse;)V+136
j  org.springframework.security.web.access.ExceptionTranslationFilter.doFilter(Ljavax/servlet/http/HttpServletRequest;Ljavax/servlet/http/HttpServletResponse;Ljavax/servlet/FilterChain;)V+3
j  org.springframework.security.web.access.ExceptionTranslationFilter.doFilter(Ljavax/servlet/ServletRequest;Ljavax/servlet/ServletResponse;Ljavax/servlet/FilterChain;)V+10
j  org.springframework.security.web.FilterChainProxy$VirtualFilterChain.doFilter(Ljavax/servlet/ServletRequest;Ljavax/servlet/ServletResponse;)V+136
j  org.springframework.security.web.session.SessionManagementFilter.doFilter(Ljavax/servlet/http/HttpServletRequest;Ljavax/servlet/http/HttpServletResponse;Ljavax/servlet/FilterChain;)V+210
j  org.springframework.security.web.session.SessionManagementFilter.doFilter(Ljavax/servlet/ServletRequest;Ljavax/servlet/ServletResponse;Ljavax/servlet/FilterChain;)V+10
j  org.springframework.security.web.FilterChainProxy$VirtualFilterChain.doFilter(Ljavax/servlet/ServletRequest;Ljavax/servlet/ServletResponse;)V+136
j  org.springframework.security.web.authentication.AnonymousAuthenticationFilter.doFilter(Ljavax/servlet/ServletRequest;Ljavax/servlet/ServletResponse;Ljavax/servlet/FilterChain;)V+105
j  org.springframework.security.web.FilterChainProxy$VirtualFilterChain.doFilter(Ljavax/servlet/ServletRequest;Ljavax/servlet/ServletResponse;)V+136
j  org.springframework.security.web.servletapi.SecurityContextHolderAwareRequestFilter.doFilter(Ljavax/servlet/ServletRequest;Ljavax/servlet/ServletResponse;Ljavax/servlet/FilterChain;)V+19
j  org.springframework.security.web.FilterChainProxy$VirtualFilterChain.doFilter(Ljavax/servlet/ServletRequest;Ljavax/servlet/ServletResponse;)V+136
j  org.springframework.security.web.savedrequest.RequestCacheAwareFilter.doFilter(Ljavax/servlet/ServletRequest;Ljavax/servlet/ServletResponse;Ljavax/servlet/FilterChain;)V+32
j  org.springframework.security.web.FilterChainProxy$VirtualFilterChain.doFilter(Ljavax/servlet/ServletRequest;Ljavax/servlet/ServletResponse;)V+136
j  com.backend.backend.Security.Auth.AuthTokenFilter.doFilterInternal(Ljavax/servlet/http/HttpServletRequest;Ljavax/servlet/http/HttpServletResponse;Ljavax/servlet/FilterChain;)V+111
j  org.springframework.web.filter.OncePerRequestFilter.doFilter(Ljavax/servlet/ServletRequest;Ljavax/servlet/ServletResponse;Ljavax/servlet/FilterChain;)V+147
j  org.springframework.security.web.FilterChainProxy$VirtualFilterChain.doFilter(Ljavax/servlet/ServletRequest;Ljavax/servlet/ServletResponse;)V+136
j  org.springframework.security.web.authentication.logout.LogoutFilter.doFilter(Ljavax/servlet/http/HttpServletRequest;Ljavax/servlet/http/HttpServletResponse;Ljavax/servlet/FilterChain;)V+77
j  org.springframework.security.web.authentication.logout.LogoutFilter.doFilter(Ljavax/servlet/ServletRequest;Ljavax/servlet/ServletResponse;Ljavax/servlet/FilterChain;)V+10
j  org.springframework.security.web.FilterChainProxy$VirtualFilterChain.doFilter(Ljavax/servlet/ServletRequest;Ljavax/servlet/ServletResponse;)V+136
j  org.springframework.web.filter.CorsFilter.doFilterInternal(Ljavax/servlet/http/HttpServletRequest;Ljavax/servlet/http/HttpServletResponse;Ljavax/servlet/FilterChain;)V+43
j  org.springframework.web.filter.OncePerRequestFilter.doFilter(Ljavax/servlet/ServletRequest;Ljavax/servlet/ServletResponse;Ljavax/servlet/FilterChain;)V+147
j  org.springframework.security.web.FilterChainProxy$VirtualFilterChain.doFilter(Ljavax/servlet/ServletRequest;Ljavax/servlet/ServletResponse;)V+136
j  org.springframework.security.web.header.HeaderWriterFilter.doHeadersAfter(Ljavax/servlet/http/HttpServletRequest;Ljavax/servlet/http/HttpServletResponse;Ljavax/servlet/FilterChain;)V+29
j  org.springframework.security.web.header.HeaderWriterFilter.doFilterInternal(Ljavax/servlet/http/HttpServletRequest;Ljavax/servlet/http/HttpServletResponse;Ljavax/servlet/FilterChain;)V+21
j  org.springframework.web.filter.OncePerRequestFilter.doFilter(Ljavax/servlet/ServletRequest;Ljavax/servlet/ServletResponse;Ljavax/servlet/FilterChain;)V+147
j  org.springframework.security.web.FilterChainProxy$VirtualFilterChain.doFilter(Ljavax/servlet/ServletRequest;Ljavax/servlet/ServletResponse;)V+136
j  org.springframework.security.web.context.SecurityContextPersistenceFilter.doFilter(Ljavax/servlet/http/HttpServletRequest;Ljavax/servlet/http/HttpServletResponse;Ljavax/servlet/FilterChain;)V+181
j  org.springframework.security.web.context.SecurityContextPersistenceFilter.doFilter(Ljavax/servlet/ServletRequest;Ljavax/servlet/ServletResponse;Ljavax/servlet/FilterChain;)V+10
j  org.springframework.security.web.FilterChainProxy$VirtualFilterChain.doFilter(Ljavax/servlet/ServletRequest;Ljavax/servlet/ServletResponse;)V+136
j  org.springframework.security.web.context.request.async.WebAsyncManagerIntegrationFilter.doFilterInternal(Ljavax/servlet/http/HttpServletRequest;Ljavax/servlet/http/HttpServletResponse;Ljavax/servlet/FilterChain;)V+42
j  org.springframework.web.filter.OncePerRequestFilter.doFilter(Ljavax/servlet/ServletRequest;Ljavax/servlet/ServletResponse;Ljavax/servlet/FilterChain;)V+147
j  org.springframework.security.web.FilterChainProxy$VirtualFilterChain.doFilter(Ljavax/servlet/ServletRequest;Ljavax/servlet/ServletResponse;)V+136
j  org.springframework.security.web.FilterChainProxy.doFilterInternal(Ljavax/servlet/ServletRequest;Ljavax/servlet/ServletResponse;Ljavax/servlet/FilterChain;)V+148
j  org.springframework.security.web.FilterChainProxy.doFilter(Ljavax/servlet/ServletRequest;Ljavax/servlet/ServletResponse;Ljavax/servlet/FilterChain;)V+48
j  org.springframework.web.filter.DelegatingFilterProxy.invokeDelegate(Ljavax/servlet/Filter;Ljavax/servlet/ServletRequest;Ljavax/servlet/ServletResponse;Ljavax/servlet/FilterChain;)V+5
j  org.springframework.web.filter.DelegatingFilterProxy.doFilter(Ljavax/servlet/ServletRequest;Ljavax/servlet/ServletResponse;Ljavax/servlet/FilterChain;)V+85
j  org.apache.catalina.core.ApplicationFilterChain.internalDoFilter(Ljavax/servlet/ServletRequest;Ljavax/servlet/ServletResponse;)V+135
j  org.apache.catalina.core.ApplicationFilterChain.doFilter(Ljavax/servlet/ServletRequest;Ljavax/servlet/ServletResponse;)V+99
j  org.springframework.web.filter.RequestContextFilter.doFilterInternal(Ljavax/servlet/http/HttpServletRequest;Ljavax/servlet/http/HttpServletResponse;Ljavax/servlet/FilterChain;)V+21
j  org.springframework.web.filter.OncePerRequestFilter.doFilter(Ljavax/servlet/ServletRequest;Ljavax/servlet/ServletResponse;Ljavax/servlet/FilterChain;)V+147
j  org.apache.catalina.core.ApplicationFilterChain.internalDoFilter(Ljavax/servlet/ServletRequest;Ljavax/servlet/ServletResponse;)V+135
j  org.apache.catalina.core.ApplicationFilterChain.doFilter(Ljavax/servlet/ServletRequest;Ljavax/servlet/ServletResponse;)V+99
j  org.springframework.web.filter.FormContentFilter.doFilterInternal(Ljavax/servlet/http/HttpServletRequest;Ljavax/servlet/http/HttpServletResponse;Ljavax/servlet/FilterChain;)V+38
j  org.springframework.web.filter.OncePerRequestFilter.doFilter(Ljavax/servlet/ServletRequest;Ljavax/servlet/ServletResponse;Ljavax/servlet/FilterChain;)V+147
j  org.apache.catalina.core.ApplicationFilterChain.internalDoFilter(Ljavax/servlet/ServletRequest;Ljavax/servlet/ServletResponse;)V+135
j  org.apache.catalina.core.ApplicationFilterChain.doFilter(Ljavax/servlet/ServletRequest;Ljavax/servlet/ServletResponse;)V+99
j  org.springframework.web.filter.CharacterEncodingFilter.doFilterInternal(Ljavax/servlet/http/HttpServletRequest;Ljavax/servlet/http/HttpServletResponse;Ljavax/servlet/FilterChain;)V+53
j  org.springframework.web.filter.OncePerRequestFilter.doFilter(Ljavax/servlet/ServletRequest;Ljavax/servlet/ServletResponse;Ljavax/servlet/FilterChain;)V+147
j  org.apache.catalina.core.ApplicationFilterChain.internalDoFilter(Ljavax/servlet/ServletRequest;Ljavax/servlet/ServletResponse;)V+135
j  org.apache.catalina.core.ApplicationFilterChain.doFilter(Ljavax/servlet/ServletRequest;Ljavax/servlet/ServletResponse;)V+99
j  org.apache.catalina.core.StandardWrapperValve.invoke(Lorg/apache/catalina/connector/Request;Lorg/apache/catalina/connector/Response;)V+694
j  org.apache.catalina.core.StandardContextValve.invoke(Lorg/apache/catalina/connector/Request;Lorg/apache/catalina/connector/Response;)V+169
j  org.apache.catalina.authenticator.AuthenticatorBase.invoke(Lorg/apache/catalina/connector/Request;Lorg/apache/catalina/connector/Response;)V+260
j  org.apache.catalina.core.StandardHostValve.invoke(Lorg/apache/catalina/connector/Request;Lorg/apache/catalina/connector/Response;)V+128
j  org.apache.catalina.valves.ErrorReportValve.invoke(Lorg/apache/catalina/connector/Request;Lorg/apache/catalina/connector/Response;)V+6
j  org.apache.catalina.core.StandardEngineValve.invoke(Lorg/apache/catalina/connector/Request;Lorg/apache/catalina/connector/Response;)V+59
j  org.apache.catalina.connector.CoyoteAdapter.service(Lorg/apache/coyote/Request;Lorg/apache/coyote/Response;)V+199
j  org.apache.coyote.http11.Http11Processor.service(Lorg/apache/tomcat/util/net/SocketWrapperBase;)Lorg/apache/tomcat/util/net/AbstractEndpoint$Handler$SocketState;+737
j  org.apache.coyote.AbstractProcessorLight.process(Lorg/apache/tomcat/util/net/SocketWrapperBase;Lorg/apache/tomcat/util/net/SocketEvent;)Lorg/apache/tomcat/util/net/AbstractEndpoint$Handler$SocketState;+170
j  org.apache.coyote.AbstractProtocol$ConnectionHandler.process(Lorg/apache/tomcat/util/net/SocketWrapperBase;Lorg/apache/tomcat/util/net/SocketEvent;)Lorg/apache/tomcat/util/net/AbstractEndpoint$Handler$SocketState;+505
j  org.apache.tomcat.util.net.NioEndpoint$SocketProcessor.doRun()V+216
j  org.apache.tomcat.util.net.SocketProcessorBase.run()V+21
j  org.apache.tomcat.util.threads.ThreadPoolExecutor.runWorker(Lorg/apache/tomcat/util/threads/ThreadPoolExecutor$Worker;)V+92
j  org.apache.tomcat.util.threads.ThreadPoolExecutor$Worker.run()V+5
j  org.apache.tomcat.util.threads.TaskThread$WrappingRunnable.run()V+4
j  java.lang.Thread.run()V+11 java.base@17
v  ~StubRoutines::call_stub

siginfo: EXCEPTION_UNCAUGHT_CXX_EXCEPTION (0xe06d7363), ExceptionInformation=0x0000000019930520 0x000000d34d9fae28 0x00007ffc64231b70 0x00007ffc641f0000 


Register to memory mapping:

RIP=0x00007ffc7bc34f69 KERNELBASE.dll
RAX=0x000001fb44bdd050 points into unknown readable memory: 0xb51200b82a0d00c7 | c7 00 0d 2a b8 00 12 b5
RBX=0x00007ffc64231b70 jni-library.dll
RCX=0x000001fb44bdd060 points into unknown readable memory: 0x000001fb48ba9260 | 60 92 ba 48 fb 01 00 00
RDX=0x0 is NULL
RSP=0x000000d34d9faaa0 is pointing into the stack for thread: 0x000001fb468a43a0
RBP=0x000000d34d9fb260 is pointing into the stack for thread: 0x000001fb468a43a0
RSI=0x000000d34d9fae28 is pointing into the stack for thread: 0x000001fb468a43a0
RDI=0x0000000019930520 is an unknown value
R8 =0x000001fb1ec10000 points into unknown readable memory: 0x0000000000000000 | 00 00 00 00 00 00 00 00
R9 =0x00000003007a0069 is an unknown value
R10=0x00610062005c0046 is an unknown value
R11=0x006e0065006b0063 is an unknown value
R12=0x0 is NULL
R13={method} {0x000001fb4ef0aa48} 'CallParser' '(Ljava/lang/String;)[Lcom/narcano/jni/CIFF;' in 'com/narcano/jni/CaffParser'
R14=0x000000d34d9fb288 is pointing into the stack for thread: 0x000001fb468a43a0
R15=0x000001fb468a43a0 is a thread


Registers:
RAX=0x000001fb44bdd050, RBX=0x00007ffc64231b70, RCX=0x000001fb44bdd060, RDX=0x0000000000000000
RSP=0x000000d34d9faaa0, RBP=0x000000d34d9fb260, RSI=0x000000d34d9fae28, RDI=0x0000000019930520
R8 =0x000001fb1ec10000, R9 =0x00000003007a0069, R10=0x00610062005c0046, R11=0x006e0065006b0063
R12=0x0000000000000000, R13=0x000001fb4ef0aa40, R14=0x000000d34d9fb288, R15=0x000001fb468a43a0
RIP=0x00007ffc7bc34f69, EFLAGS=0x0000000000000206

Top of Stack: (sp=0x000000d34d9faaa0)
0x000000d34d9faaa0:   000001fb468a43a0 00007ffc64231b70
0x000000d34d9faab0:   000000d34d9fae28 0000000000000000
0x000000d34d9faac0:   00000001e06d7363 0000000000000000
0x000000d34d9faad0:   00007ffc7bc34f69 00007ffc00000004
0x000000d34d9faae0:   0000000019930520 000000d34d9fae28
0x000000d34d9faaf0:   00007ffc64231b70 00007ffc641f0000
0x000000d34d9fab00:   000001fb4ef0aa40 0000000000000000
0x000000d34d9fab10:   000000d34d9fae28 000000d34d9fb260
0x000000d34d9fab20:   000000d34d9faba0 00007ffc7e164a5f
0x000000d34d9fab30:   0000000019930520 00007ffc00000000
0x000000d34d9fab40:   000001fb4ef0aa40 0000000000000000
0x000000d34d9fab50:   00007ffc64236000 00007ffc641f0000
0x000000d34d9fab60:   000038f2dc0b580e 00007ffc641f1601
0x000000d34d9fab70:   00007ffc64231b70 00007ffc641ff8f0
0x000000d34d9fab80:   000000d34d9fae28 00007ffc642207a8
0x000000d34d9fab90:   000000d34d9fabc8 00007ffc641fb753 

Instructions: (pc=0x00007ffc7bc34f69)
0x00007ffc7bc34e69:   d8 21 00 00 41 0f 44 c0 89 43 24 8b 41 18 89 43
0x00007ffc7bc34e79:   28 65 48 8b 04 25 60 00 00 00 48 8b 48 20 39 79
0x00007ffc7bc34e89:   08 7c 36 41 b9 40 00 00 00 48 89 7c 24 20 4c 8d
0x00007ffc7bc34e99:   44 24 30 48 83 c9 ff 41 8d 51 e5 48 ff 15 6d 9d
0x00007ffc7bc34ea9:   18 00 0f 1f 44 00 00 85 c0 0f 88 7f ef 06 00 81
0x00007ffc7bc34eb9:   7c 24 54 33 00 03 00 72 0f 48 8b 9c 24 80 00 00
0x00007ffc7bc34ec9:   00 48 83 c4 70 5f c3 cc 89 7b 2c eb ec cc cc cc
0x00007ffc7bc34ed9:   cc cc cc cc cc cc cc 65 48 8b 04 25 30 00 00 00
0x00007ffc7bc34ee9:   8b 40 68 c3 cc cc cc cc cc cc cc cc cc cc cc cc
0x00007ffc7bc34ef9:   cc cc cc cc cc cc cc 48 81 ec d8 00 00 00 48 8b
0x00007ffc7bc34f09:   05 62 5f 25 00 48 33 c4 48 89 84 24 c0 00 00 00
0x00007ffc7bc34f19:   48 83 64 24 28 00 48 8d 05 da ff ff ff 83 e2 01
0x00007ffc7bc34f29:   89 4c 24 20 89 54 24 24 48 89 44 24 30 4d 85 c9
0x00007ffc7bc34f39:   74 4c b8 0f 00 00 00 48 8d 4c 24 40 44 3b c0 49
0x00007ffc7bc34f49:   8b d1 44 0f 47 c0 44 89 44 24 38 49 c1 e0 03 e8
0x00007ffc7bc34f59:   1a d5 05 00 48 8d 4c 24 20 48 ff 15 8f 9d 18 00
0x00007ffc7bc34f69:   0f 1f 44 00 00 48 8b 8c 24 c0 00 00 00 48 33 cc
0x00007ffc7bc34f79:   e8 52 97 05 00 48 81 c4 d8 00 00 00 c3 cc 83 64
0x00007ffc7bc34f89:   24 38 00 eb cf cc cc cc cc cc cc cc cc cc cc cc
0x00007ffc7bc34f99:   cc cc cc cc cc cc cc 40 53 48 83 ec 30 48 8b d1
0x00007ffc7bc34fa9:   48 8d 4c 24 20 e8 e5 cc ff ff 85 c0 74 26 48 8b
0x00007ffc7bc34fb9:   4c 24 28 e8 8f 6f ff ff 48 8d 4c 24 20 8b d8 48
0x00007ffc7bc34fc9:   ff 15 81 95 18 00 0f 1f 44 00 00 8b c3 48 83 c4
0x00007ffc7bc34fd9:   30 5b c3 cc 83 c8 ff eb f4 cc cc cc cc cc cc cc
0x00007ffc7bc34fe9:   cc cc cc cc cc cc cc 48 8b c4 48 89 58 10 48 89
0x00007ffc7bc34ff9:   70 18 57 48 83 ec 60 0f 57 c0 0f 11 40 b8 48 8d
0x00007ffc7bc35009:   35 a2 f5 18 00 33 db 48 85 c9 48 0f 45 f1 48 8b
0x00007ffc7bc35019:   d6 48 8d 48 c8 48 ff 15 b3 9b 18 00 0f 1f 44 00
0x00007ffc7bc35029:   00 8b f8 89 44 24 70 85 c0 78 1f 41 b0 01 48 8d
0x00007ffc7bc35039:   54 24 30 48 8d 4c 24 20 48 ff 15 30 95 18 00 0f
0x00007ffc7bc35049:   1f 44 00 00 8b f8 89 44 24 70 85 ff 0f 88 e9 ed
0x00007ffc7bc35059:   06 00 48 83 c8 ff 48 8b c8 48 ff c1 66 39 1c 4e 


Stack slot to memory mapping:
stack at sp + 0 slots: 0x000001fb468a43a0 is a thread
stack at sp + 1 slots: 0x00007ffc64231b70 jni-library.dll
stack at sp + 2 slots: 0x000000d34d9fae28 is pointing into the stack for thread: 0x000001fb468a43a0
stack at sp + 3 slots: 0x0 is NULL
stack at sp + 4 slots: 0x00000001e06d7363 is an unknown value
stack at sp + 5 slots: 0x0 is NULL
stack at sp + 6 slots: 0x00007ffc7bc34f69 KERNELBASE.dll
stack at sp + 7 slots: 0x00007ffc00000004 is an unknown value


---------------  P R O C E S S  ---------------

Threads class SMR info:
_java_thread_list=0x000001fb4c1217e0, length=23, elements={
0x000001fb432d7d10, 0x000001fb432d8b80, 0x000001fb432ed790, 0x000001fb432ee340,
0x000001fb43c02090, 0x000001fb43c030f0, 0x000001fb43c0a9a0, 0x000001fb43c0ca30,
0x000001fb43c7cae0, 0x000001fb43d3b0f0, 0x000001fb43d4a000, 0x000001fb456d0d60,
0x000001fb456d1230, 0x000001fb456d1700, 0x000001fb456d2a40, 0x000001fb456d1bd0,
0x000001fb456d03c0, 0x000001fb456d2570, 0x000001fb456d2f10, 0x000001fb456d33e0,
0x000001fb456cfef0, 0x000001fb468a6080, 0x000001fb468a43a0
}

Java Threads: ( => current thread )
  0x000001fb432d7d10 JavaThread "Reference Handler" daemon [_thread_blocked, id=3460, stack(0x000000d34c700000,0x000000d34c800000)]
  0x000001fb432d8b80 JavaThread "Finalizer" daemon [_thread_blocked, id=9220, stack(0x000000d34c800000,0x000000d34c900000)]
  0x000001fb432ed790 JavaThread "Signal Dispatcher" daemon [_thread_blocked, id=9608, stack(0x000000d34c900000,0x000000d34ca00000)]
  0x000001fb432ee340 JavaThread "Attach Listener" daemon [_thread_blocked, id=19000, stack(0x000000d34ca00000,0x000000d34cb00000)]
  0x000001fb43c02090 JavaThread "Service Thread" daemon [_thread_blocked, id=19172, stack(0x000000d34cb00000,0x000000d34cc00000)]
  0x000001fb43c030f0 JavaThread "Monitor Deflation Thread" daemon [_thread_blocked, id=16400, stack(0x000000d34cc00000,0x000000d34cd00000)]
  0x000001fb43c0a9a0 JavaThread "C2 CompilerThread0" daemon [_thread_blocked, id=16028, stack(0x000000d34cd00000,0x000000d34ce00000)]
  0x000001fb43c0ca30 JavaThread "C1 CompilerThread0" daemon [_thread_blocked, id=14028, stack(0x000000d34ce00000,0x000000d34cf00000)]
  0x000001fb43c7cae0 JavaThread "Sweeper thread" daemon [_thread_blocked, id=1996, stack(0x000000d34cf00000,0x000000d34d000000)]
  0x000001fb43d3b0f0 JavaThread "Notification Thread" daemon [_thread_blocked, id=19356, stack(0x000000d34d000000,0x000000d34d100000)]
  0x000001fb43d4a000 JavaThread "Common-Cleaner" daemon [_thread_blocked, id=8032, stack(0x000000d34d200000,0x000000d34d300000)]
  0x000001fb456d0d60 JavaThread "HikariPool-1 housekeeper" daemon [_thread_blocked, id=5380, stack(0x000000d34dc00000,0x000000d34dd00000)]
  0x000001fb456d1230 JavaThread "Catalina-utility-1" [_thread_blocked, id=13756, stack(0x000000d34de00000,0x000000d34df00000)]
  0x000001fb456d1700 JavaThread "Catalina-utility-2" [_thread_blocked, id=14620, stack(0x000000d34df00000,0x000000d34e000000)]
  0x000001fb456d2a40 JavaThread "container-0" [_thread_blocked, id=3340, stack(0x000000d34e000000,0x000000d34e100000)]
  0x000001fb456d1bd0 JavaThread "File Watcher" daemon [_thread_blocked, id=9428, stack(0x000000d34e100000,0x000000d34e200000)]
  0x000001fb456d03c0 JavaThread "Live Reload Server" daemon [_thread_in_native, id=10936, stack(0x000000d34e300000,0x000000d34e400000)]
  0x000001fb456d2570 JavaThread "http-nio-8080-Poller" daemon [_thread_in_native, id=4120, stack(0x000000d34e200000,0x000000d34e300000)]
  0x000001fb456d2f10 JavaThread "http-nio-8080-Acceptor" daemon [_thread_in_native, id=16684, stack(0x000000d34e400000,0x000000d34e500000)]
  0x000001fb456d33e0 JavaThread "DestroyJavaVM" [_thread_blocked, id=13164, stack(0x000000d34c000000,0x000000d34c100000)]
  0x000001fb456cfef0 JavaThread "http-nio-8080-exec-1" daemon [_thread_blocked, id=12772, stack(0x000000d34d300000,0x000000d34d400000)]
  0x000001fb468a6080 JavaThread "http-nio-8080-exec-2" daemon [_thread_blocked, id=32, stack(0x000000d34d800000,0x000000d34d900000)]
=>0x000001fb468a43a0 JavaThread "http-nio-8080-exec-3" daemon [_thread_in_native, id=12260, stack(0x000000d34d900000,0x000000d34da00000)]

Other Threads:
  0x000001fb432d1cb0 VMThread "VM Thread" [stack: 0x000000d34c600000,0x000000d34c700000] [id=16100]
  0x000001fb20ee91a0 WatcherThread [stack: 0x000000d34d100000,0x000000d34d200000] [id=13128]
  0x000001fb20e88d20 GCTaskThread "GC Thread#0" [stack: 0x000000d34c100000,0x000000d34c200000] [id=13632]
  0x000001fb444f9c80 GCTaskThread "GC Thread#1" [stack: 0x000000d34d400000,0x000000d34d500000] [id=7964]
  0x000001fb43e3ca40 GCTaskThread "GC Thread#2" [stack: 0x000000d34d500000,0x000000d34d600000] [id=16452]
  0x000001fb445eb340 GCTaskThread "GC Thread#3" [stack: 0x000000d34d600000,0x000000d34d700000] [id=10028]
  0x000001fb20e99c40 ConcurrentGCThread "G1 Main Marker" [stack: 0x000000d34c200000,0x000000d34c300000] [id=15384]
  0x000001fb20e9adf0 ConcurrentGCThread "G1 Conc#0" [stack: 0x000000d34c300000,0x000000d34c400000] [id=2892]
  0x000001fb20efe730 ConcurrentGCThread "G1 Refine#0" [stack: 0x000000d34c400000,0x000000d34c500000] [id=12596]
  0x000001fb447c5600 ConcurrentGCThread "G1 Refine#1" [stack: 0x000000d34d700000,0x000000d34d800000] [id=15284]
  0x000001fb46d389d0 ConcurrentGCThread "G1 Refine#2" [stack: 0x000000d34db00000,0x000000d34dc00000] [id=14740]
  0x000001fb4318c390 ConcurrentGCThread "G1 Service" [stack: 0x000000d34c500000,0x000000d34c600000] [id=17056]

Threads with active compile tasks:

VM state: not at safepoint (normal execution)

VM Mutex/Monitor currently owned by a thread: None

Heap address: 0x0000000700e00000, size: 4082 MB, Compressed Oops mode: Zero based, Oop shift amount: 3

CDS archive(s) mapped at: [0x0000000800000000-0x0000000800bc0000-0x0000000800bc0000), size 12320768, SharedBaseAddress: 0x0000000800000000, ArchiveRelocationMode: 0.
Compressed class space mapped at: 0x0000000800c00000-0x0000000840c00000, reserved size: 1073741824
Narrow klass base: 0x0000000800000000, Narrow klass shift: 0, Narrow klass range: 0x100000000

GC Precious Log:
 CPUs: 4 total, 4 available
 Memory: 16322M
 Large Page Support: Disabled
 NUMA Support: Disabled
 Compressed Oops: Enabled (Zero based)
 Heap Region Size: 2M
 Heap Min Capacity: 8M
 Heap Initial Capacity: 256M
 Heap Max Capacity: 4082M
 Pre-touch: Disabled
 Parallel Workers: 4
 Concurrent Workers: 1
 Concurrent Refinement Workers: 4
 Periodic GC: Disabled

Heap:
 garbage-first heap   total 75776K, used 51012K [0x0000000700e00000, 0x0000000800000000)
  region size 2048K, 13 young (26624K), 1 survivors (2048K)
 Metaspace       used 69325K, committed 69696K, reserved 1114112K
  class space    used 9229K, committed 9408K, reserved 1048576K

Heap Regions: E=young(eden), S=young(survivor), O=old, HS=humongous(starts), HC=humongous(continues), CS=collection set, F=free, OA=open archive, CA=closed archive, TAMS=top-at-mark-start (previous, next)
|   0|0x0000000700e00000, 0x0000000701000000, 0x0000000701000000|100%| O|  |TAMS 0x0000000701000000, 0x0000000700e00000| Untracked 
|   1|0x0000000701000000, 0x0000000701200000, 0x0000000701200000|100%| O|  |TAMS 0x0000000701200000, 0x0000000701000000| Untracked 
|   2|0x0000000701200000, 0x00000007013d6a00, 0x0000000701400000| 91%| O|  |TAMS 0x00000007013d6a00, 0x0000000701200000| Untracked 
|   3|0x0000000701400000, 0x0000000701600000, 0x0000000701600000|100%| O|  |TAMS 0x0000000701400000, 0x0000000701400000| Untracked 
|   4|0x0000000701600000, 0x0000000701800000, 0x0000000701800000|100%| O|  |TAMS 0x0000000701800000, 0x0000000701600000| Untracked 
|   5|0x0000000701800000, 0x0000000701a00000, 0x0000000701a00000|100%| O|  |TAMS 0x0000000701a00000, 0x0000000701800000| Untracked 
|   6|0x0000000701a00000, 0x0000000701c00000, 0x0000000701c00000|100%| O|  |TAMS 0x0000000701c00000, 0x0000000701a00000| Untracked 
|   7|0x0000000701c00000, 0x0000000701e00000, 0x0000000701e00000|100%| O|  |TAMS 0x0000000701e00000, 0x0000000701c00000| Untracked 
|   8|0x0000000701e00000, 0x0000000702000000, 0x0000000702000000|100%| O|  |TAMS 0x0000000702000000, 0x0000000701e00000| Untracked 
|   9|0x0000000702000000, 0x0000000702200000, 0x0000000702200000|100%| O|  |TAMS 0x0000000702200000, 0x0000000702000000| Untracked 
|  10|0x0000000702200000, 0x0000000702200000, 0x0000000702400000|  0%| F|  |TAMS 0x0000000702200000, 0x0000000702200000| Untracked 
|  11|0x0000000702400000, 0x0000000702600000, 0x0000000702600000|100%| O|  |TAMS 0x0000000702400000, 0x0000000702400000| Untracked 
|  12|0x0000000702600000, 0x0000000702800000, 0x0000000702800000|100%| O|  |TAMS 0x0000000702600000, 0x0000000702600000| Untracked 
|  13|0x0000000702800000, 0x0000000702a00000, 0x0000000702a00000|100%| O|  |TAMS 0x0000000702800000, 0x0000000702800000| Untracked 
|  14|0x0000000702a00000, 0x0000000702b2fe00, 0x0000000702c00000| 59%| O|  |TAMS 0x0000000702a00000, 0x0000000702a00000| Untracked 
|  15|0x0000000702c00000, 0x0000000702c00000, 0x0000000702e00000|  0%| F|  |TAMS 0x0000000702c00000, 0x0000000702c00000| Untracked 
|  16|0x0000000702e00000, 0x0000000702e00000, 0x0000000703000000|  0%| F|  |TAMS 0x0000000702e00000, 0x0000000702e00000| Untracked 
|  17|0x0000000703000000, 0x0000000703000000, 0x0000000703200000|  0%| F|  |TAMS 0x0000000703000000, 0x0000000703000000| Untracked 
|  18|0x0000000703200000, 0x0000000703200000, 0x0000000703400000|  0%| F|  |TAMS 0x0000000703200000, 0x0000000703200000| Untracked 
|  19|0x0000000703400000, 0x0000000703400000, 0x0000000703600000|  0%| F|  |TAMS 0x0000000703400000, 0x0000000703400000| Untracked 
|  20|0x0000000703600000, 0x0000000703600000, 0x0000000703800000|  0%| F|  |TAMS 0x0000000703600000, 0x0000000703600000| Untracked 
|  21|0x0000000703800000, 0x0000000703800000, 0x0000000703a00000|  0%| F|  |TAMS 0x0000000703800000, 0x0000000703800000| Untracked 
|  22|0x0000000703a00000, 0x0000000703a00000, 0x0000000703c00000|  0%| F|  |TAMS 0x0000000703a00000, 0x0000000703a00000| Untracked 
|  23|0x0000000703c00000, 0x0000000703c00000, 0x0000000703e00000|  0%| F|  |TAMS 0x0000000703c00000, 0x0000000703c00000| Untracked 
|  24|0x0000000703e00000, 0x0000000703f4e958, 0x0000000704000000| 65%| E|  |TAMS 0x0000000703e00000, 0x0000000703e00000| Complete 
|  25|0x0000000704000000, 0x0000000704200000, 0x0000000704200000|100%| E|CS|TAMS 0x0000000704000000, 0x0000000704000000| Complete 
|  26|0x0000000704200000, 0x0000000704400000, 0x0000000704400000|100%| E|CS|TAMS 0x0000000704200000, 0x0000000704200000| Complete 
|  27|0x0000000704400000, 0x0000000704600000, 0x0000000704600000|100%| E|CS|TAMS 0x0000000704400000, 0x0000000704400000| Complete 
|  28|0x0000000704600000, 0x0000000704800000, 0x0000000704800000|100%| E|CS|TAMS 0x0000000704600000, 0x0000000704600000| Complete 
|  29|0x0000000704800000, 0x0000000704a00000, 0x0000000704a00000|100%| E|CS|TAMS 0x0000000704800000, 0x0000000704800000| Complete 
|  30|0x0000000704a00000, 0x0000000704c00000, 0x0000000704c00000|100%| E|CS|TAMS 0x0000000704a00000, 0x0000000704a00000| Complete 
|  31|0x0000000704c00000, 0x0000000704e00000, 0x0000000704e00000|100%| E|CS|TAMS 0x0000000704c00000, 0x0000000704c00000| Complete 
|  32|0x0000000704e00000, 0x0000000705000000, 0x0000000705000000|100%| E|CS|TAMS 0x0000000704e00000, 0x0000000704e00000| Complete 
|  33|0x0000000705000000, 0x0000000705200000, 0x0000000705200000|100%| E|CS|TAMS 0x0000000705000000, 0x0000000705000000| Complete 
|  34|0x0000000705200000, 0x0000000705400000, 0x0000000705400000|100%| E|CS|TAMS 0x0000000705200000, 0x0000000705200000| Complete 
|  35|0x0000000705400000, 0x00000007054cab80, 0x0000000705600000| 39%| S|CS|TAMS 0x0000000705400000, 0x0000000705400000| Complete 
| 127|0x0000000710c00000, 0x0000000710e00000, 0x0000000710e00000|100%| E|CS|TAMS 0x0000000710c00000, 0x0000000710c00000| Complete 

Card table byte_map: [0x000001fb37e20000,0x000001fb38620000] _byte_map_base: 0x000001fb34619000

Marking Bits (Prev, Next): (CMBitMap*) 0x000001fb20e89370, (CMBitMap*) 0x000001fb20e89330
 Prev Bits: [0x000001fb3cdf0000, 0x000001fb40db8000)
 Next Bits: [0x000001fb38e20000, 0x000001fb3cde8000)

Polling page: 0x000001fb1ede0000

Metaspace:

Usage:
  Non-class:     58.69 MB used.
      Class:      9.01 MB used.
       Both:     67.70 MB used.

Virtual space:
  Non-class space:       64.00 MB reserved,      58.88 MB ( 92%) committed,  8 nodes.
      Class space:        1.00 GB reserved,       9.19 MB ( <1%) committed,  1 nodes.
             Both:        1.06 GB reserved,      68.06 MB (  6%) committed. 

Chunk freelists:
   Non-Class:  966.00 KB
       Class:  2.76 MB
        Both:  3.70 MB

MaxMetaspaceSize: unlimited
CompressedClassSpaceSize: 1.00 GB
Initial GC threshold: 21.00 MB
Current GC threshold: 98.88 MB
CDS: on
MetaspaceReclaimPolicy: balanced
 - commit_granule_bytes: 65536.
 - commit_granule_words: 8192.
 - virtual_space_node_default_size: 1048576.
 - enlarge_chunks_in_place: 1.
 - new_chunks_are_fully_committed: 0.
 - uncommit_free_chunks: 1.
 - use_allocation_guard: 0.
 - handle_deallocations: 1.


Internal statistics:

num_allocs_failed_limit: 9.
num_arena_births: 478.
num_arena_deaths: 0.
num_vsnodes_births: 9.
num_vsnodes_deaths: 0.
num_space_committed: 1089.
num_space_uncommitted: 0.
num_chunks_returned_to_freelist: 9.
num_chunks_taken_from_freelist: 3030.
num_chunk_merges: 9.
num_chunk_splits: 2203.
num_chunks_enlarged: 1768.
num_purges: 0.
num_inconsistent_stats: 0.

CodeHeap 'non-profiled nmethods': size=120000Kb used=3668Kb max_used=3668Kb free=116331Kb
 bounds [0x000001fb300f0000, 0x000001fb30490000, 0x000001fb37620000]
CodeHeap 'profiled nmethods': size=120000Kb used=10155Kb max_used=10155Kb free=109844Kb
 bounds [0x000001fb28bc0000, 0x000001fb295b0000, 0x000001fb300f0000]
CodeHeap 'non-nmethods': size=5760Kb used=1339Kb max_used=1426Kb free=4420Kb
 bounds [0x000001fb28620000, 0x000001fb28890000, 0x000001fb28bc0000]
 total_blobs=6124 nmethods=5453 adapters=582
 compilation: enabled
              stopped_count=0, restarted_count=0
 full_count=0

Compilation events (20 events):
Event: 16.286 Thread 0x000001fb43c0ca30 nmethod 6192 0x000001fb30481910 code [0x000001fb30481aa0, 0x000001fb30481bb8]
Event: 16.286 Thread 0x000001fb43c0ca30 6193       1       antlr.CommonAST::setType (6 bytes)
Event: 16.287 Thread 0x000001fb43c0ca30 nmethod 6193 0x000001fb30481c10 code [0x000001fb30481da0, 0x000001fb30481e78]
Event: 16.290 Thread 0x000001fb43c0a9a0 nmethod 6191 0x000001fb30481f10 code [0x000001fb304820e0, 0x000001fb304824a8]
Event: 16.290 Thread 0x000001fb43c0a9a0 6194       4       ch.qos.logback.classic.Logger::callTurboFilters (14 bytes)
Event: 16.294 Thread 0x000001fb43c0a9a0 nmethod 6194 0x000001fb30482a10 code [0x000001fb30482be0, 0x000001fb30482f88]
Event: 16.296 Thread 0x000001fb43c0ca30 6195       3       org.jboss.logging.Logger::isDebugEnabled (8 bytes)
Event: 16.296 Thread 0x000001fb43c0ca30 nmethod 6195 0x000001fb295a9510 code [0x000001fb295a96c0, 0x000001fb295a9988]
Event: 16.296 Thread 0x000001fb43c0a9a0 6196       4       java.lang.String::regionMatches (150 bytes)
Event: 16.296 Thread 0x000001fb43c0ca30 6197       1       org.h2.value.ValueCollectionBase::getList (5 bytes)
Event: 16.296 Thread 0x000001fb43c0ca30 nmethod 6197 0x000001fb30483410 code [0x000001fb304835a0, 0x000001fb30483678]
Event: 16.297 Thread 0x000001fb43c0ca30 6198   !   3       com.zaxxer.hikari.pool.HikariProxyResultSet::getString (18 bytes)
Event: 16.297 Thread 0x000001fb43c0ca30 nmethod 6198 0x000001fb295a9b10 code [0x000001fb295a9cc0, 0x000001fb295a9f78]
Event: 16.297 Thread 0x000001fb43c0ca30 6199   !   3       org.h2.jdbc.JdbcResultSet::getString (23 bytes)
Event: 16.297 Thread 0x000001fb43c0ca30 nmethod 6199 0x000001fb295aa110 code [0x000001fb295aa300, 0x000001fb295aa788]
Event: 16.297 Thread 0x000001fb43c0ca30 6200       1       org.hibernate.engine.jdbc.internal.JdbcCoordinatorImpl::getLogicalConnection (5 bytes)
Event: 16.297 Thread 0x000001fb43c0ca30 nmethod 6200 0x000001fb30483710 code [0x000001fb304838a0, 0x000001fb30483978]
Event: 16.298 Thread 0x000001fb43c0ca30 6201       3       java.lang.ThreadLocal::remove (18 bytes)
Event: 16.298 Thread 0x000001fb43c0ca30 nmethod 6201 0x000001fb295aa990 code [0x000001fb295aab40, 0x000001fb295aadb8]
Event: 16.311 Thread 0x000001fb43c0a9a0 nmethod 6196 0x000001fb30483a10 code [0x000001fb30483c00, 0x000001fb30484778]

GC Heap History (20 events):
Event: 2.747 GC heap before
{Heap before GC invocations=6 (full 0):
 garbage-first heap   total 55296K, used 35902K [0x0000000700e00000, 0x0000000800000000)
  region size 2048K, 16 young (32768K), 4 survivors (8192K)
 Metaspace       used 30415K, committed 30720K, reserved 1081344K
  class space    used 3876K, committed 3968K, reserved 1048576K
}
Event: 2.759 GC heap after
{Heap after GC invocations=7 (full 0):
 garbage-first heap   total 55296K, used 15050K [0x0000000700e00000, 0x0000000800000000)
  region size 2048K, 2 young (4096K), 2 survivors (4096K)
 Metaspace       used 30415K, committed 30720K, reserved 1081344K
  class space    used 3876K, committed 3968K, reserved 1048576K
}
Event: 3.266 GC heap before
{Heap before GC invocations=7 (full 0):
 garbage-first heap   total 55296K, used 37578K [0x0000000700e00000, 0x0000000800000000)
  region size 2048K, 14 young (28672K), 2 survivors (4096K)
 Metaspace       used 33965K, committed 34240K, reserved 1081344K
  class space    used 4341K, committed 4480K, reserved 1048576K
}
Event: 3.271 GC heap after
{Heap after GC invocations=8 (full 0):
 garbage-first heap   total 159744K, used 17618K [0x0000000700e00000, 0x0000000800000000)
  region size 2048K, 2 young (4096K), 2 survivors (4096K)
 Metaspace       used 33965K, committed 34240K, reserved 1081344K
  class space    used 4341K, committed 4480K, reserved 1048576K
}
Event: 3.631 GC heap before
{Heap before GC invocations=8 (full 0):
 garbage-first heap   total 159744K, used 99538K [0x0000000700e00000, 0x0000000800000000)
  region size 2048K, 44 young (90112K), 2 survivors (4096K)
 Metaspace       used 35804K, committed 36096K, reserved 1081344K
  class space    used 4526K, committed 4672K, reserved 1048576K
}
Event: 3.636 GC heap after
{Heap after GC invocations=9 (full 0):
 garbage-first heap   total 159744K, used 18405K [0x0000000700e00000, 0x0000000800000000)
  region size 2048K, 3 young (6144K), 3 survivors (6144K)
 Metaspace       used 35804K, committed 36096K, reserved 1081344K
  class space    used 4526K, committed 4672K, reserved 1048576K
}
Event: 4.552 GC heap before
{Heap before GC invocations=10 (full 0):
 garbage-first heap   total 75776K, used 57317K [0x0000000700e00000, 0x0000000800000000)
  region size 2048K, 22 young (45056K), 3 survivors (6144K)
 Metaspace       used 44975K, committed 45312K, reserved 1089536K
  class space    used 5901K, committed 6080K, reserved 1048576K
}
Event: 4.560 GC heap after
{Heap after GC invocations=11 (full 0):
 garbage-first heap   total 75776K, used 21103K [0x0000000700e00000, 0x0000000800000000)
  region size 2048K, 3 young (6144K), 3 survivors (6144K)
 Metaspace       used 44975K, committed 45312K, reserved 1089536K
  class space    used 5901K, committed 6080K, reserved 1048576K
}
Event: 4.609 GC heap before
{Heap before GC invocations=11 (full 0):
 garbage-first heap   total 75776K, used 21103K [0x0000000700e00000, 0x0000000800000000)
  region size 2048K, 4 young (8192K), 3 survivors (6144K)
 Metaspace       used 45636K, committed 45952K, reserved 1089536K
  class space    used 5973K, committed 6144K, reserved 1048576K
}
Event: 4.616 GC heap after
{Heap after GC invocations=12 (full 0):
 garbage-first heap   total 75776K, used 20842K [0x0000000700e00000, 0x0000000800000000)
  region size 2048K, 1 young (2048K), 1 survivors (2048K)
 Metaspace       used 45636K, committed 45952K, reserved 1089536K
  class space    used 5973K, committed 6144K, reserved 1048576K
}
Event: 5.526 GC heap before
{Heap before GC invocations=12 (full 0):
 garbage-first heap   total 75776K, used 57706K [0x0000000700e00000, 0x0000000800000000)
  region size 2048K, 19 young (38912K), 1 survivors (2048K)
 Metaspace       used 54027K, committed 54336K, reserved 1097728K
  class space    used 7225K, committed 7360K, reserved 1048576K
}
Event: 5.528 GC heap after
{Heap after GC invocations=13 (full 0):
 garbage-first heap   total 75776K, used 21971K [0x0000000700e00000, 0x0000000800000000)
  region size 2048K, 1 young (2048K), 1 survivors (2048K)
 Metaspace       used 54027K, committed 54336K, reserved 1097728K
  class space    used 7225K, committed 7360K, reserved 1048576K
}
Event: 6.284 GC heap before
{Heap before GC invocations=13 (full 0):
 garbage-first heap   total 75776K, used 56787K [0x0000000700e00000, 0x0000000800000000)
  region size 2048K, 19 young (38912K), 1 survivors (2048K)
 Metaspace       used 58119K, committed 58496K, reserved 1105920K
  class space    used 7761K, committed 7936K, reserved 1048576K
}
Event: 6.289 GC heap after
{Heap after GC invocations=14 (full 0):
 garbage-first heap   total 75776K, used 24133K [0x0000000700e00000, 0x0000000800000000)
  region size 2048K, 2 young (4096K), 2 survivors (4096K)
 Metaspace       used 58119K, committed 58496K, reserved 1105920K
  class space    used 7761K, committed 7936K, reserved 1048576K
}
Event: 6.705 GC heap before
{Heap before GC invocations=14 (full 0):
 garbage-first heap   total 75776K, used 52805K [0x0000000700e00000, 0x0000000800000000)
  region size 2048K, 18 young (36864K), 2 survivors (4096K)
 Metaspace       used 60138K, committed 60480K, reserved 1105920K
  class space    used 8021K, committed 8192K, reserved 1048576K
}
Event: 6.710 GC heap after
{Heap after GC invocations=15 (full 0):
 garbage-first heap   total 75776K, used 25397K [0x0000000700e00000, 0x0000000800000000)
  region size 2048K, 2 young (4096K), 2 survivors (4096K)
 Metaspace       used 60138K, committed 60480K, reserved 1105920K
  class space    used 8021K, committed 8192K, reserved 1048576K
}
Event: 7.424 GC heap before
{Heap before GC invocations=16 (full 0):
 garbage-first heap   total 75776K, used 60213K [0x0000000700e00000, 0x0000000800000000)
  region size 2048K, 19 young (38912K), 2 survivors (4096K)
 Metaspace       used 63746K, committed 64192K, reserved 1105920K
  class space    used 8552K, committed 8768K, reserved 1048576K
}
Event: 7.431 GC heap after
{Heap after GC invocations=17 (full 0):
 garbage-first heap   total 75776K, used 28369K [0x0000000700e00000, 0x0000000800000000)
  region size 2048K, 3 young (6144K), 3 survivors (6144K)
 Metaspace       used 63746K, committed 64192K, reserved 1105920K
  class space    used 8552K, committed 8768K, reserved 1048576K
}
Event: 7.546 GC heap before
{Heap before GC invocations=17 (full 0):
 garbage-first heap   total 75776K, used 30417K [0x0000000700e00000, 0x0000000800000000)
  region size 2048K, 4 young (8192K), 3 survivors (6144K)
 Metaspace       used 64016K, committed 64384K, reserved 1105920K
  class space    used 8581K, committed 8768K, reserved 1048576K
}
Event: 7.553 GC heap after
{Heap after GC invocations=18 (full 0):
 garbage-first heap   total 75776K, used 28484K [0x0000000700e00000, 0x0000000800000000)
  region size 2048K, 1 young (2048K), 1 survivors (2048K)
 Metaspace       used 64016K, committed 64384K, reserved 1105920K
  class space    used 8581K, committed 8768K, reserved 1048576K
}

Deoptimization events (20 events):
Event: 13.106 Thread 0x000001fb468a6080 Uncommon trap: trap_request=0xffffff45 fr.pc=0x000001fb302dff94 relative=0x0000000000000274
Event: 13.106 Thread 0x000001fb468a6080 Uncommon trap: reason=unstable_if action=reinterpret pc=0x000001fb302dff94 method=java.util.StringTokenizer.scanToken(I)I @ 96 c2
Event: 13.106 Thread 0x000001fb468a6080 DEOPT PACKING pc=0x000001fb302dff94 sp=0x000000d34d8fadf0
Event: 13.106 Thread 0x000001fb468a6080 DEOPT UNPACKING pc=0x000001fb286723a3 sp=0x000000d34d8fad90 mode 2
Event: 13.339 Thread 0x000001fb468a6080 Uncommon trap: trap_request=0xffffff45 fr.pc=0x000001fb3020b9c8 relative=0x00000000000000a8
Event: 13.339 Thread 0x000001fb468a6080 Uncommon trap: reason=unstable_if action=reinterpret pc=0x000001fb3020b9c8 method=java.lang.CharacterDataLatin1.isWhitespace(I)Z @ 14 c2
Event: 13.339 Thread 0x000001fb468a6080 DEOPT PACKING pc=0x000001fb3020b9c8 sp=0x000000d34d8fb860
Event: 13.339 Thread 0x000001fb468a6080 DEOPT UNPACKING pc=0x000001fb286723a3 sp=0x000000d34d8fb728 mode 2
Event: 13.346 Thread 0x000001fb468a6080 Uncommon trap: trap_request=0xffffff45 fr.pc=0x000001fb3014d204 relative=0x0000000000000084
Event: 13.346 Thread 0x000001fb468a6080 Uncommon trap: reason=unstable_if action=reinterpret pc=0x000001fb3014d204 method=java.lang.CharacterDataLatin1.isWhitespace(I)Z @ 14 c2
Event: 13.346 Thread 0x000001fb468a6080 DEOPT PACKING pc=0x000001fb3014d204 sp=0x000000d34d8fb8f0
Event: 13.346 Thread 0x000001fb468a6080 DEOPT UNPACKING pc=0x000001fb286723a3 sp=0x000000d34d8fb870 mode 2
Event: 13.464 Thread 0x000001fb468a6080 DEOPT PACKING pc=0x000001fb28df3523 sp=0x000000d34d8f9f20
Event: 13.464 Thread 0x000001fb468a6080 DEOPT UNPACKING pc=0x000001fb28672b43 sp=0x000000d34d8f9390 mode 0
Event: 13.476 Thread 0x000001fb468a6080 DEOPT PACKING pc=0x000001fb292ba959 sp=0x000000d34d8fa2f0
Event: 13.476 Thread 0x000001fb468a6080 DEOPT UNPACKING pc=0x000001fb28672b43 sp=0x000000d34d8f9800 mode 0
Event: 13.526 Thread 0x000001fb468a6080 Uncommon trap: trap_request=0xffffff45 fr.pc=0x000001fb30212da4 relative=0x0000000000000084
Event: 13.526 Thread 0x000001fb468a6080 Uncommon trap: reason=unstable_if action=reinterpret pc=0x000001fb30212da4 method=java.util.LinkedHashMap.afterNodeInsertion(Z)V @ 18 c2
Event: 13.526 Thread 0x000001fb468a6080 DEOPT PACKING pc=0x000001fb30212da4 sp=0x000000d34d8f99d0
Event: 13.526 Thread 0x000001fb468a6080 DEOPT UNPACKING pc=0x000001fb286723a3 sp=0x000000d34d8f9950 mode 2

Classes unloaded (0 events):
No events

Classes redefined (0 events):
No events

Internal exceptions (20 events):
Event: 6.963 Thread 0x000001fb44702810 Exception <a 'java/lang/ClassNotFoundException'{0x0000000704612ad0}: org/springframework/security/config/annotation/web/configuration/HttpSecurityConfigurationCustomizer> (0x0000000704612ad0) 
thrown [t:\workspace\open\src\hotspot\share\classfile\systemDictionary.cpp, line 256]
Event: 6.984 Thread 0x000001fb44702810 Exception <a 'java/lang/NoSuchMethodError'{0x0000000704699bf8}: 'java.lang.Object java.lang.invoke.DirectMethodHandle$Holder.invokeInterface(java.lang.Object, java.lang.Object, java.lang.Object, java.lang.Object)'> (0x0000000704699bf8) 
thrown [t:\workspace\open\src\hotspot\share\interpreter\linkResolver.cpp, line 766]
Event: 7.024 Thread 0x000001fb44702810 Exception <a 'java/lang/NoSuchMethodError'{0x00000007044b6b68}: 'void java.lang.invoke.DirectMethodHandle$Holder.invokeVirtual(java.lang.Object, java.lang.Object, int)'> (0x00000007044b6b68) 
thrown [t:\workspace\open\src\hotspot\share\interpreter\linkResolver.cpp, line 766]
Event: 7.027 Thread 0x000001fb44702810 Exception <a 'java/lang/NoSuchMethodError'{0x00000007044d1518}: 'void java.lang.invoke.DirectMethodHandle$Holder.invokeVirtual(java.lang.Object, java.lang.Object, long)'> (0x00000007044d1518) 
thrown [t:\workspace\open\src\hotspot\share\interpreter\linkResolver.cpp, line 766]
Event: 7.087 Thread 0x000001fb44702810 Exception <a 'java/lang/NoSuchMethodError'{0x00000007040d7c78}: 'int java.lang.invoke.DirectMethodHandle$Holder.invokeStaticInit(java.lang.Object, java.lang.Object, java.lang.Object, java.lang.Object)'> (0x00000007040d7c78) 
thrown [t:\workspace\open\src\hotspot\share\interpreter\linkResolver.cpp, line 766]
Event: 7.215 Thread 0x000001fb44702810 Exception <a 'java/lang/NoSuchMethodError'{0x0000000703be3080}: 'java.lang.Object java.lang.invoke.DirectMethodHandle$Holder.invokeSpecial(java.lang.Object, java.lang.Object, int, java.lang.Object, int, java.lang.Object)'> (0x0000000703be3080) 
thrown [t:\workspace\open\src\hotspot\share\interpreter\linkResolver.cpp, line 766]
Event: 7.215 Thread 0x000001fb44702810 Exception <a 'java/lang/NoSuchMethodError'{0x0000000703beb128}: 'java.lang.Object java.lang.invoke.DirectMethodHandle$Holder.newInvokeSpecial(java.lang.Object, java.lang.Object, int, java.lang.Object, int)'> (0x0000000703beb128) 
thrown [t:\workspace\open\src\hotspot\share\interpreter\linkResolver.cpp, line 766]
Event: 7.215 Thread 0x000001fb44702810 Exception <a 'java/lang/NoSuchMethodError'{0x0000000703bef228}: 'java.lang.Object java.lang.invoke.DirectMethodHandle$Holder.invokeSpecial(java.lang.Object, java.lang.Object, java.lang.Object, int, java.lang.Object, int)'> (0x0000000703bef228) 
thrown [t:\workspace\open\src\hotspot\share\interpreter\linkResolver.cpp, line 766]
Event: 7.217 Thread 0x000001fb44702810 Exception <a 'java/lang/NoSuchMethodError'{0x0000000703bf95f0}: 'void java.lang.invoke.DirectMethodHandle$Holder.invokeVirtual(java.lang.Object, java.lang.Object)'> (0x0000000703bf95f0) 
thrown [t:\workspace\open\src\hotspot\share\interpreter\linkResolver.cpp, line 766]
Event: 7.357 Thread 0x000001fb44702810 Exception <a 'java/lang/ClassNotFoundException'{0x00000007032fc110}: java/lang/ObjectCustomizer> (0x00000007032fc110) 
thrown [t:\workspace\open\src\hotspot\share\classfile\systemDictionary.cpp, line 256]
Event: 7.359 Thread 0x000001fb44702810 Exception <a 'java/lang/ClassNotFoundException'{0x0000000703306438}: com/backend/backend/Data/RoleCustomizer> (0x0000000703306438) 
thrown [t:\workspace\open\src\hotspot\share\classfile\systemDictionary.cpp, line 256]
Event: 7.590 Thread 0x000001fb44702810 Exception <a 'java/lang/ClassNotFoundException'{0x0000000710cad280}: java/lang/ObjectCustomizer> (0x0000000710cad280) 
thrown [t:\workspace\open\src\hotspot\share\classfile\systemDictionary.cpp, line 256]
Event: 7.591 Thread 0x000001fb44702810 Exception <a 'java/lang/ClassNotFoundException'{0x0000000710cb7350}: com/backend/backend/Data/UserCustomizer> (0x0000000710cb7350) 
thrown [t:\workspace\open\src\hotspot\share\classfile\systemDictionary.cpp, line 256]
Event: 13.066 Thread 0x000001fb468a6080 Exception <a 'sun/nio/fs/WindowsException'{0x0000000704a26620}> (0x0000000704a26620) 
thrown [t:\workspace\open\src\hotspot\share\prims\jni.cpp, line 516]
Event: 13.275 Thread 0x000001fb468a6080 Exception <a 'java/lang/NoSuchMethodError'{0x000000070444c098}: 'java.lang.Object java.lang.invoke.DirectMethodHandle$Holder.invokeStaticInit(java.lang.Object, java.lang.Object, java.lang.Object, java.lang.Object, java.lang.Object, java.lang.Object)'> (0x000000070444c098) 
thrown [t:\workspace\open\src\hotspot\share\interpreter\linkResolver.cpp, line 766]
Event: 13.492 Thread 0x000001fb468a6080 Exception <a 'java/lang/NoSuchMethodError'{0x00000007040e7458}: 'java.lang.Object java.lang.invoke.DirectMethodHandle$Holder.invokeStatic(java.lang.Object, int, java.lang.Object)'> (0x00000007040e7458) 
thrown [t:\workspace\open\src\hotspot\share\interpreter\linkResolver.cpp, line 766]
Event: 13.509 Thread 0x000001fb468a6080 Exception <a 'java/lang/ClassNotFoundException'{0x00000007041035f8}: java/lang/ObjectCustomizer> (0x00000007041035f8) 
thrown [t:\workspace\open\src\hotspot\share\classfile\systemDictionary.cpp, line 256]
Event: 13.511 Thread 0x000001fb468a6080 Exception <a 'java/lang/ClassNotFoundException'{0x0000000704112ed8}: com/backend/backend/Data/CaffCustomizer> (0x0000000704112ed8) 
thrown [t:\workspace\open\src\hotspot\share\classfile\systemDictionary.cpp, line 256]
Event: 13.520 Thread 0x000001fb468a6080 Exception <a 'java/lang/ClassNotFoundException'{0x000000070414fe28}: java/lang/ObjectCustomizer> (0x000000070414fe28) 
thrown [t:\workspace\open\src\hotspot\share\classfile\systemDictionary.cpp, line 256]
Event: 13.524 Thread 0x000001fb468a6080 Exception <a 'java/lang/ClassNotFoundException'{0x000000070415e9b8}: com/backend/backend/Data/LogCustomizer> (0x000000070415e9b8) 
thrown [t:\workspace\open\src\hotspot\share\classfile\systemDictionary.cpp, line 256]

VM Operations (20 events):
Event: 12.950 Executing VM operation: Cleanup
Event: 12.950 Executing VM operation: Cleanup done
Event: 12.980 Executing VM operation: HandshakeAllThreads
Event: 12.980 Executing VM operation: HandshakeAllThreads done
Event: 13.067 Executing VM operation: HandshakeAllThreads
Event: 13.067 Executing VM operation: HandshakeAllThreads done
Event: 13.071 Executing VM operation: HandshakeAllThreads
Event: 13.071 Executing VM operation: HandshakeAllThreads done
Event: 13.282 Executing VM operation: HandshakeAllThreads
Event: 13.282 Executing VM operation: HandshakeAllThreads done
Event: 13.289 Executing VM operation: ICBufferFull
Event: 13.289 Executing VM operation: ICBufferFull done
Event: 13.445 Executing VM operation: HandshakeAllThreads
Event: 13.446 Executing VM operation: HandshakeAllThreads done
Event: 13.533 Executing VM operation: HandshakeAllThreads
Event: 13.533 Executing VM operation: HandshakeAllThreads done
Event: 14.547 Executing VM operation: Cleanup
Event: 14.547 Executing VM operation: Cleanup done
Event: 15.555 Executing VM operation: Cleanup
Event: 15.555 Executing VM operation: Cleanup done

Events (20 events):
Event: 13.494 loading class java/time/format/DateTimeFormatterBuilder$ReducedPrinterParser done
Event: 13.506 loading class java/lang/ObjectCustomizer
Event: 13.506 loading class java/lang/ObjectCustomizer done
Event: 13.509 loading class java/lang/ObjectCustomizer
Event: 13.509 loading class java/lang/ObjectCustomizer done
Event: 13.519 loading class java/lang/ObjectCustomizer
Event: 13.519 loading class java/lang/ObjectCustomizer done
Event: 13.520 loading class java/lang/ObjectCustomizer
Event: 13.520 loading class java/lang/ObjectCustomizer done
Event: 13.531 loading class java/time/format/DateTimeFormatterBuilder$ZoneTextPrinterParser
Event: 13.531 loading class java/time/format/DateTimeFormatterBuilder$ZoneTextPrinterParser done
Event: 13.558 loading class sun/nio/cs/ISO_8859_1$Encoder
Event: 13.558 loading class sun/nio/cs/ISO_8859_1$Encoder done
Event: 13.558 loading class sun/nio/cs/Surrogate$Parser
Event: 13.558 loading class sun/nio/cs/Surrogate$Parser done
Event: 13.558 loading class sun/nio/cs/Surrogate
Event: 13.558 loading class sun/nio/cs/Surrogate done
Event: 14.328 Thread 0x000001fb46cccac0 Thread exited: 0x000001fb46cccac0
Event: 16.269 Thread 0x000001fb468a43a0 Thread added: 0x000001fb468a43a0
Event: 16.311 Loaded shared library E:\SzamBiztHF\backend\backend\jni-library\build\libs\main\jni-library.dll


Dynamic libraries:
0x00007ff644670000 - 0x00007ff64467e000 	C:\Users\Bence\.jdks\openjdk-17\bin\java.exe
0x00007ffc7e130000 - 0x00007ffc7e325000 	C:\WINDOWS\SYSTEM32\ntdll.dll
0x00007ffc62900000 - 0x00007ffc62916000 	C:\Program Files\AVG\Antivirus\aswhook.dll
0x00007ffc7c480000 - 0x00007ffc7c53e000 	C:\WINDOWS\System32\KERNEL32.DLL
0x00007ffc7bc00000 - 0x00007ffc7bec8000 	C:\WINDOWS\System32\KERNELBASE.dll
0x00007ffc7bfe0000 - 0x00007ffc7c0e0000 	C:\WINDOWS\System32\ucrtbase.dll
0x00007ffc77070000 - 0x00007ffc77088000 	C:\Users\Bence\.jdks\openjdk-17\bin\jli.dll
0x00007ffc7de90000 - 0x00007ffc7e031000 	C:\WINDOWS\System32\USER32.dll
0x00007ffc7bae0000 - 0x00007ffc7bb02000 	C:\WINDOWS\System32\win32u.dll
0x00007ffc7db90000 - 0x00007ffc7dbbb000 	C:\WINDOWS\System32\GDI32.dll
0x00007ffc7bed0000 - 0x00007ffc7bfdb000 	C:\WINDOWS\System32\gdi32full.dll
0x00007ffc7c0e0000 - 0x00007ffc7c17d000 	C:\WINDOWS\System32\msvcp_win.dll
0x00007ffc76d70000 - 0x00007ffc76d8a000 	C:\Users\Bence\.jdks\openjdk-17\bin\VCRUNTIME140.dll
0x00007ffc6ab40000 - 0x00007ffc6adda000 	C:\WINDOWS\WinSxS\amd64_microsoft.windows.common-controls_6595b64144ccf1df_6.0.19041.1110_none_60b5254171f9507e\COMCTL32.dll
0x00007ffc7da90000 - 0x00007ffc7db2e000 	C:\WINDOWS\System32\msvcrt.dll
0x00007ffc7c3e0000 - 0x00007ffc7c410000 	C:\WINDOWS\System32\IMM32.DLL
0x00007ffc77590000 - 0x00007ffc7759c000 	C:\Users\Bence\.jdks\openjdk-17\bin\vcruntime140_1.dll
0x00007ffc57e30000 - 0x00007ffc57ebd000 	C:\Users\Bence\.jdks\openjdk-17\bin\msvcp140.dll
0x00007ffc0df20000 - 0x00007ffc0eade000 	C:\Users\Bence\.jdks\openjdk-17\bin\server\jvm.dll
0x00007ffc7e040000 - 0x00007ffc7e0ec000 	C:\WINDOWS\System32\ADVAPI32.dll
0x00007ffc7d0e0000 - 0x00007ffc7d17b000 	C:\WINDOWS\System32\sechost.dll
0x00007ffc7d820000 - 0x00007ffc7d94a000 	C:\WINDOWS\System32\RPCRT4.dll
0x00007ffc7c470000 - 0x00007ffc7c478000 	C:\WINDOWS\System32\PSAPI.DLL
0x00007ffc71f90000 - 0x00007ffc71f99000 	C:\WINDOWS\SYSTEM32\WSOCK32.dll
0x00007ffc6f940000 - 0x00007ffc6f967000 	C:\WINDOWS\SYSTEM32\WINMM.dll
0x00007ffc7de20000 - 0x00007ffc7de8b000 	C:\WINDOWS\System32\WS2_32.dll
0x00007ffc75fa0000 - 0x00007ffc75faa000 	C:\WINDOWS\SYSTEM32\VERSION.dll
0x00007ffc7a0f0000 - 0x00007ffc7a102000 	C:\WINDOWS\SYSTEM32\kernel.appcore.dll
0x00007ffc76da0000 - 0x00007ffc76daa000 	C:\Users\Bence\.jdks\openjdk-17\bin\jimage.dll
0x00007ffc74fd0000 - 0x00007ffc751b4000 	C:\WINDOWS\SYSTEM32\DBGHELP.DLL
0x00007ffc74c50000 - 0x00007ffc74c7c000 	C:\WINDOWS\SYSTEM32\dbgcore.DLL
0x00007ffc7bb70000 - 0x00007ffc7bbf3000 	C:\WINDOWS\System32\bcryptPrimitives.dll
0x00007ffc6bdb0000 - 0x00007ffc6bdd5000 	C:\Users\Bence\.jdks\openjdk-17\bin\java.dll
0x00007ffc56120000 - 0x00007ffc561f6000 	C:\Users\Bence\.jdks\openjdk-17\bin\svml.dll
0x00007ffc7c920000 - 0x00007ffc7d05f000 	C:\WINDOWS\System32\SHELL32.dll
0x00007ffc79930000 - 0x00007ffc7a0c0000 	C:\WINDOWS\SYSTEM32\windows.storage.dll
0x00007ffc7c540000 - 0x00007ffc7c895000 	C:\WINDOWS\System32\combase.dll
0x00007ffc7b2a0000 - 0x00007ffc7b2ce000 	C:\WINDOWS\SYSTEM32\Wldp.dll
0x00007ffc7d950000 - 0x00007ffc7d9fd000 	C:\WINDOWS\System32\SHCORE.dll
0x00007ffc7dbc0000 - 0x00007ffc7dc15000 	C:\WINDOWS\System32\shlwapi.dll
0x00007ffc7b790000 - 0x00007ffc7b7af000 	C:\WINDOWS\SYSTEM32\profapi.dll
0x00007ffc716d0000 - 0x00007ffc716e9000 	C:\Users\Bence\.jdks\openjdk-17\bin\net.dll
0x00007ffc73710000 - 0x00007ffc7381c000 	C:\WINDOWS\SYSTEM32\WINHTTP.dll
0x00007ffc7b000000 - 0x00007ffc7b06a000 	C:\WINDOWS\system32\mswsock.dll
0x00007ffc6fdd0000 - 0x00007ffc6fde5000 	C:\Users\Bence\.jdks\openjdk-17\bin\nio.dll
0x00007ffc6fd80000 - 0x00007ffc6fd98000 	C:\Users\Bence\.jdks\openjdk-17\bin\zip.dll
0x00007ffc721b0000 - 0x00007ffc721c0000 	C:\Users\Bence\.jdks\openjdk-17\bin\verify.dll
0x00007ffc72110000 - 0x00007ffc72119000 	C:\Users\Bence\.jdks\openjdk-17\bin\management.dll
0x00007ffc716a0000 - 0x00007ffc716ab000 	C:\Users\Bence\.jdks\openjdk-17\bin\management_ext.dll
0x00007ffc687a0000 - 0x00007ffc687b7000 	C:\WINDOWS\system32\napinsp.dll
0x00007ffc68780000 - 0x00007ffc6879b000 	C:\WINDOWS\system32\pnrpnsp.dll
0x00007ffc68760000 - 0x00007ffc68775000 	C:\WINDOWS\system32\wshbth.dll
0x00007ffc77450000 - 0x00007ffc7746d000 	C:\WINDOWS\system32\NLAapi.dll
0x00007ffc7aca0000 - 0x00007ffc7acdb000 	C:\WINDOWS\SYSTEM32\IPHLPAPI.DLL
0x00007ffc7acf0000 - 0x00007ffc7adbb000 	C:\WINDOWS\SYSTEM32\DNSAPI.dll
0x00007ffc7d260000 - 0x00007ffc7d268000 	C:\WINDOWS\System32\NSI.dll
0x00007ffc68740000 - 0x00007ffc68752000 	C:\WINDOWS\System32\winrnr.dll
0x00007ffc73630000 - 0x00007ffc7363a000 	C:\Windows\System32\rasadhlp.dll
0x00007ffc73550000 - 0x00007ffc735cf000 	C:\WINDOWS\System32\fwpuclnt.dll
0x00007ffc7bab0000 - 0x00007ffc7bad7000 	C:\WINDOWS\System32\bcrypt.dll
0x00007ffc7b1f0000 - 0x00007ffc7b208000 	C:\WINDOWS\SYSTEM32\CRYPTSP.dll
0x00007ffc7a910000 - 0x00007ffc7a944000 	C:\WINDOWS\system32\rsaenh.dll
0x00007ffc7b750000 - 0x00007ffc7b77e000 	C:\WINDOWS\SYSTEM32\USERENV.dll
0x00007ffc7b210000 - 0x00007ffc7b21c000 	C:\WINDOWS\SYSTEM32\CRYPTBASE.dll
0x00007ffc76300000 - 0x00007ffc76317000 	C:\WINDOWS\SYSTEM32\dhcpcsvc6.DLL
0x00007ffc75d90000 - 0x00007ffc75dad000 	C:\WINDOWS\SYSTEM32\dhcpcsvc.DLL
0x00007ffc709f0000 - 0x00007ffc709fe000 	C:\Users\Bence\.jdks\openjdk-17\bin\sunmscapi.dll
0x00007ffc7b900000 - 0x00007ffc7ba56000 	C:\WINDOWS\System32\CRYPT32.dll
0x00007ffc7b310000 - 0x00007ffc7b337000 	C:\WINDOWS\SYSTEM32\ncrypt.dll
0x00007ffc7b2d0000 - 0x00007ffc7b30b000 	C:\WINDOWS\SYSTEM32\NTASN1.dll
0x00007ffc6fc30000 - 0x00007ffc6fc37000 	C:\WINDOWS\system32\wshunix.dll
0x00007ffc7a540000 - 0x00007ffc7a573000 	C:\WINDOWS\SYSTEM32\ntmarta.dll
0x00007ffc641f0000 - 0x00007ffc6423b000 	E:\SzamBiztHF\backend\backend\jni-library\build\libs\main\jni-library.dll

dbghelp: loaded successfully - version: 4.0.5 - missing functions: none
symbol engine: initialized successfully - sym options: 0x614 - pdb path: .;C:\Users\Bence\.jdks\openjdk-17\bin;C:\WINDOWS\SYSTEM32;C:\Program Files\AVG\Antivirus;C:\WINDOWS\WinSxS\amd64_microsoft.windows.common-controls_6595b64144ccf1df_6.0.19041.1110_none_60b5254171f9507e;C:\Users\Bence\.jdks\openjdk-17\bin\server;E:\SzamBiztHF\backend\backend\jni-library\build\libs\main

VM Arguments:
jvm_args: -Djava.library.path=E:\SzamBiztHF\backend\backend\jni-library\build\libs\main -Dfile.encoding=windows-1250 -Duser.country=US -Duser.language=en -Duser.variant 
java_command: com.backend.backend.BackendApplication -XshowSettings:properties -version
java_class_path (initial): E:\SzamBiztHF\backend\backend\build\classes\java\main;E:\SzamBiztHF\backend\backend\build\resources\main;C:\Users\Bence\.gradle\caches\modules-2\files-2.1\org.springframework.boot\spring-boot-devtools\2.5.5\cd4c92b6039cad49b9586b668e905e430d3b3dac\spring-boot-devtools-2.5.5.jar;C:\Users\Bence\.gradle\caches\modules-2\files-2.1\org.springframework.boot\spring-boot-starter-data-jpa\2.5.5\5ec66dab8ad9dead3322e21d1bfafe29da89f360\spring-boot-starter-data-jpa-2.5.5.jar;C:\Users\Bence\.gradle\caches\modules-2\files-2.1\org.springframework.boot\spring-boot-starter-web\2.5.5\c09bf133d22c865d6ce4d67ff48aece7ff1defb1\spring-boot-starter-web-2.5.5.jar;C:\Users\Bence\.gradle\caches\modules-2\files-2.1\io.jsonwebtoken\jjwt-jackson\0.11.0\5e75dd9141e269f1a7dae24343664002ea7f9c62\jjwt-jackson-0.11.0.jar;C:\Users\Bence\.gradle\caches\modules-2\files-2.1\org.springframework.boot\spring-boot-starter-json\2.5.5\11923b2b5ca33c6c849952ed1bd47a77c9ec0a85\spring-boot-starter-json-2.5.5.jar;C:\Users\Bence\.gradle\caches\modules-2\files-2.1\com.fasterxml.jackson.datatype\jackson-datatype-jdk8\2.12.5\6b2f79547d217ad50dfc5b57af7444a3aa583b43\jackson-datatype-jdk8-2.12.5.jar;C:\Users\Bence\.gradle\caches\modules-2\files-2.1\com.fasterxml.jackson.datatype\jackson-datatype-jsr310\2.12.5\a0a9870b681a72789c5c6bdc380e45ab719c6aa3\jackson-datatype-jsr310-2.12.5.jar;C:\Users\Bence\.gradle\caches\modules-2\files-2.1\com.fasterxml.jackson.module\jackson-module-parameter-names\2.12.5\2c85c2036d0851425a260c01eb5f7ddbed1eeb00\jackson-module-parameter-names-2.12.5.jar;C:\Users\Bence\.gradle\caches\modules-2\files-2.1\com.fasterxml.jackson.core\jackson-databind\2.12.5\b064cf057f23d3d35390328c5030847efeffedde\jackson-databind-2.12.5.jar;C:\Users\Bence\.gradle\caches\modules-2\files-2.1\com.fasterxml.jackson.core\jackson-annotations\2.12.5\52d929d5bb21d0186fe24c09624cc3ee4bafc3b3\jackson-annotations-2.12.5.jar;C:\Users\Bence\.gradle\caches\modules-2\files-2.1\com.fasterxml.jackson
Launcher Type: SUN_STANDARD

[Global flags]
     intx CICompilerCount                          = 3                                         {product} {ergonomic}
     uint ConcGCThreads                            = 1                                         {product} {ergonomic}
     uint G1ConcRefinementThreads                  = 4                                         {product} {ergonomic}
   size_t G1HeapRegionSize                         = 2097152                                   {product} {ergonomic}
    uintx GCDrainStackTargetSize                   = 64                                        {product} {ergonomic}
   size_t InitialHeapSize                          = 268435456                                 {product} {ergonomic}
   size_t MarkStackSize                            = 4194304                                   {product} {ergonomic}
   size_t MaxHeapSize                              = 4280287232                                {product} {ergonomic}
   size_t MaxNewSize                               = 2566914048                                {product} {ergonomic}
   size_t MinHeapDeltaBytes                        = 2097152                                   {product} {ergonomic}
   size_t MinHeapSize                              = 8388608                                   {product} {ergonomic}
    uintx NonNMethodCodeHeapSize                   = 5832780                                {pd product} {ergonomic}
    uintx NonProfiledCodeHeapSize                  = 122912730                              {pd product} {ergonomic}
    uintx ProfiledCodeHeapSize                     = 122912730                              {pd product} {ergonomic}
    uintx ReservedCodeCacheSize                    = 251658240                              {pd product} {ergonomic}
     bool SegmentedCodeCache                       = true                                      {product} {ergonomic}
   size_t SoftMaxHeapSize                          = 4280287232                             {manageable} {ergonomic}
     bool UseCompressedClassPointers               = true                           {product lp64_product} {ergonomic}
     bool UseCompressedOops                        = true                           {product lp64_product} {ergonomic}
     bool UseG1GC                                  = true                                      {product} {ergonomic}
     bool UseLargePagesIndividualAllocation        = false                                  {pd product} {ergonomic}

Logging:
Log output configuration:
 #0: stdout all=warning uptime,level,tags
 #1: stderr all=off uptime,level,tags

Environment Variables:
JAVA_HOME=C:\Program Files\Java\jdk1.8.0_251
PATH=C:\Program Files\AdoptOpenJDK\jdk-15.0.2.7-hotspot\bin;C:\Program Files (x86)\Common Files\Oracle\Java\javapath;C:\WINDOWS\system32;C:\WINDOWS;C:\WINDOWS\System32\Wbem;C:\WINDOWS\System32\WindowsPowerShell\v1.0\;C:\Program Files (x86)\NVIDIA Corporation\PhysX\Common;C:\Program Files\dotnet\;C:\Program Files\Microsoft SQL Server\130\Tools\Binn\;C:\WINDOWS\System32\OpenSSH\;C:\Program Files\NVIDIA Corporation\NVIDIA NvDLISR;E:\Git\cmd;C:\WINDOWS\system32;C:\WINDOWS;C:\WINDOWS\System32\Wbem;C:\WINDOWS\System32\WindowsPowerShell\v1.0\;C:\WINDOWS\System32\OpenSSH\;C:\Program Files\Git\cmd;C:\Programs\apache-maven-3.6.3\bin;C:\Programs\protoc\bin;C:\Program Files\MySQL\MySQL Server 8.0\bin;C:\Program Files\Microsoft SQL Server\Client SDK\ODBC\170\Tools\Binn\;E:\python\Scripts\;E:\python\;C:\Users\Bence\AppData\Local\Microsoft\WindowsApps;C:\Users\Bence\.dotnet\tools;E:\PyCharm 2020.2.3\bin;;C:\Users\Bence\AppData\Local\Microsoft\WindowsApps;D:\IntelliJ IDEA Community Edition 2020.3.2\bin;;C:\Users\Bence\AppData\Local\Programs\Microsoft VS Code\bin;C:\Users\Bence\.dotnet\tools;
USERNAME=Bence
OS=Windows_NT
PROCESSOR_IDENTIFIER=Intel64 Family 6 Model 60 Stepping 3, GenuineIntel



---------------  S Y S T E M  ---------------

OS:
 Windows 10 , 64 bit Build 19041 (10.0.19041.1348)
OS uptime: 1 days 8:19 hours

CPU: total 4 (initial active 4) (4 cores per cpu, 1 threads per core) family 6 model 60 stepping 3 microcode 0x27, cx8, cmov, fxsr, mmx, sse, sse2, sse3, ssse3, sse4.1, sse4.2, popcnt, lzcnt, tsc, tscinvbit, avx, avx2, aes, erms, clmul, bmi1, bmi2, fma, vzeroupper, clflush

Memory: 4k page, system-wide physical 16322M (6031M free)
TotalPageFile size 25538M (AvailPageFile size 12050M)
current process WorkingSet (physical memory assigned to process): 235M, peak: 284M
current process commit charge ("private bytes"): 271M, peak: 402M

vm_info: OpenJDK 64-Bit Server VM (17+35-2724) for windows-amd64 JRE (17+35-2724), built on Aug  5 2021 23:26:02 by "mach5one" with MS VC++ 16.8 (VS2019)

END.
