#
# A fatal error has been detected by the Java Runtime Environment:
#
#  EXCEPTION_ACCESS_VIOLATION (0xc0000005) at pc=0x000000018018eaf7, pid=19012, tid=3792
#
# JRE version: Java(TM) SE Runtime Environment (16.0.1+9) (build 16.0.1+9-24)
# Java VM: Java HotSpot(TM) 64-Bit Server VM (16.0.1+9-24, mixed mode, sharing, tiered, compressed oops, compressed class ptrs, g1 gc, windows-amd64)
# Problematic frame:
# C  [cygwin1.dll+0x14eaf7]
#
# No core dump will be written. Minidumps are not enabled by default on client versions of Windows
#
# If you would like to submit a bug report, please visit:
#   https://bugreport.java.com/bugreport/crash.jsp
# The crash happened outside the Java Virtual Machine in native code.
# See problematic frame for where to report the bug.
#

---------------  S U M M A R Y ------------

Command Line: -agentlib:jdwp=transport=dt_socket,server=n,suspend=y,address=localhost:1422 -XX:+ShowCodeDetailsInExceptionMessages com.narcano.jni.CaffParser

Host: AMD Ryzen 5 3600 6-Core Processor              , 12 cores, 15G,  Windows 10 , 64 bit Build 22000 (10.0.22000.318)
Time: Sat Nov 27 09:51:43 2021 Central Europe Standard Time elapsed time: 13.950099 seconds (0d 0h 0m 13s)

---------------  T H R E A D  ---------------

Current thread (0x0000022ffb9125d0):  JavaThread "main" [_thread_in_native, id=3792, stack(0x000000d79a700000,0x000000d79a800000)]

Stack: [0x000000d79a700000,0x000000d79a800000],  sp=0x000000d79a7ff5e0,  free space=1021k
Native frames: (J=compiled Java code, j=interpreted, Vv=VM code, C=native code)
C  [cygwin1.dll+0x14eaf7]

Java frames: (J=compiled Java code, j=interpreted, Vv=VM code)
j  com.narcano.jni.CaffParser.CallParser(Ljava/lang/String;)[Lcom/narcano/jni/CIFF;+0
j  com.narcano.jni.CaffParser.main([Ljava/lang/String;)V+19
v  ~StubRoutines::call_stub

siginfo: EXCEPTION_ACCESS_VIOLATION (0xc0000005), writing address 0x0000000000000000


Register to memory mapping:

RIP=0x000000018018eaf7 cygwin1.dll
RAX=0x0 is NULL
RBX={method} {0x0000022fa40006c0} 'CallParser' '(Ljava/lang/String;)[Lcom/narcano/jni/CIFF;' in 'com/narcano/jni/CaffParser'
RCX=0x00000005d6c29208 libnative.dll
RDX=0x000000d79a7ff7d8 is pointing into the stack for thread: 0x0000022ffb9125d0
RSP=0x000000d79a7ff5e0 is pointing into the stack for thread: 0x0000022ffb9125d0
RBP=0x000000d79a7ff670 is pointing into the stack for thread: 0x0000022ffb9125d0
RSI=0x0000000000000001 is an unknown value
RDI=0x0000000020200021 is an unknown value
R8 =0x0000000000000002 is an unknown value
R9 =0x0000000000000002 is an unknown value
R10=0x000000d79a800000 is an unknown value
R11=0x00000005d6c22357 libnative.dll
R12=0x0 is NULL
R13={method} {0x0000022fa40006c0} 'CallParser' '(Ljava/lang/String;)[Lcom/narcano/jni/CIFF;' in 'com/narcano/jni/CaffParser'
R14=0x000000d79a7ff7e0 is pointing into the stack for thread: 0x0000022ffb9125d0
R15=0x0000022ffb9125d0 is a thread


Registers:
RAX=0x0000000000000000, RBX=0x0000022fa40006b8, RCX=0x00000005d6c29208, RDX=0x000000d79a7ff7d8
RSP=0x000000d79a7ff5e0, RBP=0x000000d79a7ff670, RSI=0x0000000000000001, RDI=0x0000000020200021
R8 =0x0000000000000002, R9 =0x0000000000000002, R10=0x000000d79a800000, R11=0x00000005d6c22357
R12=0x0000000000000000, R13=0x0000022fa40006b8, R14=0x000000d79a7ff7e0, R15=0x0000022ffb9125d0
RIP=0x000000018018eaf7, EFLAGS=0x0000000000010202

Top of Stack: (sp=0x000000d79a7ff5e0)
0x000000d79a7ff5e0:   00000001801bc190 000000018018eb0b
0x000000d79a7ff5f0:   0000022ffb9128e0 000000d79a7ff7d8
0x000000d79a7ff600:   0000000000000000 00007ff859f8dfb8
0x000000d79a7ff610:   0000000000000000 0000000000000000
0x000000d79a7ff620:   0000022ffb912a00 0000000000000000
0x000000d79a7ff630:   0000000000000000 0000000000000000
0x000000d79a7ff640:   00007ff85a2438e8 0000022fa453fa20
0x000000d79a7ff650:   000000000000000d 000000000000019a
0x000000d79a7ff660:   0000022fa40006b8 0000022ffb9125d0
0x000000d79a7ff670:   0000000100000002 00007ff800000002
0x000000d79a7ff680:   0000022ffb912b00 0000002800000002
0x000000d79a7ff690:   0000022ffb9125d0 000000d79a7ff7e0
0x000000d79a7ff6a0:   0000000000000000 0000000020200021
0x000000d79a7ff6b0:   0000000000000001 0000022fa40006b8
0x000000d79a7ff6c0:   000000d79a7ff7b8 00007ff859cc90f7
0x000000d79a7ff6d0:   000000000000019a 0000022f8772e24d 

Instructions: (pc=0x000000018018eaf7)
0x000000018018e9f7:   51 5f 09 00 e8 03 00 00 03 05 4f 5f 09 00 48 89
0x000000018018ea07:   cb 3d 0f 01 00 00 76 11 48 8b 41 28 48 83 c4 20
0x000000018018ea17:   5b c3 0f 1f 80 00 00 00 00 e8 2b 59 02 00 8b 53
0x000000018018ea27:   20 49 89 c0 31 c0 85 d2 0f 9f c0 48 8d 04 80 49
0x000000018018ea37:   8b 44 c0 28 48 f7 d8 48 83 c4 20 5b c3 66 66 2e
0x000000018018ea47:   0f 1f 84 00 00 00 00 00 90 69 05 f6 5e 09 00 e8
0x000000018018ea57:   03 00 00 03 05 f4 5e 09 00 3d 0f 01 00 00 77 19
0x000000018018ea67:   8b 41 20 31 d2 85 c0 48 8d 05 cb ac 09 00 0f 9f
0x000000018018ea77:   c2 48 8b 04 d0 c3 0f 1f 00 48 8b 41 30 c3 90 90
0x000000018018ea87:   90 90 90 90 90 90 90 90 90 65 4c 8b 14 25 08 00
0x000000018018ea97:   00 00 4d 8d 9a 58 ec ff ff 4c 39 dc 7d 10 45 8b
0x000000018018eaa7:   9a 58 ec ff ff 41 81 fb 3f 17 63 c7 74 0a c3 65
0x000000018018eab7:   4c 8b 14 25 08 00 00 00 41 bb 01 00 00 00 45 87
0x000000018018eac7:   9a 4c e4 ff ff 45 89 9a 48 e4 ff ff 45 85 db 74
0x000000018018ead7:   04 f3 90 eb e3 48 c7 c0 08 00 00 00 49 0f c1 82
0x000000018018eae7:   50 e4 ff ff 4c 8d 1d 19 00 00 00 4c 87 5c 24 08
0x000000018018eaf7:   4c 89 18 41 ff 82 44 e4 ff ff 41 ff 8a 4c e4 ff
0x000000018018eb07:   ff 58 ff e0 65 4c 8b 14 25 08 00 00 00 41 bb 01
0x000000018018eb17:   00 00 00 45 87 9a 4c e4 ff ff 45 89 9a 48 e4 ff
0x000000018018eb27:   ff 45 85 db 74 04 f3 90 eb e3 49 c7 c3 f8 ff ff
0x000000018018eb37:   ff 4d 0f c1 9a 50 e4 ff ff 4d 8b 5b f8 41 ff 8a
0x000000018018eb47:   44 e4 ff ff 41 ff 8a 4c e4 ff ff 41 ff e3 41 52
0x000000018018eb57:   55 48 89 e5 9c 48 83 e4 f0 41 57 41 56 41 55 41
0x000000018018eb67:   54 41 53 41 51 41 50 56 57 52 51 53 50 48 81 ec
0x000000018018eb77:   28 01 00 00 0f ae 9c 24 24 01 00 00 d9 bc 24 20
0x000000018018eb87:   01 00 00 66 44 0f 7f bc 24 10 01 00 00 66 44 0f
0x000000018018eb97:   7f b4 24 00 01 00 00 66 44 0f 7f ac 24 f0 00 00
0x000000018018eba7:   00 66 44 0f 7f a4 24 e0 00 00 00 66 44 0f 7f 9c
0x000000018018ebb7:   24 d0 00 00 00 66 44 0f 7f 94 24 c0 00 00 00 66
0x000000018018ebc7:   44 0f 7f 8c 24 b0 00 00 00 66 44 0f 7f 84 24 a0
0x000000018018ebd7:   00 00 00 66 0f 7f bc 24 90 00 00 00 66 0f 7f b4
0x000000018018ebe7:   24 80 00 00 00 66 0f 7f 6c 24 70 66 0f 7f 64 24 


Stack slot to memory mapping:
stack at sp + 0 slots: 0x00000001801bc190 cygwin1.dll
stack at sp + 1 slots: 0x000000018018eb0b cygwin1.dll
stack at sp + 2 slots: 0x0000022ffb9128e0 points into unknown readable memory: 0x00007ff85a3c33d0 | d0 33 3c 5a f8 7f 00 00
stack at sp + 3 slots: 0x000000d79a7ff7d8 is pointing into the stack for thread: 0x0000022ffb9125d0
stack at sp + 4 slots: 0x0 is NULL
stack at sp + 5 slots: 0x00007ff859f8dfb8 jvm.dll
stack at sp + 6 slots: 0x0 is NULL
stack at sp + 7 slots: 0x0 is NULL


---------------  P R O C E S S  ---------------

Threads class SMR info:
_java_thread_list=0x0000022fa4530c30, length=15, elements={
0x0000022ffb9125d0, 0x0000022fa37fa270, 0x0000022fa37fb040, 0x0000022fa380edc0,
0x0000022fa380f6d0, 0x0000022fa380ffe0, 0x0000022fa3815d20, 0x0000022fa381a520,
0x0000022fa3822f30, 0x0000022fa38288b0, 0x0000022fa453ace0, 0x0000022fa453ea00,
0x0000022fa4543360, 0x0000022fa4548ea0, 0x0000022fa4551840
}

Java Threads: ( => current thread )
=>0x0000022ffb9125d0 JavaThread "main" [_thread_in_native, id=3792, stack(0x000000d79a700000,0x000000d79a800000)]
  0x0000022fa37fa270 JavaThread "Reference Handler" daemon [_thread_blocked, id=6824, stack(0x000000d79ae00000,0x000000d79af00000)]
  0x0000022fa37fb040 JavaThread "Finalizer" daemon [_thread_blocked, id=24216, stack(0x000000d79af00000,0x000000d79b000000)]
  0x0000022fa380edc0 JavaThread "Signal Dispatcher" daemon [_thread_blocked, id=13816, stack(0x000000d79b000000,0x000000d79b100000)]
  0x0000022fa380f6d0 JavaThread "Attach Listener" daemon [_thread_blocked, id=2652, stack(0x000000d79b100000,0x000000d79b200000)]
  0x0000022fa380ffe0 JavaThread "Service Thread" daemon [_thread_blocked, id=5076, stack(0x000000d79b200000,0x000000d79b300000)]
  0x0000022fa3815d20 JavaThread "Monitor Deflation Thread" daemon [_thread_blocked, id=12612, stack(0x000000d79b300000,0x000000d79b400000)]
  0x0000022fa381a520 JavaThread "C2 CompilerThread0" daemon [_thread_blocked, id=17020, stack(0x000000d79b400000,0x000000d79b500000)]
  0x0000022fa3822f30 JavaThread "C1 CompilerThread0" daemon [_thread_blocked, id=3024, stack(0x000000d79b500000,0x000000d79b600000)]
  0x0000022fa38288b0 JavaThread "Sweeper thread" daemon [_thread_blocked, id=2456, stack(0x000000d79b600000,0x000000d79b700000)]
  0x0000022fa453ace0 JavaThread "JDWP Transport Listener: dt_socket" daemon [_thread_blocked, id=5880, stack(0x000000d79b700000,0x000000d79b800000)]
  0x0000022fa453ea00 JavaThread "JDWP Event Helper Thread" daemon [_thread_blocked, id=11712, stack(0x000000d79b800000,0x000000d79b900000)]
  0x0000022fa4543360 JavaThread "JDWP Command Reader" daemon [_thread_in_native, id=26040, stack(0x000000d79b900000,0x000000d79ba00000)]
  0x0000022fa4548ea0 JavaThread "Notification Thread" daemon [_thread_blocked, id=15652, stack(0x000000d79ba00000,0x000000d79bb00000)]
  0x0000022fa4551840 JavaThread "Common-Cleaner" daemon [_thread_blocked, id=16552, stack(0x000000d79bc00000,0x000000d79bd00000)]

Other Threads:
  0x0000022fa37f5710 VMThread "VM Thread" [stack: 0x000000d79ad00000,0x000000d79ae00000] [id=1580]
  0x0000022fa454a9f0 WatcherThread [stack: 0x000000d79bb00000,0x000000d79bc00000] [id=26068]
  0x0000022ffb962620 GCTaskThread "GC Thread#0" [stack: 0x000000d79a800000,0x000000d79a900000] [id=8132]
  0x0000022ffb973480 ConcurrentGCThread "G1 Main Marker" [stack: 0x000000d79a900000,0x000000d79aa00000] [id=21012]
  0x0000022ffb9745a0 ConcurrentGCThread "G1 Conc#0" [stack: 0x000000d79aa00000,0x000000d79ab00000] [id=15184]
  0x0000022fa36a40d0 ConcurrentGCThread "G1 Refine#0" [stack: 0x000000d79ab00000,0x000000d79ac00000] [id=8024]
  0x0000022fa36a4800 ConcurrentGCThread "G1 Service" [stack: 0x000000d79ac00000,0x000000d79ad00000] [id=17504]

Threads with active compile tasks:

VM state: not at safepoint (normal execution)

VM Mutex/Monitor currently owned by a thread: None

Heap address: 0x0000000700e00000, size: 4082 MB, Compressed Oops mode: Zero based, Oop shift amount: 3

CDS archive(s) mapped at: [0x0000000800000000-0x0000000800bb0000-0x0000000800bb0000), size 12255232, SharedBaseAddress: 0x0000000800000000, ArchiveRelocationMode: 0.
Compressed class space mapped at: 0x0000000800c00000-0x0000000840c00000, reserved size: 1073741824
Narrow klass base: 0x0000000800000000, Narrow klass shift: 3, Narrow klass range: 0x100000000

GC Precious Log:
 CPUs: 12 total, 12 available
 Memory: 16320M
 Large Page Support: Disabled
 NUMA Support: Disabled
 Compressed Oops: Enabled (Zero based)
 Heap Region Size: 2M
 Heap Min Capacity: 8M
 Heap Initial Capacity: 256M
 Heap Max Capacity: 4082M
 Pre-touch: Disabled
 Parallel Workers: 10
 Concurrent Workers: 3
 Concurrent Refinement Workers: 10
 Periodic GC: Disabled

Heap:
 garbage-first heap   total 262144K, used 0K [0x0000000700e00000, 0x0000000800000000)
  region size 2048K, 1 young (2048K), 0 survivors (0K)
 Metaspace       used 180K, committed 384K, reserved 1056768K
  class space    used 5K, committed 128K, reserved 1048576K

Heap Regions: E=young(eden), S=young(survivor), O=old, HS=humongous(starts), HC=humongous(continues), CS=collection set, F=free, OA=open archive, CA=closed archive, TAMS=top-at-mark-start (previous, next)
|   0|0x0000000700e00000, 0x0000000700e00000, 0x0000000701000000|  0%| F|  |TAMS 0x0000000700e00000, 0x0000000700e00000| Untracked 
|   1|0x0000000701000000, 0x0000000701000000, 0x0000000701200000|  0%| F|  |TAMS 0x0000000701000000, 0x0000000701000000| Untracked 
|   2|0x0000000701200000, 0x0000000701200000, 0x0000000701400000|  0%| F|  |TAMS 0x0000000701200000, 0x0000000701200000| Untracked 
|   3|0x0000000701400000, 0x0000000701400000, 0x0000000701600000|  0%| F|  |TAMS 0x0000000701400000, 0x0000000701400000| Untracked 
|   4|0x0000000701600000, 0x0000000701600000, 0x0000000701800000|  0%| F|  |TAMS 0x0000000701600000, 0x0000000701600000| Untracked 
|   5|0x0000000701800000, 0x0000000701800000, 0x0000000701a00000|  0%| F|  |TAMS 0x0000000701800000, 0x0000000701800000| Untracked 
|   6|0x0000000701a00000, 0x0000000701a00000, 0x0000000701c00000|  0%| F|  |TAMS 0x0000000701a00000, 0x0000000701a00000| Untracked 
|   7|0x0000000701c00000, 0x0000000701c00000, 0x0000000701e00000|  0%| F|  |TAMS 0x0000000701c00000, 0x0000000701c00000| Untracked 
|   8|0x0000000701e00000, 0x0000000701e00000, 0x0000000702000000|  0%| F|  |TAMS 0x0000000701e00000, 0x0000000701e00000| Untracked 
|   9|0x0000000702000000, 0x0000000702000000, 0x0000000702200000|  0%| F|  |TAMS 0x0000000702000000, 0x0000000702000000| Untracked 
|  10|0x0000000702200000, 0x0000000702200000, 0x0000000702400000|  0%| F|  |TAMS 0x0000000702200000, 0x0000000702200000| Untracked 
|  11|0x0000000702400000, 0x0000000702400000, 0x0000000702600000|  0%| F|  |TAMS 0x0000000702400000, 0x0000000702400000| Untracked 
|  12|0x0000000702600000, 0x0000000702600000, 0x0000000702800000|  0%| F|  |TAMS 0x0000000702600000, 0x0000000702600000| Untracked 
|  13|0x0000000702800000, 0x0000000702800000, 0x0000000702a00000|  0%| F|  |TAMS 0x0000000702800000, 0x0000000702800000| Untracked 
|  14|0x0000000702a00000, 0x0000000702a00000, 0x0000000702c00000|  0%| F|  |TAMS 0x0000000702a00000, 0x0000000702a00000| Untracked 
|  15|0x0000000702c00000, 0x0000000702c00000, 0x0000000702e00000|  0%| F|  |TAMS 0x0000000702c00000, 0x0000000702c00000| Untracked 
|  16|0x0000000702e00000, 0x0000000702e00000, 0x0000000703000000|  0%| F|  |TAMS 0x0000000702e00000, 0x0000000702e00000| Untracked 
|  17|0x0000000703000000, 0x0000000703000000, 0x0000000703200000|  0%| F|  |TAMS 0x0000000703000000, 0x0000000703000000| Untracked 
|  18|0x0000000703200000, 0x0000000703200000, 0x0000000703400000|  0%| F|  |TAMS 0x0000000703200000, 0x0000000703200000| Untracked 
|  19|0x0000000703400000, 0x0000000703400000, 0x0000000703600000|  0%| F|  |TAMS 0x0000000703400000, 0x0000000703400000| Untracked 
|  20|0x0000000703600000, 0x0000000703600000, 0x0000000703800000|  0%| F|  |TAMS 0x0000000703600000, 0x0000000703600000| Untracked 
|  21|0x0000000703800000, 0x0000000703800000, 0x0000000703a00000|  0%| F|  |TAMS 0x0000000703800000, 0x0000000703800000| Untracked 
|  22|0x0000000703a00000, 0x0000000703a00000, 0x0000000703c00000|  0%| F|  |TAMS 0x0000000703a00000, 0x0000000703a00000| Untracked 
|  23|0x0000000703c00000, 0x0000000703c00000, 0x0000000703e00000|  0%| F|  |TAMS 0x0000000703c00000, 0x0000000703c00000| Untracked 
|  24|0x0000000703e00000, 0x0000000703e00000, 0x0000000704000000|  0%| F|  |TAMS 0x0000000703e00000, 0x0000000703e00000| Untracked 
|  25|0x0000000704000000, 0x0000000704000000, 0x0000000704200000|  0%| F|  |TAMS 0x0000000704000000, 0x0000000704000000| Untracked 
|  26|0x0000000704200000, 0x0000000704200000, 0x0000000704400000|  0%| F|  |TAMS 0x0000000704200000, 0x0000000704200000| Untracked 
|  27|0x0000000704400000, 0x0000000704400000, 0x0000000704600000|  0%| F|  |TAMS 0x0000000704400000, 0x0000000704400000| Untracked 
|  28|0x0000000704600000, 0x0000000704600000, 0x0000000704800000|  0%| F|  |TAMS 0x0000000704600000, 0x0000000704600000| Untracked 
|  29|0x0000000704800000, 0x0000000704800000, 0x0000000704a00000|  0%| F|  |TAMS 0x0000000704800000, 0x0000000704800000| Untracked 
|  30|0x0000000704a00000, 0x0000000704a00000, 0x0000000704c00000|  0%| F|  |TAMS 0x0000000704a00000, 0x0000000704a00000| Untracked 
|  31|0x0000000704c00000, 0x0000000704c00000, 0x0000000704e00000|  0%| F|  |TAMS 0x0000000704c00000, 0x0000000704c00000| Untracked 
|  32|0x0000000704e00000, 0x0000000704e00000, 0x0000000705000000|  0%| F|  |TAMS 0x0000000704e00000, 0x0000000704e00000| Untracked 
|  33|0x0000000705000000, 0x0000000705000000, 0x0000000705200000|  0%| F|  |TAMS 0x0000000705000000, 0x0000000705000000| Untracked 
|  34|0x0000000705200000, 0x0000000705200000, 0x0000000705400000|  0%| F|  |TAMS 0x0000000705200000, 0x0000000705200000| Untracked 
|  35|0x0000000705400000, 0x0000000705400000, 0x0000000705600000|  0%| F|  |TAMS 0x0000000705400000, 0x0000000705400000| Untracked 
|  36|0x0000000705600000, 0x0000000705600000, 0x0000000705800000|  0%| F|  |TAMS 0x0000000705600000, 0x0000000705600000| Untracked 
|  37|0x0000000705800000, 0x0000000705800000, 0x0000000705a00000|  0%| F|  |TAMS 0x0000000705800000, 0x0000000705800000| Untracked 
|  38|0x0000000705a00000, 0x0000000705a00000, 0x0000000705c00000|  0%| F|  |TAMS 0x0000000705a00000, 0x0000000705a00000| Untracked 
|  39|0x0000000705c00000, 0x0000000705c00000, 0x0000000705e00000|  0%| F|  |TAMS 0x0000000705c00000, 0x0000000705c00000| Untracked 
|  40|0x0000000705e00000, 0x0000000705e00000, 0x0000000706000000|  0%| F|  |TAMS 0x0000000705e00000, 0x0000000705e00000| Untracked 
|  41|0x0000000706000000, 0x0000000706000000, 0x0000000706200000|  0%| F|  |TAMS 0x0000000706000000, 0x0000000706000000| Untracked 
|  42|0x0000000706200000, 0x0000000706200000, 0x0000000706400000|  0%| F|  |TAMS 0x0000000706200000, 0x0000000706200000| Untracked 
|  43|0x0000000706400000, 0x0000000706400000, 0x0000000706600000|  0%| F|  |TAMS 0x0000000706400000, 0x0000000706400000| Untracked 
|  44|0x0000000706600000, 0x0000000706600000, 0x0000000706800000|  0%| F|  |TAMS 0x0000000706600000, 0x0000000706600000| Untracked 
|  45|0x0000000706800000, 0x0000000706800000, 0x0000000706a00000|  0%| F|  |TAMS 0x0000000706800000, 0x0000000706800000| Untracked 
|  46|0x0000000706a00000, 0x0000000706a00000, 0x0000000706c00000|  0%| F|  |TAMS 0x0000000706a00000, 0x0000000706a00000| Untracked 
|  47|0x0000000706c00000, 0x0000000706c00000, 0x0000000706e00000|  0%| F|  |TAMS 0x0000000706c00000, 0x0000000706c00000| Untracked 
|  48|0x0000000706e00000, 0x0000000706e00000, 0x0000000707000000|  0%| F|  |TAMS 0x0000000706e00000, 0x0000000706e00000| Untracked 
|  49|0x0000000707000000, 0x0000000707000000, 0x0000000707200000|  0%| F|  |TAMS 0x0000000707000000, 0x0000000707000000| Untracked 
|  50|0x0000000707200000, 0x0000000707200000, 0x0000000707400000|  0%| F|  |TAMS 0x0000000707200000, 0x0000000707200000| Untracked 
|  51|0x0000000707400000, 0x0000000707400000, 0x0000000707600000|  0%| F|  |TAMS 0x0000000707400000, 0x0000000707400000| Untracked 
|  52|0x0000000707600000, 0x0000000707600000, 0x0000000707800000|  0%| F|  |TAMS 0x0000000707600000, 0x0000000707600000| Untracked 
|  53|0x0000000707800000, 0x0000000707800000, 0x0000000707a00000|  0%| F|  |TAMS 0x0000000707800000, 0x0000000707800000| Untracked 
|  54|0x0000000707a00000, 0x0000000707a00000, 0x0000000707c00000|  0%| F|  |TAMS 0x0000000707a00000, 0x0000000707a00000| Untracked 
|  55|0x0000000707c00000, 0x0000000707c00000, 0x0000000707e00000|  0%| F|  |TAMS 0x0000000707c00000, 0x0000000707c00000| Untracked 
|  56|0x0000000707e00000, 0x0000000707e00000, 0x0000000708000000|  0%| F|  |TAMS 0x0000000707e00000, 0x0000000707e00000| Untracked 
|  57|0x0000000708000000, 0x0000000708000000, 0x0000000708200000|  0%| F|  |TAMS 0x0000000708000000, 0x0000000708000000| Untracked 
|  58|0x0000000708200000, 0x0000000708200000, 0x0000000708400000|  0%| F|  |TAMS 0x0000000708200000, 0x0000000708200000| Untracked 
|  59|0x0000000708400000, 0x0000000708400000, 0x0000000708600000|  0%| F|  |TAMS 0x0000000708400000, 0x0000000708400000| Untracked 
|  60|0x0000000708600000, 0x0000000708600000, 0x0000000708800000|  0%| F|  |TAMS 0x0000000708600000, 0x0000000708600000| Untracked 
|  61|0x0000000708800000, 0x0000000708800000, 0x0000000708a00000|  0%| F|  |TAMS 0x0000000708800000, 0x0000000708800000| Untracked 
|  62|0x0000000708a00000, 0x0000000708a00000, 0x0000000708c00000|  0%| F|  |TAMS 0x0000000708a00000, 0x0000000708a00000| Untracked 
|  63|0x0000000708c00000, 0x0000000708c00000, 0x0000000708e00000|  0%| F|  |TAMS 0x0000000708c00000, 0x0000000708c00000| Untracked 
|  64|0x0000000708e00000, 0x0000000708e00000, 0x0000000709000000|  0%| F|  |TAMS 0x0000000708e00000, 0x0000000708e00000| Untracked 
|  65|0x0000000709000000, 0x0000000709000000, 0x0000000709200000|  0%| F|  |TAMS 0x0000000709000000, 0x0000000709000000| Untracked 
|  66|0x0000000709200000, 0x0000000709200000, 0x0000000709400000|  0%| F|  |TAMS 0x0000000709200000, 0x0000000709200000| Untracked 
|  67|0x0000000709400000, 0x0000000709400000, 0x0000000709600000|  0%| F|  |TAMS 0x0000000709400000, 0x0000000709400000| Untracked 
|  68|0x0000000709600000, 0x0000000709600000, 0x0000000709800000|  0%| F|  |TAMS 0x0000000709600000, 0x0000000709600000| Untracked 
|  69|0x0000000709800000, 0x0000000709800000, 0x0000000709a00000|  0%| F|  |TAMS 0x0000000709800000, 0x0000000709800000| Untracked 
|  70|0x0000000709a00000, 0x0000000709a00000, 0x0000000709c00000|  0%| F|  |TAMS 0x0000000709a00000, 0x0000000709a00000| Untracked 
|  71|0x0000000709c00000, 0x0000000709c00000, 0x0000000709e00000|  0%| F|  |TAMS 0x0000000709c00000, 0x0000000709c00000| Untracked 
|  72|0x0000000709e00000, 0x0000000709e00000, 0x000000070a000000|  0%| F|  |TAMS 0x0000000709e00000, 0x0000000709e00000| Untracked 
|  73|0x000000070a000000, 0x000000070a000000, 0x000000070a200000|  0%| F|  |TAMS 0x000000070a000000, 0x000000070a000000| Untracked 
|  74|0x000000070a200000, 0x000000070a200000, 0x000000070a400000|  0%| F|  |TAMS 0x000000070a200000, 0x000000070a200000| Untracked 
|  75|0x000000070a400000, 0x000000070a400000, 0x000000070a600000|  0%| F|  |TAMS 0x000000070a400000, 0x000000070a400000| Untracked 
|  76|0x000000070a600000, 0x000000070a600000, 0x000000070a800000|  0%| F|  |TAMS 0x000000070a600000, 0x000000070a600000| Untracked 
|  77|0x000000070a800000, 0x000000070a800000, 0x000000070aa00000|  0%| F|  |TAMS 0x000000070a800000, 0x000000070a800000| Untracked 
|  78|0x000000070aa00000, 0x000000070aa00000, 0x000000070ac00000|  0%| F|  |TAMS 0x000000070aa00000, 0x000000070aa00000| Untracked 
|  79|0x000000070ac00000, 0x000000070ac00000, 0x000000070ae00000|  0%| F|  |TAMS 0x000000070ac00000, 0x000000070ac00000| Untracked 
|  80|0x000000070ae00000, 0x000000070ae00000, 0x000000070b000000|  0%| F|  |TAMS 0x000000070ae00000, 0x000000070ae00000| Untracked 
|  81|0x000000070b000000, 0x000000070b000000, 0x000000070b200000|  0%| F|  |TAMS 0x000000070b000000, 0x000000070b000000| Untracked 
|  82|0x000000070b200000, 0x000000070b200000, 0x000000070b400000|  0%| F|  |TAMS 0x000000070b200000, 0x000000070b200000| Untracked 
|  83|0x000000070b400000, 0x000000070b400000, 0x000000070b600000|  0%| F|  |TAMS 0x000000070b400000, 0x000000070b400000| Untracked 
|  84|0x000000070b600000, 0x000000070b600000, 0x000000070b800000|  0%| F|  |TAMS 0x000000070b600000, 0x000000070b600000| Untracked 
|  85|0x000000070b800000, 0x000000070b800000, 0x000000070ba00000|  0%| F|  |TAMS 0x000000070b800000, 0x000000070b800000| Untracked 
|  86|0x000000070ba00000, 0x000000070ba00000, 0x000000070bc00000|  0%| F|  |TAMS 0x000000070ba00000, 0x000000070ba00000| Untracked 
|  87|0x000000070bc00000, 0x000000070bc00000, 0x000000070be00000|  0%| F|  |TAMS 0x000000070bc00000, 0x000000070bc00000| Untracked 
|  88|0x000000070be00000, 0x000000070be00000, 0x000000070c000000|  0%| F|  |TAMS 0x000000070be00000, 0x000000070be00000| Untracked 
|  89|0x000000070c000000, 0x000000070c000000, 0x000000070c200000|  0%| F|  |TAMS 0x000000070c000000, 0x000000070c000000| Untracked 
|  90|0x000000070c200000, 0x000000070c200000, 0x000000070c400000|  0%| F|  |TAMS 0x000000070c200000, 0x000000070c200000| Untracked 
|  91|0x000000070c400000, 0x000000070c400000, 0x000000070c600000|  0%| F|  |TAMS 0x000000070c400000, 0x000000070c400000| Untracked 
|  92|0x000000070c600000, 0x000000070c600000, 0x000000070c800000|  0%| F|  |TAMS 0x000000070c600000, 0x000000070c600000| Untracked 
|  93|0x000000070c800000, 0x000000070c800000, 0x000000070ca00000|  0%| F|  |TAMS 0x000000070c800000, 0x000000070c800000| Untracked 
|  94|0x000000070ca00000, 0x000000070ca00000, 0x000000070cc00000|  0%| F|  |TAMS 0x000000070ca00000, 0x000000070ca00000| Untracked 
|  95|0x000000070cc00000, 0x000000070cc00000, 0x000000070ce00000|  0%| F|  |TAMS 0x000000070cc00000, 0x000000070cc00000| Untracked 
|  96|0x000000070ce00000, 0x000000070ce00000, 0x000000070d000000|  0%| F|  |TAMS 0x000000070ce00000, 0x000000070ce00000| Untracked 
|  97|0x000000070d000000, 0x000000070d000000, 0x000000070d200000|  0%| F|  |TAMS 0x000000070d000000, 0x000000070d000000| Untracked 
|  98|0x000000070d200000, 0x000000070d200000, 0x000000070d400000|  0%| F|  |TAMS 0x000000070d200000, 0x000000070d200000| Untracked 
|  99|0x000000070d400000, 0x000000070d400000, 0x000000070d600000|  0%| F|  |TAMS 0x000000070d400000, 0x000000070d400000| Untracked 
| 100|0x000000070d600000, 0x000000070d600000, 0x000000070d800000|  0%| F|  |TAMS 0x000000070d600000, 0x000000070d600000| Untracked 
| 101|0x000000070d800000, 0x000000070d800000, 0x000000070da00000|  0%| F|  |TAMS 0x000000070d800000, 0x000000070d800000| Untracked 
| 102|0x000000070da00000, 0x000000070da00000, 0x000000070dc00000|  0%| F|  |TAMS 0x000000070da00000, 0x000000070da00000| Untracked 
| 103|0x000000070dc00000, 0x000000070dc00000, 0x000000070de00000|  0%| F|  |TAMS 0x000000070dc00000, 0x000000070dc00000| Untracked 
| 104|0x000000070de00000, 0x000000070de00000, 0x000000070e000000|  0%| F|  |TAMS 0x000000070de00000, 0x000000070de00000| Untracked 
| 105|0x000000070e000000, 0x000000070e000000, 0x000000070e200000|  0%| F|  |TAMS 0x000000070e000000, 0x000000070e000000| Untracked 
| 106|0x000000070e200000, 0x000000070e200000, 0x000000070e400000|  0%| F|  |TAMS 0x000000070e200000, 0x000000070e200000| Untracked 
| 107|0x000000070e400000, 0x000000070e400000, 0x000000070e600000|  0%| F|  |TAMS 0x000000070e400000, 0x000000070e400000| Untracked 
| 108|0x000000070e600000, 0x000000070e600000, 0x000000070e800000|  0%| F|  |TAMS 0x000000070e600000, 0x000000070e600000| Untracked 
| 109|0x000000070e800000, 0x000000070e800000, 0x000000070ea00000|  0%| F|  |TAMS 0x000000070e800000, 0x000000070e800000| Untracked 
| 110|0x000000070ea00000, 0x000000070ea00000, 0x000000070ec00000|  0%| F|  |TAMS 0x000000070ea00000, 0x000000070ea00000| Untracked 
| 111|0x000000070ec00000, 0x000000070ec00000, 0x000000070ee00000|  0%| F|  |TAMS 0x000000070ec00000, 0x000000070ec00000| Untracked 
| 112|0x000000070ee00000, 0x000000070ee00000, 0x000000070f000000|  0%| F|  |TAMS 0x000000070ee00000, 0x000000070ee00000| Untracked 
| 113|0x000000070f000000, 0x000000070f000000, 0x000000070f200000|  0%| F|  |TAMS 0x000000070f000000, 0x000000070f000000| Untracked 
| 114|0x000000070f200000, 0x000000070f200000, 0x000000070f400000|  0%| F|  |TAMS 0x000000070f200000, 0x000000070f200000| Untracked 
| 115|0x000000070f400000, 0x000000070f400000, 0x000000070f600000|  0%| F|  |TAMS 0x000000070f400000, 0x000000070f400000| Untracked 
| 116|0x000000070f600000, 0x000000070f600000, 0x000000070f800000|  0%| F|  |TAMS 0x000000070f600000, 0x000000070f600000| Untracked 
| 117|0x000000070f800000, 0x000000070f800000, 0x000000070fa00000|  0%| F|  |TAMS 0x000000070f800000, 0x000000070f800000| Untracked 
| 118|0x000000070fa00000, 0x000000070fa00000, 0x000000070fc00000|  0%| F|  |TAMS 0x000000070fa00000, 0x000000070fa00000| Untracked 
| 119|0x000000070fc00000, 0x000000070fc00000, 0x000000070fe00000|  0%| F|  |TAMS 0x000000070fc00000, 0x000000070fc00000| Untracked 
| 120|0x000000070fe00000, 0x000000070fe00000, 0x0000000710000000|  0%| F|  |TAMS 0x000000070fe00000, 0x000000070fe00000| Untracked 
| 121|0x0000000710000000, 0x0000000710000000, 0x0000000710200000|  0%| F|  |TAMS 0x0000000710000000, 0x0000000710000000| Untracked 
| 122|0x0000000710200000, 0x0000000710200000, 0x0000000710400000|  0%| F|  |TAMS 0x0000000710200000, 0x0000000710200000| Untracked 
| 123|0x0000000710400000, 0x0000000710400000, 0x0000000710600000|  0%| F|  |TAMS 0x0000000710400000, 0x0000000710400000| Untracked 
| 124|0x0000000710600000, 0x0000000710600000, 0x0000000710800000|  0%| F|  |TAMS 0x0000000710600000, 0x0000000710600000| Untracked 
| 125|0x0000000710800000, 0x0000000710800000, 0x0000000710a00000|  0%| F|  |TAMS 0x0000000710800000, 0x0000000710800000| Untracked 
| 126|0x0000000710a00000, 0x0000000710a00000, 0x0000000710c00000|  0%| F|  |TAMS 0x0000000710a00000, 0x0000000710a00000| Untracked 
| 127|0x0000000710c00000, 0x0000000710e00000, 0x0000000710e00000|100%| E|  |TAMS 0x0000000710c00000, 0x0000000710c00000| Complete 

Card table byte_map: [0x0000022f97b60000,0x0000022f98360000] _byte_map_base: 0x0000022f94359000

Marking Bits (Prev, Next): (CMBitMap*) 0x0000022ffb962ba0, (CMBitMap*) 0x0000022ffb962be0
 Prev Bits: [0x0000022f98b60000, 0x0000022f9cb28000)
 Next Bits: [0x0000022f9cb30000, 0x0000022fa0af8000)

Polling page: 0x0000022f80000000

Metaspace:

Usage:
  Non-class:    174.33 KB used.
      Class:      5.76 KB used.
       Both:    180.09 KB used.

Virtual space:
  Non-class space:        8.00 MB reserved,     256.00 KB (  3%) committed,  1 nodes.
      Class space:        1.00 GB reserved,     128.00 KB ( <1%) committed,  1 nodes.
              Both:        1.01 GB reserved,     384.00 KB ( <1%) committed. 

Chunk freelists:
   Non-Class:  4.00 MB
       Class:  3.75 MB
        Both:  7.74 MB

MaxMetaspaceSize: 17179869184.00 GB
CompressedClassSpaceSize: 1.00 GB
 - commit_granule_bytes: 65536.
 - commit_granule_words: 8192.
 - virtual_space_node_default_size: 1048576.
 - enlarge_chunks_in_place: 1.
 - new_chunks_are_fully_committed: 0.
 - uncommit_free_chunks: 1.
 - use_allocation_guard: 0.
 - handle_deallocations: 1.


Internal statistics:

num_allocs_failed_limit: 0.
num_arena_births: 4.
num_arena_deaths: 0.
num_vsnodes_births: 2.
num_vsnodes_deaths: 0.
num_space_committed: 6.
num_space_uncommitted: 0.
num_chunks_returned_to_freelist: 0.
num_chunks_taken_from_freelist: 5.
num_chunk_merges: 0.
num_chunk_splits: 2.
num_chunks_enlarged: 0.
num_purges: 0.

CodeHeap 'non-profiled nmethods': size=120000Kb used=15Kb max_used=15Kb free=119984Kb
 bounds [0x0000022f8f190000, 0x0000022f8f400000, 0x0000022f966c0000]
CodeHeap 'profiled nmethods': size=120000Kb used=86Kb max_used=86Kb free=119914Kb
 bounds [0x0000022f87c60000, 0x0000022f87ed0000, 0x0000022f8f190000]
CodeHeap 'non-nmethods': size=5760Kb used=1126Kb max_used=1140Kb free=4634Kb
 bounds [0x0000022f876c0000, 0x0000022f87930000, 0x0000022f87c60000]
 total_blobs=375 nmethods=66 adapters=222
 compilation: enabled
              stopped_count=0, restarted_count=0
 full_count=0

Compilation events (20 events):
Event: 0.040 Thread 0x0000022fa3822f30   58       1       java.lang.module.ResolvedModule::configuration (5 bytes)
Event: 0.040 Thread 0x0000022fa3822f30 nmethod 58 0x0000022f8f192e90 code [0x0000022f8f193020, 0x0000022f8f1930f8]
Event: 0.040 Thread 0x0000022fa3822f30   57       1       java.lang.module.ModuleDescriptor$Exports::targets (5 bytes)
Event: 0.040 Thread 0x0000022fa3822f30 nmethod 57 0x0000022f8f193190 code [0x0000022f8f193320, 0x0000022f8f1933f8]
Event: 0.040 Thread 0x0000022fa3822f30   59       1       java.util.ImmutableCollections$Set12::isEmpty (2 bytes)
Event: 0.040 Thread 0x0000022fa3822f30 nmethod 59 0x0000022f8f193490 code [0x0000022f8f193620, 0x0000022f8f1936f8]
Event: 0.209 Thread 0x0000022fa3822f30   60       3       java.lang.StringUTF16::getChar (60 bytes)
Event: 0.209 Thread 0x0000022fa3822f30 nmethod 60 0x0000022f87c74090 code [0x0000022f87c74240, 0x0000022f87c743b8]
Event: 0.209 Thread 0x0000022fa3822f30   61       3       java.lang.String::isEmpty (14 bytes)
Event: 0.209 Thread 0x0000022fa3822f30 nmethod 61 0x0000022f87c74490 code [0x0000022f87c74620, 0x0000022f87c74798]
Event: 0.210 Thread 0x0000022fa3822f30   62       3       java.lang.AbstractStringBuilder::ensureCapacityInternal (39 bytes)
Event: 0.210 Thread 0x0000022fa3822f30 nmethod 62 0x0000022f87c74890 code [0x0000022f87c74a40, 0x0000022f87c74c78]
Event: 0.210 Thread 0x0000022fa3822f30   63       3       java.lang.StringLatin1::canEncode (13 bytes)
Event: 0.210 Thread 0x0000022fa3822f30 nmethod 63 0x0000022f87c74d90 code [0x0000022f87c74f20, 0x0000022f87c75078]
Event: 0.210 Thread 0x0000022fa3822f30   64       3       java.lang.AbstractStringBuilder::isLatin1 (19 bytes)
Event: 0.210 Thread 0x0000022fa3822f30 nmethod 64 0x0000022f87c75110 code [0x0000022f87c752a0, 0x0000022f87c75418]
Event: 0.210 Thread 0x0000022fa381a520   65       4       java.lang.StringLatin1::hashCode (42 bytes)
Event: 0.212 Thread 0x0000022fa381a520 nmethod 65 0x0000022f8f193790 code [0x0000022f8f193920, 0x0000022f8f193b58]
Event: 0.221 Thread 0x0000022fa3822f30   66       3       java.lang.Math::min (11 bytes)
Event: 0.221 Thread 0x0000022fa3822f30 nmethod 66 0x0000022f87c75490 code [0x0000022f87c75620, 0x0000022f87c75758]

GC Heap History (0 events):
No events

Deoptimization events (0 events):
No events

Classes unloaded (0 events):
No events

Classes redefined (0 events):
No events

Internal exceptions (0 events):
No events

Events (20 events):
Event: 10.707 Executing  VM operation: ChangeSingleStep
Event: 10.707 Executing  VM operation: ChangeSingleStep done
Event: 10.708 Executing  VM operation: ChangeSingleStep
Event: 10.708 Executing  VM operation: ChangeSingleStep done
Event: 10.708 Executing  VM operation: ChangeSingleStep
Event: 10.708 Executing  VM operation: ChangeSingleStep done
Event: 10.752 Executing  VM operation: get/set locals
Event: 10.752 Executing  VM operation: get/set locals done
Event: 10.752 Executing  VM operation: get/set locals
Event: 10.752 Executing  VM operation: get/set locals done
Event: 13.943 Executing  VM operation: ChangeSingleStep
Event: 13.943 Executing  VM operation: ChangeSingleStep done
Event: 13.944 Executing  VM operation: ChangeSingleStep
Event: 13.944 Executing  VM operation: ChangeSingleStep done
Event: 13.944 Executing  VM operation: ChangeSingleStep
Event: 13.944 Executing  VM operation: ChangeSingleStep done
Event: 13.944 Executing  VM operation: ChangeSingleStep
Event: 13.944 Executing  VM operation: ChangeSingleStep done
Event: 13.945 Executing  VM operation: ChangeSingleStep
Event: 13.945 Executing  VM operation: ChangeSingleStep done


Dynamic libraries:
0x00007ff6264a0000 - 0x00007ff6264b0000 	C:\Program Files\Java\jdk-16.0.1\bin\java.exe
0x00007ff8e9380000 - 0x00007ff8e9587000 	C:\WINDOWS\SYSTEM32\ntdll.dll
0x00007ff8e9200000 - 0x00007ff8e92bd000 	C:\WINDOWS\System32\KERNEL32.DLL
0x00007ff8e6e90000 - 0x00007ff8e7204000 	C:\WINDOWS\System32\KERNELBASE.dll
0x00007ff8e6b70000 - 0x00007ff8e6c81000 	C:\WINDOWS\System32\ucrtbase.dll
0x00007ff8d9c70000 - 0x00007ff8d9c88000 	C:\Program Files\Java\jdk-16.0.1\bin\jli.dll
0x00007ff8e80c0000 - 0x00007ff8e816c000 	C:\WINDOWS\System32\ADVAPI32.dll
0x00007ff8d9c50000 - 0x00007ff8d9c69000 	C:\Program Files\Java\jdk-16.0.1\bin\VCRUNTIME140.dll
0x00007ff8e73e0000 - 0x00007ff8e7483000 	C:\WINDOWS\System32\msvcrt.dll
0x00007ff8e8350000 - 0x00007ff8e83ed000 	C:\WINDOWS\System32\sechost.dll
0x00007ff8e7240000 - 0x00007ff8e7361000 	C:\WINDOWS\System32\RPCRT4.dll
0x00007ff8e83f0000 - 0x00007ff8e859c000 	C:\WINDOWS\System32\USER32.dll
0x00007ff8d6480000 - 0x00007ff8d6725000 	C:\WINDOWS\WinSxS\amd64_microsoft.windows.common-controls_6595b64144ccf1df_6.0.22000.120_none_9d947278b86cc467\COMCTL32.dll
0x00007ff8e6d00000 - 0x00007ff8e6d26000 	C:\WINDOWS\System32\win32u.dll
0x00007ff8e7210000 - 0x00007ff8e7239000 	C:\WINDOWS\System32\GDI32.dll
0x00007ff8e69d0000 - 0x00007ff8e6ae2000 	C:\WINDOWS\System32\gdi32full.dll
0x00007ff8e6d30000 - 0x00007ff8e6dcd000 	C:\WINDOWS\System32\msvcp_win.dll
0x00007ff8de760000 - 0x00007ff8de76a000 	C:\WINDOWS\SYSTEM32\VERSION.dll
0x00007ff8e74a0000 - 0x00007ff8e74d1000 	C:\WINDOWS\System32\IMM32.DLL
0x00007ff8e3e00000 - 0x00007ff8e3e0c000 	C:\Program Files\Java\jdk-16.0.1\bin\vcruntime140_1.dll
0x00007ff86a960000 - 0x00007ff86a9f1000 	C:\Program Files\Java\jdk-16.0.1\bin\msvcp140.dll
0x00007ff859950000 - 0x00007ff85a4fb000 	C:\Program Files\Java\jdk-16.0.1\bin\server\jvm.dll
0x00007ff8e7860000 - 0x00007ff8e7868000 	C:\WINDOWS\System32\PSAPI.DLL
0x00007ff8d5dc0000 - 0x00007ff8d5dc9000 	C:\WINDOWS\SYSTEM32\WSOCK32.dll
0x00007ff8e1110000 - 0x00007ff8e1143000 	C:\WINDOWS\SYSTEM32\WINMM.dll
0x00007ff8e8e30000 - 0x00007ff8e8e9f000 	C:\WINDOWS\System32\WS2_32.dll
0x00007ff8e5920000 - 0x00007ff8e5938000 	C:\WINDOWS\SYSTEM32\kernel.appcore.dll
0x00007ff8e2d30000 - 0x00007ff8e2d3a000 	C:\Program Files\Java\jdk-16.0.1\bin\jimage.dll
0x00007ff8d03a0000 - 0x00007ff8d05c1000 	C:\WINDOWS\SYSTEM32\DBGHELP.DLL
0x00007ff8cfde0000 - 0x00007ff8cfe11000 	C:\WINDOWS\SYSTEM32\dbgcore.DLL
0x00007ff8e6af0000 - 0x00007ff8e6b70000 	C:\WINDOWS\System32\bcryptPrimitives.dll
0x00007ff86a8d0000 - 0x00007ff86a90b000 	C:\Program Files\Java\jdk-16.0.1\bin\jdwp.dll
0x00007ff8d9c20000 - 0x00007ff8d9c45000 	C:\Program Files\Java\jdk-16.0.1\bin\java.dll
0x00007ff8e7910000 - 0x00007ff8e80ba000 	C:\WINDOWS\System32\SHELL32.dll
0x00007ff8e49a0000 - 0x00007ff8e5202000 	C:\WINDOWS\SYSTEM32\windows.storage.dll
0x00007ff8e74e0000 - 0x00007ff8e7858000 	C:\WINDOWS\System32\combase.dll
0x00007ff8e4830000 - 0x00007ff8e4996000 	C:\WINDOWS\SYSTEM32\wintypes.dll
0x00007ff8e85a0000 - 0x00007ff8e868a000 	C:\WINDOWS\System32\SHCORE.dll
0x00007ff8e81d0000 - 0x00007ff8e822d000 	C:\WINDOWS\System32\shlwapi.dll
0x00007ff8e6790000 - 0x00007ff8e67b1000 	C:\WINDOWS\SYSTEM32\profapi.dll
0x00007ff8d9fd0000 - 0x00007ff8d9fdc000 	C:\Program Files\Java\jdk-16.0.1\bin\dt_socket.dll
0x00007ff8e5460000 - 0x00007ff8e548d000 	C:\WINDOWS\SYSTEM32\IPHLPAPI.DLL
0x00007ff8e5d20000 - 0x00007ff8e5d87000 	C:\WINDOWS\system32\mswsock.dll
0x00007ff8e5490000 - 0x00007ff8e5577000 	C:\WINDOWS\SYSTEM32\DNSAPI.dll
0x00007ff8e7900000 - 0x00007ff8e7909000 	C:\WINDOWS\System32\NSI.dll
0x00007ff8df300000 - 0x00007ff8df30a000 	C:\Windows\System32\rasadhlp.dll
0x00007ff8dfda0000 - 0x00007ff8dfe21000 	C:\WINDOWS\System32\fwpuclnt.dll
0x00000005d6c20000 - 0x00000005d6c40000 	C:\Users\Narcano\Documents\GitHub\SzamBiztHF\CAFFparser\NativeLibrary\com\narcano\jni\libnative.dll
0x0000000180040000 - 0x0000000180650000 	C:\cygwin64\bin\cygwin1.dll
0x00000003fba50000 - 0x00000003fbc29000 	C:\cygwin64\bin\cygstdc++-6.dll
0x00000003ffa50000 - 0x00000003ffa6a000 	C:\cygwin64\bin\cyggcc_s-seh-1.dll
0x00007ff8e5f10000 - 0x00007ff8e5f1c000 	C:\WINDOWS\SYSTEM32\CRYPTBASE.DLL

dbghelp: loaded successfully - version: 4.0.5 - missing functions: none
symbol engine: initialized successfully - sym options: 0x614 - pdb path: .;C:\Program Files\Java\jdk-16.0.1\bin;C:\WINDOWS\SYSTEM32;C:\WINDOWS\WinSxS\amd64_microsoft.windows.common-controls_6595b64144ccf1df_6.0.22000.120_none_9d947278b86cc467;C:\Program Files\Java\jdk-16.0.1\bin\server;C:\Users\Narcano\Documents\GitHub\SzamBiztHF\CAFFparser\NativeLibrary\com\narcano\jni;C:\cygwin64\bin

VM Arguments:
jvm_args: -agentlib:jdwp=transport=dt_socket,server=n,suspend=y,address=localhost:1422 -XX:+ShowCodeDetailsInExceptionMessages 
java_command: com.narcano.jni.CaffParser
java_class_path (initial): C:\Users\Narcano\AppData\Roaming\Code\User\workspaceStorage\9ef5114ca91db2c5d38ce00fc8662a29\redhat.java\jdt_ws\CAFFparser_2584e7d5\bin
Launcher Type: SUN_STANDARD

[Global flags]
     intx CICompilerCount                          = 4                                         {product} {ergonomic}
     uint ConcGCThreads                            = 3                                         {product} {ergonomic}
     uint G1ConcRefinementThreads                  = 10                                        {product} {ergonomic}
   size_t G1HeapRegionSize                         = 2097152                                   {product} {ergonomic}
    uintx GCDrainStackTargetSize                   = 64                                        {product} {ergonomic}
   size_t InitialHeapSize                          = 268435456                                 {product} {ergonomic}
   size_t MarkStackSize                            = 4194304                                   {product} {ergonomic}
   size_t MaxHeapSize                              = 4280287232                                {product} {ergonomic}
   size_t MaxNewSize                               = 2566914048                                {product} {ergonomic}
   size_t MinHeapDeltaBytes                        = 2097152                                   {product} {ergonomic}
   size_t MinHeapSize                              = 8388608                                   {product} {ergonomic}
    uintx NonNMethodCodeHeapSize                   = 5839372                                {pd product} {ergonomic}
    uintx NonProfiledCodeHeapSize                  = 122909434                              {pd product} {ergonomic}
    uintx ProfiledCodeHeapSize                     = 122909434                              {pd product} {ergonomic}
    uintx ReservedCodeCacheSize                    = 251658240                              {pd product} {ergonomic}
     bool SegmentedCodeCache                       = true                                      {product} {ergonomic}
     bool ShowCodeDetailsInExceptionMessages       = true                                   {manageable} {command line}
   size_t SoftMaxHeapSize                          = 4280287232                             {manageable} {ergonomic}
     bool UseCompressedClassPointers               = true                           {product lp64_product} {ergonomic}
     bool UseCompressedOops                        = true                           {product lp64_product} {ergonomic}
     bool UseG1GC                                  = true                                      {product} {ergonomic}
     bool UseLargePagesIndividualAllocation        = false                                  {pd product} {ergonomic}

Logging:
Log output configuration:
 #0: stdout all=warning uptime,level,tags
 #1: stderr all=off uptime,level,tags

Environment Variables:
JAVA_HOME=C:\Program Files\Java\jdk-16.0.1
PATH=C:\Program Files\Oculus\Support\oculus-runtime;C:\Program Files\Common Files\Oracle\Java\javapath;C:\Program Files (x86)\Common Files\Oracle\Java\javapath;C:\Windows\system32;C:\Windows;C:\Windows\System32\Wbem;C:\Windows\System32\WindowsPowerShell\v1.0\;C:\Windows\System32\OpenSSH\;C:\Program Files\NVIDIA Corporation\NVIDIA NvDLISR;C:\Program Files\Microsoft SQL Server\130\Tools\Binn\;C:\Users\Narcano\AppData\Local\Microsoft\WindowsApps;C:\Program Files (x86)\Nmap;C:\Users\Narcano\.dotnet\tools;C:\Users\Narcano\AppData\Local\Programs\Microsoft VS Code\bin;C:\Python27;C:\Python27\Scripts;C:\Users\Narcano\AppData\Local\CIRCLE;C:\cygwin64\bin;C:\Program Files\Calibre2\;C:\Program Files\nodejs\;C:\Program Files\nodejs;C:\Program Files (x86)\NVIDIA Corporation\PhysX\Common;C:\Program Files (x86)\Windows Kits\10\Windows Performance Toolkit\;C:\Program Files\Graphviz\bin;C:\Program Files\Java\jdk-16.0.1\bin;C:\Users\Narcano\Music;C:\WINDOWS\system32;C:\WINDOWS;C:\WINDOWS\System32\Wbem;C:\WINDOWS\System32\WindowsPowerShell\v1.0\;C:\WINDOWS\System32\OpenSSH\;D:\Program Files\MATLAB\R2021b\bin;C:\Program Files\MiKTeX\miktex\bin\x64\;C:\Program Files\Git\cmd;C:\WINDOWS\system32;C:\WINDOWS;C:\WINDOWS\System32\Wbem;C:\WINDOWS\System32\WindowsPowerShell\v1.0\;C:\WINDOWS\System32\OpenSSH\;C:\Users\Narcano\anaconda3;C:\Users\Narcano\anaconda3\Library\mingw-w64\bin;C:\Users\Narcano\anaconda3\Library\usr\bin;C:\Users\Narcano\anaconda3\Library\bin;C:\Users\Narcano\anaconda3\Scripts;C:\Users\Narcano\AppData\Local\Microsoft\WindowsApps;C:\Program Files (x86)\Nmap;C:\Users\Narcano\.dotnet\tools;C:\Users\Narcano\AppData\Local\Programs\Microsoft VS Code\bin;C:\Program Files (x86)\uppaal-4.1.24\bin-Windows;C:\Program Files\JetBrains\PyCharm 2021.1\bin;C:\Users\Narcano\AppData\Roaming\npm;C:\Program Files\nodejs;C:\Users\Narcano\AppData\Local\atom\bin;C:\Users\Narcano\AppData\Local\GitHubDesktop\bin;C:\Users\Narcano\AppData\Local\Microsoft\WindowsApps;C:\Users\Narcano\AppData\Local\Google
USERNAME=Narcano
LANG=en_US.UTF-8
OS=Windows_NT
PROCESSOR_IDENTIFIER=AMD64 Family 23 Model 113 Stepping 0, AuthenticAMD



---------------  S Y S T E M  ---------------

OS:
 Windows 10 , 64 bit Build 22000 (10.0.22000.318)
OS uptime: 2 days 12:23 hours
Hyper-V role detected

CPU: total 12 (initial active 12) (12 cores per cpu, 2 threads per core) family 23 model 113 stepping 0 microcode 0x0, cx8, cmov, fxsr, ht, mmx, 3dnowpref, sse, sse2, sse3, ssse3, sse4a, sse4.1, sse4.2, popcnt, lzcnt, tsc, tscinvbit, avx, avx2, aes, clmul, bmi1, bmi2, adx, sha, fma, vzeroupper, clflush, clflushopt, hv

Memory: 4k page, system-wide physical 16320M (4183M free)
TotalPageFile size 23789M (AvailPageFile size 6006M)
current process WorkingSet (physical memory assigned to process): 30M, peak: 30M
current process commit charge ("private bytes"): 350M, peak: 351M

vm_info: Java HotSpot(TM) 64-Bit Server VM (16.0.1+9-24) for windows-amd64 JRE (16.0.1+9-24), built on Mar 26 2021 19:31:42 by "mach5one" with MS VC++ 16.7 (VS2019)

END.
