#
# A fatal error has been detected by the Java Runtime Environment:
#
#  SIGSEGV (0xb) at pc=0x00007f9358029c7a, pid=22057, tid=22058
#
# JRE version: OpenJDK Runtime Environment (11.0.12+7) (build 11.0.12+7-Ubuntu-0ubuntu3)
# Java VM: OpenJDK 64-Bit Server VM (11.0.12+7-Ubuntu-0ubuntu3, mixed mode, tiered, compressed oops, g1 gc, linux-amd64)
# Problematic frame:
# C  [libnative.so+0x15c7a]  FillJNIOjbectValues(JNIEnv_*, CIFF)+0x12c
#
# Core dump will be written. Default location: Core dumps may be processed with "/usr/share/apport/apport %p %s %c %d %P %E" (or dumping to /home/narcano/SzB/SzamBiztHF/CAFFparser/NativeLibrary/core.22057)
#
# If you would like to submit a bug report, please visit:
#   https://bugs.launchpad.net/ubuntu/+source/openjdk-lts
# The crash happened outside the Java Virtual Machine in native code.
# See problematic frame for where to report the bug.
#

---------------  S U M M A R Y ------------

Command Line: com.narcano.jni.CaffParser

Host: AMD Ryzen 5 3600 6-Core Processor, 12 cores, 15G, Ubuntu 21.10
Time: Wed Nov 24 17:13:45 2021 CET elapsed time: 6.030525 seconds (0d 0h 0m 6s)

---------------  T H R E A D  ---------------

Current thread (0x00007f9354014800):  JavaThread "main" [_thread_in_native, id=22058, stack(0x00007f935bca0000,0x00007f935bda0000)]

Stack: [0x00007f935bca0000,0x00007f935bda0000],  sp=0x00007f935bd9e6f0,  free space=1017k
Native frames: (J=compiled Java code, A=aot compiled Java code, j=interpreted, Vv=VM code, C=native code)
C  [libnative.so+0x15c7a]  FillJNIOjbectValues(JNIEnv_*, CIFF)+0x12c
C  [libnative.so+0x15ed1]  Java_com_narcano_jni_CaffParser_CallParser+0x169
j  com.narcano.jni.CaffParser.CallParser(Ljava/lang/String;)[Lcom/narcano/jni/CIFF;+0
j  com.narcano.jni.CaffParser.main([Ljava/lang/String;)V+14
v  ~StubRoutines::call_stub
V  [libjvm.so+0x866bf1]
V  [libjvm.so+0x8e5b30]
V  [libjvm.so+0x8e81e0]
C  [libjli.so+0x5a63]
C  [libjli.so+0x9b4d]

Java frames: (J=compiled Java code, j=interpreted, Vv=VM code)
j  com.narcano.jni.CaffParser.CallParser(Ljava/lang/String;)[Lcom/narcano/jni/CIFF;+0
j  com.narcano.jni.CaffParser.main([Ljava/lang/String;)V+14
v  ~StubRoutines::call_stub

siginfo: si_signo: 11 (SIGSEGV), si_code: 2 (SEGV_ACCERR), si_addr: 0x00007f935737d004

Register to memory mapping:

RAX=0x00007f935737cffc points into unknown readable memory: 00 00 00 00
RBX=0x0 is NULL
RCX=0x00007f935617c510 points into unknown readable memory: 0x000000340000002d | 2d 00 00 00 34 00 00 00
RDX=0x00000000001800e9 is an unknown value
RSP=0x00007f935bd9e6f0 is pointing into the stack for thread: 0x00007f9354014800
RBP=0x00007f935bd9e730 is pointing into the stack for thread: 0x00007f9354014800
RSI=0x00000000001800e9 is an unknown value
RDI=0x00007f935bd9e828 is pointing into the stack for thread: 0x00007f9354014800
R8 =0x0 is NULL
R9 =0x00007f9354000850 points into unknown readable memory: 0x00007f9354000840 | 40 08 00 54 93 7f 00 00
R10=0x00007f935801b1e7: <offset 0x00000000000071e7> in /home/narcano/SzB/SzamBiztHF/CAFFparser/NativeLibrary/com/narcano/jni/libnative.so at 0x00007f9358014000
R11=0x0000000000000293 is an unknown value
R12=0x0 is NULL
R13={method} {0x00007f93584b4580} 'CallParser' '(Ljava/lang/String;)[Lcom/narcano/jni/CIFF;' in 'com/narcano/jni/CaffParser'
R14=0x00007f935bd9e8f0 is pointing into the stack for thread: 0x00007f9354014800
R15=0x00007f9354014800 is a thread


Registers:
RAX=0x00007f935737cffc, RBX=0x0000000000000000, RCX=0x00007f935617c510, RDX=0x00000000001800e9
RSP=0x00007f935bd9e6f0, RBP=0x00007f935bd9e730, RSI=0x00000000001800e9, RDI=0x00007f935bd9e828
R8 =0x0000000000000000, R9 =0x00007f9354000850, R10=0x00007f935801b1e7, R11=0x0000000000000293
R12=0x0000000000000000, R13=0x00007f93584b4580, R14=0x00007f935bd9e8f0, R15=0x00007f9354014800
RIP=0x00007f9358029c7a, EFLAGS=0x0000000000010206, CSGSFS=0x002b000000000033, ERR=0x0000000000000004
  TRAPNO=0x000000000000000e

Top of Stack: (sp=0x00007f935bd9e6f0)
0x00007f935bd9e6f0:   00007f935bd9e7e0 00007f9354014b48
0x00007f935bd9e700:   00007f935bd9e730 001800e958026a6c
0x00007f935bd9e710:   00000000001e8868 00007f93541fd920
0x00007f935bd9e720:   00007f9354a95f70 00007f93542f09c0 

Instructions: (pc=0x00007f9358029c7a)
0x00007f9358029b7a:   89 45 e0 48 8d 05 9a 16 00 00 48 89 c7 e8 04 9d
0x00007f9358029b8a:   ff ff 8b 55 e0 48 8b 45 c8 89 d6 48 89 c7 e8 93
0x00007f9358029b9a:   8b ff ff 48 89 45 e8 8b 45 e0 48 98 48 ba fe ff
0x00007f9358029baa:   ff ff ff ff ff 1f 48 39 d0 77 1c 48 c1 e0 02 48
0x00007f9358029bba:   89 c7 e8 2f 8b ff ff 48 89 45 f0 c7 45 dc 00 00
0x00007f9358029bca:   00 00 e9 b4 00 00 00 e8 9a 9b ff ff 48 8d 05 41
0x00007f9358029bda:   16 00 00 48 89 c7 e8 ab 9c ff ff c7 45 e4 00 00
0x00007f9358029bea:   00 00 8b 55 dc 48 63 c2 48 69 c0 56 55 55 55 48
0x00007f9358029bfa:   c1 e8 20 89 d1 c1 f9 1f 29 c8 89 c1 01 c9 01 c1
0x00007f9358029c0a:   89 d0 29 c8 83 f8 02 74 4f 83 f8 02 7f 69 85 c0
0x00007f9358029c1a:   74 07 83 f8 01 74 21 eb 5e 48 8b 45 c0 48 8d 50
0x00007f9358029c2a:   48 8b 45 dc 48 98 48 89 c6 48 89 d7 e8 35 96 ff
0x00007f9358029c3a:   ff 8b 00 89 45 e4 eb 3f 48 8b 45 c0 48 8d 50 48
0x00007f9358029c4a:   8b 45 dc 48 98 48 89 c6 48 89 d7 e8 16 96 ff ff
0x00007f9358029c5a:   8b 40 04 89 45 e4 eb 1f 48 8b 45 c0 48 8d 50 48
0x00007f9358029c6a:   8b 45 dc 48 98 48 89 c6 48 89 d7 e8 f6 95 ff ff
0x00007f9358029c7a:   8b 40 08 89 45 e4 90 83 45 dc 01 8b 45 dc 3b 45
0x00007f9358029c8a:   e0 0f 8c 45 ff ff ff 48 8d 05 8a 15 00 00 48 89
0x00007f9358029c9a:   c7 e8 f0 9b ff ff 48 8b 4d f0 8b 55 e0 48 8b 75
0x00007f9358029caa:   e8 48 8b 45 c8 49 89 c8 89 d1 ba 00 00 00 00 48
0x00007f9358029cba:   89 c7 e8 ef 8c ff ff 48 8d 05 5a 15 00 00 48 89
0x00007f9358029cca:   c7 e8 c0 9b ff ff 48 8b 05 f1 62 00 00 48 8b 00
0x00007f9358029cda:   48 8b 50 08 48 8b 05 e3 62 00 00 48 8b 00 48 8b
0x00007f9358029cea:   30 48 8b 4d e8 48 8b 45 c8 48 89 c7 b8 00 00 00
0x00007f9358029cfa:   00 e8 70 93 ff ff 48 89 45 f8 48 8d 05 17 15 00
0x00007f9358029d0a:   00 48 89 c7 e8 7d 9b ff ff 48 8b 45 c0 48 8b 40
0x00007f9358029d1a:   08 89 c1 48 8b 05 a4 62 00 00 48 8b 00 48 8b 50
0x00007f9358029d2a:   18 48 8b 75 f8 48 8b 45 c8 48 89 c7 e8 75 9e ff
0x00007f9358029d3a:   ff 48 8b 45 c0 48 8b 00 89 c1 48 8b 05 7d 62 00
0x00007f9358029d4a:   00 48 8b 00 48 8b 50 10 48 8b 75 f8 48 8b 45 c8
0x00007f9358029d5a:   48 89 c7 e8 4e 9e ff ff 48 8b 45 f8 c9 c3 f3 0f
0x00007f9358029d6a:   1e fa 55 48 89 e5 53 48 81 ec 18 01 00 00 48 89 


Stack slot to memory mapping:
stack at sp + 0 slots: 0x00007f935bd9e7e0 is pointing into the stack for thread: 0x00007f9354014800
stack at sp + 1 slots: 0x00007f9354014b48 points into unknown readable memory: 0x00007f935d2ecb20 | 20 cb 2e 5d 93 7f 00 00
stack at sp + 2 slots: 0x00007f935bd9e730 is pointing into the stack for thread: 0x00007f9354014800
stack at sp + 3 slots: 0x001800e958026a6c is an unknown value
stack at sp + 4 slots: 0x00000000001e8868 is an unknown value
stack at sp + 5 slots: 0x00007f93541fd920 points into unknown readable memory: 0x0000000707000000 | 00 00 00 07 07 00 00 00
stack at sp + 6 slots: 0x00007f9354a95f70 points into unknown readable memory: 0x00007f93542f3e40 | 40 3e 2f 54 93 7f 00 00
stack at sp + 7 slots: 0x00007f93542f09c0 points into unknown readable memory: 0x00007f9358014000 | 00 40 01 58 93 7f 00 00


---------------  P R O C E S S  ---------------

Threads class SMR info:
_java_thread_list=0x00007f93542eda20, length=9, elements={
0x00007f9354014800, 0x00007f9354204000, 0x00007f9354208800, 0x00007f935421e800,
0x00007f9354220800, 0x00007f9354222800, 0x00007f9354224800, 0x00007f9354226800,
0x00007f93542ec000
}

Java Threads: ( => current thread )
=>0x00007f9354014800 JavaThread "main" [_thread_in_native, id=22058, stack(0x00007f935bca0000,0x00007f935bda0000)]
  0x00007f9354204000 JavaThread "Reference Handler" daemon [_thread_blocked, id=22065, stack(0x00007f933c5dc000,0x00007f933c6dc000)]
  0x00007f9354208800 JavaThread "Finalizer" daemon [_thread_blocked, id=22066, stack(0x00007f933c4dc000,0x00007f933c5dc000)]
  0x00007f935421e800 JavaThread "Signal Dispatcher" daemon [_thread_blocked, id=22067, stack(0x00007f933c3dc000,0x00007f933c4dc000)]
  0x00007f9354220800 JavaThread "Service Thread" daemon [_thread_blocked, id=22068, stack(0x00007f933c2dc000,0x00007f933c3dc000)]
  0x00007f9354222800 JavaThread "C2 CompilerThread0" daemon [_thread_blocked, id=22069, stack(0x00007f933c1dc000,0x00007f933c2dc000)]
  0x00007f9354224800 JavaThread "C1 CompilerThread0" daemon [_thread_blocked, id=22070, stack(0x00007f933c0dc000,0x00007f933c1dc000)]
  0x00007f9354226800 JavaThread "Sweeper thread" daemon [_thread_blocked, id=22071, stack(0x00007f9330280000,0x00007f9330380000)]
  0x00007f93542ec000 JavaThread "Common-Cleaner" daemon [_thread_blocked, id=22073, stack(0x00007f933007e000,0x00007f933017e000)]

Other Threads:
  0x00007f93541fc000 VMThread "VM Thread" [stack: 0x00007f933c6de000,0x00007f933c7de000] [id=22064]
  0x00007f93542df000 WatcherThread [stack: 0x00007f9330180000,0x00007f9330280000] [id=22072]
  0x00007f935402e800 GCTaskThread "GC Thread#0" [stack: 0x00007f935b96d000,0x00007f935ba6d000] [id=22059]
  0x00007f935408d000 ConcurrentGCThread "G1 Main Marker" [stack: 0x00007f9359608000,0x00007f9359708000] [id=22060]
  0x00007f935408e800 ConcurrentGCThread "G1 Conc#0" [stack: 0x00007f9359506000,0x00007f9359606000] [id=22061]
  0x00007f9354197000 ConcurrentGCThread "G1 Refine#0" [stack: 0x00007f93589fa000,0x00007f9358afa000] [id=22062]
  0x00007f9354198800 ConcurrentGCThread "G1 Young RemSet Sampling" [stack: 0x00007f93588f8000,0x00007f93589f8000] [id=22063]

Threads with active compile tasks:

VM state:not at safepoint (normal execution)

VM Mutex/Monitor currently owned by a thread: None

Heap address: 0x0000000707000000, size: 3984 MB, Compressed Oops mode: Zero based, Oop shift amount: 3
Narrow klass base: 0x0000000800000000, Narrow klass shift: 0
Compressed class space size: 1073741824 Address: 0x0000000800000000

Heap:
 garbage-first heap   total 256000K, used 9216K [0x0000000707000000, 0x0000000800000000)
  region size 1024K, 2 young (2048K), 0 survivors (0K)
 Metaspace       used 3485K, capacity 4486K, committed 4864K, reserved 1056768K
  class space    used 310K, capacity 386K, committed 512K, reserved 1048576K
Heap Regions: E=young(eden), S=young(survivor), O=old, HS=humongous(starts), HC=humongous(continues), CS=collection set, F=free, A=archive, TAMS=top-at-mark-start (previous, next)
|   0|0x0000000707000000, 0x0000000707100000, 0x0000000707100000|100%|HS|  |TAMS 0x0000000707000000, 0x0000000707000000| Complete 
|   1|0x0000000707100000, 0x0000000707200000, 0x0000000707200000|100%|HC|  |TAMS 0x0000000707100000, 0x0000000707100000| Complete 
|   2|0x0000000707200000, 0x0000000707300000, 0x0000000707300000|100%|HC|  |TAMS 0x0000000707200000, 0x0000000707200000| Complete 
|   3|0x0000000707300000, 0x0000000707400000, 0x0000000707400000|100%|HC|  |TAMS 0x0000000707300000, 0x0000000707300000| Complete 
|   4|0x0000000707400000, 0x0000000707500000, 0x0000000707500000|100%|HC|  |TAMS 0x0000000707400000, 0x0000000707400000| Complete 
|   5|0x0000000707500000, 0x0000000707600000, 0x0000000707600000|100%|HC|  |TAMS 0x0000000707500000, 0x0000000707500000| Complete 
|   6|0x0000000707600000, 0x0000000707700000, 0x0000000707700000|100%|HC|  |TAMS 0x0000000707600000, 0x0000000707600000| Complete 
|   7|0x0000000707700000, 0x0000000707800000, 0x0000000707800000|100%|HC|  |TAMS 0x0000000707700000, 0x0000000707700000| Complete 
|   8|0x0000000707800000, 0x0000000707800000, 0x0000000707900000|  0%| F|  |TAMS 0x0000000707800000, 0x0000000707800000| Untracked 
|   9|0x0000000707900000, 0x0000000707900000, 0x0000000707a00000|  0%| F|  |TAMS 0x0000000707900000, 0x0000000707900000| Untracked 
|  10|0x0000000707a00000, 0x0000000707a00000, 0x0000000707b00000|  0%| F|  |TAMS 0x0000000707a00000, 0x0000000707a00000| Untracked 
|  11|0x0000000707b00000, 0x0000000707b00000, 0x0000000707c00000|  0%| F|  |TAMS 0x0000000707b00000, 0x0000000707b00000| Untracked 
|  12|0x0000000707c00000, 0x0000000707c00000, 0x0000000707d00000|  0%| F|  |TAMS 0x0000000707c00000, 0x0000000707c00000| Untracked 
|  13|0x0000000707d00000, 0x0000000707d00000, 0x0000000707e00000|  0%| F|  |TAMS 0x0000000707d00000, 0x0000000707d00000| Untracked 
|  14|0x0000000707e00000, 0x0000000707e00000, 0x0000000707f00000|  0%| F|  |TAMS 0x0000000707e00000, 0x0000000707e00000| Untracked 
|  15|0x0000000707f00000, 0x0000000707f00000, 0x0000000708000000|  0%| F|  |TAMS 0x0000000707f00000, 0x0000000707f00000| Untracked 
|  16|0x0000000708000000, 0x0000000708000000, 0x0000000708100000|  0%| F|  |TAMS 0x0000000708000000, 0x0000000708000000| Untracked 
|  17|0x0000000708100000, 0x0000000708100000, 0x0000000708200000|  0%| F|  |TAMS 0x0000000708100000, 0x0000000708100000| Untracked 
|  18|0x0000000708200000, 0x0000000708200000, 0x0000000708300000|  0%| F|  |TAMS 0x0000000708200000, 0x0000000708200000| Untracked 
|  19|0x0000000708300000, 0x0000000708300000, 0x0000000708400000|  0%| F|  |TAMS 0x0000000708300000, 0x0000000708300000| Untracked 
|  20|0x0000000708400000, 0x0000000708400000, 0x0000000708500000|  0%| F|  |TAMS 0x0000000708400000, 0x0000000708400000| Untracked 
|  21|0x0000000708500000, 0x0000000708500000, 0x0000000708600000|  0%| F|  |TAMS 0x0000000708500000, 0x0000000708500000| Untracked 
|  22|0x0000000708600000, 0x0000000708600000, 0x0000000708700000|  0%| F|  |TAMS 0x0000000708600000, 0x0000000708600000| Untracked 
|  23|0x0000000708700000, 0x0000000708700000, 0x0000000708800000|  0%| F|  |TAMS 0x0000000708700000, 0x0000000708700000| Untracked 
|  24|0x0000000708800000, 0x0000000708800000, 0x0000000708900000|  0%| F|  |TAMS 0x0000000708800000, 0x0000000708800000| Untracked 
|  25|0x0000000708900000, 0x0000000708900000, 0x0000000708a00000|  0%| F|  |TAMS 0x0000000708900000, 0x0000000708900000| Untracked 
|  26|0x0000000708a00000, 0x0000000708a00000, 0x0000000708b00000|  0%| F|  |TAMS 0x0000000708a00000, 0x0000000708a00000| Untracked 
|  27|0x0000000708b00000, 0x0000000708b00000, 0x0000000708c00000|  0%| F|  |TAMS 0x0000000708b00000, 0x0000000708b00000| Untracked 
|  28|0x0000000708c00000, 0x0000000708c00000, 0x0000000708d00000|  0%| F|  |TAMS 0x0000000708c00000, 0x0000000708c00000| Untracked 
|  29|0x0000000708d00000, 0x0000000708d00000, 0x0000000708e00000|  0%| F|  |TAMS 0x0000000708d00000, 0x0000000708d00000| Untracked 
|  30|0x0000000708e00000, 0x0000000708e00000, 0x0000000708f00000|  0%| F|  |TAMS 0x0000000708e00000, 0x0000000708e00000| Untracked 
|  31|0x0000000708f00000, 0x0000000708f00000, 0x0000000709000000|  0%| F|  |TAMS 0x0000000708f00000, 0x0000000708f00000| Untracked 
|  32|0x0000000709000000, 0x0000000709000000, 0x0000000709100000|  0%| F|  |TAMS 0x0000000709000000, 0x0000000709000000| Untracked 
|  33|0x0000000709100000, 0x0000000709100000, 0x0000000709200000|  0%| F|  |TAMS 0x0000000709100000, 0x0000000709100000| Untracked 
|  34|0x0000000709200000, 0x0000000709200000, 0x0000000709300000|  0%| F|  |TAMS 0x0000000709200000, 0x0000000709200000| Untracked 
|  35|0x0000000709300000, 0x0000000709300000, 0x0000000709400000|  0%| F|  |TAMS 0x0000000709300000, 0x0000000709300000| Untracked 
|  36|0x0000000709400000, 0x0000000709400000, 0x0000000709500000|  0%| F|  |TAMS 0x0000000709400000, 0x0000000709400000| Untracked 
|  37|0x0000000709500000, 0x0000000709500000, 0x0000000709600000|  0%| F|  |TAMS 0x0000000709500000, 0x0000000709500000| Untracked 
|  38|0x0000000709600000, 0x0000000709600000, 0x0000000709700000|  0%| F|  |TAMS 0x0000000709600000, 0x0000000709600000| Untracked 
|  39|0x0000000709700000, 0x0000000709700000, 0x0000000709800000|  0%| F|  |TAMS 0x0000000709700000, 0x0000000709700000| Untracked 
|  40|0x0000000709800000, 0x0000000709800000, 0x0000000709900000|  0%| F|  |TAMS 0x0000000709800000, 0x0000000709800000| Untracked 
|  41|0x0000000709900000, 0x0000000709900000, 0x0000000709a00000|  0%| F|  |TAMS 0x0000000709900000, 0x0000000709900000| Untracked 
|  42|0x0000000709a00000, 0x0000000709a00000, 0x0000000709b00000|  0%| F|  |TAMS 0x0000000709a00000, 0x0000000709a00000| Untracked 
|  43|0x0000000709b00000, 0x0000000709b00000, 0x0000000709c00000|  0%| F|  |TAMS 0x0000000709b00000, 0x0000000709b00000| Untracked 
|  44|0x0000000709c00000, 0x0000000709c00000, 0x0000000709d00000|  0%| F|  |TAMS 0x0000000709c00000, 0x0000000709c00000| Untracked 
|  45|0x0000000709d00000, 0x0000000709d00000, 0x0000000709e00000|  0%| F|  |TAMS 0x0000000709d00000, 0x0000000709d00000| Untracked 
|  46|0x0000000709e00000, 0x0000000709e00000, 0x0000000709f00000|  0%| F|  |TAMS 0x0000000709e00000, 0x0000000709e00000| Untracked 
|  47|0x0000000709f00000, 0x0000000709f00000, 0x000000070a000000|  0%| F|  |TAMS 0x0000000709f00000, 0x0000000709f00000| Untracked 
|  48|0x000000070a000000, 0x000000070a000000, 0x000000070a100000|  0%| F|  |TAMS 0x000000070a000000, 0x000000070a000000| Untracked 
|  49|0x000000070a100000, 0x000000070a100000, 0x000000070a200000|  0%| F|  |TAMS 0x000000070a100000, 0x000000070a100000| Untracked 
|  50|0x000000070a200000, 0x000000070a200000, 0x000000070a300000|  0%| F|  |TAMS 0x000000070a200000, 0x000000070a200000| Untracked 
|  51|0x000000070a300000, 0x000000070a300000, 0x000000070a400000|  0%| F|  |TAMS 0x000000070a300000, 0x000000070a300000| Untracked 
|  52|0x000000070a400000, 0x000000070a400000, 0x000000070a500000|  0%| F|  |TAMS 0x000000070a400000, 0x000000070a400000| Untracked 
|  53|0x000000070a500000, 0x000000070a500000, 0x000000070a600000|  0%| F|  |TAMS 0x000000070a500000, 0x000000070a500000| Untracked 
|  54|0x000000070a600000, 0x000000070a600000, 0x000000070a700000|  0%| F|  |TAMS 0x000000070a600000, 0x000000070a600000| Untracked 
|  55|0x000000070a700000, 0x000000070a700000, 0x000000070a800000|  0%| F|  |TAMS 0x000000070a700000, 0x000000070a700000| Untracked 
|  56|0x000000070a800000, 0x000000070a800000, 0x000000070a900000|  0%| F|  |TAMS 0x000000070a800000, 0x000000070a800000| Untracked 
|  57|0x000000070a900000, 0x000000070a900000, 0x000000070aa00000|  0%| F|  |TAMS 0x000000070a900000, 0x000000070a900000| Untracked 
|  58|0x000000070aa00000, 0x000000070aa00000, 0x000000070ab00000|  0%| F|  |TAMS 0x000000070aa00000, 0x000000070aa00000| Untracked 
|  59|0x000000070ab00000, 0x000000070ab00000, 0x000000070ac00000|  0%| F|  |TAMS 0x000000070ab00000, 0x000000070ab00000| Untracked 
|  60|0x000000070ac00000, 0x000000070ac00000, 0x000000070ad00000|  0%| F|  |TAMS 0x000000070ac00000, 0x000000070ac00000| Untracked 
|  61|0x000000070ad00000, 0x000000070ad00000, 0x000000070ae00000|  0%| F|  |TAMS 0x000000070ad00000, 0x000000070ad00000| Untracked 
|  62|0x000000070ae00000, 0x000000070ae00000, 0x000000070af00000|  0%| F|  |TAMS 0x000000070ae00000, 0x000000070ae00000| Untracked 
|  63|0x000000070af00000, 0x000000070af00000, 0x000000070b000000|  0%| F|  |TAMS 0x000000070af00000, 0x000000070af00000| Untracked 
|  64|0x000000070b000000, 0x000000070b000000, 0x000000070b100000|  0%| F|  |TAMS 0x000000070b000000, 0x000000070b000000| Untracked 
|  65|0x000000070b100000, 0x000000070b100000, 0x000000070b200000|  0%| F|  |TAMS 0x000000070b100000, 0x000000070b100000| Untracked 
|  66|0x000000070b200000, 0x000000070b200000, 0x000000070b300000|  0%| F|  |TAMS 0x000000070b200000, 0x000000070b200000| Untracked 
|  67|0x000000070b300000, 0x000000070b300000, 0x000000070b400000|  0%| F|  |TAMS 0x000000070b300000, 0x000000070b300000| Untracked 
|  68|0x000000070b400000, 0x000000070b400000, 0x000000070b500000|  0%| F|  |TAMS 0x000000070b400000, 0x000000070b400000| Untracked 
|  69|0x000000070b500000, 0x000000070b500000, 0x000000070b600000|  0%| F|  |TAMS 0x000000070b500000, 0x000000070b500000| Untracked 
|  70|0x000000070b600000, 0x000000070b600000, 0x000000070b700000|  0%| F|  |TAMS 0x000000070b600000, 0x000000070b600000| Untracked 
|  71|0x000000070b700000, 0x000000070b700000, 0x000000070b800000|  0%| F|  |TAMS 0x000000070b700000, 0x000000070b700000| Untracked 
|  72|0x000000070b800000, 0x000000070b800000, 0x000000070b900000|  0%| F|  |TAMS 0x000000070b800000, 0x000000070b800000| Untracked 
|  73|0x000000070b900000, 0x000000070b900000, 0x000000070ba00000|  0%| F|  |TAMS 0x000000070b900000, 0x000000070b900000| Untracked 
|  74|0x000000070ba00000, 0x000000070ba00000, 0x000000070bb00000|  0%| F|  |TAMS 0x000000070ba00000, 0x000000070ba00000| Untracked 
|  75|0x000000070bb00000, 0x000000070bb00000, 0x000000070bc00000|  0%| F|  |TAMS 0x000000070bb00000, 0x000000070bb00000| Untracked 
|  76|0x000000070bc00000, 0x000000070bc00000, 0x000000070bd00000|  0%| F|  |TAMS 0x000000070bc00000, 0x000000070bc00000| Untracked 
|  77|0x000000070bd00000, 0x000000070bd00000, 0x000000070be00000|  0%| F|  |TAMS 0x000000070bd00000, 0x000000070bd00000| Untracked 
|  78|0x000000070be00000, 0x000000070be00000, 0x000000070bf00000|  0%| F|  |TAMS 0x000000070be00000, 0x000000070be00000| Untracked 
|  79|0x000000070bf00000, 0x000000070bf00000, 0x000000070c000000|  0%| F|  |TAMS 0x000000070bf00000, 0x000000070bf00000| Untracked 
|  80|0x000000070c000000, 0x000000070c000000, 0x000000070c100000|  0%| F|  |TAMS 0x000000070c000000, 0x000000070c000000| Untracked 
|  81|0x000000070c100000, 0x000000070c100000, 0x000000070c200000|  0%| F|  |TAMS 0x000000070c100000, 0x000000070c100000| Untracked 
|  82|0x000000070c200000, 0x000000070c200000, 0x000000070c300000|  0%| F|  |TAMS 0x000000070c200000, 0x000000070c200000| Untracked 
|  83|0x000000070c300000, 0x000000070c300000, 0x000000070c400000|  0%| F|  |TAMS 0x000000070c300000, 0x000000070c300000| Untracked 
|  84|0x000000070c400000, 0x000000070c400000, 0x000000070c500000|  0%| F|  |TAMS 0x000000070c400000, 0x000000070c400000| Untracked 
|  85|0x000000070c500000, 0x000000070c500000, 0x000000070c600000|  0%| F|  |TAMS 0x000000070c500000, 0x000000070c500000| Untracked 
|  86|0x000000070c600000, 0x000000070c600000, 0x000000070c700000|  0%| F|  |TAMS 0x000000070c600000, 0x000000070c600000| Untracked 
|  87|0x000000070c700000, 0x000000070c700000, 0x000000070c800000|  0%| F|  |TAMS 0x000000070c700000, 0x000000070c700000| Untracked 
|  88|0x000000070c800000, 0x000000070c800000, 0x000000070c900000|  0%| F|  |TAMS 0x000000070c800000, 0x000000070c800000| Untracked 
|  89|0x000000070c900000, 0x000000070c900000, 0x000000070ca00000|  0%| F|  |TAMS 0x000000070c900000, 0x000000070c900000| Untracked 
|  90|0x000000070ca00000, 0x000000070ca00000, 0x000000070cb00000|  0%| F|  |TAMS 0x000000070ca00000, 0x000000070ca00000| Untracked 
|  91|0x000000070cb00000, 0x000000070cb00000, 0x000000070cc00000|  0%| F|  |TAMS 0x000000070cb00000, 0x000000070cb00000| Untracked 
|  92|0x000000070cc00000, 0x000000070cc00000, 0x000000070cd00000|  0%| F|  |TAMS 0x000000070cc00000, 0x000000070cc00000| Untracked 
|  93|0x000000070cd00000, 0x000000070cd00000, 0x000000070ce00000|  0%| F|  |TAMS 0x000000070cd00000, 0x000000070cd00000| Untracked 
|  94|0x000000070ce00000, 0x000000070ce00000, 0x000000070cf00000|  0%| F|  |TAMS 0x000000070ce00000, 0x000000070ce00000| Untracked 
|  95|0x000000070cf00000, 0x000000070cf00000, 0x000000070d000000|  0%| F|  |TAMS 0x000000070cf00000, 0x000000070cf00000| Untracked 
|  96|0x000000070d000000, 0x000000070d000000, 0x000000070d100000|  0%| F|  |TAMS 0x000000070d000000, 0x000000070d000000| Untracked 
|  97|0x000000070d100000, 0x000000070d100000, 0x000000070d200000|  0%| F|  |TAMS 0x000000070d100000, 0x000000070d100000| Untracked 
|  98|0x000000070d200000, 0x000000070d200000, 0x000000070d300000|  0%| F|  |TAMS 0x000000070d200000, 0x000000070d200000| Untracked 
|  99|0x000000070d300000, 0x000000070d300000, 0x000000070d400000|  0%| F|  |TAMS 0x000000070d300000, 0x000000070d300000| Untracked 
| 100|0x000000070d400000, 0x000000070d400000, 0x000000070d500000|  0%| F|  |TAMS 0x000000070d400000, 0x000000070d400000| Untracked 
| 101|0x000000070d500000, 0x000000070d500000, 0x000000070d600000|  0%| F|  |TAMS 0x000000070d500000, 0x000000070d500000| Untracked 
| 102|0x000000070d600000, 0x000000070d600000, 0x000000070d700000|  0%| F|  |TAMS 0x000000070d600000, 0x000000070d600000| Untracked 
| 103|0x000000070d700000, 0x000000070d700000, 0x000000070d800000|  0%| F|  |TAMS 0x000000070d700000, 0x000000070d700000| Untracked 
| 104|0x000000070d800000, 0x000000070d800000, 0x000000070d900000|  0%| F|  |TAMS 0x000000070d800000, 0x000000070d800000| Untracked 
| 105|0x000000070d900000, 0x000000070d900000, 0x000000070da00000|  0%| F|  |TAMS 0x000000070d900000, 0x000000070d900000| Untracked 
| 106|0x000000070da00000, 0x000000070da00000, 0x000000070db00000|  0%| F|  |TAMS 0x000000070da00000, 0x000000070da00000| Untracked 
| 107|0x000000070db00000, 0x000000070db00000, 0x000000070dc00000|  0%| F|  |TAMS 0x000000070db00000, 0x000000070db00000| Untracked 
| 108|0x000000070dc00000, 0x000000070dc00000, 0x000000070dd00000|  0%| F|  |TAMS 0x000000070dc00000, 0x000000070dc00000| Untracked 
| 109|0x000000070dd00000, 0x000000070dd00000, 0x000000070de00000|  0%| F|  |TAMS 0x000000070dd00000, 0x000000070dd00000| Untracked 
| 110|0x000000070de00000, 0x000000070de00000, 0x000000070df00000|  0%| F|  |TAMS 0x000000070de00000, 0x000000070de00000| Untracked 
| 111|0x000000070df00000, 0x000000070df00000, 0x000000070e000000|  0%| F|  |TAMS 0x000000070df00000, 0x000000070df00000| Untracked 
| 112|0x000000070e000000, 0x000000070e000000, 0x000000070e100000|  0%| F|  |TAMS 0x000000070e000000, 0x000000070e000000| Untracked 
| 113|0x000000070e100000, 0x000000070e100000, 0x000000070e200000|  0%| F|  |TAMS 0x000000070e100000, 0x000000070e100000| Untracked 
| 114|0x000000070e200000, 0x000000070e200000, 0x000000070e300000|  0%| F|  |TAMS 0x000000070e200000, 0x000000070e200000| Untracked 
| 115|0x000000070e300000, 0x000000070e300000, 0x000000070e400000|  0%| F|  |TAMS 0x000000070e300000, 0x000000070e300000| Untracked 
| 116|0x000000070e400000, 0x000000070e400000, 0x000000070e500000|  0%| F|  |TAMS 0x000000070e400000, 0x000000070e400000| Untracked 
| 117|0x000000070e500000, 0x000000070e500000, 0x000000070e600000|  0%| F|  |TAMS 0x000000070e500000, 0x000000070e500000| Untracked 
| 118|0x000000070e600000, 0x000000070e600000, 0x000000070e700000|  0%| F|  |TAMS 0x000000070e600000, 0x000000070e600000| Untracked 
| 119|0x000000070e700000, 0x000000070e700000, 0x000000070e800000|  0%| F|  |TAMS 0x000000070e700000, 0x000000070e700000| Untracked 
| 120|0x000000070e800000, 0x000000070e800000, 0x000000070e900000|  0%| F|  |TAMS 0x000000070e800000, 0x000000070e800000| Untracked 
| 121|0x000000070e900000, 0x000000070e900000, 0x000000070ea00000|  0%| F|  |TAMS 0x000000070e900000, 0x000000070e900000| Untracked 
| 122|0x000000070ea00000, 0x000000070ea00000, 0x000000070eb00000|  0%| F|  |TAMS 0x000000070ea00000, 0x000000070ea00000| Untracked 
| 123|0x000000070eb00000, 0x000000070eb00000, 0x000000070ec00000|  0%| F|  |TAMS 0x000000070eb00000, 0x000000070eb00000| Untracked 
| 124|0x000000070ec00000, 0x000000070ec00000, 0x000000070ed00000|  0%| F|  |TAMS 0x000000070ec00000, 0x000000070ec00000| Untracked 
| 125|0x000000070ed00000, 0x000000070ed00000, 0x000000070ee00000|  0%| F|  |TAMS 0x000000070ed00000, 0x000000070ed00000| Untracked 
| 126|0x000000070ee00000, 0x000000070ee00000, 0x000000070ef00000|  0%| F|  |TAMS 0x000000070ee00000, 0x000000070ee00000| Untracked 
| 127|0x000000070ef00000, 0x000000070ef00000, 0x000000070f000000|  0%| F|  |TAMS 0x000000070ef00000, 0x000000070ef00000| Untracked 
| 128|0x000000070f000000, 0x000000070f000000, 0x000000070f100000|  0%| F|  |TAMS 0x000000070f000000, 0x000000070f000000| Untracked 
| 129|0x000000070f100000, 0x000000070f100000, 0x000000070f200000|  0%| F|  |TAMS 0x000000070f100000, 0x000000070f100000| Untracked 
| 130|0x000000070f200000, 0x000000070f200000, 0x000000070f300000|  0%| F|  |TAMS 0x000000070f200000, 0x000000070f200000| Untracked 
| 131|0x000000070f300000, 0x000000070f300000, 0x000000070f400000|  0%| F|  |TAMS 0x000000070f300000, 0x000000070f300000| Untracked 
| 132|0x000000070f400000, 0x000000070f400000, 0x000000070f500000|  0%| F|  |TAMS 0x000000070f400000, 0x000000070f400000| Untracked 
| 133|0x000000070f500000, 0x000000070f500000, 0x000000070f600000|  0%| F|  |TAMS 0x000000070f500000, 0x000000070f500000| Untracked 
| 134|0x000000070f600000, 0x000000070f600000, 0x000000070f700000|  0%| F|  |TAMS 0x000000070f600000, 0x000000070f600000| Untracked 
| 135|0x000000070f700000, 0x000000070f700000, 0x000000070f800000|  0%| F|  |TAMS 0x000000070f700000, 0x000000070f700000| Untracked 
| 136|0x000000070f800000, 0x000000070f800000, 0x000000070f900000|  0%| F|  |TAMS 0x000000070f800000, 0x000000070f800000| Untracked 
| 137|0x000000070f900000, 0x000000070f900000, 0x000000070fa00000|  0%| F|  |TAMS 0x000000070f900000, 0x000000070f900000| Untracked 
| 138|0x000000070fa00000, 0x000000070fa00000, 0x000000070fb00000|  0%| F|  |TAMS 0x000000070fa00000, 0x000000070fa00000| Untracked 
| 139|0x000000070fb00000, 0x000000070fb00000, 0x000000070fc00000|  0%| F|  |TAMS 0x000000070fb00000, 0x000000070fb00000| Untracked 
| 140|0x000000070fc00000, 0x000000070fc00000, 0x000000070fd00000|  0%| F|  |TAMS 0x000000070fc00000, 0x000000070fc00000| Untracked 
| 141|0x000000070fd00000, 0x000000070fd00000, 0x000000070fe00000|  0%| F|  |TAMS 0x000000070fd00000, 0x000000070fd00000| Untracked 
| 142|0x000000070fe00000, 0x000000070fe00000, 0x000000070ff00000|  0%| F|  |TAMS 0x000000070fe00000, 0x000000070fe00000| Untracked 
| 143|0x000000070ff00000, 0x000000070ff00000, 0x0000000710000000|  0%| F|  |TAMS 0x000000070ff00000, 0x000000070ff00000| Untracked 
| 144|0x0000000710000000, 0x0000000710000000, 0x0000000710100000|  0%| F|  |TAMS 0x0000000710000000, 0x0000000710000000| Untracked 
| 145|0x0000000710100000, 0x0000000710100000, 0x0000000710200000|  0%| F|  |TAMS 0x0000000710100000, 0x0000000710100000| Untracked 
| 146|0x0000000710200000, 0x0000000710200000, 0x0000000710300000|  0%| F|  |TAMS 0x0000000710200000, 0x0000000710200000| Untracked 
| 147|0x0000000710300000, 0x0000000710300000, 0x0000000710400000|  0%| F|  |TAMS 0x0000000710300000, 0x0000000710300000| Untracked 
| 148|0x0000000710400000, 0x0000000710400000, 0x0000000710500000|  0%| F|  |TAMS 0x0000000710400000, 0x0000000710400000| Untracked 
| 149|0x0000000710500000, 0x0000000710500000, 0x0000000710600000|  0%| F|  |TAMS 0x0000000710500000, 0x0000000710500000| Untracked 
| 150|0x0000000710600000, 0x0000000710600000, 0x0000000710700000|  0%| F|  |TAMS 0x0000000710600000, 0x0000000710600000| Untracked 
| 151|0x0000000710700000, 0x0000000710700000, 0x0000000710800000|  0%| F|  |TAMS 0x0000000710700000, 0x0000000710700000| Untracked 
| 152|0x0000000710800000, 0x0000000710800000, 0x0000000710900000|  0%| F|  |TAMS 0x0000000710800000, 0x0000000710800000| Untracked 
| 153|0x0000000710900000, 0x0000000710900000, 0x0000000710a00000|  0%| F|  |TAMS 0x0000000710900000, 0x0000000710900000| Untracked 
| 154|0x0000000710a00000, 0x0000000710a00000, 0x0000000710b00000|  0%| F|  |TAMS 0x0000000710a00000, 0x0000000710a00000| Untracked 
| 155|0x0000000710b00000, 0x0000000710b00000, 0x0000000710c00000|  0%| F|  |TAMS 0x0000000710b00000, 0x0000000710b00000| Untracked 
| 156|0x0000000710c00000, 0x0000000710c00000, 0x0000000710d00000|  0%| F|  |TAMS 0x0000000710c00000, 0x0000000710c00000| Untracked 
| 157|0x0000000710d00000, 0x0000000710d00000, 0x0000000710e00000|  0%| F|  |TAMS 0x0000000710d00000, 0x0000000710d00000| Untracked 
| 158|0x0000000710e00000, 0x0000000710e00000, 0x0000000710f00000|  0%| F|  |TAMS 0x0000000710e00000, 0x0000000710e00000| Untracked 
| 159|0x0000000710f00000, 0x0000000710f00000, 0x0000000711000000|  0%| F|  |TAMS 0x0000000710f00000, 0x0000000710f00000| Untracked 
| 160|0x0000000711000000, 0x0000000711000000, 0x0000000711100000|  0%| F|  |TAMS 0x0000000711000000, 0x0000000711000000| Untracked 
| 161|0x0000000711100000, 0x0000000711100000, 0x0000000711200000|  0%| F|  |TAMS 0x0000000711100000, 0x0000000711100000| Untracked 
| 162|0x0000000711200000, 0x0000000711200000, 0x0000000711300000|  0%| F|  |TAMS 0x0000000711200000, 0x0000000711200000| Untracked 
| 163|0x0000000711300000, 0x0000000711300000, 0x0000000711400000|  0%| F|  |TAMS 0x0000000711300000, 0x0000000711300000| Untracked 
| 164|0x0000000711400000, 0x0000000711400000, 0x0000000711500000|  0%| F|  |TAMS 0x0000000711400000, 0x0000000711400000| Untracked 
| 165|0x0000000711500000, 0x0000000711500000, 0x0000000711600000|  0%| F|  |TAMS 0x0000000711500000, 0x0000000711500000| Untracked 
| 166|0x0000000711600000, 0x0000000711600000, 0x0000000711700000|  0%| F|  |TAMS 0x0000000711600000, 0x0000000711600000| Untracked 
| 167|0x0000000711700000, 0x0000000711700000, 0x0000000711800000|  0%| F|  |TAMS 0x0000000711700000, 0x0000000711700000| Untracked 
| 168|0x0000000711800000, 0x0000000711800000, 0x0000000711900000|  0%| F|  |TAMS 0x0000000711800000, 0x0000000711800000| Untracked 
| 169|0x0000000711900000, 0x0000000711900000, 0x0000000711a00000|  0%| F|  |TAMS 0x0000000711900000, 0x0000000711900000| Untracked 
| 170|0x0000000711a00000, 0x0000000711a00000, 0x0000000711b00000|  0%| F|  |TAMS 0x0000000711a00000, 0x0000000711a00000| Untracked 
| 171|0x0000000711b00000, 0x0000000711b00000, 0x0000000711c00000|  0%| F|  |TAMS 0x0000000711b00000, 0x0000000711b00000| Untracked 
| 172|0x0000000711c00000, 0x0000000711c00000, 0x0000000711d00000|  0%| F|  |TAMS 0x0000000711c00000, 0x0000000711c00000| Untracked 
| 173|0x0000000711d00000, 0x0000000711d00000, 0x0000000711e00000|  0%| F|  |TAMS 0x0000000711d00000, 0x0000000711d00000| Untracked 
| 174|0x0000000711e00000, 0x0000000711e00000, 0x0000000711f00000|  0%| F|  |TAMS 0x0000000711e00000, 0x0000000711e00000| Untracked 
| 175|0x0000000711f00000, 0x0000000711f00000, 0x0000000712000000|  0%| F|  |TAMS 0x0000000711f00000, 0x0000000711f00000| Untracked 
| 176|0x0000000712000000, 0x0000000712000000, 0x0000000712100000|  0%| F|  |TAMS 0x0000000712000000, 0x0000000712000000| Untracked 
| 177|0x0000000712100000, 0x0000000712100000, 0x0000000712200000|  0%| F|  |TAMS 0x0000000712100000, 0x0000000712100000| Untracked 
| 178|0x0000000712200000, 0x0000000712200000, 0x0000000712300000|  0%| F|  |TAMS 0x0000000712200000, 0x0000000712200000| Untracked 
| 179|0x0000000712300000, 0x0000000712300000, 0x0000000712400000|  0%| F|  |TAMS 0x0000000712300000, 0x0000000712300000| Untracked 
| 180|0x0000000712400000, 0x0000000712400000, 0x0000000712500000|  0%| F|  |TAMS 0x0000000712400000, 0x0000000712400000| Untracked 
| 181|0x0000000712500000, 0x0000000712500000, 0x0000000712600000|  0%| F|  |TAMS 0x0000000712500000, 0x0000000712500000| Untracked 
| 182|0x0000000712600000, 0x0000000712600000, 0x0000000712700000|  0%| F|  |TAMS 0x0000000712600000, 0x0000000712600000| Untracked 
| 183|0x0000000712700000, 0x0000000712700000, 0x0000000712800000|  0%| F|  |TAMS 0x0000000712700000, 0x0000000712700000| Untracked 
| 184|0x0000000712800000, 0x0000000712800000, 0x0000000712900000|  0%| F|  |TAMS 0x0000000712800000, 0x0000000712800000| Untracked 
| 185|0x0000000712900000, 0x0000000712900000, 0x0000000712a00000|  0%| F|  |TAMS 0x0000000712900000, 0x0000000712900000| Untracked 
| 186|0x0000000712a00000, 0x0000000712a00000, 0x0000000712b00000|  0%| F|  |TAMS 0x0000000712a00000, 0x0000000712a00000| Untracked 
| 187|0x0000000712b00000, 0x0000000712b00000, 0x0000000712c00000|  0%| F|  |TAMS 0x0000000712b00000, 0x0000000712b00000| Untracked 
| 188|0x0000000712c00000, 0x0000000712c00000, 0x0000000712d00000|  0%| F|  |TAMS 0x0000000712c00000, 0x0000000712c00000| Untracked 
| 189|0x0000000712d00000, 0x0000000712d00000, 0x0000000712e00000|  0%| F|  |TAMS 0x0000000712d00000, 0x0000000712d00000| Untracked 
| 190|0x0000000712e00000, 0x0000000712e00000, 0x0000000712f00000|  0%| F|  |TAMS 0x0000000712e00000, 0x0000000712e00000| Untracked 
| 191|0x0000000712f00000, 0x0000000712f00000, 0x0000000713000000|  0%| F|  |TAMS 0x0000000712f00000, 0x0000000712f00000| Untracked 
| 192|0x0000000713000000, 0x0000000713000000, 0x0000000713100000|  0%| F|  |TAMS 0x0000000713000000, 0x0000000713000000| Untracked 
| 193|0x0000000713100000, 0x0000000713100000, 0x0000000713200000|  0%| F|  |TAMS 0x0000000713100000, 0x0000000713100000| Untracked 
| 194|0x0000000713200000, 0x0000000713200000, 0x0000000713300000|  0%| F|  |TAMS 0x0000000713200000, 0x0000000713200000| Untracked 
| 195|0x0000000713300000, 0x0000000713300000, 0x0000000713400000|  0%| F|  |TAMS 0x0000000713300000, 0x0000000713300000| Untracked 
| 196|0x0000000713400000, 0x0000000713400000, 0x0000000713500000|  0%| F|  |TAMS 0x0000000713400000, 0x0000000713400000| Untracked 
| 197|0x0000000713500000, 0x0000000713500000, 0x0000000713600000|  0%| F|  |TAMS 0x0000000713500000, 0x0000000713500000| Untracked 
| 198|0x0000000713600000, 0x0000000713600000, 0x0000000713700000|  0%| F|  |TAMS 0x0000000713600000, 0x0000000713600000| Untracked 
| 199|0x0000000713700000, 0x0000000713700000, 0x0000000713800000|  0%| F|  |TAMS 0x0000000713700000, 0x0000000713700000| Untracked 
| 200|0x0000000713800000, 0x0000000713800000, 0x0000000713900000|  0%| F|  |TAMS 0x0000000713800000, 0x0000000713800000| Untracked 
| 201|0x0000000713900000, 0x0000000713900000, 0x0000000713a00000|  0%| F|  |TAMS 0x0000000713900000, 0x0000000713900000| Untracked 
| 202|0x0000000713a00000, 0x0000000713a00000, 0x0000000713b00000|  0%| F|  |TAMS 0x0000000713a00000, 0x0000000713a00000| Untracked 
| 203|0x0000000713b00000, 0x0000000713b00000, 0x0000000713c00000|  0%| F|  |TAMS 0x0000000713b00000, 0x0000000713b00000| Untracked 
| 204|0x0000000713c00000, 0x0000000713c00000, 0x0000000713d00000|  0%| F|  |TAMS 0x0000000713c00000, 0x0000000713c00000| Untracked 
| 205|0x0000000713d00000, 0x0000000713d00000, 0x0000000713e00000|  0%| F|  |TAMS 0x0000000713d00000, 0x0000000713d00000| Untracked 
| 206|0x0000000713e00000, 0x0000000713e00000, 0x0000000713f00000|  0%| F|  |TAMS 0x0000000713e00000, 0x0000000713e00000| Untracked 
| 207|0x0000000713f00000, 0x0000000713f00000, 0x0000000714000000|  0%| F|  |TAMS 0x0000000713f00000, 0x0000000713f00000| Untracked 
| 208|0x0000000714000000, 0x0000000714000000, 0x0000000714100000|  0%| F|  |TAMS 0x0000000714000000, 0x0000000714000000| Untracked 
| 209|0x0000000714100000, 0x0000000714100000, 0x0000000714200000|  0%| F|  |TAMS 0x0000000714100000, 0x0000000714100000| Untracked 
| 210|0x0000000714200000, 0x0000000714200000, 0x0000000714300000|  0%| F|  |TAMS 0x0000000714200000, 0x0000000714200000| Untracked 
| 211|0x0000000714300000, 0x0000000714300000, 0x0000000714400000|  0%| F|  |TAMS 0x0000000714300000, 0x0000000714300000| Untracked 
| 212|0x0000000714400000, 0x0000000714400000, 0x0000000714500000|  0%| F|  |TAMS 0x0000000714400000, 0x0000000714400000| Untracked 
| 213|0x0000000714500000, 0x0000000714500000, 0x0000000714600000|  0%| F|  |TAMS 0x0000000714500000, 0x0000000714500000| Untracked 
| 214|0x0000000714600000, 0x0000000714600000, 0x0000000714700000|  0%| F|  |TAMS 0x0000000714600000, 0x0000000714600000| Untracked 
| 215|0x0000000714700000, 0x0000000714700000, 0x0000000714800000|  0%| F|  |TAMS 0x0000000714700000, 0x0000000714700000| Untracked 
| 216|0x0000000714800000, 0x0000000714800000, 0x0000000714900000|  0%| F|  |TAMS 0x0000000714800000, 0x0000000714800000| Untracked 
| 217|0x0000000714900000, 0x0000000714900000, 0x0000000714a00000|  0%| F|  |TAMS 0x0000000714900000, 0x0000000714900000| Untracked 
| 218|0x0000000714a00000, 0x0000000714a00000, 0x0000000714b00000|  0%| F|  |TAMS 0x0000000714a00000, 0x0000000714a00000| Untracked 
| 219|0x0000000714b00000, 0x0000000714b00000, 0x0000000714c00000|  0%| F|  |TAMS 0x0000000714b00000, 0x0000000714b00000| Untracked 
| 220|0x0000000714c00000, 0x0000000714c00000, 0x0000000714d00000|  0%| F|  |TAMS 0x0000000714c00000, 0x0000000714c00000| Untracked 
| 221|0x0000000714d00000, 0x0000000714d00000, 0x0000000714e00000|  0%| F|  |TAMS 0x0000000714d00000, 0x0000000714d00000| Untracked 
| 222|0x0000000714e00000, 0x0000000714e00000, 0x0000000714f00000|  0%| F|  |TAMS 0x0000000714e00000, 0x0000000714e00000| Untracked 
| 223|0x0000000714f00000, 0x0000000714f00000, 0x0000000715000000|  0%| F|  |TAMS 0x0000000714f00000, 0x0000000714f00000| Untracked 
| 224|0x0000000715000000, 0x0000000715000000, 0x0000000715100000|  0%| F|  |TAMS 0x0000000715000000, 0x0000000715000000| Untracked 
| 225|0x0000000715100000, 0x0000000715100000, 0x0000000715200000|  0%| F|  |TAMS 0x0000000715100000, 0x0000000715100000| Untracked 
| 226|0x0000000715200000, 0x0000000715200000, 0x0000000715300000|  0%| F|  |TAMS 0x0000000715200000, 0x0000000715200000| Untracked 
| 227|0x0000000715300000, 0x0000000715300000, 0x0000000715400000|  0%| F|  |TAMS 0x0000000715300000, 0x0000000715300000| Untracked 
| 228|0x0000000715400000, 0x0000000715400000, 0x0000000715500000|  0%| F|  |TAMS 0x0000000715400000, 0x0000000715400000| Untracked 
| 229|0x0000000715500000, 0x0000000715500000, 0x0000000715600000|  0%| F|  |TAMS 0x0000000715500000, 0x0000000715500000| Untracked 
| 230|0x0000000715600000, 0x0000000715600000, 0x0000000715700000|  0%| F|  |TAMS 0x0000000715600000, 0x0000000715600000| Untracked 
| 231|0x0000000715700000, 0x0000000715700000, 0x0000000715800000|  0%| F|  |TAMS 0x0000000715700000, 0x0000000715700000| Untracked 
| 232|0x0000000715800000, 0x0000000715800000, 0x0000000715900000|  0%| F|  |TAMS 0x0000000715800000, 0x0000000715800000| Untracked 
| 233|0x0000000715900000, 0x0000000715900000, 0x0000000715a00000|  0%| F|  |TAMS 0x0000000715900000, 0x0000000715900000| Untracked 
| 234|0x0000000715a00000, 0x0000000715a00000, 0x0000000715b00000|  0%| F|  |TAMS 0x0000000715a00000, 0x0000000715a00000| Untracked 
| 235|0x0000000715b00000, 0x0000000715b00000, 0x0000000715c00000|  0%| F|  |TAMS 0x0000000715b00000, 0x0000000715b00000| Untracked 
| 236|0x0000000715c00000, 0x0000000715c00000, 0x0000000715d00000|  0%| F|  |TAMS 0x0000000715c00000, 0x0000000715c00000| Untracked 
| 237|0x0000000715d00000, 0x0000000715d00000, 0x0000000715e00000|  0%| F|  |TAMS 0x0000000715d00000, 0x0000000715d00000| Untracked 
| 238|0x0000000715e00000, 0x0000000715e00000, 0x0000000715f00000|  0%| F|  |TAMS 0x0000000715e00000, 0x0000000715e00000| Untracked 
| 239|0x0000000715f00000, 0x0000000715f00000, 0x0000000716000000|  0%| F|  |TAMS 0x0000000715f00000, 0x0000000715f00000| Untracked 
| 240|0x0000000716000000, 0x0000000716000000, 0x0000000716100000|  0%| F|  |TAMS 0x0000000716000000, 0x0000000716000000| Untracked 
| 241|0x0000000716100000, 0x0000000716100000, 0x0000000716200000|  0%| F|  |TAMS 0x0000000716100000, 0x0000000716100000| Untracked 
| 242|0x0000000716200000, 0x0000000716200000, 0x0000000716300000|  0%| F|  |TAMS 0x0000000716200000, 0x0000000716200000| Untracked 
| 243|0x0000000716300000, 0x0000000716300000, 0x0000000716400000|  0%| F|  |TAMS 0x0000000716300000, 0x0000000716300000| Untracked 
| 244|0x0000000716400000, 0x0000000716400000, 0x0000000716500000|  0%| F|  |TAMS 0x0000000716400000, 0x0000000716400000| Untracked 
| 245|0x0000000716500000, 0x0000000716500000, 0x0000000716600000|  0%| F|  |TAMS 0x0000000716500000, 0x0000000716500000| Untracked 
| 246|0x0000000716600000, 0x0000000716600000, 0x0000000716700000|  0%| F|  |TAMS 0x0000000716600000, 0x0000000716600000| Untracked 
| 247|0x0000000716700000, 0x0000000716700000, 0x0000000716800000|  0%| F|  |TAMS 0x0000000716700000, 0x0000000716700000| Untracked 
| 248|0x0000000716800000, 0x000000071687b620, 0x0000000716900000| 48%| E|  |TAMS 0x0000000716800000, 0x0000000716800000| Complete 
| 249|0x0000000716900000, 0x0000000716a00000, 0x0000000716a00000|100%| E|CS|TAMS 0x0000000716900000, 0x0000000716900000| Complete 

Card table byte_map: [0x00007f9359fd1000,0x00007f935a799000] _byte_map_base: 0x00007f9356799000

Marking Bits (Prev, Next): (CMBitMap*) 0x00007f935407c518, (CMBitMap*) 0x00007f935407c550
 Prev Bits: [0x00007f93341c0000, 0x00007f9338000000)
 Next Bits: [0x00007f9330380000, 0x00007f93341c0000)

Polling page: 0x00007f935bc63000

Metaspace:

Usage:
  Non-class:      4,00 MB capacity,     3,10 MB ( 77%) used,   924,66 KB ( 23%) free+waste,   128 bytes ( <1%) overhead. 
      Class:    386,00 KB capacity,   310,46 KB ( 80%) used,    75,41 KB ( 20%) free+waste,   128 bytes ( <1%) overhead. 
       Both:      4,38 MB capacity,     3,40 MB ( 78%) used,  1000,08 KB ( 22%) free+waste,   256 bytes ( <1%) overhead. 

Virtual space:
  Non-class space:        8,00 MB reserved,       4,25 MB ( 53%) committed 
      Class space:        1,00 GB reserved,     512,00 KB ( <1%) committed 
             Both:        1,01 GB reserved,       4,75 MB ( <1%) committed 

Chunk freelists:
   Non-Class:  0 bytes
       Class:  0 bytes
        Both:  0 bytes

MaxMetaspaceSize: unlimited
CompressedClassSpaceSize: 1,00 GB
Initial GC threshold: 20,80 MB
Current GC threshold: 20,80 MB
CDS: off

CodeHeap 'non-profiled nmethods': size=120032Kb used=19Kb max_used=19Kb free=120012Kb
 bounds [0x00007f9344327000, 0x00007f9344597000, 0x00007f934b85f000]
CodeHeap 'profiled nmethods': size=120028Kb used=120Kb max_used=120Kb free=119907Kb
 bounds [0x00007f933cdf0000, 0x00007f933d060000, 0x00007f9344327000]
CodeHeap 'non-nmethods': size=5700Kb used=1016Kb max_used=1027Kb free=4683Kb
 bounds [0x00007f933c85f000, 0x00007f933cacf000, 0x00007f933cdf0000]
 total_blobs=324 nmethods=92 adapters=146
 compilation: enabled
              stopped_count=0, restarted_count=0
 full_count=0

Compilation events (20 events):
Event: 0,058 Thread 0x00007f9354224800 nmethod 86 0x00007f933ce0ba10 code [0x00007f933ce0bbc0, 0x00007f933ce0bd60]
Event: 0,058 Thread 0x00007f9354224800   87       3       java.util.ImmutableCollections$SetN$SetNIterator::<init> (40 bytes)
Event: 0,058 Thread 0x00007f9354224800 nmethod 87 0x00007f933ce0be10 code [0x00007f933ce0bfe0, 0x00007f933ce0c370]
Event: 0,059 Thread 0x00007f9354222800 nmethod 76 0x00007f934432af90 code [0x00007f934432b120, 0x00007f934432b358]
Event: 0,059 Thread 0x00007f9354222800   83       4       java.util.ImmutableCollections$SetN$SetNIterator::hasNext (13 bytes)
Event: 0,059 Thread 0x00007f9354222800 nmethod 83 0x00007f934432b490 code [0x00007f934432b620, 0x00007f934432b698]
Event: 0,059 Thread 0x00007f9354222800   81       4       java.util.ImmutableCollections$SetN$SetNIterator::nextIndex (56 bytes)
Event: 0,059 Thread 0x00007f9354222800 nmethod 81 0x00007f934432b790 code [0x00007f934432b920, 0x00007f934432b9b8]
Event: 0,059 Thread 0x00007f9354222800   82       4       java.util.HashMap::afterNodeInsertion (1 bytes)
Event: 0,059 Thread 0x00007f9354222800 nmethod 82 0x00007f934432ba90 code [0x00007f934432bc20, 0x00007f934432bc78]
Event: 0,059 Thread 0x00007f9354224800   88       3       java.lang.String::hashCode (49 bytes)
Event: 0,059 Thread 0x00007f9354224800 nmethod 88 0x00007f933ce0c510 code [0x00007f933ce0c6e0, 0x00007f933ce0c9d0]
Event: 0,060 Thread 0x00007f9354224800   89       3       java.lang.StringLatin1::canEncode (13 bytes)
Event: 0,060 Thread 0x00007f9354224800 nmethod 89 0x00007f933ce0cb10 code [0x00007f933ce0ccc0, 0x00007f933ce0cdf0]
Event: 0,060 Thread 0x00007f9354224800   90       3       java.lang.CharacterDataLatin1::getProperties (11 bytes)
Event: 0,060 Thread 0x00007f9354224800 nmethod 90 0x00007f933ce0ce90 code [0x00007f933ce0d040, 0x00007f933ce0d170]
Event: 0,061 Thread 0x00007f9354224800   91       3       java.lang.AbstractStringBuilder::ensureCapacityInternal (39 bytes)
Event: 0,062 Thread 0x00007f9354224800 nmethod 91 0x00007f933ce0d290 code [0x00007f933ce0d480, 0x00007f933ce0d8f0]
Event: 0,062 Thread 0x00007f9354224800   92       3       java.lang.StringLatin1::indexOf (61 bytes)
Event: 0,062 Thread 0x00007f9354224800 nmethod 92 0x00007f933ce0da90 code [0x00007f933ce0dc60, 0x00007f933ce0e010]

GC Heap History (0 events):
No events

Deoptimization events (4 events):
Event: 0,059 Thread 0x00007f9354014800 Uncommon trap: trap_request=0xffffff4d fr.pc=0x00007f934432b31c relative=0x00000000000001fc
Event: 0,059 Thread 0x00007f9354014800 Uncommon trap: reason=unstable_if action=reinterpret pc=0x00007f934432b31c method=java.lang.String.hashCode()I @ 14 c2
Event: 0,059 Thread 0x00007f9354014800 DEOPT PACKING pc=0x00007f934432b31c sp=0x00007f935bd9d260
Event: 0,059 Thread 0x00007f9354014800 DEOPT UNPACKING pc=0x00007f933c8a8ea5 sp=0x00007f935bd9d218 mode 2

Classes redefined (0 events):
No events

Internal exceptions (0 events):
No events

Events (20 events):
Event: 0,061 loading class com/narcano/jni/CIFF done
Event: 0,061 loading class java/lang/PublicMethods$MethodList
Event: 0,062 loading class java/lang/PublicMethods$MethodList done
Event: 0,062 loading class java/lang/PublicMethods$Key
Event: 0,062 loading class java/lang/PublicMethods$Key done
Event: 0,062 loading class java/lang/Void
Event: 0,062 loading class java/lang/Void done
Event: 0,062 loading class java/lang/ClassLoader$2
Event: 0,062 loading class java/lang/ClassLoader$2 done
Event: 0,062 loading class java/lang/ClassLoader$NativeLibrary
Event: 0,062 loading class java/lang/ClassLoader$NativeLibrary done
Event: 0,062 loading class java/util/ArrayDeque$DeqIterator
Event: 0,062 loading class java/util/ArrayDeque$DeqIterator done
Event: 0,062 Loaded shared library /home/narcano/SzB/SzamBiztHF/CAFFparser/NativeLibrary/com/narcano/jni/libnative.so
Event: 0,062 loading class java/util/concurrent/ConcurrentHashMap$ValuesView
Event: 0,062 loading class java/util/concurrent/ConcurrentHashMap$ValuesView done
Event: 0,062 loading class java/util/concurrent/ConcurrentHashMap$ValueIterator
Event: 0,062 loading class java/util/Enumeration
Event: 0,062 loading class java/util/Enumeration done
Event: 0,062 loading class java/util/concurrent/ConcurrentHashMap$ValueIterator done


Dynamic libraries:
707000000-716a00000 rw-p 00000000 00:00 0 
716a00000-800000000 ---p 00000000 00:00 0 
800000000-800080000 rw-p 00000000 00:00 0 
800080000-840000000 ---p 00000000 00:00 0 
55a279ecd000-55a279ece000 r--p 00000000 08:14 7998224                    /usr/lib/jvm/java-11-openjdk-amd64/bin/java
55a279ece000-55a279ecf000 r-xp 00001000 08:14 7998224                    /usr/lib/jvm/java-11-openjdk-amd64/bin/java
55a279ecf000-55a279ed0000 r--p 00002000 08:14 7998224                    /usr/lib/jvm/java-11-openjdk-amd64/bin/java
55a279ed0000-55a279ed1000 r--p 00002000 08:14 7998224                    /usr/lib/jvm/java-11-openjdk-amd64/bin/java
55a279ed1000-55a279ed2000 rw-p 00003000 08:14 7998224                    /usr/lib/jvm/java-11-openjdk-amd64/bin/java
55a27a88d000-55a27a8ae000 rw-p 00000000 00:00 0                          [heap]
7f92f0000000-7f92f0021000 rw-p 00000000 00:00 0 
7f92f0021000-7f92f4000000 ---p 00000000 00:00 0 
7f92f8000000-7f92f8021000 rw-p 00000000 00:00 0 
7f92f8021000-7f92fc000000 ---p 00000000 00:00 0 
7f92fc000000-7f92fc021000 rw-p 00000000 00:00 0 
7f92fc021000-7f9300000000 ---p 00000000 00:00 0 
7f9300000000-7f9300058000 rw-p 00000000 00:00 0 
7f9300058000-7f9304000000 ---p 00000000 00:00 0 
7f9304000000-7f9304066000 rw-p 00000000 00:00 0 
7f9304066000-7f9308000000 ---p 00000000 00:00 0 
7f9308000000-7f9308021000 rw-p 00000000 00:00 0 
7f9308021000-7f930c000000 ---p 00000000 00:00 0 
7f930c000000-7f930c021000 rw-p 00000000 00:00 0 
7f930c021000-7f9310000000 ---p 00000000 00:00 0 
7f9310000000-7f9310021000 rw-p 00000000 00:00 0 
7f9310021000-7f9314000000 ---p 00000000 00:00 0 
7f9314000000-7f9314021000 rw-p 00000000 00:00 0 
7f9314021000-7f9318000000 ---p 00000000 00:00 0 
7f9318000000-7f9318021000 rw-p 00000000 00:00 0 
7f9318021000-7f931c000000 ---p 00000000 00:00 0 
7f931c000000-7f931c021000 rw-p 00000000 00:00 0 
7f931c021000-7f9320000000 ---p 00000000 00:00 0 
7f9320000000-7f9320021000 rw-p 00000000 00:00 0 
7f9320021000-7f9324000000 ---p 00000000 00:00 0 
7f9324000000-7f9324021000 rw-p 00000000 00:00 0 
7f9324021000-7f9328000000 ---p 00000000 00:00 0 
7f9328f4e000-7f932a000000 r--p 00000000 08:14 8002178                    /usr/lib/locale/locale-archive
7f932a000000-7f932c000000 rw-p 00000000 00:00 0 
7f932c000000-7f932c021000 rw-p 00000000 00:00 0 
7f932c021000-7f9330000000 ---p 00000000 00:00 0 
7f933007e000-7f9330082000 ---p 00000000 00:00 0 
7f9330082000-7f933017e000 rw-p 00000000 00:00 0 
7f933017e000-7f933017f000 ---p 00000000 00:00 0 
7f933017f000-7f9330280000 rw-p 00000000 00:00 0 
7f9330280000-7f9330284000 ---p 00000000 00:00 0 
7f9330284000-7f9330768000 rw-p 00000000 00:00 0 
7f9330768000-7f93341c0000 ---p 00000000 00:00 0 
7f93341c0000-7f93345a8000 rw-p 00000000 00:00 0 
7f93345a8000-7f9338000000 ---p 00000000 00:00 0 
7f9338000000-7f9338021000 rw-p 00000000 00:00 0 
7f9338021000-7f933c000000 ---p 00000000 00:00 0 
7f933c0dc000-7f933c0e0000 ---p 00000000 00:00 0 
7f933c0e0000-7f933c1dc000 rw-p 00000000 00:00 0 
7f933c1dc000-7f933c1e0000 ---p 00000000 00:00 0 
7f933c1e0000-7f933c2dc000 rw-p 00000000 00:00 0 
7f933c2dc000-7f933c2e0000 ---p 00000000 00:00 0 
7f933c2e0000-7f933c3dc000 rw-p 00000000 00:00 0 
7f933c3dc000-7f933c3e0000 ---p 00000000 00:00 0 
7f933c3e0000-7f933c4dc000 rw-p 00000000 00:00 0 
7f933c4dc000-7f933c4e0000 ---p 00000000 00:00 0 
7f933c4e0000-7f933c5dc000 rw-p 00000000 00:00 0 
7f933c5dc000-7f933c5e0000 ---p 00000000 00:00 0 
7f933c5e0000-7f933c6dc000 rw-p 00000000 00:00 0 
7f933c6dc000-7f933c6dd000 ---p 00000000 00:00 0 
7f933c6dd000-7f933c85f000 rw-p 00000000 00:00 0 
7f933c85f000-7f933cacf000 rwxp 00000000 00:00 0 
7f933cacf000-7f933cdf0000 ---p 00000000 00:00 0 
7f933cdf0000-7f933d060000 rwxp 00000000 00:00 0 
7f933d060000-7f9344327000 ---p 00000000 00:00 0 
7f9344327000-7f9344597000 rwxp 00000000 00:00 0 
7f9344597000-7f934b85f000 ---p 00000000 00:00 0 
7f934b85f000-7f9354000000 r--s 00000000 08:14 7998383                    /usr/lib/jvm/java-11-openjdk-amd64/lib/modules
7f9354000000-7f935737d000 rw-p 00000000 00:00 0 
7f935737d000-7f9358000000 ---p 00000000 00:00 0 
7f9358014000-7f9358021000 r--p 00000000 08:14 6947267                    /home/narcano/SzB/SzamBiztHF/CAFFparser/NativeLibrary/com/narcano/jni/libnative.so
7f9358021000-7f935802b000 r-xp 0000d000 08:14 6947267                    /home/narcano/SzB/SzamBiztHF/CAFFparser/NativeLibrary/com/narcano/jni/libnative.so
7f935802b000-7f935802f000 r--p 00017000 08:14 6947267                    /home/narcano/SzB/SzamBiztHF/CAFFparser/NativeLibrary/com/narcano/jni/libnative.so
7f935802f000-7f9358030000 r--p 0001a000 08:14 6947267                    /home/narcano/SzB/SzamBiztHF/CAFFparser/NativeLibrary/com/narcano/jni/libnative.so
7f9358030000-7f9358031000 rw-p 0001b000 08:14 6947267                    /home/narcano/SzB/SzamBiztHF/CAFFparser/NativeLibrary/com/narcano/jni/libnative.so
7f9358031000-7f93584f4000 rw-p 00000000 00:00 0 
7f93584f4000-7f93588b4000 ---p 00000000 00:00 0 
7f93588b4000-7f93588f6000 rw-p 00000000 00:00 0 
7f93588f6000-7f93588f7000 ---p 00000000 00:00 0 
7f93588f7000-7f93589f8000 rw-p 00000000 00:00 0 
7f93589f8000-7f93589f9000 ---p 00000000 00:00 0 
7f93589f9000-7f9359504000 rw-p 00000000 00:00 0 
7f9359504000-7f9359505000 ---p 00000000 00:00 0 
7f9359505000-7f9359606000 rw-p 00000000 00:00 0 
7f9359606000-7f9359607000 ---p 00000000 00:00 0 
7f9359607000-7f9359886000 rw-p 00000000 00:00 0 
7f9359886000-7f9359fd1000 ---p 00000000 00:00 0 
7f9359fd1000-7f935a04e000 rw-p 00000000 00:00 0 
7f935a04e000-7f935a799000 ---p 00000000 00:00 0 
7f935a799000-7f935a816000 rw-p 00000000 00:00 0 
7f935a816000-7f935af61000 ---p 00000000 00:00 0 
7f935af61000-7f935b96b000 rw-p 00000000 00:00 0 
7f935b96b000-7f935b96c000 ---p 00000000 00:00 0 
7f935b96c000-7f935ba72000 rw-p 00000000 00:00 0 
7f935ba72000-7f935bb58000 ---p 00000000 00:00 0 
7f935bb58000-7f935bb5d000 rw-p 00000000 00:00 0 
7f935bb5d000-7f935bc43000 ---p 00000000 00:00 0 
7f935bc43000-7f935bc48000 rw-p 00000000 00:00 0 
7f935bc48000-7f935bc4f000 ---p 00000000 00:00 0 
7f935bc4f000-7f935bc51000 r--s 0000c000 08:14 8914356                    /usr/share/java/java-atk-wrapper.jar
7f935bc51000-7f935bc53000 r--p 00000000 08:14 7998382                    /usr/lib/jvm/java-11-openjdk-amd64/lib/libzip.so
7f935bc53000-7f935bc57000 r-xp 00002000 08:14 7998382                    /usr/lib/jvm/java-11-openjdk-amd64/lib/libzip.so
7f935bc57000-7f935bc59000 r--p 00006000 08:14 7998382                    /usr/lib/jvm/java-11-openjdk-amd64/lib/libzip.so
7f935bc59000-7f935bc5a000 r--p 00007000 08:14 7998382                    /usr/lib/jvm/java-11-openjdk-amd64/lib/libzip.so
7f935bc5a000-7f935bc5b000 rw-p 00008000 08:14 7998382                    /usr/lib/jvm/java-11-openjdk-amd64/lib/libzip.so
7f935bc5b000-7f935bc63000 rw-s 00000000 08:14 7864392                    /tmp/hsperfdata_narcano/22057
7f935bc63000-7f935bc64000 ---p 00000000 00:00 0 
7f935bc64000-7f935bc65000 r--p 00000000 00:00 0 
7f935bc65000-7f935bc67000 r--p 00000000 08:14 7998365                    /usr/lib/jvm/java-11-openjdk-amd64/lib/libjimage.so
7f935bc67000-7f935bc6a000 r-xp 00002000 08:14 7998365                    /usr/lib/jvm/java-11-openjdk-amd64/lib/libjimage.so
7f935bc6a000-7f935bc6b000 r--p 00005000 08:14 7998365                    /usr/lib/jvm/java-11-openjdk-amd64/lib/libjimage.so
7f935bc6b000-7f935bc6c000 ---p 00006000 08:14 7998365                    /usr/lib/jvm/java-11-openjdk-amd64/lib/libjimage.so
7f935bc6c000-7f935bc6d000 r--p 00006000 08:14 7998365                    /usr/lib/jvm/java-11-openjdk-amd64/lib/libjimage.so
7f935bc6d000-7f935bc6e000 rw-p 00007000 08:14 7998365                    /usr/lib/jvm/java-11-openjdk-amd64/lib/libjimage.so
7f935bc6e000-7f935bc7b000 r--p 00000000 08:14 7998362                    /usr/lib/jvm/java-11-openjdk-amd64/lib/libjava.so
7f935bc7b000-7f935bc91000 r-xp 0000d000 08:14 7998362                    /usr/lib/jvm/java-11-openjdk-amd64/lib/libjava.so
7f935bc91000-7f935bc98000 r--p 00023000 08:14 7998362                    /usr/lib/jvm/java-11-openjdk-amd64/lib/libjava.so
7f935bc98000-7f935bc99000 r--p 00029000 08:14 7998362                    /usr/lib/jvm/java-11-openjdk-amd64/lib/libjava.so
7f935bc99000-7f935bc9a000 rw-p 0002a000 08:14 7998362                    /usr/lib/jvm/java-11-openjdk-amd64/lib/libjava.so
7f935bc9a000-7f935bc9b000 rw-p 00000000 00:00 0 
7f935bc9b000-7f935bc9c000 r--p 00000000 08:14 8004246                    /usr/lib/x86_64-linux-gnu/librt.so.1
7f935bc9c000-7f935bc9d000 r-xp 00001000 08:14 8004246                    /usr/lib/x86_64-linux-gnu/librt.so.1
7f935bc9d000-7f935bc9e000 r--p 00002000 08:14 8004246                    /usr/lib/x86_64-linux-gnu/librt.so.1
7f935bc9e000-7f935bc9f000 r--p 00002000 08:14 8004246                    /usr/lib/x86_64-linux-gnu/librt.so.1
7f935bc9f000-7f935bca0000 rw-p 00003000 08:14 8004246                    /usr/lib/x86_64-linux-gnu/librt.so.1
7f935bca0000-7f935bca4000 ---p 00000000 00:00 0 
7f935bca4000-7f935bda0000 rw-p 00000000 00:00 0 
7f935bda0000-7f935bda3000 r--p 00000000 08:14 8003578                    /usr/lib/x86_64-linux-gnu/libgcc_s.so.1
7f935bda3000-7f935bdb5000 r-xp 00003000 08:14 8003578                    /usr/lib/x86_64-linux-gnu/libgcc_s.so.1
7f935bdb5000-7f935bdb8000 r--p 00015000 08:14 8003578                    /usr/lib/x86_64-linux-gnu/libgcc_s.so.1
7f935bdb8000-7f935bdb9000 r--p 00017000 08:14 8003578                    /usr/lib/x86_64-linux-gnu/libgcc_s.so.1
7f935bdb9000-7f935bdba000 rw-p 00018000 08:14 8003578                    /usr/lib/x86_64-linux-gnu/libgcc_s.so.1
7f935bdba000-7f935bdc9000 r--p 00000000 08:14 8003924                    /usr/lib/x86_64-linux-gnu/libm.so.6
7f935bdc9000-7f935be43000 r-xp 0000f000 08:14 8003924                    /usr/lib/x86_64-linux-gnu/libm.so.6
7f935be43000-7f935be9b000 r--p 00089000 08:14 8003924                    /usr/lib/x86_64-linux-gnu/libm.so.6
7f935be9b000-7f935be9c000 ---p 000e1000 08:14 8003924                    /usr/lib/x86_64-linux-gnu/libm.so.6
7f935be9c000-7f935be9d000 r--p 000e1000 08:14 8003924                    /usr/lib/x86_64-linux-gnu/libm.so.6
7f935be9d000-7f935be9e000 rw-p 000e2000 08:14 8003924                    /usr/lib/x86_64-linux-gnu/libm.so.6
7f935be9e000-7f935bf37000 r--p 00000000 08:14 8004355                    /usr/lib/x86_64-linux-gnu/libstdc++.so.6.0.29
7f935bf37000-7f935c03a000 r-xp 00099000 08:14 8004355                    /usr/lib/x86_64-linux-gnu/libstdc++.so.6.0.29
7f935c03a000-7f935c0a6000 r--p 0019c000 08:14 8004355                    /usr/lib/x86_64-linux-gnu/libstdc++.so.6.0.29
7f935c0a6000-7f935c0b1000 r--p 00207000 08:14 8004355                    /usr/lib/x86_64-linux-gnu/libstdc++.so.6.0.29
7f935c0b1000-7f935c0b4000 rw-p 00212000 08:14 8004355                    /usr/lib/x86_64-linux-gnu/libstdc++.so.6.0.29
7f935c0b4000-7f935c0b7000 rw-p 00000000 00:00 0 
7f935c0b7000-7f935c338000 r--p 00000000 08:14 7998388                    /usr/lib/jvm/java-11-openjdk-amd64/lib/server/libjvm.so
7f935c338000-7f935cfc5000 r-xp 00281000 08:14 7998388                    /usr/lib/jvm/java-11-openjdk-amd64/lib/server/libjvm.so
7f935cfc5000-7f935d222000 r--p 00f0e000 08:14 7998388                    /usr/lib/jvm/java-11-openjdk-amd64/lib/server/libjvm.so
7f935d222000-7f935d223000 ---p 0116b000 08:14 7998388                    /usr/lib/jvm/java-11-openjdk-amd64/lib/server/libjvm.so
7f935d223000-7f935d2e6000 r--p 0116b000 08:14 7998388                    /usr/lib/jvm/java-11-openjdk-amd64/lib/server/libjvm.so
7f935d2e6000-7f935d321000 rw-p 0122e000 08:14 7998388                    /usr/lib/jvm/java-11-openjdk-amd64/lib/server/libjvm.so
7f935d321000-7f935d37b000 rw-p 00000000 00:00 0 
7f935d37b000-7f935d37d000 r--p 00000000 08:14 8004622                    /usr/lib/x86_64-linux-gnu/libz.so.1.2.11
7f935d37d000-7f935d38e000 r-xp 00002000 08:14 8004622                    /usr/lib/x86_64-linux-gnu/libz.so.1.2.11
7f935d38e000-7f935d394000 r--p 00013000 08:14 8004622                    /usr/lib/x86_64-linux-gnu/libz.so.1.2.11
7f935d394000-7f935d395000 ---p 00019000 08:14 8004622                    /usr/lib/x86_64-linux-gnu/libz.so.1.2.11
7f935d395000-7f935d396000 r--p 00019000 08:14 8004622                    /usr/lib/x86_64-linux-gnu/libz.so.1.2.11
7f935d396000-7f935d397000 rw-p 0001a000 08:14 8004622                    /usr/lib/x86_64-linux-gnu/libz.so.1.2.11
7f935d397000-7f935d3c3000 r--p 00000000 08:14 8003278                    /usr/lib/x86_64-linux-gnu/libc.so.6
7f935d3c3000-7f935d557000 r-xp 0002c000 08:14 8003278                    /usr/lib/x86_64-linux-gnu/libc.so.6
7f935d557000-7f935d5ab000 r--p 001c0000 08:14 8003278                    /usr/lib/x86_64-linux-gnu/libc.so.6
7f935d5ab000-7f935d5ac000 ---p 00214000 08:14 8003278                    /usr/lib/x86_64-linux-gnu/libc.so.6
7f935d5ac000-7f935d5af000 r--p 00214000 08:14 8003278                    /usr/lib/x86_64-linux-gnu/libc.so.6
7f935d5af000-7f935d5b2000 rw-p 00217000 08:14 8003278                    /usr/lib/x86_64-linux-gnu/libc.so.6
7f935d5b2000-7f935d5bf000 rw-p 00000000 00:00 0 
7f935d5bf000-7f935d5c4000 r--p 00000000 08:14 7998381                    /usr/lib/jvm/java-11-openjdk-amd64/lib/libverify.so
7f935d5c4000-7f935d5cb000 r-xp 00005000 08:14 7998381                    /usr/lib/jvm/java-11-openjdk-amd64/lib/libverify.so
7f935d5cb000-7f935d5cd000 r--p 0000c000 08:14 7998381                    /usr/lib/jvm/java-11-openjdk-amd64/lib/libverify.so
7f935d5cd000-7f935d5ce000 ---p 0000e000 08:14 7998381                    /usr/lib/jvm/java-11-openjdk-amd64/lib/libverify.so
7f935d5ce000-7f935d5d0000 r--p 0000e000 08:14 7998381                    /usr/lib/jvm/java-11-openjdk-amd64/lib/libverify.so
7f935d5d0000-7f935d5d1000 rw-p 00010000 08:14 7998381                    /usr/lib/jvm/java-11-openjdk-amd64/lib/libverify.so
7f935d5d1000-7f935d5d4000 r--p 00000000 08:14 7998347                    /usr/lib/jvm/java-11-openjdk-amd64/lib/jli/libjli.so
7f935d5d4000-7f935d5de000 r-xp 00003000 08:14 7998347                    /usr/lib/jvm/java-11-openjdk-amd64/lib/jli/libjli.so
7f935d5de000-7f935d5e1000 r--p 0000d000 08:14 7998347                    /usr/lib/jvm/java-11-openjdk-amd64/lib/jli/libjli.so
7f935d5e1000-7f935d5e2000 ---p 00010000 08:14 7998347                    /usr/lib/jvm/java-11-openjdk-amd64/lib/jli/libjli.so
7f935d5e2000-7f935d5e3000 r--p 00010000 08:14 7998347                    /usr/lib/jvm/java-11-openjdk-amd64/lib/jli/libjli.so
7f935d5e3000-7f935d5e4000 rw-p 00011000 08:14 7998347                    /usr/lib/jvm/java-11-openjdk-amd64/lib/jli/libjli.so
7f935d5e4000-7f935d5e6000 rw-p 00000000 00:00 0 
7f935d5e6000-7f935d5e7000 r--p 00000000 08:14 8003064                    /usr/lib/x86_64-linux-gnu/ld-linux-x86-64.so.2
7f935d5e7000-7f935d60f000 r-xp 00001000 08:14 8003064                    /usr/lib/x86_64-linux-gnu/ld-linux-x86-64.so.2
7f935d60f000-7f935d619000 r--p 00029000 08:14 8003064                    /usr/lib/x86_64-linux-gnu/ld-linux-x86-64.so.2
7f935d619000-7f935d61b000 r--p 00032000 08:14 8003064                    /usr/lib/x86_64-linux-gnu/ld-linux-x86-64.so.2
7f935d61b000-7f935d61d000 rw-p 00034000 08:14 8003064                    /usr/lib/x86_64-linux-gnu/ld-linux-x86-64.so.2
7ffd531ed000-7ffd5320f000 rw-p 00000000 00:00 0                          [stack]
7ffd5324c000-7ffd53250000 r--p 00000000 00:00 0                          [vvar]
7ffd53250000-7ffd53252000 r-xp 00000000 00:00 0                          [vdso]
ffffffffff600000-ffffffffff601000 --xp 00000000 00:00 0                  [vsyscall]


VM Arguments:
java_command: com.narcano.jni.CaffParser
java_class_path (initial): .
Launcher Type: SUN_STANDARD

[Global flags]
     intx CICompilerCount                          = 4                                         {product} {ergonomic}
     uint ConcGCThreads                            = 3                                         {product} {ergonomic}
     uint G1ConcRefinementThreads                  = 10                                        {product} {ergonomic}
   size_t G1HeapRegionSize                         = 1048576                                   {product} {ergonomic}
    uintx GCDrainStackTargetSize                   = 64                                        {product} {ergonomic}
   size_t InitialHeapSize                          = 262144000                                 {product} {ergonomic}
   size_t MarkStackSize                            = 4194304                                   {product} {ergonomic}
   size_t MaxHeapSize                              = 4177526784                                {product} {ergonomic}
   size_t MaxNewSize                               = 2506096640                                {product} {ergonomic}
   size_t MinHeapDeltaBytes                        = 1048576                                   {product} {ergonomic}
    uintx NonNMethodCodeHeapSize                   = 5836300                                {pd product} {ergonomic}
    uintx NonProfiledCodeHeapSize                  = 122910970                              {pd product} {ergonomic}
    uintx ProfiledCodeHeapSize                     = 122910970                              {pd product} {ergonomic}
    uintx ReservedCodeCacheSize                    = 251658240                              {pd product} {ergonomic}
     bool SegmentedCodeCache                       = true                                      {product} {ergonomic}
     bool UseCompressedClassPointers               = true                                 {lp64_product} {ergonomic}
     bool UseCompressedOops                        = true                                 {lp64_product} {ergonomic}
     bool UseG1GC                                  = true                                      {product} {ergonomic}

Logging:
Log output configuration:
 #0: stdout all=warning uptime,level,tags
 #1: stderr all=off uptime,level,tags

Environment Variables:
JAVA_HOME=/usr/lib/jvm/java-11-openjdk-amd64/
PATH=/usr/local/sbin:/usr/local/bin:/usr/sbin:/usr/bin:/sbin:/bin:/usr/games:/usr/local/games:/snap/bin:/snap/bin
USERNAME=narcano
SHELL=/bin/bash
DISPLAY=:0
LANG=en_US.UTF-8

Signal Handlers:
SIGSEGV: [libjvm.so+0xe9b670], sa_mask[0]=11111111011111111101111111111110, sa_flags=SA_RESTART|SA_SIGINFO
SIGBUS: [libjvm.so+0xe9b670], sa_mask[0]=11111111011111111101111111111110, sa_flags=SA_RESTART|SA_SIGINFO
SIGFPE: [libjvm.so+0xe9b670], sa_mask[0]=11111111011111111101111111111110, sa_flags=SA_RESTART|SA_SIGINFO
SIGPIPE: [libjvm.so+0xbe1330], sa_mask[0]=11111111011111111101111111111110, sa_flags=SA_RESTART|SA_SIGINFO
SIGXFSZ: [libjvm.so+0xbe1330], sa_mask[0]=11111111011111111101111111111110, sa_flags=SA_RESTART|SA_SIGINFO
SIGILL: [libjvm.so+0xe9b670], sa_mask[0]=11111111011111111101111111111110, sa_flags=SA_RESTART|SA_SIGINFO
SIGUSR2: [libjvm.so+0xbe11d0], sa_mask[0]=00000000000000000000000000000000, sa_flags=SA_RESTART|SA_SIGINFO
SIGHUP: [libjvm.so+0xbe1760], sa_mask[0]=11111111011111111101111111111110, sa_flags=SA_RESTART|SA_SIGINFO
SIGINT: [libjvm.so+0xbe1760], sa_mask[0]=11111111011111111101111111111110, sa_flags=SA_RESTART|SA_SIGINFO
SIGTERM: [libjvm.so+0xbe1760], sa_mask[0]=11111111011111111101111111111110, sa_flags=SA_RESTART|SA_SIGINFO
SIGQUIT: [libjvm.so+0xbe1760], sa_mask[0]=11111111011111111101111111111110, sa_flags=SA_RESTART|SA_SIGINFO


---------------  S Y S T E M  ---------------

OS:DISTRIB_ID=Ubuntu
DISTRIB_RELEASE=21.10
DISTRIB_CODENAME=impish
DISTRIB_DESCRIPTION="Ubuntu 21.10"
uname:Linux 5.13.0-21-generic #21-Ubuntu SMP Tue Oct 19 08:59:28 UTC 2021 x86_64
OS uptime: 0 days 1:38 hours
libc:glibc 2.34 NPTL 2.34 
rlimit (soft/hard): STACK 8192k/infinity , CORE 0k/infinity , NPROC 63533/63533 , NOFILE 1048576/1048576 , AS infinity/infinity , CPU infinity/infinity , DATA infinity/infinity , FSIZE infinity/infinity , MEMLOCK 2039416k/2039416k
load average:0,95 0,61 0,63

/proc/meminfo:
MemTotal:       16315352 kB
MemFree:         7275476 kB
MemAvailable:   10558568 kB
Buffers:          136116 kB
Cached:          3407780 kB
SwapCached:            0 kB
Active:          1458340 kB
Inactive:        6886840 kB
Active(anon):      28120 kB
Inactive(anon):  4865300 kB
Active(file):    1430220 kB
Inactive(file):  2021540 kB
Unevictable:          64 kB
Mlocked:              64 kB
SwapTotal:       2097148 kB
SwapFree:        2097148 kB
Dirty:              1964 kB
Writeback:             0 kB
AnonPages:       4801468 kB
Mapped:          1129196 kB
Shmem:             92136 kB
KReclaimable:     164500 kB
Slab:             337168 kB
SReclaimable:     164500 kB
SUnreclaim:       172668 kB
KernelStack:       25600 kB
PageTables:        59504 kB
NFS_Unstable:          0 kB
Bounce:                0 kB
WritebackTmp:          0 kB
CommitLimit:    10254824 kB
Committed_AS:   14053964 kB
VmallocTotal:   34359738367 kB
VmallocUsed:       89048 kB
VmallocChunk:          0 kB
Percpu:            37760 kB
HardwareCorrupted:     0 kB
AnonHugePages:         0 kB
ShmemHugePages:        0 kB
ShmemPmdMapped:        0 kB
FileHugePages:         0 kB
FilePmdMapped:         0 kB
HugePages_Total:       0
HugePages_Free:        0
HugePages_Rsvd:        0
HugePages_Surp:        0
Hugepagesize:       2048 kB
Hugetlb:               0 kB
DirectMap4k:      580372 kB
DirectMap2M:    11937792 kB
DirectMap1G:     5242880 kB

/sys/kernel/mm/transparent_hugepage/enabled:
always [madvise] never
/sys/kernel/mm/transparent_hugepage/defrag (defrag/compaction efforts parameter):
always defer defer+madvise [madvise] never

Process Memory:
Virtual Size: 6837948K (peak: 6903368K)
Resident Set Size: 90024K (peak: 90024K) (anon: 70164K, file: 19860K, shmem: 0K)
Swapped out: 0K
C-Heap outstanding allocations: 34600K

/proc/sys/kernel/threads-max (system-wide limit on the number of threads):
127067
/proc/sys/vm/max_map_count (maximum number of memory map areas a process may have):
65530
/proc/sys/kernel/pid_max (system-wide limit on number of process identifiers):
4194304

Steal ticks since vm start: 0
Steal ticks percentage since vm start:  0,000

CPU:total 12 (initial active 12) (12 cores per cpu, 2 threads per core) family 23 model 113 stepping 0 microcode 0x8701013, cmov, cx8, fxsr, mmx, sse, sse2, sse3, ssse3, sse4.1, sse4.2, popcnt, avx, avx2, aes, clmul, mmxext, 3dnowpref, lzcnt, sse4a, ht, tsc, tscinvbit, tscinv, bmi1, bmi2, adx, sha, fma
CPU Model and flags from /proc/cpuinfo:
model name	: AMD Ryzen 5 3600 6-Core Processor
flags		: fpu vme de pse tsc msr pae mce cx8 apic sep mtrr pge mca cmov pat pse36 clflush mmx fxsr sse sse2 ht syscall nx mmxext fxsr_opt pdpe1gb rdtscp lm constant_tsc rep_good nopl nonstop_tsc cpuid extd_apicid aperfmperf pni pclmulqdq monitor ssse3 fma cx16 sse4_1 sse4_2 movbe popcnt aes xsave avx f16c rdrand lahf_lm cmp_legacy svm extapic cr8_legacy abm sse4a misalignsse 3dnowprefetch osvw ibs skinit wdt tce topoext perfctr_core perfctr_nb bpext perfctr_llc mwaitx cpb cat_l3 cdp_l3 hw_pstate ssbd mba ibpb stibp vmmcall fsgsbase bmi1 avx2 smep bmi2 cqm rdt_a rdseed adx smap clflushopt clwb sha_ni xsaveopt xsavec xgetbv1 xsaves cqm_llc cqm_occup_llc cqm_mbm_total cqm_mbm_local clzero irperf xsaveerptr rdpru wbnoinvd arat npt lbrv svm_lock nrip_save tsc_scale vmcb_clean flushbyasid decodeassists pausefilter pfthreshold avic v_vmsave_vmload vgif v_spec_ctrl umip rdpid overflow_recov succor smca sme sev sev_es
Online cpus:
0-11
Offline cpus:
12-31
BIOS frequency limitation:
3950000
Frequency switch latency (ns):
0
Available cpu frequencies:
3950000 2800000 2200000 
Current governor:
schedutil
Core performance/turbo boost:
1

Memory: 4k page, physical 16315352k(7272220k free), swap 2097148k(2097148k free)

vm_info: OpenJDK 64-Bit Server VM (11.0.12+7-Ubuntu-0ubuntu3) for linux-amd64 JRE (11.0.12+7-Ubuntu-0ubuntu3), built on Aug 14 2021 12:38:05 by "unknown" with gcc 10.3.0

END.
