#
# A fatal error has been detected by the Java Runtime Environment:
#
#  SIGSEGV (0xb) at pc=0x00007f97d4026c7a, pid=21894, tid=21895
#
# JRE version: OpenJDK Runtime Environment (11.0.12+7) (build 11.0.12+7-Ubuntu-0ubuntu3)
# Java VM: OpenJDK 64-Bit Server VM (11.0.12+7-Ubuntu-0ubuntu3, mixed mode, tiered, compressed oops, g1 gc, linux-amd64)
# Problematic frame:
# C  [libnative.so+0x15c7a]  FillJNIOjbectValues(JNIEnv_*, CIFF)+0x12c
#
# Core dump will be written. Default location: Core dumps may be processed with "/usr/share/apport/apport %p %s %c %d %P %E" (or dumping to /home/narcano/SzB/SzamBiztHF/CAFFparser/NativeLibrary/core.21894)
#
# If you would like to submit a bug report, please visit:
#   https://bugs.launchpad.net/ubuntu/+source/openjdk-lts
# The crash happened outside the Java Virtual Machine in native code.
# See problematic frame for where to report the bug.
#

---------------  S U M M A R Y ------------

Command Line: com.narcano.jni.CaffParser

Host: AMD Ryzen 5 3600 6-Core Processor, 12 cores, 15G, Ubuntu 21.10
Time: Wed Nov 24 17:13:14 2021 CET elapsed time: 0.335344 seconds (0d 0h 0m 0s)

---------------  T H R E A D  ---------------

Current thread (0x00007f97ec014800):  JavaThread "main" [_thread_in_native, id=21895, stack(0x00007f97f26dc000,0x00007f97f27dc000)]

Stack: [0x00007f97f26dc000,0x00007f97f27dc000],  sp=0x00007f97f27da6f0,  free space=1017k
Native frames: (J=compiled Java code, A=aot compiled Java code, j=interpreted, Vv=VM code, C=native code)
C  [libnative.so+0x15c7a]  FillJNIOjbectValues(JNIEnv_*, CIFF)+0x12c
C  [libnative.so+0x15ed1]  Java_com_narcano_jni_CaffParser_CallParser+0x169
j  com.narcano.jni.CaffParser.CallParser(Ljava/lang/String;)[Lcom/narcano/jni/CIFF;+0
j  com.narcano.jni.CaffParser.main([Ljava/lang/String;)V+14
v  ~StubRoutines::call_stub
V  [libjvm.so+0x866bf1]
V  [libjvm.so+0x8e5b30]
V  [libjvm.so+0x8e81e0]
C  [libjli.so+0x5a63]
C  [libjli.so+0x9b4d]

Java frames: (J=compiled Java code, j=interpreted, Vv=VM code)
j  com.narcano.jni.CaffParser.CallParser(Ljava/lang/String;)[Lcom/narcano/jni/CIFF;+0
j  com.narcano.jni.CaffParser.main([Ljava/lang/String;)V+14
v  ~StubRoutines::call_stub

siginfo: si_signo: 11 (SIGSEGV), si_code: 2 (SEGV_ACCERR), si_addr: 0x00007f97ef37d000

Register to memory mapping:

RAX=0x00007f97ef37cff8 points into unknown readable memory: 0x0000000000000000 | 00 00 00 00 00 00 00 00
RBX=0x0 is NULL
RCX=0x00007f97ee17c4a0 points into unknown readable memory: 0x000000340000002d | 2d 00 00 00 34 00 00 00
RDX=0x00000000001800f2 is an unknown value
RSP=0x00007f97f27da6f0 is pointing into the stack for thread: 0x00007f97ec014800
RBP=0x00007f97f27da730 is pointing into the stack for thread: 0x00007f97ec014800
RSI=0x00000000001800f2 is an unknown value
RDI=0x00007f97f27da828 is pointing into the stack for thread: 0x00007f97ec014800
R8 =0x0 is NULL
R9 =0x00007f97ec000850 points into unknown readable memory: 0x00007f97ec000840 | 40 08 00 ec 97 7f 00 00
R10=0x00007f97d40181e7: <offset 0x00000000000071e7> in /home/narcano/SzB/SzamBiztHF/CAFFparser/NativeLibrary/com/narcano/jni/libnative.so at 0x00007f97d4011000
R11=0x00007f97d402412c: _ZNSt6vectorI8RGBpixelSaIS0_EEixEm+0x0000000000000000 in /home/narcano/SzB/SzamBiztHF/CAFFparser/NativeLibrary/com/narcano/jni/libnative.so at 0x00007f97d4011000
R12=0x0 is NULL
R13={method} {0x00007f97c19fc580} 'CallParser' '(Ljava/lang/String;)[Lcom/narcano/jni/CIFF;' in 'com/narcano/jni/CaffParser'
R14=0x00007f97f27da8f0 is pointing into the stack for thread: 0x00007f97ec014800
R15=0x00007f97ec014800 is a thread


Registers:
RAX=0x00007f97ef37cff8, RBX=0x0000000000000000, RCX=0x00007f97ee17c4a0, RDX=0x00000000001800f2
RSP=0x00007f97f27da6f0, RBP=0x00007f97f27da730, RSI=0x00000000001800f2, RDI=0x00007f97f27da828
R8 =0x0000000000000000, R9 =0x00007f97ec000850, R10=0x00007f97d40181e7, R11=0x00007f97d402412c
R12=0x0000000000000000, R13=0x00007f97c19fc580, R14=0x00007f97f27da8f0, R15=0x00007f97ec014800
RIP=0x00007f97d4026c7a, EFLAGS=0x0000000000010202, CSGSFS=0x002b000000000033, ERR=0x0000000000000004
  TRAPNO=0x000000000000000e

Top of Stack: (sp=0x00007f97f27da6f0)
0x00007f97f27da6f0:   00007f97f27da7e0 00007f97ec014b48
0x00007f97f27da700:   00007f97f27da730 001800f2d4023a6c
0x00007f97f27da710:   00000000001e8868 00007f97ec1fd920
0x00007f97f27da720:   00007f97eca95f00 00007f97ec2f0950 

Instructions: (pc=0x00007f97d4026c7a)
0x00007f97d4026b7a:   89 45 e0 48 8d 05 9a 16 00 00 48 89 c7 e8 04 9d
0x00007f97d4026b8a:   ff ff 8b 55 e0 48 8b 45 c8 89 d6 48 89 c7 e8 93
0x00007f97d4026b9a:   8b ff ff 48 89 45 e8 8b 45 e0 48 98 48 ba fe ff
0x00007f97d4026baa:   ff ff ff ff ff 1f 48 39 d0 77 2b 48 c1 e0 02 48
0x00007f97d4026bba:   89 c7 e8 2f 8b ff ff 48 89 45 f0 48 8d 05 52 16
0x00007f97d4026bca:   00 00 48 89 c7 e8 bc 9c ff ff c7 45 dc 00 00 00
0x00007f97d4026bda:   00 e9 a5 00 00 00 e8 8b 9b ff ff c7 45 e4 00 00
0x00007f97d4026bea:   00 00 8b 55 dc 48 63 c2 48 69 c0 56 55 55 55 48
0x00007f97d4026bfa:   c1 e8 20 89 d1 c1 f9 1f 29 c8 89 c1 01 c9 01 c1
0x00007f97d4026c0a:   89 d0 29 c8 83 f8 02 74 4f 83 f8 02 7f 69 85 c0
0x00007f97d4026c1a:   74 07 83 f8 01 74 21 eb 5e 48 8b 45 c0 48 8d 50
0x00007f97d4026c2a:   48 8b 45 dc 48 98 48 89 c6 48 89 d7 e8 35 96 ff
0x00007f97d4026c3a:   ff 8b 00 89 45 e4 eb 3f 48 8b 45 c0 48 8d 50 48
0x00007f97d4026c4a:   8b 45 dc 48 98 48 89 c6 48 89 d7 e8 16 96 ff ff
0x00007f97d4026c5a:   8b 40 04 89 45 e4 eb 1f 48 8b 45 c0 48 8d 50 48
0x00007f97d4026c6a:   8b 45 dc 48 98 48 89 c6 48 89 d7 e8 f6 95 ff ff
0x00007f97d4026c7a:   8b 40 08 89 45 e4 90 83 45 dc 01 8b 45 dc 3b 45
0x00007f97d4026c8a:   e0 0f 8c 54 ff ff ff 48 8d 05 8a 15 00 00 48 89
0x00007f97d4026c9a:   c7 e8 f0 9b ff ff 48 8b 4d f0 8b 55 e0 48 8b 75
0x00007f97d4026caa:   e8 48 8b 45 c8 49 89 c8 89 d1 ba 00 00 00 00 48
0x00007f97d4026cba:   89 c7 e8 ef 8c ff ff 48 8d 05 5a 15 00 00 48 89
0x00007f97d4026cca:   c7 e8 c0 9b ff ff 48 8b 05 f1 62 00 00 48 8b 00
0x00007f97d4026cda:   48 8b 50 08 48 8b 05 e3 62 00 00 48 8b 00 48 8b
0x00007f97d4026cea:   30 48 8b 4d e8 48 8b 45 c8 48 89 c7 b8 00 00 00
0x00007f97d4026cfa:   00 e8 70 93 ff ff 48 89 45 f8 48 8d 05 17 15 00
0x00007f97d4026d0a:   00 48 89 c7 e8 7d 9b ff ff 48 8b 45 c0 48 8b 40
0x00007f97d4026d1a:   08 89 c1 48 8b 05 a4 62 00 00 48 8b 00 48 8b 50
0x00007f97d4026d2a:   18 48 8b 75 f8 48 8b 45 c8 48 89 c7 e8 75 9e ff
0x00007f97d4026d3a:   ff 48 8b 45 c0 48 8b 00 89 c1 48 8b 05 7d 62 00
0x00007f97d4026d4a:   00 48 8b 00 48 8b 50 10 48 8b 75 f8 48 8b 45 c8
0x00007f97d4026d5a:   48 89 c7 e8 4e 9e ff ff 48 8b 45 f8 c9 c3 f3 0f
0x00007f97d4026d6a:   1e fa 55 48 89 e5 53 48 81 ec 18 01 00 00 48 89 


Stack slot to memory mapping:
stack at sp + 0 slots: 0x00007f97f27da7e0 is pointing into the stack for thread: 0x00007f97ec014800
stack at sp + 1 slots: 0x00007f97ec014b48 points into unknown readable memory: 0x00007f97f3d28b20 | 20 8b d2 f3 97 7f 00 00
stack at sp + 2 slots: 0x00007f97f27da730 is pointing into the stack for thread: 0x00007f97ec014800
stack at sp + 3 slots: 0x001800f2d4023a6c is an unknown value
stack at sp + 4 slots: 0x00000000001e8868 is an unknown value
stack at sp + 5 slots: 0x00007f97ec1fd920 points into unknown readable memory: 0x0000000707000000 | 00 00 00 07 07 00 00 00
stack at sp + 6 slots: 0x00007f97eca95f00 points into unknown readable memory: 0x00007f97ec2f3dd0 | d0 3d 2f ec 97 7f 00 00
stack at sp + 7 slots: 0x00007f97ec2f0950 points into unknown readable memory: 0x00007f97d4011000 | 00 10 01 d4 97 7f 00 00


---------------  P R O C E S S  ---------------

Threads class SMR info:
_java_thread_list=0x00007f97ec2ed9b0, length=9, elements={
0x00007f97ec014800, 0x00007f97ec204000, 0x00007f97ec208800, 0x00007f97ec21e800,
0x00007f97ec220800, 0x00007f97ec222800, 0x00007f97ec224800, 0x00007f97ec226800,
0x00007f97ec2ec000
}

Java Threads: ( => current thread )
=>0x00007f97ec014800 JavaThread "main" [_thread_in_native, id=21895, stack(0x00007f97f26dc000,0x00007f97f27dc000)]
  0x00007f97ec204000 JavaThread "Reference Handler" daemon [_thread_blocked, id=21902, stack(0x00007f97c1379000,0x00007f97c1479000)]
  0x00007f97ec208800 JavaThread "Finalizer" daemon [_thread_blocked, id=21903, stack(0x00007f97c1279000,0x00007f97c1379000)]
  0x00007f97ec21e800 JavaThread "Signal Dispatcher" daemon [_thread_blocked, id=21904, stack(0x00007f97c00c7000,0x00007f97c01c7000)]
  0x00007f97ec220800 JavaThread "Service Thread" daemon [_thread_blocked, id=21905, stack(0x00007f97a7f00000,0x00007f97a8000000)]
  0x00007f97ec222800 JavaThread "C2 CompilerThread0" daemon [_thread_blocked, id=21906, stack(0x00007f97a7e00000,0x00007f97a7f00000)]
  0x00007f97ec224800 JavaThread "C1 CompilerThread0" daemon [_thread_blocked, id=21907, stack(0x00007f97a7d00000,0x00007f97a7e00000)]
  0x00007f97ec226800 JavaThread "Sweeper thread" daemon [_thread_blocked, id=21908, stack(0x00007f97a7c00000,0x00007f97a7d00000)]
  0x00007f97ec2ec000 JavaThread "Common-Cleaner" daemon [_thread_blocked, id=21910, stack(0x00007f97a79fe000,0x00007f97a7afe000)]

Other Threads:
  0x00007f97ec1fc000 VMThread "VM Thread" [stack: 0x00007f97c147b000,0x00007f97c157b000] [id=21901]
  0x00007f97ec2df000 WatcherThread [stack: 0x00007f97a7b00000,0x00007f97a7c00000] [id=21909]
  0x00007f97ec02e800 GCTaskThread "GC Thread#0" [stack: 0x00007f97f23a9000,0x00007f97f24a9000] [id=21896]
  0x00007f97ec08d000 ConcurrentGCThread "G1 Main Marker" [stack: 0x00007f97f0044000,0x00007f97f0144000] [id=21897]
  0x00007f97ec08e800 ConcurrentGCThread "G1 Conc#0" [stack: 0x00007f97d475f000,0x00007f97d485f000] [id=21898]
  0x00007f97ec197000 ConcurrentGCThread "G1 Refine#0" [stack: 0x00007f97c1f00000,0x00007f97c2000000] [id=21899]
  0x00007f97ec198800 ConcurrentGCThread "G1 Young RemSet Sampling" [stack: 0x00007f97c1dfe000,0x00007f97c1efe000] [id=21900]

Threads with active compile tasks:

VM state:not at safepoint (normal execution)

VM Mutex/Monitor currently owned by a thread: None

Heap address: 0x0000000707000000, size: 3984 MB, Compressed Oops mode: Zero based, Oop shift amount: 3
Narrow klass base: 0x0000000800000000, Narrow klass shift: 0
Compressed class space size: 1073741824 Address: 0x0000000800000000

Heap:
 garbage-first heap   total 256000K, used 9216K [0x0000000707000000, 0x0000000800000000)
  region size 1024K, 2 young (2048K), 0 survivors (0K)
 Metaspace       used 3485K, capacity 4486K, committed 4864K, reserved 1056768K
  class space    used 310K, capacity 386K, committed 512K, reserved 1048576K
Heap Regions: E=young(eden), S=young(survivor), O=old, HS=humongous(starts), HC=humongous(continues), CS=collection set, F=free, A=archive, TAMS=top-at-mark-start (previous, next)
|   0|0x0000000707000000, 0x0000000707100000, 0x0000000707100000|100%|HS|  |TAMS 0x0000000707000000, 0x0000000707000000| Complete 
|   1|0x0000000707100000, 0x0000000707200000, 0x0000000707200000|100%|HC|  |TAMS 0x0000000707100000, 0x0000000707100000| Complete 
|   2|0x0000000707200000, 0x0000000707300000, 0x0000000707300000|100%|HC|  |TAMS 0x0000000707200000, 0x0000000707200000| Complete 
|   3|0x0000000707300000, 0x0000000707400000, 0x0000000707400000|100%|HC|  |TAMS 0x0000000707300000, 0x0000000707300000| Complete 
|   4|0x0000000707400000, 0x0000000707500000, 0x0000000707500000|100%|HC|  |TAMS 0x0000000707400000, 0x0000000707400000| Complete 
|   5|0x0000000707500000, 0x0000000707600000, 0x0000000707600000|100%|HC|  |TAMS 0x0000000707500000, 0x0000000707500000| Complete 
|   6|0x0000000707600000, 0x0000000707700000, 0x0000000707700000|100%|HC|  |TAMS 0x0000000707600000, 0x0000000707600000| Complete 
|   7|0x0000000707700000, 0x0000000707800000, 0x0000000707800000|100%|HC|  |TAMS 0x0000000707700000, 0x0000000707700000| Complete 
|   8|0x0000000707800000, 0x0000000707800000, 0x0000000707900000|  0%| F|  |TAMS 0x0000000707800000, 0x0000000707800000| Untracked 
|   9|0x0000000707900000, 0x0000000707900000, 0x0000000707a00000|  0%| F|  |TAMS 0x0000000707900000, 0x0000000707900000| Untracked 
|  10|0x0000000707a00000, 0x0000000707a00000, 0x0000000707b00000|  0%| F|  |TAMS 0x0000000707a00000, 0x0000000707a00000| Untracked 
|  11|0x0000000707b00000, 0x0000000707b00000, 0x0000000707c00000|  0%| F|  |TAMS 0x0000000707b00000, 0x0000000707b00000| Untracked 
|  12|0x0000000707c00000, 0x0000000707c00000, 0x0000000707d00000|  0%| F|  |TAMS 0x0000000707c00000, 0x0000000707c00000| Untracked 
|  13|0x0000000707d00000, 0x0000000707d00000, 0x0000000707e00000|  0%| F|  |TAMS 0x0000000707d00000, 0x0000000707d00000| Untracked 
|  14|0x0000000707e00000, 0x0000000707e00000, 0x0000000707f00000|  0%| F|  |TAMS 0x0000000707e00000, 0x0000000707e00000| Untracked 
|  15|0x0000000707f00000, 0x0000000707f00000, 0x0000000708000000|  0%| F|  |TAMS 0x0000000707f00000, 0x0000000707f00000| Untracked 
|  16|0x0000000708000000, 0x0000000708000000, 0x0000000708100000|  0%| F|  |TAMS 0x0000000708000000, 0x0000000708000000| Untracked 
|  17|0x0000000708100000, 0x0000000708100000, 0x0000000708200000|  0%| F|  |TAMS 0x0000000708100000, 0x0000000708100000| Untracked 
|  18|0x0000000708200000, 0x0000000708200000, 0x0000000708300000|  0%| F|  |TAMS 0x0000000708200000, 0x0000000708200000| Untracked 
|  19|0x0000000708300000, 0x0000000708300000, 0x0000000708400000|  0%| F|  |TAMS 0x0000000708300000, 0x0000000708300000| Untracked 
|  20|0x0000000708400000, 0x0000000708400000, 0x0000000708500000|  0%| F|  |TAMS 0x0000000708400000, 0x0000000708400000| Untracked 
|  21|0x0000000708500000, 0x0000000708500000, 0x0000000708600000|  0%| F|  |TAMS 0x0000000708500000, 0x0000000708500000| Untracked 
|  22|0x0000000708600000, 0x0000000708600000, 0x0000000708700000|  0%| F|  |TAMS 0x0000000708600000, 0x0000000708600000| Untracked 
|  23|0x0000000708700000, 0x0000000708700000, 0x0000000708800000|  0%| F|  |TAMS 0x0000000708700000, 0x0000000708700000| Untracked 
|  24|0x0000000708800000, 0x0000000708800000, 0x0000000708900000|  0%| F|  |TAMS 0x0000000708800000, 0x0000000708800000| Untracked 
|  25|0x0000000708900000, 0x0000000708900000, 0x0000000708a00000|  0%| F|  |TAMS 0x0000000708900000, 0x0000000708900000| Untracked 
|  26|0x0000000708a00000, 0x0000000708a00000, 0x0000000708b00000|  0%| F|  |TAMS 0x0000000708a00000, 0x0000000708a00000| Untracked 
|  27|0x0000000708b00000, 0x0000000708b00000, 0x0000000708c00000|  0%| F|  |TAMS 0x0000000708b00000, 0x0000000708b00000| Untracked 
|  28|0x0000000708c00000, 0x0000000708c00000, 0x0000000708d00000|  0%| F|  |TAMS 0x0000000708c00000, 0x0000000708c00000| Untracked 
|  29|0x0000000708d00000, 0x0000000708d00000, 0x0000000708e00000|  0%| F|  |TAMS 0x0000000708d00000, 0x0000000708d00000| Untracked 
|  30|0x0000000708e00000, 0x0000000708e00000, 0x0000000708f00000|  0%| F|  |TAMS 0x0000000708e00000, 0x0000000708e00000| Untracked 
|  31|0x0000000708f00000, 0x0000000708f00000, 0x0000000709000000|  0%| F|  |TAMS 0x0000000708f00000, 0x0000000708f00000| Untracked 
|  32|0x0000000709000000, 0x0000000709000000, 0x0000000709100000|  0%| F|  |TAMS 0x0000000709000000, 0x0000000709000000| Untracked 
|  33|0x0000000709100000, 0x0000000709100000, 0x0000000709200000|  0%| F|  |TAMS 0x0000000709100000, 0x0000000709100000| Untracked 
|  34|0x0000000709200000, 0x0000000709200000, 0x0000000709300000|  0%| F|  |TAMS 0x0000000709200000, 0x0000000709200000| Untracked 
|  35|0x0000000709300000, 0x0000000709300000, 0x0000000709400000|  0%| F|  |TAMS 0x0000000709300000, 0x0000000709300000| Untracked 
|  36|0x0000000709400000, 0x0000000709400000, 0x0000000709500000|  0%| F|  |TAMS 0x0000000709400000, 0x0000000709400000| Untracked 
|  37|0x0000000709500000, 0x0000000709500000, 0x0000000709600000|  0%| F|  |TAMS 0x0000000709500000, 0x0000000709500000| Untracked 
|  38|0x0000000709600000, 0x0000000709600000, 0x0000000709700000|  0%| F|  |TAMS 0x0000000709600000, 0x0000000709600000| Untracked 
|  39|0x0000000709700000, 0x0000000709700000, 0x0000000709800000|  0%| F|  |TAMS 0x0000000709700000, 0x0000000709700000| Untracked 
|  40|0x0000000709800000, 0x0000000709800000, 0x0000000709900000|  0%| F|  |TAMS 0x0000000709800000, 0x0000000709800000| Untracked 
|  41|0x0000000709900000, 0x0000000709900000, 0x0000000709a00000|  0%| F|  |TAMS 0x0000000709900000, 0x0000000709900000| Untracked 
|  42|0x0000000709a00000, 0x0000000709a00000, 0x0000000709b00000|  0%| F|  |TAMS 0x0000000709a00000, 0x0000000709a00000| Untracked 
|  43|0x0000000709b00000, 0x0000000709b00000, 0x0000000709c00000|  0%| F|  |TAMS 0x0000000709b00000, 0x0000000709b00000| Untracked 
|  44|0x0000000709c00000, 0x0000000709c00000, 0x0000000709d00000|  0%| F|  |TAMS 0x0000000709c00000, 0x0000000709c00000| Untracked 
|  45|0x0000000709d00000, 0x0000000709d00000, 0x0000000709e00000|  0%| F|  |TAMS 0x0000000709d00000, 0x0000000709d00000| Untracked 
|  46|0x0000000709e00000, 0x0000000709e00000, 0x0000000709f00000|  0%| F|  |TAMS 0x0000000709e00000, 0x0000000709e00000| Untracked 
|  47|0x0000000709f00000, 0x0000000709f00000, 0x000000070a000000|  0%| F|  |TAMS 0x0000000709f00000, 0x0000000709f00000| Untracked 
|  48|0x000000070a000000, 0x000000070a000000, 0x000000070a100000|  0%| F|  |TAMS 0x000000070a000000, 0x000000070a000000| Untracked 
|  49|0x000000070a100000, 0x000000070a100000, 0x000000070a200000|  0%| F|  |TAMS 0x000000070a100000, 0x000000070a100000| Untracked 
|  50|0x000000070a200000, 0x000000070a200000, 0x000000070a300000|  0%| F|  |TAMS 0x000000070a200000, 0x000000070a200000| Untracked 
|  51|0x000000070a300000, 0x000000070a300000, 0x000000070a400000|  0%| F|  |TAMS 0x000000070a300000, 0x000000070a300000| Untracked 
|  52|0x000000070a400000, 0x000000070a400000, 0x000000070a500000|  0%| F|  |TAMS 0x000000070a400000, 0x000000070a400000| Untracked 
|  53|0x000000070a500000, 0x000000070a500000, 0x000000070a600000|  0%| F|  |TAMS 0x000000070a500000, 0x000000070a500000| Untracked 
|  54|0x000000070a600000, 0x000000070a600000, 0x000000070a700000|  0%| F|  |TAMS 0x000000070a600000, 0x000000070a600000| Untracked 
|  55|0x000000070a700000, 0x000000070a700000, 0x000000070a800000|  0%| F|  |TAMS 0x000000070a700000, 0x000000070a700000| Untracked 
|  56|0x000000070a800000, 0x000000070a800000, 0x000000070a900000|  0%| F|  |TAMS 0x000000070a800000, 0x000000070a800000| Untracked 
|  57|0x000000070a900000, 0x000000070a900000, 0x000000070aa00000|  0%| F|  |TAMS 0x000000070a900000, 0x000000070a900000| Untracked 
|  58|0x000000070aa00000, 0x000000070aa00000, 0x000000070ab00000|  0%| F|  |TAMS 0x000000070aa00000, 0x000000070aa00000| Untracked 
|  59|0x000000070ab00000, 0x000000070ab00000, 0x000000070ac00000|  0%| F|  |TAMS 0x000000070ab00000, 0x000000070ab00000| Untracked 
|  60|0x000000070ac00000, 0x000000070ac00000, 0x000000070ad00000|  0%| F|  |TAMS 0x000000070ac00000, 0x000000070ac00000| Untracked 
|  61|0x000000070ad00000, 0x000000070ad00000, 0x000000070ae00000|  0%| F|  |TAMS 0x000000070ad00000, 0x000000070ad00000| Untracked 
|  62|0x000000070ae00000, 0x000000070ae00000, 0x000000070af00000|  0%| F|  |TAMS 0x000000070ae00000, 0x000000070ae00000| Untracked 
|  63|0x000000070af00000, 0x000000070af00000, 0x000000070b000000|  0%| F|  |TAMS 0x000000070af00000, 0x000000070af00000| Untracked 
|  64|0x000000070b000000, 0x000000070b000000, 0x000000070b100000|  0%| F|  |TAMS 0x000000070b000000, 0x000000070b000000| Untracked 
|  65|0x000000070b100000, 0x000000070b100000, 0x000000070b200000|  0%| F|  |TAMS 0x000000070b100000, 0x000000070b100000| Untracked 
|  66|0x000000070b200000, 0x000000070b200000, 0x000000070b300000|  0%| F|  |TAMS 0x000000070b200000, 0x000000070b200000| Untracked 
|  67|0x000000070b300000, 0x000000070b300000, 0x000000070b400000|  0%| F|  |TAMS 0x000000070b300000, 0x000000070b300000| Untracked 
|  68|0x000000070b400000, 0x000000070b400000, 0x000000070b500000|  0%| F|  |TAMS 0x000000070b400000, 0x000000070b400000| Untracked 
|  69|0x000000070b500000, 0x000000070b500000, 0x000000070b600000|  0%| F|  |TAMS 0x000000070b500000, 0x000000070b500000| Untracked 
|  70|0x000000070b600000, 0x000000070b600000, 0x000000070b700000|  0%| F|  |TAMS 0x000000070b600000, 0x000000070b600000| Untracked 
|  71|0x000000070b700000, 0x000000070b700000, 0x000000070b800000|  0%| F|  |TAMS 0x000000070b700000, 0x000000070b700000| Untracked 
|  72|0x000000070b800000, 0x000000070b800000, 0x000000070b900000|  0%| F|  |TAMS 0x000000070b800000, 0x000000070b800000| Untracked 
|  73|0x000000070b900000, 0x000000070b900000, 0x000000070ba00000|  0%| F|  |TAMS 0x000000070b900000, 0x000000070b900000| Untracked 
|  74|0x000000070ba00000, 0x000000070ba00000, 0x000000070bb00000|  0%| F|  |TAMS 0x000000070ba00000, 0x000000070ba00000| Untracked 
|  75|0x000000070bb00000, 0x000000070bb00000, 0x000000070bc00000|  0%| F|  |TAMS 0x000000070bb00000, 0x000000070bb00000| Untracked 
|  76|0x000000070bc00000, 0x000000070bc00000, 0x000000070bd00000|  0%| F|  |TAMS 0x000000070bc00000, 0x000000070bc00000| Untracked 
|  77|0x000000070bd00000, 0x000000070bd00000, 0x000000070be00000|  0%| F|  |TAMS 0x000000070bd00000, 0x000000070bd00000| Untracked 
|  78|0x000000070be00000, 0x000000070be00000, 0x000000070bf00000|  0%| F|  |TAMS 0x000000070be00000, 0x000000070be00000| Untracked 
|  79|0x000000070bf00000, 0x000000070bf00000, 0x000000070c000000|  0%| F|  |TAMS 0x000000070bf00000, 0x000000070bf00000| Untracked 
|  80|0x000000070c000000, 0x000000070c000000, 0x000000070c100000|  0%| F|  |TAMS 0x000000070c000000, 0x000000070c000000| Untracked 
|  81|0x000000070c100000, 0x000000070c100000, 0x000000070c200000|  0%| F|  |TAMS 0x000000070c100000, 0x000000070c100000| Untracked 
|  82|0x000000070c200000, 0x000000070c200000, 0x000000070c300000|  0%| F|  |TAMS 0x000000070c200000, 0x000000070c200000| Untracked 
|  83|0x000000070c300000, 0x000000070c300000, 0x000000070c400000|  0%| F|  |TAMS 0x000000070c300000, 0x000000070c300000| Untracked 
|  84|0x000000070c400000, 0x000000070c400000, 0x000000070c500000|  0%| F|  |TAMS 0x000000070c400000, 0x000000070c400000| Untracked 
|  85|0x000000070c500000, 0x000000070c500000, 0x000000070c600000|  0%| F|  |TAMS 0x000000070c500000, 0x000000070c500000| Untracked 
|  86|0x000000070c600000, 0x000000070c600000, 0x000000070c700000|  0%| F|  |TAMS 0x000000070c600000, 0x000000070c600000| Untracked 
|  87|0x000000070c700000, 0x000000070c700000, 0x000000070c800000|  0%| F|  |TAMS 0x000000070c700000, 0x000000070c700000| Untracked 
|  88|0x000000070c800000, 0x000000070c800000, 0x000000070c900000|  0%| F|  |TAMS 0x000000070c800000, 0x000000070c800000| Untracked 
|  89|0x000000070c900000, 0x000000070c900000, 0x000000070ca00000|  0%| F|  |TAMS 0x000000070c900000, 0x000000070c900000| Untracked 
|  90|0x000000070ca00000, 0x000000070ca00000, 0x000000070cb00000|  0%| F|  |TAMS 0x000000070ca00000, 0x000000070ca00000| Untracked 
|  91|0x000000070cb00000, 0x000000070cb00000, 0x000000070cc00000|  0%| F|  |TAMS 0x000000070cb00000, 0x000000070cb00000| Untracked 
|  92|0x000000070cc00000, 0x000000070cc00000, 0x000000070cd00000|  0%| F|  |TAMS 0x000000070cc00000, 0x000000070cc00000| Untracked 
|  93|0x000000070cd00000, 0x000000070cd00000, 0x000000070ce00000|  0%| F|  |TAMS 0x000000070cd00000, 0x000000070cd00000| Untracked 
|  94|0x000000070ce00000, 0x000000070ce00000, 0x000000070cf00000|  0%| F|  |TAMS 0x000000070ce00000, 0x000000070ce00000| Untracked 
|  95|0x000000070cf00000, 0x000000070cf00000, 0x000000070d000000|  0%| F|  |TAMS 0x000000070cf00000, 0x000000070cf00000| Untracked 
|  96|0x000000070d000000, 0x000000070d000000, 0x000000070d100000|  0%| F|  |TAMS 0x000000070d000000, 0x000000070d000000| Untracked 
|  97|0x000000070d100000, 0x000000070d100000, 0x000000070d200000|  0%| F|  |TAMS 0x000000070d100000, 0x000000070d100000| Untracked 
|  98|0x000000070d200000, 0x000000070d200000, 0x000000070d300000|  0%| F|  |TAMS 0x000000070d200000, 0x000000070d200000| Untracked 
|  99|0x000000070d300000, 0x000000070d300000, 0x000000070d400000|  0%| F|  |TAMS 0x000000070d300000, 0x000000070d300000| Untracked 
| 100|0x000000070d400000, 0x000000070d400000, 0x000000070d500000|  0%| F|  |TAMS 0x000000070d400000, 0x000000070d400000| Untracked 
| 101|0x000000070d500000, 0x000000070d500000, 0x000000070d600000|  0%| F|  |TAMS 0x000000070d500000, 0x000000070d500000| Untracked 
| 102|0x000000070d600000, 0x000000070d600000, 0x000000070d700000|  0%| F|  |TAMS 0x000000070d600000, 0x000000070d600000| Untracked 
| 103|0x000000070d700000, 0x000000070d700000, 0x000000070d800000|  0%| F|  |TAMS 0x000000070d700000, 0x000000070d700000| Untracked 
| 104|0x000000070d800000, 0x000000070d800000, 0x000000070d900000|  0%| F|  |TAMS 0x000000070d800000, 0x000000070d800000| Untracked 
| 105|0x000000070d900000, 0x000000070d900000, 0x000000070da00000|  0%| F|  |TAMS 0x000000070d900000, 0x000000070d900000| Untracked 
| 106|0x000000070da00000, 0x000000070da00000, 0x000000070db00000|  0%| F|  |TAMS 0x000000070da00000, 0x000000070da00000| Untracked 
| 107|0x000000070db00000, 0x000000070db00000, 0x000000070dc00000|  0%| F|  |TAMS 0x000000070db00000, 0x000000070db00000| Untracked 
| 108|0x000000070dc00000, 0x000000070dc00000, 0x000000070dd00000|  0%| F|  |TAMS 0x000000070dc00000, 0x000000070dc00000| Untracked 
| 109|0x000000070dd00000, 0x000000070dd00000, 0x000000070de00000|  0%| F|  |TAMS 0x000000070dd00000, 0x000000070dd00000| Untracked 
| 110|0x000000070de00000, 0x000000070de00000, 0x000000070df00000|  0%| F|  |TAMS 0x000000070de00000, 0x000000070de00000| Untracked 
| 111|0x000000070df00000, 0x000000070df00000, 0x000000070e000000|  0%| F|  |TAMS 0x000000070df00000, 0x000000070df00000| Untracked 
| 112|0x000000070e000000, 0x000000070e000000, 0x000000070e100000|  0%| F|  |TAMS 0x000000070e000000, 0x000000070e000000| Untracked 
| 113|0x000000070e100000, 0x000000070e100000, 0x000000070e200000|  0%| F|  |TAMS 0x000000070e100000, 0x000000070e100000| Untracked 
| 114|0x000000070e200000, 0x000000070e200000, 0x000000070e300000|  0%| F|  |TAMS 0x000000070e200000, 0x000000070e200000| Untracked 
| 115|0x000000070e300000, 0x000000070e300000, 0x000000070e400000|  0%| F|  |TAMS 0x000000070e300000, 0x000000070e300000| Untracked 
| 116|0x000000070e400000, 0x000000070e400000, 0x000000070e500000|  0%| F|  |TAMS 0x000000070e400000, 0x000000070e400000| Untracked 
| 117|0x000000070e500000, 0x000000070e500000, 0x000000070e600000|  0%| F|  |TAMS 0x000000070e500000, 0x000000070e500000| Untracked 
| 118|0x000000070e600000, 0x000000070e600000, 0x000000070e700000|  0%| F|  |TAMS 0x000000070e600000, 0x000000070e600000| Untracked 
| 119|0x000000070e700000, 0x000000070e700000, 0x000000070e800000|  0%| F|  |TAMS 0x000000070e700000, 0x000000070e700000| Untracked 
| 120|0x000000070e800000, 0x000000070e800000, 0x000000070e900000|  0%| F|  |TAMS 0x000000070e800000, 0x000000070e800000| Untracked 
| 121|0x000000070e900000, 0x000000070e900000, 0x000000070ea00000|  0%| F|  |TAMS 0x000000070e900000, 0x000000070e900000| Untracked 
| 122|0x000000070ea00000, 0x000000070ea00000, 0x000000070eb00000|  0%| F|  |TAMS 0x000000070ea00000, 0x000000070ea00000| Untracked 
| 123|0x000000070eb00000, 0x000000070eb00000, 0x000000070ec00000|  0%| F|  |TAMS 0x000000070eb00000, 0x000000070eb00000| Untracked 
| 124|0x000000070ec00000, 0x000000070ec00000, 0x000000070ed00000|  0%| F|  |TAMS 0x000000070ec00000, 0x000000070ec00000| Untracked 
| 125|0x000000070ed00000, 0x000000070ed00000, 0x000000070ee00000|  0%| F|  |TAMS 0x000000070ed00000, 0x000000070ed00000| Untracked 
| 126|0x000000070ee00000, 0x000000070ee00000, 0x000000070ef00000|  0%| F|  |TAMS 0x000000070ee00000, 0x000000070ee00000| Untracked 
| 127|0x000000070ef00000, 0x000000070ef00000, 0x000000070f000000|  0%| F|  |TAMS 0x000000070ef00000, 0x000000070ef00000| Untracked 
| 128|0x000000070f000000, 0x000000070f000000, 0x000000070f100000|  0%| F|  |TAMS 0x000000070f000000, 0x000000070f000000| Untracked 
| 129|0x000000070f100000, 0x000000070f100000, 0x000000070f200000|  0%| F|  |TAMS 0x000000070f100000, 0x000000070f100000| Untracked 
| 130|0x000000070f200000, 0x000000070f200000, 0x000000070f300000|  0%| F|  |TAMS 0x000000070f200000, 0x000000070f200000| Untracked 
| 131|0x000000070f300000, 0x000000070f300000, 0x000000070f400000|  0%| F|  |TAMS 0x000000070f300000, 0x000000070f300000| Untracked 
| 132|0x000000070f400000, 0x000000070f400000, 0x000000070f500000|  0%| F|  |TAMS 0x000000070f400000, 0x000000070f400000| Untracked 
| 133|0x000000070f500000, 0x000000070f500000, 0x000000070f600000|  0%| F|  |TAMS 0x000000070f500000, 0x000000070f500000| Untracked 
| 134|0x000000070f600000, 0x000000070f600000, 0x000000070f700000|  0%| F|  |TAMS 0x000000070f600000, 0x000000070f600000| Untracked 
| 135|0x000000070f700000, 0x000000070f700000, 0x000000070f800000|  0%| F|  |TAMS 0x000000070f700000, 0x000000070f700000| Untracked 
| 136|0x000000070f800000, 0x000000070f800000, 0x000000070f900000|  0%| F|  |TAMS 0x000000070f800000, 0x000000070f800000| Untracked 
| 137|0x000000070f900000, 0x000000070f900000, 0x000000070fa00000|  0%| F|  |TAMS 0x000000070f900000, 0x000000070f900000| Untracked 
| 138|0x000000070fa00000, 0x000000070fa00000, 0x000000070fb00000|  0%| F|  |TAMS 0x000000070fa00000, 0x000000070fa00000| Untracked 
| 139|0x000000070fb00000, 0x000000070fb00000, 0x000000070fc00000|  0%| F|  |TAMS 0x000000070fb00000, 0x000000070fb00000| Untracked 
| 140|0x000000070fc00000, 0x000000070fc00000, 0x000000070fd00000|  0%| F|  |TAMS 0x000000070fc00000, 0x000000070fc00000| Untracked 
| 141|0x000000070fd00000, 0x000000070fd00000, 0x000000070fe00000|  0%| F|  |TAMS 0x000000070fd00000, 0x000000070fd00000| Untracked 
| 142|0x000000070fe00000, 0x000000070fe00000, 0x000000070ff00000|  0%| F|  |TAMS 0x000000070fe00000, 0x000000070fe00000| Untracked 
| 143|0x000000070ff00000, 0x000000070ff00000, 0x0000000710000000|  0%| F|  |TAMS 0x000000070ff00000, 0x000000070ff00000| Untracked 
| 144|0x0000000710000000, 0x0000000710000000, 0x0000000710100000|  0%| F|  |TAMS 0x0000000710000000, 0x0000000710000000| Untracked 
| 145|0x0000000710100000, 0x0000000710100000, 0x0000000710200000|  0%| F|  |TAMS 0x0000000710100000, 0x0000000710100000| Untracked 
| 146|0x0000000710200000, 0x0000000710200000, 0x0000000710300000|  0%| F|  |TAMS 0x0000000710200000, 0x0000000710200000| Untracked 
| 147|0x0000000710300000, 0x0000000710300000, 0x0000000710400000|  0%| F|  |TAMS 0x0000000710300000, 0x0000000710300000| Untracked 
| 148|0x0000000710400000, 0x0000000710400000, 0x0000000710500000|  0%| F|  |TAMS 0x0000000710400000, 0x0000000710400000| Untracked 
| 149|0x0000000710500000, 0x0000000710500000, 0x0000000710600000|  0%| F|  |TAMS 0x0000000710500000, 0x0000000710500000| Untracked 
| 150|0x0000000710600000, 0x0000000710600000, 0x0000000710700000|  0%| F|  |TAMS 0x0000000710600000, 0x0000000710600000| Untracked 
| 151|0x0000000710700000, 0x0000000710700000, 0x0000000710800000|  0%| F|  |TAMS 0x0000000710700000, 0x0000000710700000| Untracked 
| 152|0x0000000710800000, 0x0000000710800000, 0x0000000710900000|  0%| F|  |TAMS 0x0000000710800000, 0x0000000710800000| Untracked 
| 153|0x0000000710900000, 0x0000000710900000, 0x0000000710a00000|  0%| F|  |TAMS 0x0000000710900000, 0x0000000710900000| Untracked 
| 154|0x0000000710a00000, 0x0000000710a00000, 0x0000000710b00000|  0%| F|  |TAMS 0x0000000710a00000, 0x0000000710a00000| Untracked 
| 155|0x0000000710b00000, 0x0000000710b00000, 0x0000000710c00000|  0%| F|  |TAMS 0x0000000710b00000, 0x0000000710b00000| Untracked 
| 156|0x0000000710c00000, 0x0000000710c00000, 0x0000000710d00000|  0%| F|  |TAMS 0x0000000710c00000, 0x0000000710c00000| Untracked 
| 157|0x0000000710d00000, 0x0000000710d00000, 0x0000000710e00000|  0%| F|  |TAMS 0x0000000710d00000, 0x0000000710d00000| Untracked 
| 158|0x0000000710e00000, 0x0000000710e00000, 0x0000000710f00000|  0%| F|  |TAMS 0x0000000710e00000, 0x0000000710e00000| Untracked 
| 159|0x0000000710f00000, 0x0000000710f00000, 0x0000000711000000|  0%| F|  |TAMS 0x0000000710f00000, 0x0000000710f00000| Untracked 
| 160|0x0000000711000000, 0x0000000711000000, 0x0000000711100000|  0%| F|  |TAMS 0x0000000711000000, 0x0000000711000000| Untracked 
| 161|0x0000000711100000, 0x0000000711100000, 0x0000000711200000|  0%| F|  |TAMS 0x0000000711100000, 0x0000000711100000| Untracked 
| 162|0x0000000711200000, 0x0000000711200000, 0x0000000711300000|  0%| F|  |TAMS 0x0000000711200000, 0x0000000711200000| Untracked 
| 163|0x0000000711300000, 0x0000000711300000, 0x0000000711400000|  0%| F|  |TAMS 0x0000000711300000, 0x0000000711300000| Untracked 
| 164|0x0000000711400000, 0x0000000711400000, 0x0000000711500000|  0%| F|  |TAMS 0x0000000711400000, 0x0000000711400000| Untracked 
| 165|0x0000000711500000, 0x0000000711500000, 0x0000000711600000|  0%| F|  |TAMS 0x0000000711500000, 0x0000000711500000| Untracked 
| 166|0x0000000711600000, 0x0000000711600000, 0x0000000711700000|  0%| F|  |TAMS 0x0000000711600000, 0x0000000711600000| Untracked 
| 167|0x0000000711700000, 0x0000000711700000, 0x0000000711800000|  0%| F|  |TAMS 0x0000000711700000, 0x0000000711700000| Untracked 
| 168|0x0000000711800000, 0x0000000711800000, 0x0000000711900000|  0%| F|  |TAMS 0x0000000711800000, 0x0000000711800000| Untracked 
| 169|0x0000000711900000, 0x0000000711900000, 0x0000000711a00000|  0%| F|  |TAMS 0x0000000711900000, 0x0000000711900000| Untracked 
| 170|0x0000000711a00000, 0x0000000711a00000, 0x0000000711b00000|  0%| F|  |TAMS 0x0000000711a00000, 0x0000000711a00000| Untracked 
| 171|0x0000000711b00000, 0x0000000711b00000, 0x0000000711c00000|  0%| F|  |TAMS 0x0000000711b00000, 0x0000000711b00000| Untracked 
| 172|0x0000000711c00000, 0x0000000711c00000, 0x0000000711d00000|  0%| F|  |TAMS 0x0000000711c00000, 0x0000000711c00000| Untracked 
| 173|0x0000000711d00000, 0x0000000711d00000, 0x0000000711e00000|  0%| F|  |TAMS 0x0000000711d00000, 0x0000000711d00000| Untracked 
| 174|0x0000000711e00000, 0x0000000711e00000, 0x0000000711f00000|  0%| F|  |TAMS 0x0000000711e00000, 0x0000000711e00000| Untracked 
| 175|0x0000000711f00000, 0x0000000711f00000, 0x0000000712000000|  0%| F|  |TAMS 0x0000000711f00000, 0x0000000711f00000| Untracked 
| 176|0x0000000712000000, 0x0000000712000000, 0x0000000712100000|  0%| F|  |TAMS 0x0000000712000000, 0x0000000712000000| Untracked 
| 177|0x0000000712100000, 0x0000000712100000, 0x0000000712200000|  0%| F|  |TAMS 0x0000000712100000, 0x0000000712100000| Untracked 
| 178|0x0000000712200000, 0x0000000712200000, 0x0000000712300000|  0%| F|  |TAMS 0x0000000712200000, 0x0000000712200000| Untracked 
| 179|0x0000000712300000, 0x0000000712300000, 0x0000000712400000|  0%| F|  |TAMS 0x0000000712300000, 0x0000000712300000| Untracked 
| 180|0x0000000712400000, 0x0000000712400000, 0x0000000712500000|  0%| F|  |TAMS 0x0000000712400000, 0x0000000712400000| Untracked 
| 181|0x0000000712500000, 0x0000000712500000, 0x0000000712600000|  0%| F|  |TAMS 0x0000000712500000, 0x0000000712500000| Untracked 
| 182|0x0000000712600000, 0x0000000712600000, 0x0000000712700000|  0%| F|  |TAMS 0x0000000712600000, 0x0000000712600000| Untracked 
| 183|0x0000000712700000, 0x0000000712700000, 0x0000000712800000|  0%| F|  |TAMS 0x0000000712700000, 0x0000000712700000| Untracked 
| 184|0x0000000712800000, 0x0000000712800000, 0x0000000712900000|  0%| F|  |TAMS 0x0000000712800000, 0x0000000712800000| Untracked 
| 185|0x0000000712900000, 0x0000000712900000, 0x0000000712a00000|  0%| F|  |TAMS 0x0000000712900000, 0x0000000712900000| Untracked 
| 186|0x0000000712a00000, 0x0000000712a00000, 0x0000000712b00000|  0%| F|  |TAMS 0x0000000712a00000, 0x0000000712a00000| Untracked 
| 187|0x0000000712b00000, 0x0000000712b00000, 0x0000000712c00000|  0%| F|  |TAMS 0x0000000712b00000, 0x0000000712b00000| Untracked 
| 188|0x0000000712c00000, 0x0000000712c00000, 0x0000000712d00000|  0%| F|  |TAMS 0x0000000712c00000, 0x0000000712c00000| Untracked 
| 189|0x0000000712d00000, 0x0000000712d00000, 0x0000000712e00000|  0%| F|  |TAMS 0x0000000712d00000, 0x0000000712d00000| Untracked 
| 190|0x0000000712e00000, 0x0000000712e00000, 0x0000000712f00000|  0%| F|  |TAMS 0x0000000712e00000, 0x0000000712e00000| Untracked 
| 191|0x0000000712f00000, 0x0000000712f00000, 0x0000000713000000|  0%| F|  |TAMS 0x0000000712f00000, 0x0000000712f00000| Untracked 
| 192|0x0000000713000000, 0x0000000713000000, 0x0000000713100000|  0%| F|  |TAMS 0x0000000713000000, 0x0000000713000000| Untracked 
| 193|0x0000000713100000, 0x0000000713100000, 0x0000000713200000|  0%| F|  |TAMS 0x0000000713100000, 0x0000000713100000| Untracked 
| 194|0x0000000713200000, 0x0000000713200000, 0x0000000713300000|  0%| F|  |TAMS 0x0000000713200000, 0x0000000713200000| Untracked 
| 195|0x0000000713300000, 0x0000000713300000, 0x0000000713400000|  0%| F|  |TAMS 0x0000000713300000, 0x0000000713300000| Untracked 
| 196|0x0000000713400000, 0x0000000713400000, 0x0000000713500000|  0%| F|  |TAMS 0x0000000713400000, 0x0000000713400000| Untracked 
| 197|0x0000000713500000, 0x0000000713500000, 0x0000000713600000|  0%| F|  |TAMS 0x0000000713500000, 0x0000000713500000| Untracked 
| 198|0x0000000713600000, 0x0000000713600000, 0x0000000713700000|  0%| F|  |TAMS 0x0000000713600000, 0x0000000713600000| Untracked 
| 199|0x0000000713700000, 0x0000000713700000, 0x0000000713800000|  0%| F|  |TAMS 0x0000000713700000, 0x0000000713700000| Untracked 
| 200|0x0000000713800000, 0x0000000713800000, 0x0000000713900000|  0%| F|  |TAMS 0x0000000713800000, 0x0000000713800000| Untracked 
| 201|0x0000000713900000, 0x0000000713900000, 0x0000000713a00000|  0%| F|  |TAMS 0x0000000713900000, 0x0000000713900000| Untracked 
| 202|0x0000000713a00000, 0x0000000713a00000, 0x0000000713b00000|  0%| F|  |TAMS 0x0000000713a00000, 0x0000000713a00000| Untracked 
| 203|0x0000000713b00000, 0x0000000713b00000, 0x0000000713c00000|  0%| F|  |TAMS 0x0000000713b00000, 0x0000000713b00000| Untracked 
| 204|0x0000000713c00000, 0x0000000713c00000, 0x0000000713d00000|  0%| F|  |TAMS 0x0000000713c00000, 0x0000000713c00000| Untracked 
| 205|0x0000000713d00000, 0x0000000713d00000, 0x0000000713e00000|  0%| F|  |TAMS 0x0000000713d00000, 0x0000000713d00000| Untracked 
| 206|0x0000000713e00000, 0x0000000713e00000, 0x0000000713f00000|  0%| F|  |TAMS 0x0000000713e00000, 0x0000000713e00000| Untracked 
| 207|0x0000000713f00000, 0x0000000713f00000, 0x0000000714000000|  0%| F|  |TAMS 0x0000000713f00000, 0x0000000713f00000| Untracked 
| 208|0x0000000714000000, 0x0000000714000000, 0x0000000714100000|  0%| F|  |TAMS 0x0000000714000000, 0x0000000714000000| Untracked 
| 209|0x0000000714100000, 0x0000000714100000, 0x0000000714200000|  0%| F|  |TAMS 0x0000000714100000, 0x0000000714100000| Untracked 
| 210|0x0000000714200000, 0x0000000714200000, 0x0000000714300000|  0%| F|  |TAMS 0x0000000714200000, 0x0000000714200000| Untracked 
| 211|0x0000000714300000, 0x0000000714300000, 0x0000000714400000|  0%| F|  |TAMS 0x0000000714300000, 0x0000000714300000| Untracked 
| 212|0x0000000714400000, 0x0000000714400000, 0x0000000714500000|  0%| F|  |TAMS 0x0000000714400000, 0x0000000714400000| Untracked 
| 213|0x0000000714500000, 0x0000000714500000, 0x0000000714600000|  0%| F|  |TAMS 0x0000000714500000, 0x0000000714500000| Untracked 
| 214|0x0000000714600000, 0x0000000714600000, 0x0000000714700000|  0%| F|  |TAMS 0x0000000714600000, 0x0000000714600000| Untracked 
| 215|0x0000000714700000, 0x0000000714700000, 0x0000000714800000|  0%| F|  |TAMS 0x0000000714700000, 0x0000000714700000| Untracked 
| 216|0x0000000714800000, 0x0000000714800000, 0x0000000714900000|  0%| F|  |TAMS 0x0000000714800000, 0x0000000714800000| Untracked 
| 217|0x0000000714900000, 0x0000000714900000, 0x0000000714a00000|  0%| F|  |TAMS 0x0000000714900000, 0x0000000714900000| Untracked 
| 218|0x0000000714a00000, 0x0000000714a00000, 0x0000000714b00000|  0%| F|  |TAMS 0x0000000714a00000, 0x0000000714a00000| Untracked 
| 219|0x0000000714b00000, 0x0000000714b00000, 0x0000000714c00000|  0%| F|  |TAMS 0x0000000714b00000, 0x0000000714b00000| Untracked 
| 220|0x0000000714c00000, 0x0000000714c00000, 0x0000000714d00000|  0%| F|  |TAMS 0x0000000714c00000, 0x0000000714c00000| Untracked 
| 221|0x0000000714d00000, 0x0000000714d00000, 0x0000000714e00000|  0%| F|  |TAMS 0x0000000714d00000, 0x0000000714d00000| Untracked 
| 222|0x0000000714e00000, 0x0000000714e00000, 0x0000000714f00000|  0%| F|  |TAMS 0x0000000714e00000, 0x0000000714e00000| Untracked 
| 223|0x0000000714f00000, 0x0000000714f00000, 0x0000000715000000|  0%| F|  |TAMS 0x0000000714f00000, 0x0000000714f00000| Untracked 
| 224|0x0000000715000000, 0x0000000715000000, 0x0000000715100000|  0%| F|  |TAMS 0x0000000715000000, 0x0000000715000000| Untracked 
| 225|0x0000000715100000, 0x0000000715100000, 0x0000000715200000|  0%| F|  |TAMS 0x0000000715100000, 0x0000000715100000| Untracked 
| 226|0x0000000715200000, 0x0000000715200000, 0x0000000715300000|  0%| F|  |TAMS 0x0000000715200000, 0x0000000715200000| Untracked 
| 227|0x0000000715300000, 0x0000000715300000, 0x0000000715400000|  0%| F|  |TAMS 0x0000000715300000, 0x0000000715300000| Untracked 
| 228|0x0000000715400000, 0x0000000715400000, 0x0000000715500000|  0%| F|  |TAMS 0x0000000715400000, 0x0000000715400000| Untracked 
| 229|0x0000000715500000, 0x0000000715500000, 0x0000000715600000|  0%| F|  |TAMS 0x0000000715500000, 0x0000000715500000| Untracked 
| 230|0x0000000715600000, 0x0000000715600000, 0x0000000715700000|  0%| F|  |TAMS 0x0000000715600000, 0x0000000715600000| Untracked 
| 231|0x0000000715700000, 0x0000000715700000, 0x0000000715800000|  0%| F|  |TAMS 0x0000000715700000, 0x0000000715700000| Untracked 
| 232|0x0000000715800000, 0x0000000715800000, 0x0000000715900000|  0%| F|  |TAMS 0x0000000715800000, 0x0000000715800000| Untracked 
| 233|0x0000000715900000, 0x0000000715900000, 0x0000000715a00000|  0%| F|  |TAMS 0x0000000715900000, 0x0000000715900000| Untracked 
| 234|0x0000000715a00000, 0x0000000715a00000, 0x0000000715b00000|  0%| F|  |TAMS 0x0000000715a00000, 0x0000000715a00000| Untracked 
| 235|0x0000000715b00000, 0x0000000715b00000, 0x0000000715c00000|  0%| F|  |TAMS 0x0000000715b00000, 0x0000000715b00000| Untracked 
| 236|0x0000000715c00000, 0x0000000715c00000, 0x0000000715d00000|  0%| F|  |TAMS 0x0000000715c00000, 0x0000000715c00000| Untracked 
| 237|0x0000000715d00000, 0x0000000715d00000, 0x0000000715e00000|  0%| F|  |TAMS 0x0000000715d00000, 0x0000000715d00000| Untracked 
| 238|0x0000000715e00000, 0x0000000715e00000, 0x0000000715f00000|  0%| F|  |TAMS 0x0000000715e00000, 0x0000000715e00000| Untracked 
| 239|0x0000000715f00000, 0x0000000715f00000, 0x0000000716000000|  0%| F|  |TAMS 0x0000000715f00000, 0x0000000715f00000| Untracked 
| 240|0x0000000716000000, 0x0000000716000000, 0x0000000716100000|  0%| F|  |TAMS 0x0000000716000000, 0x0000000716000000| Untracked 
| 241|0x0000000716100000, 0x0000000716100000, 0x0000000716200000|  0%| F|  |TAMS 0x0000000716100000, 0x0000000716100000| Untracked 
| 242|0x0000000716200000, 0x0000000716200000, 0x0000000716300000|  0%| F|  |TAMS 0x0000000716200000, 0x0000000716200000| Untracked 
| 243|0x0000000716300000, 0x0000000716300000, 0x0000000716400000|  0%| F|  |TAMS 0x0000000716300000, 0x0000000716300000| Untracked 
| 244|0x0000000716400000, 0x0000000716400000, 0x0000000716500000|  0%| F|  |TAMS 0x0000000716400000, 0x0000000716400000| Untracked 
| 245|0x0000000716500000, 0x0000000716500000, 0x0000000716600000|  0%| F|  |TAMS 0x0000000716500000, 0x0000000716500000| Untracked 
| 246|0x0000000716600000, 0x0000000716600000, 0x0000000716700000|  0%| F|  |TAMS 0x0000000716600000, 0x0000000716600000| Untracked 
| 247|0x0000000716700000, 0x0000000716700000, 0x0000000716800000|  0%| F|  |TAMS 0x0000000716700000, 0x0000000716700000| Untracked 
| 248|0x0000000716800000, 0x000000071687b660, 0x0000000716900000| 48%| E|  |TAMS 0x0000000716800000, 0x0000000716800000| Complete 
| 249|0x0000000716900000, 0x0000000716a00000, 0x0000000716a00000|100%| E|CS|TAMS 0x0000000716900000, 0x0000000716900000| Complete 

Card table byte_map: [0x00007f97f0a0d000,0x00007f97f11d5000] _byte_map_base: 0x00007f97ed1d5000

Marking Bits (Prev, Next): (CMBitMap*) 0x00007f97ec07c518, (CMBitMap*) 0x00007f97ec07c550
 Prev Bits: [0x00007f97cc1c0000, 0x00007f97d0000000)
 Next Bits: [0x00007f97c8380000, 0x00007f97cc1c0000)

Polling page: 0x00007f97f269f000

Metaspace:

Usage:
  Non-class:      4,00 MB capacity,     3,10 MB ( 77%) used,   925,24 KB ( 23%) free+waste,   128 bytes ( <1%) overhead. 
      Class:    386,00 KB capacity,   310,46 KB ( 80%) used,    75,41 KB ( 20%) free+waste,   128 bytes ( <1%) overhead. 
       Both:      4,38 MB capacity,     3,40 MB ( 78%) used,  1000,66 KB ( 22%) free+waste,   256 bytes ( <1%) overhead. 

Virtual space:
  Non-class space:        8,00 MB reserved,       4,25 MB ( 53%) committed 
      Class space:        1,00 GB reserved,     512,00 KB ( <1%) committed 
             Both:        1,01 GB reserved,       4,75 MB ( <1%) committed 

Chunk freelists:
   Non-Class:  0 bytes
       Class:  0 bytes
        Both:  0 bytes

MaxMetaspaceSize: unlimited
CompressedClassSpaceSize: 1,00 GB
Initial GC threshold: 20,80 MB
Current GC threshold: 20,80 MB
CDS: off

CodeHeap 'non-profiled nmethods': size=120032Kb used=18Kb max_used=18Kb free=120013Kb
 bounds [0x00007f97dc327000, 0x00007f97dc597000, 0x00007f97e385f000]
CodeHeap 'profiled nmethods': size=120028Kb used=116Kb max_used=116Kb free=119911Kb
 bounds [0x00007f97d4df0000, 0x00007f97d5060000, 0x00007f97dc327000]
CodeHeap 'non-nmethods': size=5700Kb used=1016Kb max_used=1027Kb free=4683Kb
 bounds [0x00007f97d485f000, 0x00007f97d4acf000, 0x00007f97d4df0000]
 total_blobs=319 nmethods=87 adapters=146
 compilation: enabled
              stopped_count=0, restarted_count=0
 full_count=0

Compilation events (20 events):
Event: 0,057 Thread 0x00007f97ec224800 nmethod 78 0x00007f97d4e0a590 code [0x00007f97d4e0a7a0, 0x00007f97d4e0ace0]
Event: 0,057 Thread 0x00007f97ec224800   80       3       java.util.HashMap::putIfAbsent (13 bytes)
Event: 0,058 Thread 0x00007f97ec224800 nmethod 80 0x00007f97d4e0ae90 code [0x00007f97d4e0b060, 0x00007f97d4e0b350]
Event: 0,058 Thread 0x00007f97ec224800   82       1       java.lang.Module::getDescriptor (5 bytes)
Event: 0,058 Thread 0x00007f97ec224800 nmethod 82 0x00007f97dc32ac90 code [0x00007f97dc32ae40, 0x00007f97dc32aef0]
Event: 0,058 Thread 0x00007f97ec222800 nmethod 73 0x00007f97dc32af90 code [0x00007f97dc32b120, 0x00007f97dc32b358]
Event: 0,058 Thread 0x00007f97ec222800   74       4       java.util.ImmutableCollections$SetN$SetNIterator::hasNext (13 bytes)
Event: 0,059 Thread 0x00007f97ec222800 nmethod 74 0x00007f97dc32b490 code [0x00007f97dc32b620, 0x00007f97dc32b698]
Event: 0,059 Thread 0x00007f97ec222800   79       4       java.util.HashMap::afterNodeInsertion (1 bytes)
Event: 0,059 Thread 0x00007f97ec222800 nmethod 79 0x00007f97dc32b790 code [0x00007f97dc32b920, 0x00007f97dc32b978]
Event: 0,059 Thread 0x00007f97ec224800   83       3       java.lang.String::hashCode (49 bytes)
Event: 0,059 Thread 0x00007f97ec224800 nmethod 83 0x00007f97d4e0b490 code [0x00007f97d4e0b660, 0x00007f97d4e0b950]
Event: 0,059 Thread 0x00007f97ec224800   84       3       java.lang.StringLatin1::canEncode (13 bytes)
Event: 0,059 Thread 0x00007f97ec224800 nmethod 84 0x00007f97d4e0ba90 code [0x00007f97d4e0bc40, 0x00007f97d4e0bd70]
Event: 0,059 Thread 0x00007f97ec224800   85       3       java.lang.CharacterDataLatin1::getProperties (11 bytes)
Event: 0,059 Thread 0x00007f97ec224800 nmethod 85 0x00007f97d4e0be10 code [0x00007f97d4e0bfc0, 0x00007f97d4e0c0f0]
Event: 0,061 Thread 0x00007f97ec224800   86       3       java.lang.AbstractStringBuilder::ensureCapacityInternal (39 bytes)
Event: 0,061 Thread 0x00007f97ec224800 nmethod 86 0x00007f97d4e0c210 code [0x00007f97d4e0c400, 0x00007f97d4e0c870]
Event: 0,062 Thread 0x00007f97ec224800   87       3       java.lang.StringLatin1::indexOf (61 bytes)
Event: 0,062 Thread 0x00007f97ec224800 nmethod 87 0x00007f97d4e0ca10 code [0x00007f97d4e0cbe0, 0x00007f97d4e0cf90]

GC Heap History (0 events):
No events

Deoptimization events (4 events):
Event: 0,059 Thread 0x00007f97ec014800 Uncommon trap: trap_request=0xffffff4d fr.pc=0x00007f97dc32b320 relative=0x0000000000000200
Event: 0,059 Thread 0x00007f97ec014800 Uncommon trap: reason=unstable_if action=reinterpret pc=0x00007f97dc32b320 method=java.lang.String.hashCode()I @ 14 c2
Event: 0,059 Thread 0x00007f97ec014800 DEOPT PACKING pc=0x00007f97dc32b320 sp=0x00007f97f27d9260
Event: 0,059 Thread 0x00007f97ec014800 DEOPT UNPACKING pc=0x00007f97d48a8ea5 sp=0x00007f97f27d9218 mode 2

Classes redefined (0 events):
No events

Internal exceptions (0 events):
No events

Events (20 events):
Event: 0,061 loading class com/narcano/jni/CIFF done
Event: 0,061 loading class java/lang/PublicMethods$MethodList
Event: 0,061 loading class java/lang/PublicMethods$MethodList done
Event: 0,061 loading class java/lang/PublicMethods$Key
Event: 0,061 loading class java/lang/PublicMethods$Key done
Event: 0,061 loading class java/lang/Void
Event: 0,061 loading class java/lang/Void done
Event: 0,061 loading class java/lang/ClassLoader$2
Event: 0,061 loading class java/lang/ClassLoader$2 done
Event: 0,061 loading class java/lang/ClassLoader$NativeLibrary
Event: 0,061 loading class java/lang/ClassLoader$NativeLibrary done
Event: 0,062 loading class java/util/ArrayDeque$DeqIterator
Event: 0,062 loading class java/util/ArrayDeque$DeqIterator done
Event: 0,062 Loaded shared library /home/narcano/SzB/SzamBiztHF/CAFFparser/NativeLibrary/com/narcano/jni/libnative.so
Event: 0,062 loading class java/util/concurrent/ConcurrentHashMap$ValuesView
Event: 0,062 loading class java/util/concurrent/ConcurrentHashMap$ValuesView done
Event: 0,062 loading class java/util/concurrent/ConcurrentHashMap$ValueIterator
Event: 0,062 loading class java/util/Enumeration
Event: 0,062 loading class java/util/Enumeration done
Event: 0,062 loading class java/util/concurrent/ConcurrentHashMap$ValueIterator done


Dynamic libraries:
707000000-716a00000 rw-p 00000000 00:00 0 
716a00000-800000000 ---p 00000000 00:00 0 
800000000-800080000 rw-p 00000000 00:00 0 
800080000-840000000 ---p 00000000 00:00 0 
559fbd5e5000-559fbd5e6000 r--p 00000000 08:14 7998224                    /usr/lib/jvm/java-11-openjdk-amd64/bin/java
559fbd5e6000-559fbd5e7000 r-xp 00001000 08:14 7998224                    /usr/lib/jvm/java-11-openjdk-amd64/bin/java
559fbd5e7000-559fbd5e8000 r--p 00002000 08:14 7998224                    /usr/lib/jvm/java-11-openjdk-amd64/bin/java
559fbd5e8000-559fbd5e9000 r--p 00002000 08:14 7998224                    /usr/lib/jvm/java-11-openjdk-amd64/bin/java
559fbd5e9000-559fbd5ea000 rw-p 00003000 08:14 7998224                    /usr/lib/jvm/java-11-openjdk-amd64/bin/java
559fbdd6c000-559fbdd8d000 rw-p 00000000 00:00 0                          [heap]
7f9784000000-7f9784021000 rw-p 00000000 00:00 0 
7f9784021000-7f9788000000 ---p 00000000 00:00 0 
7f978c000000-7f978c021000 rw-p 00000000 00:00 0 
7f978c021000-7f9790000000 ---p 00000000 00:00 0 
7f9790000000-7f9790021000 rw-p 00000000 00:00 0 
7f9790021000-7f9794000000 ---p 00000000 00:00 0 
7f9794000000-7f9794070000 rw-p 00000000 00:00 0 
7f9794070000-7f9798000000 ---p 00000000 00:00 0 
7f9798000000-7f9798056000 rw-p 00000000 00:00 0 
7f9798056000-7f979c000000 ---p 00000000 00:00 0 
7f979c000000-7f979c021000 rw-p 00000000 00:00 0 
7f979c021000-7f97a0000000 ---p 00000000 00:00 0 
7f97a0000000-7f97a0021000 rw-p 00000000 00:00 0 
7f97a0021000-7f97a4000000 ---p 00000000 00:00 0 
7f97a79fe000-7f97a7a02000 ---p 00000000 00:00 0 
7f97a7a02000-7f97a7afe000 rw-p 00000000 00:00 0 
7f97a7afe000-7f97a7aff000 ---p 00000000 00:00 0 
7f97a7aff000-7f97a7c00000 rw-p 00000000 00:00 0 
7f97a7c00000-7f97a7c04000 ---p 00000000 00:00 0 
7f97a7c04000-7f97a7d00000 rw-p 00000000 00:00 0 
7f97a7d00000-7f97a7d04000 ---p 00000000 00:00 0 
7f97a7d04000-7f97a7e00000 rw-p 00000000 00:00 0 
7f97a7e00000-7f97a7e04000 ---p 00000000 00:00 0 
7f97a7e04000-7f97a7f00000 rw-p 00000000 00:00 0 
7f97a7f00000-7f97a7f04000 ---p 00000000 00:00 0 
7f97a7f04000-7f97a8000000 rw-p 00000000 00:00 0 
7f97a8000000-7f97a8021000 rw-p 00000000 00:00 0 
7f97a8021000-7f97ac000000 ---p 00000000 00:00 0 
7f97ac000000-7f97ac021000 rw-p 00000000 00:00 0 
7f97ac021000-7f97b0000000 ---p 00000000 00:00 0 
7f97b0000000-7f97b0021000 rw-p 00000000 00:00 0 
7f97b0021000-7f97b4000000 ---p 00000000 00:00 0 
7f97b4000000-7f97b4021000 rw-p 00000000 00:00 0 
7f97b4021000-7f97b8000000 ---p 00000000 00:00 0 
7f97b8000000-7f97b8021000 rw-p 00000000 00:00 0 
7f97b8021000-7f97bc000000 ---p 00000000 00:00 0 
7f97bc000000-7f97bc021000 rw-p 00000000 00:00 0 
7f97bc021000-7f97c0000000 ---p 00000000 00:00 0 
7f97c00c7000-7f97c00cb000 ---p 00000000 00:00 0 
7f97c00cb000-7f97c01c7000 rw-p 00000000 00:00 0 
7f97c01c7000-7f97c1279000 r--p 00000000 08:14 8002178                    /usr/lib/locale/locale-archive
7f97c1279000-7f97c127d000 ---p 00000000 00:00 0 
7f97c127d000-7f97c1379000 rw-p 00000000 00:00 0 
7f97c1379000-7f97c137d000 ---p 00000000 00:00 0 
7f97c137d000-7f97c1479000 rw-p 00000000 00:00 0 
7f97c1479000-7f97c147a000 ---p 00000000 00:00 0 
7f97c147a000-7f97c1a3c000 rw-p 00000000 00:00 0 
7f97c1a3c000-7f97c1dfc000 ---p 00000000 00:00 0 
7f97c1dfc000-7f97c1dfd000 ---p 00000000 00:00 0 
7f97c1dfd000-7f97c1efe000 rw-p 00000000 00:00 0 
7f97c1efe000-7f97c1eff000 ---p 00000000 00:00 0 
7f97c1eff000-7f97c4000000 rw-p 00000000 00:00 0 
7f97c4000000-7f97c4021000 rw-p 00000000 00:00 0 
7f97c4021000-7f97c8000000 ---p 00000000 00:00 0 
7f97c8022000-7f97c8768000 rw-p 00000000 00:00 0 
7f97c8768000-7f97cc1c0000 ---p 00000000 00:00 0 
7f97cc1c0000-7f97cc5a8000 rw-p 00000000 00:00 0 
7f97cc5a8000-7f97d0000000 ---p 00000000 00:00 0 
7f97d0000000-7f97d0021000 rw-p 00000000 00:00 0 
7f97d0021000-7f97d4000000 ---p 00000000 00:00 0 
7f97d4011000-7f97d401e000 r--p 00000000 08:14 6947267                    /home/narcano/SzB/SzamBiztHF/CAFFparser/NativeLibrary/com/narcano/jni/libnative.so
7f97d401e000-7f97d4028000 r-xp 0000d000 08:14 6947267                    /home/narcano/SzB/SzamBiztHF/CAFFparser/NativeLibrary/com/narcano/jni/libnative.so
7f97d4028000-7f97d402c000 r--p 00017000 08:14 6947267                    /home/narcano/SzB/SzamBiztHF/CAFFparser/NativeLibrary/com/narcano/jni/libnative.so
7f97d402c000-7f97d402d000 r--p 0001a000 08:14 6947267                    /home/narcano/SzB/SzamBiztHF/CAFFparser/NativeLibrary/com/narcano/jni/libnative.so
7f97d402d000-7f97d402e000 rw-p 0001b000 08:14 6947267                    /home/narcano/SzB/SzamBiztHF/CAFFparser/NativeLibrary/com/narcano/jni/libnative.so
7f97d402e000-7f97d475d000 rw-p 00000000 00:00 0 
7f97d475d000-7f97d475e000 ---p 00000000 00:00 0 
7f97d475e000-7f97d485f000 rw-p 00000000 00:00 0 
7f97d485f000-7f97d4acf000 rwxp 00000000 00:00 0 
7f97d4acf000-7f97d4df0000 ---p 00000000 00:00 0 
7f97d4df0000-7f97d5060000 rwxp 00000000 00:00 0 
7f97d5060000-7f97dc327000 ---p 00000000 00:00 0 
7f97dc327000-7f97dc597000 rwxp 00000000 00:00 0 
7f97dc597000-7f97e385f000 ---p 00000000 00:00 0 
7f97e385f000-7f97ec000000 r--s 00000000 08:14 7998383                    /usr/lib/jvm/java-11-openjdk-amd64/lib/modules
7f97ec000000-7f97ef37d000 rw-p 00000000 00:00 0 
7f97ef37d000-7f97f0000000 ---p 00000000 00:00 0 
7f97f0000000-7f97f0042000 rw-p 00000000 00:00 0 
7f97f0042000-7f97f0043000 ---p 00000000 00:00 0 
7f97f0043000-7f97f02c2000 rw-p 00000000 00:00 0 
7f97f02c2000-7f97f0a0d000 ---p 00000000 00:00 0 
7f97f0a0d000-7f97f0a8a000 rw-p 00000000 00:00 0 
7f97f0a8a000-7f97f11d5000 ---p 00000000 00:00 0 
7f97f11d5000-7f97f1252000 rw-p 00000000 00:00 0 
7f97f1252000-7f97f199d000 ---p 00000000 00:00 0 
7f97f199d000-7f97f23a7000 rw-p 00000000 00:00 0 
7f97f23a7000-7f97f23a8000 ---p 00000000 00:00 0 
7f97f23a8000-7f97f24ae000 rw-p 00000000 00:00 0 
7f97f24ae000-7f97f2594000 ---p 00000000 00:00 0 
7f97f2594000-7f97f2599000 rw-p 00000000 00:00 0 
7f97f2599000-7f97f267f000 ---p 00000000 00:00 0 
7f97f267f000-7f97f2684000 rw-p 00000000 00:00 0 
7f97f2684000-7f97f268b000 ---p 00000000 00:00 0 
7f97f268b000-7f97f268d000 r--s 0000c000 08:14 8914356                    /usr/share/java/java-atk-wrapper.jar
7f97f268d000-7f97f268f000 r--p 00000000 08:14 7998382                    /usr/lib/jvm/java-11-openjdk-amd64/lib/libzip.so
7f97f268f000-7f97f2693000 r-xp 00002000 08:14 7998382                    /usr/lib/jvm/java-11-openjdk-amd64/lib/libzip.so
7f97f2693000-7f97f2695000 r--p 00006000 08:14 7998382                    /usr/lib/jvm/java-11-openjdk-amd64/lib/libzip.so
7f97f2695000-7f97f2696000 r--p 00007000 08:14 7998382                    /usr/lib/jvm/java-11-openjdk-amd64/lib/libzip.so
7f97f2696000-7f97f2697000 rw-p 00008000 08:14 7998382                    /usr/lib/jvm/java-11-openjdk-amd64/lib/libzip.so
7f97f2697000-7f97f269f000 rw-s 00000000 08:14 7864392                    /tmp/hsperfdata_narcano/21894
7f97f269f000-7f97f26a0000 ---p 00000000 00:00 0 
7f97f26a0000-7f97f26a1000 r--p 00000000 00:00 0 
7f97f26a1000-7f97f26a3000 r--p 00000000 08:14 7998365                    /usr/lib/jvm/java-11-openjdk-amd64/lib/libjimage.so
7f97f26a3000-7f97f26a6000 r-xp 00002000 08:14 7998365                    /usr/lib/jvm/java-11-openjdk-amd64/lib/libjimage.so
7f97f26a6000-7f97f26a7000 r--p 00005000 08:14 7998365                    /usr/lib/jvm/java-11-openjdk-amd64/lib/libjimage.so
7f97f26a7000-7f97f26a8000 ---p 00006000 08:14 7998365                    /usr/lib/jvm/java-11-openjdk-amd64/lib/libjimage.so
7f97f26a8000-7f97f26a9000 r--p 00006000 08:14 7998365                    /usr/lib/jvm/java-11-openjdk-amd64/lib/libjimage.so
7f97f26a9000-7f97f26aa000 rw-p 00007000 08:14 7998365                    /usr/lib/jvm/java-11-openjdk-amd64/lib/libjimage.so
7f97f26aa000-7f97f26b7000 r--p 00000000 08:14 7998362                    /usr/lib/jvm/java-11-openjdk-amd64/lib/libjava.so
7f97f26b7000-7f97f26cd000 r-xp 0000d000 08:14 7998362                    /usr/lib/jvm/java-11-openjdk-amd64/lib/libjava.so
7f97f26cd000-7f97f26d4000 r--p 00023000 08:14 7998362                    /usr/lib/jvm/java-11-openjdk-amd64/lib/libjava.so
7f97f26d4000-7f97f26d5000 r--p 00029000 08:14 7998362                    /usr/lib/jvm/java-11-openjdk-amd64/lib/libjava.so
7f97f26d5000-7f97f26d6000 rw-p 0002a000 08:14 7998362                    /usr/lib/jvm/java-11-openjdk-amd64/lib/libjava.so
7f97f26d6000-7f97f26d7000 rw-p 00000000 00:00 0 
7f97f26d7000-7f97f26d8000 r--p 00000000 08:14 8004246                    /usr/lib/x86_64-linux-gnu/librt.so.1
7f97f26d8000-7f97f26d9000 r-xp 00001000 08:14 8004246                    /usr/lib/x86_64-linux-gnu/librt.so.1
7f97f26d9000-7f97f26da000 r--p 00002000 08:14 8004246                    /usr/lib/x86_64-linux-gnu/librt.so.1
7f97f26da000-7f97f26db000 r--p 00002000 08:14 8004246                    /usr/lib/x86_64-linux-gnu/librt.so.1
7f97f26db000-7f97f26dc000 rw-p 00003000 08:14 8004246                    /usr/lib/x86_64-linux-gnu/librt.so.1
7f97f26dc000-7f97f26e0000 ---p 00000000 00:00 0 
7f97f26e0000-7f97f27dc000 rw-p 00000000 00:00 0 
7f97f27dc000-7f97f27df000 r--p 00000000 08:14 8003578                    /usr/lib/x86_64-linux-gnu/libgcc_s.so.1
7f97f27df000-7f97f27f1000 r-xp 00003000 08:14 8003578                    /usr/lib/x86_64-linux-gnu/libgcc_s.so.1
7f97f27f1000-7f97f27f4000 r--p 00015000 08:14 8003578                    /usr/lib/x86_64-linux-gnu/libgcc_s.so.1
7f97f27f4000-7f97f27f5000 r--p 00017000 08:14 8003578                    /usr/lib/x86_64-linux-gnu/libgcc_s.so.1
7f97f27f5000-7f97f27f6000 rw-p 00018000 08:14 8003578                    /usr/lib/x86_64-linux-gnu/libgcc_s.so.1
7f97f27f6000-7f97f2805000 r--p 00000000 08:14 8003924                    /usr/lib/x86_64-linux-gnu/libm.so.6
7f97f2805000-7f97f287f000 r-xp 0000f000 08:14 8003924                    /usr/lib/x86_64-linux-gnu/libm.so.6
7f97f287f000-7f97f28d7000 r--p 00089000 08:14 8003924                    /usr/lib/x86_64-linux-gnu/libm.so.6
7f97f28d7000-7f97f28d8000 ---p 000e1000 08:14 8003924                    /usr/lib/x86_64-linux-gnu/libm.so.6
7f97f28d8000-7f97f28d9000 r--p 000e1000 08:14 8003924                    /usr/lib/x86_64-linux-gnu/libm.so.6
7f97f28d9000-7f97f28da000 rw-p 000e2000 08:14 8003924                    /usr/lib/x86_64-linux-gnu/libm.so.6
7f97f28da000-7f97f2973000 r--p 00000000 08:14 8004355                    /usr/lib/x86_64-linux-gnu/libstdc++.so.6.0.29
7f97f2973000-7f97f2a76000 r-xp 00099000 08:14 8004355                    /usr/lib/x86_64-linux-gnu/libstdc++.so.6.0.29
7f97f2a76000-7f97f2ae2000 r--p 0019c000 08:14 8004355                    /usr/lib/x86_64-linux-gnu/libstdc++.so.6.0.29
7f97f2ae2000-7f97f2aed000 r--p 00207000 08:14 8004355                    /usr/lib/x86_64-linux-gnu/libstdc++.so.6.0.29
7f97f2aed000-7f97f2af0000 rw-p 00212000 08:14 8004355                    /usr/lib/x86_64-linux-gnu/libstdc++.so.6.0.29
7f97f2af0000-7f97f2af3000 rw-p 00000000 00:00 0 
7f97f2af3000-7f97f2d74000 r--p 00000000 08:14 7998388                    /usr/lib/jvm/java-11-openjdk-amd64/lib/server/libjvm.so
7f97f2d74000-7f97f3a01000 r-xp 00281000 08:14 7998388                    /usr/lib/jvm/java-11-openjdk-amd64/lib/server/libjvm.so
7f97f3a01000-7f97f3c5e000 r--p 00f0e000 08:14 7998388                    /usr/lib/jvm/java-11-openjdk-amd64/lib/server/libjvm.so
7f97f3c5e000-7f97f3c5f000 ---p 0116b000 08:14 7998388                    /usr/lib/jvm/java-11-openjdk-amd64/lib/server/libjvm.so
7f97f3c5f000-7f97f3d22000 r--p 0116b000 08:14 7998388                    /usr/lib/jvm/java-11-openjdk-amd64/lib/server/libjvm.so
7f97f3d22000-7f97f3d5d000 rw-p 0122e000 08:14 7998388                    /usr/lib/jvm/java-11-openjdk-amd64/lib/server/libjvm.so
7f97f3d5d000-7f97f3db7000 rw-p 00000000 00:00 0 
7f97f3db7000-7f97f3db9000 r--p 00000000 08:14 8004622                    /usr/lib/x86_64-linux-gnu/libz.so.1.2.11
7f97f3db9000-7f97f3dca000 r-xp 00002000 08:14 8004622                    /usr/lib/x86_64-linux-gnu/libz.so.1.2.11
7f97f3dca000-7f97f3dd0000 r--p 00013000 08:14 8004622                    /usr/lib/x86_64-linux-gnu/libz.so.1.2.11
7f97f3dd0000-7f97f3dd1000 ---p 00019000 08:14 8004622                    /usr/lib/x86_64-linux-gnu/libz.so.1.2.11
7f97f3dd1000-7f97f3dd2000 r--p 00019000 08:14 8004622                    /usr/lib/x86_64-linux-gnu/libz.so.1.2.11
7f97f3dd2000-7f97f3dd3000 rw-p 0001a000 08:14 8004622                    /usr/lib/x86_64-linux-gnu/libz.so.1.2.11
7f97f3dd3000-7f97f3dff000 r--p 00000000 08:14 8003278                    /usr/lib/x86_64-linux-gnu/libc.so.6
7f97f3dff000-7f97f3f93000 r-xp 0002c000 08:14 8003278                    /usr/lib/x86_64-linux-gnu/libc.so.6
7f97f3f93000-7f97f3fe7000 r--p 001c0000 08:14 8003278                    /usr/lib/x86_64-linux-gnu/libc.so.6
7f97f3fe7000-7f97f3fe8000 ---p 00214000 08:14 8003278                    /usr/lib/x86_64-linux-gnu/libc.so.6
7f97f3fe8000-7f97f3feb000 r--p 00214000 08:14 8003278                    /usr/lib/x86_64-linux-gnu/libc.so.6
7f97f3feb000-7f97f3fee000 rw-p 00217000 08:14 8003278                    /usr/lib/x86_64-linux-gnu/libc.so.6
7f97f3fee000-7f97f3ffb000 rw-p 00000000 00:00 0 
7f97f3ffb000-7f97f4000000 r--p 00000000 08:14 7998381                    /usr/lib/jvm/java-11-openjdk-amd64/lib/libverify.so
7f97f4000000-7f97f4007000 r-xp 00005000 08:14 7998381                    /usr/lib/jvm/java-11-openjdk-amd64/lib/libverify.so
7f97f4007000-7f97f4009000 r--p 0000c000 08:14 7998381                    /usr/lib/jvm/java-11-openjdk-amd64/lib/libverify.so
7f97f4009000-7f97f400a000 ---p 0000e000 08:14 7998381                    /usr/lib/jvm/java-11-openjdk-amd64/lib/libverify.so
7f97f400a000-7f97f400c000 r--p 0000e000 08:14 7998381                    /usr/lib/jvm/java-11-openjdk-amd64/lib/libverify.so
7f97f400c000-7f97f400d000 rw-p 00010000 08:14 7998381                    /usr/lib/jvm/java-11-openjdk-amd64/lib/libverify.so
7f97f400d000-7f97f4010000 r--p 00000000 08:14 7998347                    /usr/lib/jvm/java-11-openjdk-amd64/lib/jli/libjli.so
7f97f4010000-7f97f401a000 r-xp 00003000 08:14 7998347                    /usr/lib/jvm/java-11-openjdk-amd64/lib/jli/libjli.so
7f97f401a000-7f97f401d000 r--p 0000d000 08:14 7998347                    /usr/lib/jvm/java-11-openjdk-amd64/lib/jli/libjli.so
7f97f401d000-7f97f401e000 ---p 00010000 08:14 7998347                    /usr/lib/jvm/java-11-openjdk-amd64/lib/jli/libjli.so
7f97f401e000-7f97f401f000 r--p 00010000 08:14 7998347                    /usr/lib/jvm/java-11-openjdk-amd64/lib/jli/libjli.so
7f97f401f000-7f97f4020000 rw-p 00011000 08:14 7998347                    /usr/lib/jvm/java-11-openjdk-amd64/lib/jli/libjli.so
7f97f4020000-7f97f4022000 rw-p 00000000 00:00 0 
7f97f4022000-7f97f4023000 r--p 00000000 08:14 8003064                    /usr/lib/x86_64-linux-gnu/ld-linux-x86-64.so.2
7f97f4023000-7f97f404b000 r-xp 00001000 08:14 8003064                    /usr/lib/x86_64-linux-gnu/ld-linux-x86-64.so.2
7f97f404b000-7f97f4055000 r--p 00029000 08:14 8003064                    /usr/lib/x86_64-linux-gnu/ld-linux-x86-64.so.2
7f97f4055000-7f97f4057000 r--p 00032000 08:14 8003064                    /usr/lib/x86_64-linux-gnu/ld-linux-x86-64.so.2
7f97f4057000-7f97f4059000 rw-p 00034000 08:14 8003064                    /usr/lib/x86_64-linux-gnu/ld-linux-x86-64.so.2
7fffa7b0b000-7fffa7b2d000 rw-p 00000000 00:00 0                          [stack]
7fffa7b70000-7fffa7b74000 r--p 00000000 00:00 0                          [vvar]
7fffa7b74000-7fffa7b76000 r-xp 00000000 00:00 0                          [vdso]
ffffffffff600000-ffffffffff601000 --xp 00000000 00:00 0                  [vsyscall]


VM Arguments:
java_command: com.narcano.jni.CaffParser
java_class_path (initial): .
Launcher Type: SUN_STANDARD

[Global flags]
     intx CICompilerCount                          = 4                                         {product} {ergonomic}
     uint ConcGCThreads                            = 3                                         {product} {ergonomic}
     uint G1ConcRefinementThreads                  = 10                                        {product} {ergonomic}
   size_t G1HeapRegionSize                         = 1048576                                   {product} {ergonomic}
    uintx GCDrainStackTargetSize                   = 64                                        {product} {ergonomic}
   size_t InitialHeapSize                          = 262144000                                 {product} {ergonomic}
   size_t MarkStackSize                            = 4194304                                   {product} {ergonomic}
   size_t MaxHeapSize                              = 4177526784                                {product} {ergonomic}
   size_t MaxNewSize                               = 2506096640                                {product} {ergonomic}
   size_t MinHeapDeltaBytes                        = 1048576                                   {product} {ergonomic}
    uintx NonNMethodCodeHeapSize                   = 5836300                                {pd product} {ergonomic}
    uintx NonProfiledCodeHeapSize                  = 122910970                              {pd product} {ergonomic}
    uintx ProfiledCodeHeapSize                     = 122910970                              {pd product} {ergonomic}
    uintx ReservedCodeCacheSize                    = 251658240                              {pd product} {ergonomic}
     bool SegmentedCodeCache                       = true                                      {product} {ergonomic}
     bool UseCompressedClassPointers               = true                                 {lp64_product} {ergonomic}
     bool UseCompressedOops                        = true                                 {lp64_product} {ergonomic}
     bool UseG1GC                                  = true                                      {product} {ergonomic}

Logging:
Log output configuration:
 #0: stdout all=warning uptime,level,tags
 #1: stderr all=off uptime,level,tags

Environment Variables:
JAVA_HOME=/usr/lib/jvm/java-11-openjdk-amd64/
PATH=/usr/local/sbin:/usr/local/bin:/usr/sbin:/usr/bin:/sbin:/bin:/usr/games:/usr/local/games:/snap/bin:/snap/bin
USERNAME=narcano
SHELL=/bin/bash
DISPLAY=:0
LANG=en_US.UTF-8

Signal Handlers:
SIGSEGV: [libjvm.so+0xe9b670], sa_mask[0]=11111111011111111101111111111110, sa_flags=SA_RESTART|SA_SIGINFO
SIGBUS: [libjvm.so+0xe9b670], sa_mask[0]=11111111011111111101111111111110, sa_flags=SA_RESTART|SA_SIGINFO
SIGFPE: [libjvm.so+0xe9b670], sa_mask[0]=11111111011111111101111111111110, sa_flags=SA_RESTART|SA_SIGINFO
SIGPIPE: [libjvm.so+0xbe1330], sa_mask[0]=11111111011111111101111111111110, sa_flags=SA_RESTART|SA_SIGINFO
SIGXFSZ: [libjvm.so+0xbe1330], sa_mask[0]=11111111011111111101111111111110, sa_flags=SA_RESTART|SA_SIGINFO
SIGILL: [libjvm.so+0xe9b670], sa_mask[0]=11111111011111111101111111111110, sa_flags=SA_RESTART|SA_SIGINFO
SIGUSR2: [libjvm.so+0xbe11d0], sa_mask[0]=00000000000000000000000000000000, sa_flags=SA_RESTART|SA_SIGINFO
SIGHUP: [libjvm.so+0xbe1760], sa_mask[0]=11111111011111111101111111111110, sa_flags=SA_RESTART|SA_SIGINFO
SIGINT: [libjvm.so+0xbe1760], sa_mask[0]=11111111011111111101111111111110, sa_flags=SA_RESTART|SA_SIGINFO
SIGTERM: [libjvm.so+0xbe1760], sa_mask[0]=11111111011111111101111111111110, sa_flags=SA_RESTART|SA_SIGINFO
SIGQUIT: [libjvm.so+0xbe1760], sa_mask[0]=11111111011111111101111111111110, sa_flags=SA_RESTART|SA_SIGINFO


---------------  S Y S T E M  ---------------

OS:DISTRIB_ID=Ubuntu
DISTRIB_RELEASE=21.10
DISTRIB_CODENAME=impish
DISTRIB_DESCRIPTION="Ubuntu 21.10"
uname:Linux 5.13.0-21-generic #21-Ubuntu SMP Tue Oct 19 08:59:28 UTC 2021 x86_64
OS uptime: 0 days 1:37 hours
libc:glibc 2.34 NPTL 2.34 
rlimit (soft/hard): STACK 8192k/infinity , CORE 0k/infinity , NPROC 63533/63533 , NOFILE 1048576/1048576 , AS infinity/infinity , CPU infinity/infinity , DATA infinity/infinity , FSIZE infinity/infinity , MEMLOCK 2039416k/2039416k
load average:0,80 0,55 0,61

/proc/meminfo:
MemTotal:       16315352 kB
MemFree:         7444508 kB
MemAvailable:   10725404 kB
Buffers:          135840 kB
Cached:          3408880 kB
SwapCached:            0 kB
Active:          1458040 kB
Inactive:        6721700 kB
Active(anon):      28108 kB
Inactive(anon):  4701984 kB
Active(file):    1429932 kB
Inactive(file):  2019716 kB
Unevictable:          64 kB
Mlocked:              64 kB
SwapTotal:       2097148 kB
SwapFree:        2097148 kB
Dirty:              3904 kB
Writeback:             0 kB
AnonPages:       4635212 kB
Mapped:          1131676 kB
Shmem:             95072 kB
KReclaimable:     164332 kB
Slab:             335316 kB
SReclaimable:     164332 kB
SUnreclaim:       170984 kB
KernelStack:       25616 kB
PageTables:        58872 kB
NFS_Unstable:          0 kB
Bounce:                0 kB
WritebackTmp:          0 kB
CommitLimit:    10254824 kB
Committed_AS:   13862684 kB
VmallocTotal:   34359738367 kB
VmallocUsed:       89080 kB
VmallocChunk:          0 kB
Percpu:            37760 kB
HardwareCorrupted:     0 kB
AnonHugePages:         0 kB
ShmemHugePages:        0 kB
ShmemPmdMapped:        0 kB
FileHugePages:         0 kB
FilePmdMapped:         0 kB
HugePages_Total:       0
HugePages_Free:        0
HugePages_Rsvd:        0
HugePages_Surp:        0
Hugepagesize:       2048 kB
Hugetlb:               0 kB
DirectMap4k:      580372 kB
DirectMap2M:    11937792 kB
DirectMap1G:     5242880 kB

/sys/kernel/mm/transparent_hugepage/enabled:
always [madvise] never
/sys/kernel/mm/transparent_hugepage/defrag (defrag/compaction efforts parameter):
always defer defer+madvise [madvise] never

Process Memory:
Virtual Size: 6837948K (peak: 6903368K)
Resident Set Size: 90132K (peak: 90132K) (anon: 70180K, file: 19952K, shmem: 0K)
Swapped out: 0K
C-Heap outstanding allocations: 35207K

/proc/sys/kernel/threads-max (system-wide limit on the number of threads):
127067
/proc/sys/vm/max_map_count (maximum number of memory map areas a process may have):
65530
/proc/sys/kernel/pid_max (system-wide limit on number of process identifiers):
4194304

Steal ticks since vm start: 0
Steal ticks percentage since vm start:  0,000

CPU:total 12 (initial active 12) (12 cores per cpu, 2 threads per core) family 23 model 113 stepping 0 microcode 0x8701013, cmov, cx8, fxsr, mmx, sse, sse2, sse3, ssse3, sse4.1, sse4.2, popcnt, avx, avx2, aes, clmul, mmxext, 3dnowpref, lzcnt, sse4a, ht, tsc, tscinvbit, tscinv, bmi1, bmi2, adx, sha, fma
CPU Model and flags from /proc/cpuinfo:
model name	: AMD Ryzen 5 3600 6-Core Processor
flags		: fpu vme de pse tsc msr pae mce cx8 apic sep mtrr pge mca cmov pat pse36 clflush mmx fxsr sse sse2 ht syscall nx mmxext fxsr_opt pdpe1gb rdtscp lm constant_tsc rep_good nopl nonstop_tsc cpuid extd_apicid aperfmperf pni pclmulqdq monitor ssse3 fma cx16 sse4_1 sse4_2 movbe popcnt aes xsave avx f16c rdrand lahf_lm cmp_legacy svm extapic cr8_legacy abm sse4a misalignsse 3dnowprefetch osvw ibs skinit wdt tce topoext perfctr_core perfctr_nb bpext perfctr_llc mwaitx cpb cat_l3 cdp_l3 hw_pstate ssbd mba ibpb stibp vmmcall fsgsbase bmi1 avx2 smep bmi2 cqm rdt_a rdseed adx smap clflushopt clwb sha_ni xsaveopt xsavec xgetbv1 xsaves cqm_llc cqm_occup_llc cqm_mbm_total cqm_mbm_local clzero irperf xsaveerptr rdpru wbnoinvd arat npt lbrv svm_lock nrip_save tsc_scale vmcb_clean flushbyasid decodeassists pausefilter pfthreshold avic v_vmsave_vmload vgif v_spec_ctrl umip rdpid overflow_recov succor smca sme sev sev_es
Online cpus:
0-11
Offline cpus:
12-31
BIOS frequency limitation:
3950000
Frequency switch latency (ns):
0
Available cpu frequencies:
3950000 2800000 2200000 
Current governor:
schedutil
Core performance/turbo boost:
1

Memory: 4k page, physical 16315352k(7444508k free), swap 2097148k(2097148k free)

vm_info: OpenJDK 64-Bit Server VM (11.0.12+7-Ubuntu-0ubuntu3) for linux-amd64 JRE (11.0.12+7-Ubuntu-0ubuntu3), built on Aug 14 2021 12:38:05 by "unknown" with gcc 10.3.0

END.
